--------------- Build Started: 02/20/2018 15:47:45 Project: PeripheralBLE, Configuration: ARM GCC 5.4-2016-q2-update Debug ---------------
cydsfit.exe -.appdatapath "C:\Users\megan\AppData\Local\Cypress Semiconductor\PSoC Creator\4.1" -.fdsnotice -.fdswarpdepfile=warp_dependencies.txt -.fdselabdepfile=elab_dependencies.txt -.fdsbldfile=generated_files.txt -.fdsreffile=referenced_files.txt -p "C:\Users\megan\Google Drive\College\S11 - Spring 2018\ECEN 4990\Github\ECEN4990-CapstoneII\CapstoneII\PeripheralBLE.cydsn\PeripheralBLE.cyprj" -d CYBLE-202007-01 -s "C:\Users\megan\Google Drive\College\S11 - Spring 2018\ECEN 4990\Github\ECEN4990-CapstoneII\CapstoneII\PeripheralBLE.cydsn\Generated_Source\PSoC4" -- -yv2 -q10 -ygs -o2 -v3 -.fftcfgtype=LE
Elaborating Design...
HDL Generation...
Synthesis...
Tech Mapping...
ADD: pft.M0040: information: The following 4 pin(s) will be assigned a location by the fitter: \SPI_1:miso_m(0)\, \SPI_1:mosi_m(0)\, \SPI_1:sclk_m(0)\, \SPI_1:ss0_m(0)\
Analog Placement...
Analog Routing...
Analog Code Generation...
Digital Placement...
Digital Routing...
Bitstream Generation...
Bitstream Verification...
Static timing analysis...
API Generation...
Dependency Generation...
Cleanup...
arm-none-eabi-gcc.exe -mcpu=cortex-m0 -mthumb -I. -IGenerated_Source\PSoC4 -Wa,-alh=.\CortexM0\ARM_GCC_541\Debug/main.lst -g -D DEBUG -Wall -ffunction-sections -ffat-lto-objects -O0 -c main.c -o .\CortexM0\ARM_GCC_541\Debug\main.o
arm-none-eabi-gcc.exe -mcpu=cortex-m0 -mthumb -I. -IGenerated_Source\PSoC4 -Wa,-alh=.\CortexM0\ARM_GCC_541\Debug/Adafruit_RA8875.lst -g -D DEBUG -Wall -ffunction-sections -ffat-lto-objects -O0 -c ..\..\Adafruit_RA8875-master\Adafruit_RA8875-master\Adafruit_RA8875.c -o .\CortexM0\ARM_GCC_541\Debug\Adafruit_RA8875.o
In file included from ..\..\Adafruit_RA8875-master\Adafruit_RA8875-master\Adafruit_RA8875.c:27:0:
..\..\Adafruit_RA8875-master\Adafruit_RA8875-master\Adafruit_RA8875.h:31:23: fatal error: WProgram.h: No such file or directory
compilation terminated.
The command 'arm-none-eabi-gcc.exe' failed with exit code '1'.
--------------- Build Failed: 02/20/2018 15:47:51 ---------------
