ARM GAS  C:\Users\megan\AppData\Local\Temp\ccdn3dy9.s 			page 1


   1              		.syntax unified
   2              		.cpu cortex-m0
   3              		.fpu softvfp
   4              		.eabi_attribute 20, 1
   5              		.eabi_attribute 21, 1
   6              		.eabi_attribute 23, 3
   7              		.eabi_attribute 24, 1
   8              		.eabi_attribute 25, 1
   9              		.eabi_attribute 26, 1
  10              		.eabi_attribute 30, 6
  11              		.eabi_attribute 34, 0
  12              		.eabi_attribute 18, 4
  13              		.thumb
  14              		.syntax unified
  15              		.file	"cyfitter_cfg.c"
  16              		.text
  17              	.Ltext0:
  18              		.cfi_sections	.debug_frame
  19              		.section	.text.CYMEMZERO,"ax",%progbits
  20              		.align	2
  21              		.code	16
  22              		.thumb_func
  23              		.type	CYMEMZERO, %function
  24              	CYMEMZERO:
  25              	.LFB2:
  26              		.file 1 "Generated_Source\\PSoC4\\cyfitter_cfg.c"
   1:Generated_Source\PSoC4/cyfitter_cfg.c **** 
   2:Generated_Source\PSoC4/cyfitter_cfg.c **** /*******************************************************************************
   3:Generated_Source\PSoC4/cyfitter_cfg.c **** * File Name: cyfitter_cfg.c
   4:Generated_Source\PSoC4/cyfitter_cfg.c **** * 
   5:Generated_Source\PSoC4/cyfitter_cfg.c **** * PSoC Creator  4.1 Update 1
   6:Generated_Source\PSoC4/cyfitter_cfg.c **** *
   7:Generated_Source\PSoC4/cyfitter_cfg.c **** * Description:
   8:Generated_Source\PSoC4/cyfitter_cfg.c **** * This file contains device initialization code.
   9:Generated_Source\PSoC4/cyfitter_cfg.c **** * Except for the user defined sections in CyClockStartupError(), this file should not be modified.
  10:Generated_Source\PSoC4/cyfitter_cfg.c **** * This file is automatically generated by PSoC Creator.
  11:Generated_Source\PSoC4/cyfitter_cfg.c **** *
  12:Generated_Source\PSoC4/cyfitter_cfg.c **** ********************************************************************************
  13:Generated_Source\PSoC4/cyfitter_cfg.c **** * Copyright (c) 2007-2017 Cypress Semiconductor.  All rights reserved.
  14:Generated_Source\PSoC4/cyfitter_cfg.c **** * You may use this file only in accordance with the license, terms, conditions, 
  15:Generated_Source\PSoC4/cyfitter_cfg.c **** * disclaimers, and limitations in the end user license agreement accompanying 
  16:Generated_Source\PSoC4/cyfitter_cfg.c **** * the software package with which this file was provided.
  17:Generated_Source\PSoC4/cyfitter_cfg.c **** ********************************************************************************/
  18:Generated_Source\PSoC4/cyfitter_cfg.c **** 
  19:Generated_Source\PSoC4/cyfitter_cfg.c **** #include <string.h>
  20:Generated_Source\PSoC4/cyfitter_cfg.c **** #include "cytypes.h"
  21:Generated_Source\PSoC4/cyfitter_cfg.c **** #include "cydevice_trm.h"
  22:Generated_Source\PSoC4/cyfitter_cfg.c **** #include "cyfitter.h"
  23:Generated_Source\PSoC4/cyfitter_cfg.c **** #include "CyLib.h"
  24:Generated_Source\PSoC4/cyfitter_cfg.c **** #include "CyLFClk.h"
  25:Generated_Source\PSoC4/cyfitter_cfg.c **** #include "cyfitter_cfg.h"
  26:Generated_Source\PSoC4/cyfitter_cfg.c **** #include "cyapicallbacks.h"
  27:Generated_Source\PSoC4/cyfitter_cfg.c **** 
  28:Generated_Source\PSoC4/cyfitter_cfg.c **** 
  29:Generated_Source\PSoC4/cyfitter_cfg.c **** #if defined(__GNUC__) || defined(__ARMCC_VERSION)
  30:Generated_Source\PSoC4/cyfitter_cfg.c ****     #define CYPACKED 
  31:Generated_Source\PSoC4/cyfitter_cfg.c ****     #define CYPACKED_ATTR __attribute__ ((packed))
ARM GAS  C:\Users\megan\AppData\Local\Temp\ccdn3dy9.s 			page 2


  32:Generated_Source\PSoC4/cyfitter_cfg.c ****     #define CYALIGNED __attribute__ ((aligned))
  33:Generated_Source\PSoC4/cyfitter_cfg.c ****     #define CY_CFG_UNUSED __attribute__ ((unused))
  34:Generated_Source\PSoC4/cyfitter_cfg.c ****     #ifndef CY_CFG_SECTION
  35:Generated_Source\PSoC4/cyfitter_cfg.c ****         #define CY_CFG_SECTION __attribute__ ((section(".psocinit")))
  36:Generated_Source\PSoC4/cyfitter_cfg.c ****     #endif
  37:Generated_Source\PSoC4/cyfitter_cfg.c ****     
  38:Generated_Source\PSoC4/cyfitter_cfg.c ****     #if defined(__ARMCC_VERSION)
  39:Generated_Source\PSoC4/cyfitter_cfg.c ****         #define CY_CFG_MEMORY_BARRIER() __memory_changed()
  40:Generated_Source\PSoC4/cyfitter_cfg.c ****     #else
  41:Generated_Source\PSoC4/cyfitter_cfg.c ****         #define CY_CFG_MEMORY_BARRIER() __sync_synchronize()
  42:Generated_Source\PSoC4/cyfitter_cfg.c ****     #endif
  43:Generated_Source\PSoC4/cyfitter_cfg.c ****     
  44:Generated_Source\PSoC4/cyfitter_cfg.c **** #elif defined(__ICCARM__)
  45:Generated_Source\PSoC4/cyfitter_cfg.c ****     #include <intrinsics.h>
  46:Generated_Source\PSoC4/cyfitter_cfg.c **** 
  47:Generated_Source\PSoC4/cyfitter_cfg.c ****     #define CYPACKED __packed
  48:Generated_Source\PSoC4/cyfitter_cfg.c ****     #define CYPACKED_ATTR 
  49:Generated_Source\PSoC4/cyfitter_cfg.c ****     #define CYALIGNED _Pragma("data_alignment=4")
  50:Generated_Source\PSoC4/cyfitter_cfg.c ****     #define CY_CFG_UNUSED _Pragma("diag_suppress=Pe177")
  51:Generated_Source\PSoC4/cyfitter_cfg.c ****     #define CY_CFG_SECTION _Pragma("location=\".psocinit\"")
  52:Generated_Source\PSoC4/cyfitter_cfg.c ****     
  53:Generated_Source\PSoC4/cyfitter_cfg.c ****     #define CY_CFG_MEMORY_BARRIER() __DMB()
  54:Generated_Source\PSoC4/cyfitter_cfg.c ****     
  55:Generated_Source\PSoC4/cyfitter_cfg.c **** #else
  56:Generated_Source\PSoC4/cyfitter_cfg.c ****     #error Unsupported toolchain
  57:Generated_Source\PSoC4/cyfitter_cfg.c **** #endif
  58:Generated_Source\PSoC4/cyfitter_cfg.c **** 
  59:Generated_Source\PSoC4/cyfitter_cfg.c **** #ifndef CYCODE
  60:Generated_Source\PSoC4/cyfitter_cfg.c ****     #define CYCODE
  61:Generated_Source\PSoC4/cyfitter_cfg.c **** #endif
  62:Generated_Source\PSoC4/cyfitter_cfg.c **** #ifndef CYDATA
  63:Generated_Source\PSoC4/cyfitter_cfg.c ****     #define CYDATA
  64:Generated_Source\PSoC4/cyfitter_cfg.c **** #endif
  65:Generated_Source\PSoC4/cyfitter_cfg.c **** #ifndef CYFAR
  66:Generated_Source\PSoC4/cyfitter_cfg.c ****     #define CYFAR
  67:Generated_Source\PSoC4/cyfitter_cfg.c **** #endif
  68:Generated_Source\PSoC4/cyfitter_cfg.c **** #ifndef CYXDATA
  69:Generated_Source\PSoC4/cyfitter_cfg.c ****     #define CYXDATA
  70:Generated_Source\PSoC4/cyfitter_cfg.c **** #endif
  71:Generated_Source\PSoC4/cyfitter_cfg.c **** 
  72:Generated_Source\PSoC4/cyfitter_cfg.c **** 
  73:Generated_Source\PSoC4/cyfitter_cfg.c **** CY_CFG_UNUSED
  74:Generated_Source\PSoC4/cyfitter_cfg.c **** static void CYMEMZERO(void *s, size_t n);
  75:Generated_Source\PSoC4/cyfitter_cfg.c **** CY_CFG_UNUSED
  76:Generated_Source\PSoC4/cyfitter_cfg.c **** static void CYMEMZERO(void *s, size_t n)
  77:Generated_Source\PSoC4/cyfitter_cfg.c **** {
  27              		.loc 1 77 0
  28              		.cfi_startproc
  29              		@ args = 0, pretend = 0, frame = 8
  30              		@ frame_needed = 1, uses_anonymous_args = 0
  31 0000 80B5     		push	{r7, lr}
  32              		.cfi_def_cfa_offset 8
  33              		.cfi_offset 7, -8
  34              		.cfi_offset 14, -4
  35 0002 82B0     		sub	sp, sp, #8
  36              		.cfi_def_cfa_offset 16
  37 0004 00AF     		add	r7, sp, #0
ARM GAS  C:\Users\megan\AppData\Local\Temp\ccdn3dy9.s 			page 3


  38              		.cfi_def_cfa_register 7
  39 0006 7860     		str	r0, [r7, #4]
  40 0008 3960     		str	r1, [r7]
  78:Generated_Source\PSoC4/cyfitter_cfg.c **** 	(void)memset(s, 0, n);
  41              		.loc 1 78 0
  42 000a 3A68     		ldr	r2, [r7]
  43 000c 7B68     		ldr	r3, [r7, #4]
  44 000e 0021     		movs	r1, #0
  45 0010 1800     		movs	r0, r3
  46 0012 FFF7FEFF 		bl	memset
  79:Generated_Source\PSoC4/cyfitter_cfg.c **** }
  47              		.loc 1 79 0
  48 0016 C046     		nop
  49 0018 BD46     		mov	sp, r7
  50 001a 02B0     		add	sp, sp, #8
  51              		@ sp needed
  52 001c 80BD     		pop	{r7, pc}
  53              		.cfi_endproc
  54              	.LFE2:
  55              		.size	CYMEMZERO, .-CYMEMZERO
  56 001e C046     		.section	.text.CYCONFIGCPY,"ax",%progbits
  57              		.align	2
  58              		.code	16
  59              		.thumb_func
  60              		.type	CYCONFIGCPY, %function
  61              	CYCONFIGCPY:
  62              	.LFB3:
  80:Generated_Source\PSoC4/cyfitter_cfg.c **** CY_CFG_UNUSED
  81:Generated_Source\PSoC4/cyfitter_cfg.c **** static void CYCONFIGCPY(void *dest, const void *src, size_t n);
  82:Generated_Source\PSoC4/cyfitter_cfg.c **** CY_CFG_UNUSED
  83:Generated_Source\PSoC4/cyfitter_cfg.c **** static void CYCONFIGCPY(void *dest, const void *src, size_t n)
  84:Generated_Source\PSoC4/cyfitter_cfg.c **** {
  63              		.loc 1 84 0
  64              		.cfi_startproc
  65              		@ args = 0, pretend = 0, frame = 16
  66              		@ frame_needed = 1, uses_anonymous_args = 0
  67 0000 80B5     		push	{r7, lr}
  68              		.cfi_def_cfa_offset 8
  69              		.cfi_offset 7, -8
  70              		.cfi_offset 14, -4
  71 0002 84B0     		sub	sp, sp, #16
  72              		.cfi_def_cfa_offset 24
  73 0004 00AF     		add	r7, sp, #0
  74              		.cfi_def_cfa_register 7
  75 0006 F860     		str	r0, [r7, #12]
  76 0008 B960     		str	r1, [r7, #8]
  77 000a 7A60     		str	r2, [r7, #4]
  85:Generated_Source\PSoC4/cyfitter_cfg.c **** 	(void)memcpy(dest, src, n);
  78              		.loc 1 85 0
  79 000c 7A68     		ldr	r2, [r7, #4]
  80 000e B968     		ldr	r1, [r7, #8]
  81 0010 FB68     		ldr	r3, [r7, #12]
  82 0012 1800     		movs	r0, r3
  83 0014 FFF7FEFF 		bl	memcpy
  86:Generated_Source\PSoC4/cyfitter_cfg.c **** }
  84              		.loc 1 86 0
  85 0018 C046     		nop
ARM GAS  C:\Users\megan\AppData\Local\Temp\ccdn3dy9.s 			page 4


  86 001a BD46     		mov	sp, r7
  87 001c 04B0     		add	sp, sp, #16
  88              		@ sp needed
  89 001e 80BD     		pop	{r7, pc}
  90              		.cfi_endproc
  91              	.LFE3:
  92              		.size	CYCONFIGCPY, .-CYCONFIGCPY
  93              		.section	.text.CYCONFIGCPYCODE,"ax",%progbits
  94              		.align	2
  95              		.code	16
  96              		.thumb_func
  97              		.type	CYCONFIGCPYCODE, %function
  98              	CYCONFIGCPYCODE:
  99              	.LFB4:
  87:Generated_Source\PSoC4/cyfitter_cfg.c **** CY_CFG_UNUSED
  88:Generated_Source\PSoC4/cyfitter_cfg.c **** static void CYCONFIGCPYCODE(void *dest, const void *src, size_t n);
  89:Generated_Source\PSoC4/cyfitter_cfg.c **** CY_CFG_UNUSED
  90:Generated_Source\PSoC4/cyfitter_cfg.c **** static void CYCONFIGCPYCODE(void *dest, const void *src, size_t n)
  91:Generated_Source\PSoC4/cyfitter_cfg.c **** {
 100              		.loc 1 91 0
 101              		.cfi_startproc
 102              		@ args = 0, pretend = 0, frame = 16
 103              		@ frame_needed = 1, uses_anonymous_args = 0
 104 0000 80B5     		push	{r7, lr}
 105              		.cfi_def_cfa_offset 8
 106              		.cfi_offset 7, -8
 107              		.cfi_offset 14, -4
 108 0002 84B0     		sub	sp, sp, #16
 109              		.cfi_def_cfa_offset 24
 110 0004 00AF     		add	r7, sp, #0
 111              		.cfi_def_cfa_register 7
 112 0006 F860     		str	r0, [r7, #12]
 113 0008 B960     		str	r1, [r7, #8]
 114 000a 7A60     		str	r2, [r7, #4]
  92:Generated_Source\PSoC4/cyfitter_cfg.c **** 	(void)memcpy(dest, src, n);
 115              		.loc 1 92 0
 116 000c 7A68     		ldr	r2, [r7, #4]
 117 000e B968     		ldr	r1, [r7, #8]
 118 0010 FB68     		ldr	r3, [r7, #12]
 119 0012 1800     		movs	r0, r3
 120 0014 FFF7FEFF 		bl	memcpy
  93:Generated_Source\PSoC4/cyfitter_cfg.c **** }
 121              		.loc 1 93 0
 122 0018 C046     		nop
 123 001a BD46     		mov	sp, r7
 124 001c 04B0     		add	sp, sp, #16
 125              		@ sp needed
 126 001e 80BD     		pop	{r7, pc}
 127              		.cfi_endproc
 128              	.LFE4:
 129              		.size	CYCONFIGCPYCODE, .-CYCONFIGCPYCODE
 130              		.section	.psocinit,"ax",%progbits
 131              		.align	2
 132              		.code	16
 133              		.thumb_func
 134              		.type	ClockSetup, %function
 135              	ClockSetup:
ARM GAS  C:\Users\megan\AppData\Local\Temp\ccdn3dy9.s 			page 5


 136              	.LFB5:
  94:Generated_Source\PSoC4/cyfitter_cfg.c **** 
  95:Generated_Source\PSoC4/cyfitter_cfg.c **** 
  96:Generated_Source\PSoC4/cyfitter_cfg.c **** 
  97:Generated_Source\PSoC4/cyfitter_cfg.c **** 
  98:Generated_Source\PSoC4/cyfitter_cfg.c **** /* Clock startup error codes                                                   */
  99:Generated_Source\PSoC4/cyfitter_cfg.c **** #define CYCLOCKSTART_NO_ERROR    0u
 100:Generated_Source\PSoC4/cyfitter_cfg.c **** #define CYCLOCKSTART_XTAL_ERROR  1u
 101:Generated_Source\PSoC4/cyfitter_cfg.c **** #define CYCLOCKSTART_32KHZ_ERROR 2u
 102:Generated_Source\PSoC4/cyfitter_cfg.c **** #define CYCLOCKSTART_PLL_ERROR   3u
 103:Generated_Source\PSoC4/cyfitter_cfg.c **** #define CYCLOCKSTART_FLL_ERROR   4u
 104:Generated_Source\PSoC4/cyfitter_cfg.c **** 
 105:Generated_Source\PSoC4/cyfitter_cfg.c **** 
 106:Generated_Source\PSoC4/cyfitter_cfg.c **** #ifdef CY_NEED_CYCLOCKSTARTUPERROR
 107:Generated_Source\PSoC4/cyfitter_cfg.c **** /*******************************************************************************
 108:Generated_Source\PSoC4/cyfitter_cfg.c **** * Function Name: CyClockStartupError
 109:Generated_Source\PSoC4/cyfitter_cfg.c **** ********************************************************************************
 110:Generated_Source\PSoC4/cyfitter_cfg.c **** * Summary:
 111:Generated_Source\PSoC4/cyfitter_cfg.c **** *  If an error is encountered during clock configuration (crystal startup error,
 112:Generated_Source\PSoC4/cyfitter_cfg.c **** *  PLL lock error, etc.), the system will end up here.  Unless reimplemented by
 113:Generated_Source\PSoC4/cyfitter_cfg.c **** *  the customer, this function will stop in an infinite loop.
 114:Generated_Source\PSoC4/cyfitter_cfg.c **** *
 115:Generated_Source\PSoC4/cyfitter_cfg.c **** * Parameters:
 116:Generated_Source\PSoC4/cyfitter_cfg.c **** *   void
 117:Generated_Source\PSoC4/cyfitter_cfg.c **** *
 118:Generated_Source\PSoC4/cyfitter_cfg.c **** * Return:
 119:Generated_Source\PSoC4/cyfitter_cfg.c **** *   void
 120:Generated_Source\PSoC4/cyfitter_cfg.c **** *
 121:Generated_Source\PSoC4/cyfitter_cfg.c **** *******************************************************************************/
 122:Generated_Source\PSoC4/cyfitter_cfg.c **** CY_CFG_UNUSED
 123:Generated_Source\PSoC4/cyfitter_cfg.c **** static void CyClockStartupError(uint8 errorCode);
 124:Generated_Source\PSoC4/cyfitter_cfg.c **** CY_CFG_UNUSED
 125:Generated_Source\PSoC4/cyfitter_cfg.c **** static void CyClockStartupError(uint8 errorCode)
 126:Generated_Source\PSoC4/cyfitter_cfg.c **** {
 127:Generated_Source\PSoC4/cyfitter_cfg.c ****     /* To remove the compiler warning if errorCode not used. */
 128:Generated_Source\PSoC4/cyfitter_cfg.c **** #if defined(CY_PSOC3) && (CY_PSOC3)
 129:Generated_Source\PSoC4/cyfitter_cfg.c ****     errorCode = errorCode;
 130:Generated_Source\PSoC4/cyfitter_cfg.c **** #else
 131:Generated_Source\PSoC4/cyfitter_cfg.c ****     (void)errorCode;
 132:Generated_Source\PSoC4/cyfitter_cfg.c **** #endif /* CY_PSOC3 */
 133:Generated_Source\PSoC4/cyfitter_cfg.c **** 
 134:Generated_Source\PSoC4/cyfitter_cfg.c ****     /* If we have a clock startup error (bad MHz crystal, PLL lock, etc.),  */
 135:Generated_Source\PSoC4/cyfitter_cfg.c ****     /* we will end up here to allow the customer to implement something to  */
 136:Generated_Source\PSoC4/cyfitter_cfg.c ****     /* deal with the clock condition.                                       */
 137:Generated_Source\PSoC4/cyfitter_cfg.c **** 
 138:Generated_Source\PSoC4/cyfitter_cfg.c **** #ifdef CY_CFG_CLOCK_STARTUP_ERROR_CALLBACK
 139:Generated_Source\PSoC4/cyfitter_cfg.c ****     CY_CFG_Clock_Startup_ErrorCallback();
 140:Generated_Source\PSoC4/cyfitter_cfg.c **** #else
 141:Generated_Source\PSoC4/cyfitter_cfg.c ****     /*  If not using CY_CFG_CLOCK_STARTUP_ERROR_CALLBACK, place your clock startup code here. */
 142:Generated_Source\PSoC4/cyfitter_cfg.c ****     /* `#START CyClockStartupError` */
 143:Generated_Source\PSoC4/cyfitter_cfg.c **** 
 144:Generated_Source\PSoC4/cyfitter_cfg.c **** 
 145:Generated_Source\PSoC4/cyfitter_cfg.c **** 
 146:Generated_Source\PSoC4/cyfitter_cfg.c ****     /* `#END` */
 147:Generated_Source\PSoC4/cyfitter_cfg.c **** 
 148:Generated_Source\PSoC4/cyfitter_cfg.c ****     while(1) {}
 149:Generated_Source\PSoC4/cyfitter_cfg.c **** #endif /* CY_CFG_CLOCK_STARTUP_ERROR_CALLBACK */
ARM GAS  C:\Users\megan\AppData\Local\Temp\ccdn3dy9.s 			page 6


 150:Generated_Source\PSoC4/cyfitter_cfg.c **** }
 151:Generated_Source\PSoC4/cyfitter_cfg.c **** #endif
 152:Generated_Source\PSoC4/cyfitter_cfg.c **** 
 153:Generated_Source\PSoC4/cyfitter_cfg.c **** 
 154:Generated_Source\PSoC4/cyfitter_cfg.c **** 
 155:Generated_Source\PSoC4/cyfitter_cfg.c **** /*******************************************************************************
 156:Generated_Source\PSoC4/cyfitter_cfg.c **** * Function Name: ClockSetup
 157:Generated_Source\PSoC4/cyfitter_cfg.c **** ********************************************************************************
 158:Generated_Source\PSoC4/cyfitter_cfg.c **** *
 159:Generated_Source\PSoC4/cyfitter_cfg.c **** * Summary:
 160:Generated_Source\PSoC4/cyfitter_cfg.c **** *   Performs the initialization of all of the clocks in the device based on the
 161:Generated_Source\PSoC4/cyfitter_cfg.c **** *   settings in the Clock tab of the DWR.  This includes enabling the requested
 162:Generated_Source\PSoC4/cyfitter_cfg.c **** *   clocks and setting the necessary dividers to produce the desired frequency. 
 163:Generated_Source\PSoC4/cyfitter_cfg.c **** *
 164:Generated_Source\PSoC4/cyfitter_cfg.c **** * Parameters:
 165:Generated_Source\PSoC4/cyfitter_cfg.c **** *   void
 166:Generated_Source\PSoC4/cyfitter_cfg.c **** *
 167:Generated_Source\PSoC4/cyfitter_cfg.c **** * Return:
 168:Generated_Source\PSoC4/cyfitter_cfg.c **** *   void
 169:Generated_Source\PSoC4/cyfitter_cfg.c **** *
 170:Generated_Source\PSoC4/cyfitter_cfg.c **** *******************************************************************************/
 171:Generated_Source\PSoC4/cyfitter_cfg.c **** static void ClockSetup(void);
 172:Generated_Source\PSoC4/cyfitter_cfg.c **** CY_CFG_SECTION
 173:Generated_Source\PSoC4/cyfitter_cfg.c **** static void ClockSetup(void)
 174:Generated_Source\PSoC4/cyfitter_cfg.c **** {
 137              		.loc 1 174 0
 138              		.cfi_startproc
 139              		@ args = 0, pretend = 0, frame = 0
 140              		@ frame_needed = 1, uses_anonymous_args = 0
 141 0000 80B5     		push	{r7, lr}
 142              		.cfi_def_cfa_offset 8
 143              		.cfi_offset 7, -8
 144              		.cfi_offset 14, -4
 145 0002 00AF     		add	r7, sp, #0
 146              		.cfi_def_cfa_register 7
 175:Generated_Source\PSoC4/cyfitter_cfg.c **** 
 176:Generated_Source\PSoC4/cyfitter_cfg.c **** 	/* Set Flash Cycles based on max possible frequency in case a glitch occurs during ClockSetup(). *
 177:Generated_Source\PSoC4/cyfitter_cfg.c **** 	CY_SET_REG32((void CYXDATA *)(CYREG_CPUSS_FLASH_CTL), (0x0012u));
 147              		.loc 1 177 0
 148 0004 284B     		ldr	r3, .L5
 149 0006 1222     		movs	r2, #18
 150 0008 1A60     		str	r2, [r3]
 178:Generated_Source\PSoC4/cyfitter_cfg.c **** 
 179:Generated_Source\PSoC4/cyfitter_cfg.c **** 	/* Start the WCO */
 180:Generated_Source\PSoC4/cyfitter_cfg.c **** 	CySysClkWcoStart();
 151              		.loc 1 180 0
 152 000a FFF7FEFF 		bl	CySysClkWcoStart
 181:Generated_Source\PSoC4/cyfitter_cfg.c **** 	CyDelayCycles(12000000u); /* WCO may take up to 500ms to start */
 153              		.loc 1 181 0
 154 000e 274B     		ldr	r3, .L5+4
 155 0010 1800     		movs	r0, r3
 156 0012 FFF7FEFF 		bl	CyDelayCycles
 182:Generated_Source\PSoC4/cyfitter_cfg.c **** 	(void)CySysClkWcoSetPowerMode(CY_SYS_CLK_WCO_LPM);    /* Switch to the low power mode */
 157              		.loc 1 182 0
 158 0016 0120     		movs	r0, #1
 159 0018 FFF7FEFF 		bl	CySysClkWcoSetPowerMode
 183:Generated_Source\PSoC4/cyfitter_cfg.c **** 
ARM GAS  C:\Users\megan\AppData\Local\Temp\ccdn3dy9.s 			page 7


 184:Generated_Source\PSoC4/cyfitter_cfg.c **** 	/* Setup and trim IMO based on desired frequency. */
 185:Generated_Source\PSoC4/cyfitter_cfg.c **** 	CySysClkWriteImoFreq(48u);
 160              		.loc 1 185 0
 161 001c 3020     		movs	r0, #48
 162 001e FFF7FEFF 		bl	CySysClkWriteImoFreq
 186:Generated_Source\PSoC4/cyfitter_cfg.c **** 	/* CYDEV_CLK_ILO_CONFIG Starting address: CYDEV_CLK_ILO_CONFIG */
 187:Generated_Source\PSoC4/cyfitter_cfg.c **** 	CY_SET_REG32((void *)(CYREG_CLK_ILO_CONFIG), 0x80000006u);
 163              		.loc 1 187 0
 164 0022 234B     		ldr	r3, .L5+8
 165 0024 234A     		ldr	r2, .L5+12
 166 0026 1A60     		str	r2, [r3]
 188:Generated_Source\PSoC4/cyfitter_cfg.c **** 
 189:Generated_Source\PSoC4/cyfitter_cfg.c **** 	/* CYDEV_WDT_CONFIG Starting address: CYDEV_WDT_CONFIG */
 190:Generated_Source\PSoC4/cyfitter_cfg.c **** 	CY_SET_REG32((void *)(CYREG_WDT_CONFIG), 0x40000000u);
 167              		.loc 1 190 0
 168 0028 234B     		ldr	r3, .L5+16
 169 002a 8022     		movs	r2, #128
 170 002c D205     		lsls	r2, r2, #23
 171 002e 1A60     		str	r2, [r3]
 191:Generated_Source\PSoC4/cyfitter_cfg.c **** 
 192:Generated_Source\PSoC4/cyfitter_cfg.c **** 
 193:Generated_Source\PSoC4/cyfitter_cfg.c **** 	/* Enable fast start mode for XO */
 194:Generated_Source\PSoC4/cyfitter_cfg.c **** 	CY_SET_REG32((void*)CYREG_BLE_BLERD_BB_XO, CY_GET_REG32((void*)CYREG_BLE_BLERD_BB_XO) | (uint32)0x
 172              		.loc 1 194 0
 173 0030 224B     		ldr	r3, .L5+20
 174 0032 224A     		ldr	r2, .L5+20
 175 0034 1268     		ldr	r2, [r2]
 176 0036 0221     		movs	r1, #2
 177 0038 0A43     		orrs	r2, r1
 178 003a 1A60     		str	r2, [r3]
 195:Generated_Source\PSoC4/cyfitter_cfg.c **** 	CY_SET_REG32((void *)(CYREG_BLE_BLERD_BB_XO_CAPTRIM), 0x0000D0D0u);
 179              		.loc 1 195 0
 180 003c 204B     		ldr	r3, .L5+24
 181 003e 214A     		ldr	r2, .L5+28
 182 0040 1A60     		str	r2, [r3]
 196:Generated_Source\PSoC4/cyfitter_cfg.c **** 	/*Set XTAL(ECO) divider*/
 197:Generated_Source\PSoC4/cyfitter_cfg.c **** 	CY_SET_REG32((void *)(CYREG_BLE_BLESS_XTAL_CLK_DIV_CONFIG), 0x00000000u);
 183              		.loc 1 197 0
 184 0042 214B     		ldr	r3, .L5+32
 185 0044 0022     		movs	r2, #0
 186 0046 1A60     		str	r2, [r3]
 198:Generated_Source\PSoC4/cyfitter_cfg.c **** 	/* Disable Crystal Stable Interrupt before enabling ECO */
 199:Generated_Source\PSoC4/cyfitter_cfg.c **** 	CY_SET_REG32((void*)CYREG_BLE_BLESS_LL_DSM_CTRL, CY_GET_REG32((void*)CYREG_BLE_BLESS_LL_DSM_CTRL) 
 187              		.loc 1 199 0
 188 0048 204B     		ldr	r3, .L5+36
 189 004a 204A     		ldr	r2, .L5+36
 190 004c 1268     		ldr	r2, [r2]
 191 004e 0821     		movs	r1, #8
 192 0050 8A43     		bics	r2, r1
 193 0052 1A60     		str	r2, [r3]
 200:Generated_Source\PSoC4/cyfitter_cfg.c **** 	/* Start the ECO and do not check status since it is not needed for HFCLK */
 201:Generated_Source\PSoC4/cyfitter_cfg.c **** 	(void)CySysClkEcoStart(2000u);
 194              		.loc 1 201 0
 195 0054 FA23     		movs	r3, #250
 196 0056 DB00     		lsls	r3, r3, #3
 197 0058 1800     		movs	r0, r3
 198 005a FFF7FEFF 		bl	CySysClkEcoStart
ARM GAS  C:\Users\megan\AppData\Local\Temp\ccdn3dy9.s 			page 8


 202:Generated_Source\PSoC4/cyfitter_cfg.c **** 	CyDelayUs(1500u); /* Wait to stabilize */
 199              		.loc 1 202 0
 200 005e 1C4B     		ldr	r3, .L5+40
 201 0060 1800     		movs	r0, r3
 202 0062 FFF7FEFF 		bl	CyDelayUs
 203:Generated_Source\PSoC4/cyfitter_cfg.c **** 
 204:Generated_Source\PSoC4/cyfitter_cfg.c **** 	/* Setup phase aligned clocks */
 205:Generated_Source\PSoC4/cyfitter_cfg.c **** 	CY_SET_REG32((void *)CYREG_PERI_DIV_16_CTL0, 0x00000200u);
 203              		.loc 1 205 0
 204 0066 1B4B     		ldr	r3, .L5+44
 205 0068 8022     		movs	r2, #128
 206 006a 9200     		lsls	r2, r2, #2
 207 006c 1A60     		str	r2, [r3]
 206:Generated_Source\PSoC4/cyfitter_cfg.c **** 	CY_SET_REG32((void *)CYREG_PERI_DIV_CMD, 0x8000FF40u);
 208              		.loc 1 206 0
 209 006e 1A4B     		ldr	r3, .L5+48
 210 0070 1A4A     		ldr	r2, .L5+52
 211 0072 1A60     		str	r2, [r3]
 207:Generated_Source\PSoC4/cyfitter_cfg.c **** 
 208:Generated_Source\PSoC4/cyfitter_cfg.c **** 	/* CYDEV_CLK_IMO_CONFIG Starting address: CYDEV_CLK_IMO_CONFIG */
 209:Generated_Source\PSoC4/cyfitter_cfg.c **** 	CY_SET_REG32((void *)(CYREG_CLK_IMO_CONFIG), 0x80000000u);
 212              		.loc 1 209 0
 213 0074 1A4B     		ldr	r3, .L5+56
 214 0076 8022     		movs	r2, #128
 215 0078 1206     		lsls	r2, r2, #24
 216 007a 1A60     		str	r2, [r3]
 210:Generated_Source\PSoC4/cyfitter_cfg.c **** 
 211:Generated_Source\PSoC4/cyfitter_cfg.c **** 	/* CYDEV_CLK_SELECT Starting address: CYDEV_CLK_SELECT */
 212:Generated_Source\PSoC4/cyfitter_cfg.c **** 	CY_SET_REG32((void *)(CYREG_CLK_SELECT), 0x00040000u);
 217              		.loc 1 212 0
 218 007c 194B     		ldr	r3, .L5+60
 219 007e 8022     		movs	r2, #128
 220 0080 D202     		lsls	r2, r2, #11
 221 0082 1A60     		str	r2, [r3]
 213:Generated_Source\PSoC4/cyfitter_cfg.c **** 
 214:Generated_Source\PSoC4/cyfitter_cfg.c **** 	/* CYDEV_PERI_PCLK_CTL1 Starting address: CYDEV_PERI_PCLK_CTL1 */
 215:Generated_Source\PSoC4/cyfitter_cfg.c **** 	CY_SET_REG32((void *)(CYREG_PERI_PCLK_CTL1), 0x00000040u);
 222              		.loc 1 215 0
 223 0084 184B     		ldr	r3, .L5+64
 224 0086 4022     		movs	r2, #64
 225 0088 1A60     		str	r2, [r3]
 216:Generated_Source\PSoC4/cyfitter_cfg.c **** 
 217:Generated_Source\PSoC4/cyfitter_cfg.c **** 	(void)CyIntSetVector(8u, &CySysWdtIsr);
 226              		.loc 1 217 0
 227 008a 184B     		ldr	r3, .L5+68
 228 008c 1900     		movs	r1, r3
 229 008e 0820     		movs	r0, #8
 230 0090 FFF7FEFF 		bl	CyIntSetVector
 218:Generated_Source\PSoC4/cyfitter_cfg.c **** 	CyIntEnable(8u);
 231              		.loc 1 218 0
 232 0094 0820     		movs	r0, #8
 233 0096 FFF7FEFF 		bl	CyIntEnable
 219:Generated_Source\PSoC4/cyfitter_cfg.c **** 	CY_SET_REG32((void *)(CYREG_WDT_CONFIG), 0x40000000u);
 234              		.loc 1 219 0
 235 009a 074B     		ldr	r3, .L5+16
 236 009c 8022     		movs	r2, #128
 237 009e D205     		lsls	r2, r2, #23
ARM GAS  C:\Users\megan\AppData\Local\Temp\ccdn3dy9.s 			page 9


 238 00a0 1A60     		str	r2, [r3]
 220:Generated_Source\PSoC4/cyfitter_cfg.c **** }
 239              		.loc 1 220 0
 240 00a2 C046     		nop
 241 00a4 BD46     		mov	sp, r7
 242              		@ sp needed
 243 00a6 80BD     		pop	{r7, pc}
 244              	.L6:
 245              		.align	2
 246              	.L5:
 247 00a8 30001040 		.word	1074790448
 248 00ac 001BB700 		.word	12000000
 249 00b0 04010B40 		.word	1074462980
 250 00b4 06000080 		.word	-2147483642
 251 00b8 0C020B40 		.word	1074463244
 252 00bc 78002E40 		.word	1076756600
 253 00c0 7C002E40 		.word	1076756604
 254 00c4 D0D00000 		.word	53456
 255 00c8 64F02E40 		.word	1076818020
 256 00cc 6CF02E40 		.word	1076818028
 257 00d0 DC050000 		.word	1500
 258 00d4 00030140 		.word	1073808128
 259 00d8 00000140 		.word	1073807360
 260 00dc 40FF0080 		.word	-2147418304
 261 00e0 08010B40 		.word	1074462984
 262 00e4 00010B40 		.word	1074462976
 263 00e8 04010140 		.word	1073807620
 264 00ec 00000000 		.word	CySysWdtIsr
 265              		.cfi_endproc
 266              	.LFE5:
 267              		.size	ClockSetup, .-ClockSetup
 268              		.section	.text.AnalogSetDefault,"ax",%progbits
 269              		.align	2
 270              		.code	16
 271              		.thumb_func
 272              		.type	AnalogSetDefault, %function
 273              	AnalogSetDefault:
 274              	.LFB6:
 221:Generated_Source\PSoC4/cyfitter_cfg.c **** 
 222:Generated_Source\PSoC4/cyfitter_cfg.c **** 
 223:Generated_Source\PSoC4/cyfitter_cfg.c **** /* Analog API Functions */
 224:Generated_Source\PSoC4/cyfitter_cfg.c **** 
 225:Generated_Source\PSoC4/cyfitter_cfg.c **** 
 226:Generated_Source\PSoC4/cyfitter_cfg.c **** /*******************************************************************************
 227:Generated_Source\PSoC4/cyfitter_cfg.c **** * Function Name: AnalogSetDefault
 228:Generated_Source\PSoC4/cyfitter_cfg.c **** ********************************************************************************
 229:Generated_Source\PSoC4/cyfitter_cfg.c **** *
 230:Generated_Source\PSoC4/cyfitter_cfg.c **** * Summary:
 231:Generated_Source\PSoC4/cyfitter_cfg.c **** *  Sets up the analog portions of the chip to default values based on chip
 232:Generated_Source\PSoC4/cyfitter_cfg.c **** *  configuration options from the project.
 233:Generated_Source\PSoC4/cyfitter_cfg.c **** *
 234:Generated_Source\PSoC4/cyfitter_cfg.c **** * Parameters:
 235:Generated_Source\PSoC4/cyfitter_cfg.c **** *  void
 236:Generated_Source\PSoC4/cyfitter_cfg.c **** *
 237:Generated_Source\PSoC4/cyfitter_cfg.c **** * Return:
 238:Generated_Source\PSoC4/cyfitter_cfg.c **** *  void
 239:Generated_Source\PSoC4/cyfitter_cfg.c **** *
ARM GAS  C:\Users\megan\AppData\Local\Temp\ccdn3dy9.s 			page 10


 240:Generated_Source\PSoC4/cyfitter_cfg.c **** *******************************************************************************/
 241:Generated_Source\PSoC4/cyfitter_cfg.c **** static void AnalogSetDefault(void);
 242:Generated_Source\PSoC4/cyfitter_cfg.c **** static void AnalogSetDefault(void)
 243:Generated_Source\PSoC4/cyfitter_cfg.c **** {
 275              		.loc 1 243 0
 276              		.cfi_startproc
 277              		@ args = 0, pretend = 0, frame = 0
 278              		@ frame_needed = 1, uses_anonymous_args = 0
 279 0000 80B5     		push	{r7, lr}
 280              		.cfi_def_cfa_offset 8
 281              		.cfi_offset 7, -8
 282              		.cfi_offset 14, -4
 283 0002 00AF     		add	r7, sp, #0
 284              		.cfi_def_cfa_register 7
 244:Generated_Source\PSoC4/cyfitter_cfg.c **** 	CY_SET_XTND_REG32((void CYFAR *)CYREG_CTBM0_DFT_CTRL, 0x00000003u);
 285              		.loc 1 244 0
 286 0004 054B     		ldr	r3, .L8
 287 0006 0322     		movs	r2, #3
 288 0008 1A60     		str	r2, [r3]
 245:Generated_Source\PSoC4/cyfitter_cfg.c **** 	CY_SET_XTND_REG32((void CYFAR *)CYREG_CTBM1_DFT_CTRL, 0x00000003u);
 289              		.loc 1 245 0
 290 000a 054B     		ldr	r3, .L8+4
 291 000c 0322     		movs	r2, #3
 292 000e 1A60     		str	r2, [r3]
 246:Generated_Source\PSoC4/cyfitter_cfg.c **** 	CY_SET_XTND_REG32((void CYFAR *)CYREG_PASS_DSAB_DSAB_CTRL, 0x00000000u);
 293              		.loc 1 246 0
 294 0010 044B     		ldr	r3, .L8+8
 295 0012 0022     		movs	r2, #0
 296 0014 1A60     		str	r2, [r3]
 247:Generated_Source\PSoC4/cyfitter_cfg.c **** }
 297              		.loc 1 247 0
 298 0016 C046     		nop
 299 0018 BD46     		mov	sp, r7
 300              		@ sp needed
 301 001a 80BD     		pop	{r7, pc}
 302              	.L9:
 303              		.align	2
 304              	.L8:
 305 001c 30003040 		.word	1076887600
 306 0020 30003140 		.word	1076953136
 307 0024 000E3F40 		.word	1077874176
 308              		.cfi_endproc
 309              	.LFE6:
 310              		.size	AnalogSetDefault, .-AnalogSetDefault
 311              		.section	.psocinit
 312              		.align	2
 313              		.global	cyfitter_cfg
 314              		.code	16
 315              		.thumb_func
 316              		.type	cyfitter_cfg, %function
 317              	cyfitter_cfg:
 318              	.LFB7:
 248:Generated_Source\PSoC4/cyfitter_cfg.c **** 
 249:Generated_Source\PSoC4/cyfitter_cfg.c **** 
 250:Generated_Source\PSoC4/cyfitter_cfg.c **** 
 251:Generated_Source\PSoC4/cyfitter_cfg.c **** 
 252:Generated_Source\PSoC4/cyfitter_cfg.c **** /*******************************************************************************
ARM GAS  C:\Users\megan\AppData\Local\Temp\ccdn3dy9.s 			page 11


 253:Generated_Source\PSoC4/cyfitter_cfg.c **** * Function Name: cyfitter_cfg
 254:Generated_Source\PSoC4/cyfitter_cfg.c **** ********************************************************************************
 255:Generated_Source\PSoC4/cyfitter_cfg.c **** * Summary:
 256:Generated_Source\PSoC4/cyfitter_cfg.c **** *  This function is called by the start-up code for the selected device. It
 257:Generated_Source\PSoC4/cyfitter_cfg.c **** *  performs all of the necessary device configuration based on the design
 258:Generated_Source\PSoC4/cyfitter_cfg.c **** *  settings.  This includes settings from the Design Wide Resources (DWR) such
 259:Generated_Source\PSoC4/cyfitter_cfg.c **** *  as Clocks and Pins as well as any component configuration that is necessary.
 260:Generated_Source\PSoC4/cyfitter_cfg.c **** *
 261:Generated_Source\PSoC4/cyfitter_cfg.c **** * Parameters:
 262:Generated_Source\PSoC4/cyfitter_cfg.c **** *   void
 263:Generated_Source\PSoC4/cyfitter_cfg.c **** *
 264:Generated_Source\PSoC4/cyfitter_cfg.c **** * Return:
 265:Generated_Source\PSoC4/cyfitter_cfg.c **** *   void
 266:Generated_Source\PSoC4/cyfitter_cfg.c **** *
 267:Generated_Source\PSoC4/cyfitter_cfg.c **** *******************************************************************************/
 268:Generated_Source\PSoC4/cyfitter_cfg.c **** CY_CFG_SECTION
 269:Generated_Source\PSoC4/cyfitter_cfg.c **** void cyfitter_cfg(void)
 270:Generated_Source\PSoC4/cyfitter_cfg.c **** {
 319              		.loc 1 270 0
 320              		.cfi_startproc
 321              		@ args = 0, pretend = 0, frame = 8
 322              		@ frame_needed = 1, uses_anonymous_args = 0
 323 00f0 80B5     		push	{r7, lr}
 324              		.cfi_def_cfa_offset 8
 325              		.cfi_offset 7, -8
 326              		.cfi_offset 14, -4
 327 00f2 82B0     		sub	sp, sp, #8
 328              		.cfi_def_cfa_offset 16
 329 00f4 00AF     		add	r7, sp, #0
 330              		.cfi_def_cfa_register 7
 271:Generated_Source\PSoC4/cyfitter_cfg.c **** 	/* Disable interrupts by default. Let user enable if/when they want. */
 272:Generated_Source\PSoC4/cyfitter_cfg.c **** 	CyGlobalIntDisable;
 331              		.loc 1 272 0
 332              		.syntax divided
 333              	@ 272 "Generated_Source\PSoC4\cyfitter_cfg.c" 1
 334 00f6 72B6     		CPSID   i
 335              	@ 0 "" 2
 273:Generated_Source\PSoC4/cyfitter_cfg.c **** 
 274:Generated_Source\PSoC4/cyfitter_cfg.c **** 	CY_SET_REG32((void *)(CYREG_BLE_BLESS_LL_DSM_CTRL), 0x00000000u);
 336              		.loc 1 274 0
 337              		.thumb
 338              		.syntax unified
 339 00f8 394B     		ldr	r3, .L13
 340 00fa 0022     		movs	r2, #0
 341 00fc 1A60     		str	r2, [r3]
 342              	.LBB2:
 275:Generated_Source\PSoC4/cyfitter_cfg.c **** 
 276:Generated_Source\PSoC4/cyfitter_cfg.c **** 	{
 277:Generated_Source\PSoC4/cyfitter_cfg.c **** 
 278:Generated_Source\PSoC4/cyfitter_cfg.c **** 		CYPACKED typedef struct {
 279:Generated_Source\PSoC4/cyfitter_cfg.c **** 			void CYFAR *address;
 280:Generated_Source\PSoC4/cyfitter_cfg.c **** 			uint16 size;
 281:Generated_Source\PSoC4/cyfitter_cfg.c **** 		} CYPACKED_ATTR cfg_memset_t;
 282:Generated_Source\PSoC4/cyfitter_cfg.c **** 
 283:Generated_Source\PSoC4/cyfitter_cfg.c **** 		static const cfg_memset_t CYCODE cfg_memset_list[] = {
 284:Generated_Source\PSoC4/cyfitter_cfg.c **** 			/* address, size */
 285:Generated_Source\PSoC4/cyfitter_cfg.c **** 			{(void CYFAR *)(CYDEV_UDB_P0_U0_BASE), 1024u},
ARM GAS  C:\Users\megan\AppData\Local\Temp\ccdn3dy9.s 			page 12


 286:Generated_Source\PSoC4/cyfitter_cfg.c **** 			{(void CYFAR *)(CYDEV_UDB_DSI0_BASE), 1024u},
 287:Generated_Source\PSoC4/cyfitter_cfg.c **** 		};
 288:Generated_Source\PSoC4/cyfitter_cfg.c **** 
 289:Generated_Source\PSoC4/cyfitter_cfg.c **** 		uint8 CYDATA i;
 290:Generated_Source\PSoC4/cyfitter_cfg.c **** 
 291:Generated_Source\PSoC4/cyfitter_cfg.c **** 		/* Zero out critical memory blocks before beginning configuration */
 292:Generated_Source\PSoC4/cyfitter_cfg.c **** 		for (i = 0u; i < (sizeof(cfg_memset_list)/sizeof(cfg_memset_list[0])); i++)
 343              		.loc 1 292 0
 344 00fe FB1D     		adds	r3, r7, #7
 345 0100 0022     		movs	r2, #0
 346 0102 1A70     		strb	r2, [r3]
 347 0104 22E0     		b	.L11
 348              	.L12:
 349              	.LBB3:
 293:Generated_Source\PSoC4/cyfitter_cfg.c **** 		{
 294:Generated_Source\PSoC4/cyfitter_cfg.c **** 			const cfg_memset_t CYCODE * CYDATA ms = &cfg_memset_list[i];
 350              		.loc 1 294 0 discriminator 3
 351 0106 FB1D     		adds	r3, r7, #7
 352 0108 1A78     		ldrb	r2, [r3]
 353 010a 1300     		movs	r3, r2
 354 010c 5B00     		lsls	r3, r3, #1
 355 010e 9B18     		adds	r3, r3, r2
 356 0110 5B00     		lsls	r3, r3, #1
 357 0112 344A     		ldr	r2, .L13+4
 358 0114 9B18     		adds	r3, r3, r2
 359 0116 3B60     		str	r3, [r7]
 295:Generated_Source\PSoC4/cyfitter_cfg.c **** 			CYMEMZERO(ms->address, (size_t)(uint32)(ms->size));
 360              		.loc 1 295 0 discriminator 3
 361 0118 3B68     		ldr	r3, [r7]
 362 011a 1A78     		ldrb	r2, [r3]
 363 011c 5978     		ldrb	r1, [r3, #1]
 364 011e 0902     		lsls	r1, r1, #8
 365 0120 0A43     		orrs	r2, r1
 366 0122 9978     		ldrb	r1, [r3, #2]
 367 0124 0904     		lsls	r1, r1, #16
 368 0126 0A43     		orrs	r2, r1
 369 0128 DB78     		ldrb	r3, [r3, #3]
 370 012a 1B06     		lsls	r3, r3, #24
 371 012c 1343     		orrs	r3, r2
 372 012e 1800     		movs	r0, r3
 373 0130 3B68     		ldr	r3, [r7]
 374 0132 1A79     		ldrb	r2, [r3, #4]
 375 0134 5B79     		ldrb	r3, [r3, #5]
 376 0136 1B02     		lsls	r3, r3, #8
 377 0138 1343     		orrs	r3, r2
 378 013a 9BB2     		uxth	r3, r3
 379 013c 1900     		movs	r1, r3
 380 013e FFF7FEFF 		bl	CYMEMZERO
 381              	.LBE3:
 292:Generated_Source\PSoC4/cyfitter_cfg.c **** 		{
 382              		.loc 1 292 0 discriminator 3
 383 0142 FB1D     		adds	r3, r7, #7
 384 0144 1A78     		ldrb	r2, [r3]
 385 0146 FB1D     		adds	r3, r7, #7
 386 0148 0132     		adds	r2, r2, #1
 387 014a 1A70     		strb	r2, [r3]
 388              	.L11:
ARM GAS  C:\Users\megan\AppData\Local\Temp\ccdn3dy9.s 			page 13


 292:Generated_Source\PSoC4/cyfitter_cfg.c **** 		{
 389              		.loc 1 292 0 is_stmt 0 discriminator 1
 390 014c FB1D     		adds	r3, r7, #7
 391 014e 1B78     		ldrb	r3, [r3]
 392 0150 012B     		cmp	r3, #1
 393 0152 D8D9     		bls	.L12
 296:Generated_Source\PSoC4/cyfitter_cfg.c **** 		}
 297:Generated_Source\PSoC4/cyfitter_cfg.c **** 
 298:Generated_Source\PSoC4/cyfitter_cfg.c **** 		/* HSIOM Starting address: CYDEV_HSIOM_BASE */
 299:Generated_Source\PSoC4/cyfitter_cfg.c **** 		CY_SET_REG32((void *)(CYDEV_HSIOM_BASE), 0xEEFF0000u);
 394              		.loc 1 299 0 is_stmt 1
 395 0154 244B     		ldr	r3, .L13+8
 396 0156 254A     		ldr	r2, .L13+12
 397 0158 1A60     		str	r2, [r3]
 300:Generated_Source\PSoC4/cyfitter_cfg.c **** 		CY_SET_REG32((void *)(CYREG_HSIOM_PORT_SEL1), 0xFF000000u);
 398              		.loc 1 300 0
 399 015a 254B     		ldr	r3, .L13+16
 400 015c FF22     		movs	r2, #255
 401 015e 1206     		lsls	r2, r2, #24
 402 0160 1A60     		str	r2, [r3]
 301:Generated_Source\PSoC4/cyfitter_cfg.c **** 
 302:Generated_Source\PSoC4/cyfitter_cfg.c **** 		/* UDB_PA_0 Starting address: CYDEV_UDB_PA0_BASE */
 303:Generated_Source\PSoC4/cyfitter_cfg.c **** 		CY_SET_REG32((void *)(CYDEV_UDB_PA0_BASE), 0x00990000u);
 403              		.loc 1 303 0
 404 0162 244B     		ldr	r3, .L13+20
 405 0164 9922     		movs	r2, #153
 406 0166 1204     		lsls	r2, r2, #16
 407 0168 1A60     		str	r2, [r3]
 304:Generated_Source\PSoC4/cyfitter_cfg.c **** 
 305:Generated_Source\PSoC4/cyfitter_cfg.c **** 		/* UDB_PA_1 Starting address: CYDEV_UDB_PA1_BASE */
 306:Generated_Source\PSoC4/cyfitter_cfg.c **** 		CY_SET_REG32((void *)(CYDEV_UDB_PA1_BASE), 0x00990000u);
 408              		.loc 1 306 0
 409 016a 234B     		ldr	r3, .L13+24
 410 016c 9922     		movs	r2, #153
 411 016e 1204     		lsls	r2, r2, #16
 412 0170 1A60     		str	r2, [r3]
 307:Generated_Source\PSoC4/cyfitter_cfg.c **** 
 308:Generated_Source\PSoC4/cyfitter_cfg.c **** 		/* UDB_PA_2 Starting address: CYDEV_UDB_PA2_BASE */
 309:Generated_Source\PSoC4/cyfitter_cfg.c **** 		CY_SET_REG32((void *)(CYDEV_UDB_PA2_BASE), 0x00990000u);
 413              		.loc 1 309 0
 414 0172 224B     		ldr	r3, .L13+28
 415 0174 9922     		movs	r2, #153
 416 0176 1204     		lsls	r2, r2, #16
 417 0178 1A60     		str	r2, [r3]
 310:Generated_Source\PSoC4/cyfitter_cfg.c **** 
 311:Generated_Source\PSoC4/cyfitter_cfg.c **** 		/* UDB_PA_3 Starting address: CYDEV_UDB_PA3_BASE */
 312:Generated_Source\PSoC4/cyfitter_cfg.c **** 		CY_SET_REG32((void *)(CYDEV_UDB_PA3_BASE), 0x00990000u);
 418              		.loc 1 312 0
 419 017a 214B     		ldr	r3, .L13+32
 420 017c 9922     		movs	r2, #153
 421 017e 1204     		lsls	r2, r2, #16
 422 0180 1A60     		str	r2, [r3]
 313:Generated_Source\PSoC4/cyfitter_cfg.c **** 
 314:Generated_Source\PSoC4/cyfitter_cfg.c **** 		/* Enable digital routing */
 315:Generated_Source\PSoC4/cyfitter_cfg.c **** 		CY_SET_XTND_REG8((void *)CYREG_UDB_UDBIF_BANK_CTL, (uint8)(CY_GET_XTND_REG8((void *)CYREG_UDB_UDB
 423              		.loc 1 315 0
 424 0182 204A     		ldr	r2, .L13+36
ARM GAS  C:\Users\megan\AppData\Local\Temp\ccdn3dy9.s 			page 14


 425 0184 1F4B     		ldr	r3, .L13+36
 426 0186 1B78     		ldrb	r3, [r3]
 427 0188 DBB2     		uxtb	r3, r3
 428 018a 0621     		movs	r1, #6
 429 018c 0B43     		orrs	r3, r1
 430 018e DBB2     		uxtb	r3, r3
 431 0190 1370     		strb	r3, [r2]
 432              	.LBE2:
 316:Generated_Source\PSoC4/cyfitter_cfg.c **** 	}
 317:Generated_Source\PSoC4/cyfitter_cfg.c **** 
 318:Generated_Source\PSoC4/cyfitter_cfg.c **** 	/* Perform second pass device configuration. These items must be configured in specific order afte
 319:Generated_Source\PSoC4/cyfitter_cfg.c **** 	/* IOPINS0_0 Starting address: CYDEV_GPIO_PRT0_BASE */
 320:Generated_Source\PSoC4/cyfitter_cfg.c **** 	CY_SET_REG32((void *)(CYDEV_GPIO_PRT0_BASE), 0x00000010u);
 433              		.loc 1 320 0
 434 0192 1D4B     		ldr	r3, .L13+40
 435 0194 1022     		movs	r2, #16
 436 0196 1A60     		str	r2, [r3]
 321:Generated_Source\PSoC4/cyfitter_cfg.c **** 	CY_SET_REG32((void *)(CYREG_GPIO_PRT0_PC), 0x00D8E000u);
 437              		.loc 1 321 0
 438 0198 1C4B     		ldr	r3, .L13+44
 439 019a 1D4A     		ldr	r2, .L13+48
 440 019c 1A60     		str	r2, [r3]
 322:Generated_Source\PSoC4/cyfitter_cfg.c **** 	CY_SET_REG32((void *)(CYREG_GPIO_PRT0_PC2), 0x00000010u);
 441              		.loc 1 322 0
 442 019e 1D4B     		ldr	r3, .L13+52
 443 01a0 1022     		movs	r2, #16
 444 01a2 1A60     		str	r2, [r3]
 323:Generated_Source\PSoC4/cyfitter_cfg.c **** 
 324:Generated_Source\PSoC4/cyfitter_cfg.c **** 	/* IOPINS0_1 Starting address: CYDEV_GPIO_PRT1_BASE */
 325:Generated_Source\PSoC4/cyfitter_cfg.c **** 	CY_SET_REG32((void *)(CYDEV_GPIO_PRT1_BASE), 0x000000D0u);
 445              		.loc 1 325 0
 446 01a4 1C4B     		ldr	r3, .L13+56
 447 01a6 D022     		movs	r2, #208
 448 01a8 1A60     		str	r2, [r3]
 326:Generated_Source\PSoC4/cyfitter_cfg.c **** 	CY_SET_REG32((void *)(CYREG_GPIO_PRT1_PC), 0x00D86000u);
 449              		.loc 1 326 0
 450 01aa 1C4B     		ldr	r3, .L13+60
 451 01ac 1C4A     		ldr	r2, .L13+64
 452 01ae 1A60     		str	r2, [r3]
 327:Generated_Source\PSoC4/cyfitter_cfg.c **** 	CY_SET_REG32((void *)(CYREG_GPIO_PRT1_PC2), 0x000000C0u);
 453              		.loc 1 327 0
 454 01b0 1C4B     		ldr	r3, .L13+68
 455 01b2 C022     		movs	r2, #192
 456 01b4 1A60     		str	r2, [r3]
 328:Generated_Source\PSoC4/cyfitter_cfg.c **** 
 329:Generated_Source\PSoC4/cyfitter_cfg.c **** 	/* IOPINS0_2 Starting address: CYDEV_GPIO_PRT2_BASE */
 330:Generated_Source\PSoC4/cyfitter_cfg.c **** 	CY_SET_REG32((void *)(CYDEV_GPIO_PRT2_BASE), 0x0000001Du);
 457              		.loc 1 330 0
 458 01b6 1C4B     		ldr	r3, .L13+72
 459 01b8 1D22     		movs	r2, #29
 460 01ba 1A60     		str	r2, [r3]
 331:Generated_Source\PSoC4/cyfitter_cfg.c **** 	CY_SET_REG32((void *)(CYREG_GPIO_PRT2_PC), 0x00004901u);
 461              		.loc 1 331 0
 462 01bc 1B4B     		ldr	r3, .L13+76
 463 01be 1C4A     		ldr	r2, .L13+80
 464 01c0 1A60     		str	r2, [r3]
 332:Generated_Source\PSoC4/cyfitter_cfg.c **** 
ARM GAS  C:\Users\megan\AppData\Local\Temp\ccdn3dy9.s 			page 15


 333:Generated_Source\PSoC4/cyfitter_cfg.c **** 	/* IOPINS0_3 Starting address: CYDEV_GPIO_PRT3_BASE */
 334:Generated_Source\PSoC4/cyfitter_cfg.c **** 	CY_SET_REG32((void *)(CYREG_GPIO_PRT3_PC), 0x006C0000u);
 465              		.loc 1 334 0
 466 01c2 1C4B     		ldr	r3, .L13+84
 467 01c4 D822     		movs	r2, #216
 468 01c6 D203     		lsls	r2, r2, #15
 469 01c8 1A60     		str	r2, [r3]
 335:Generated_Source\PSoC4/cyfitter_cfg.c **** 
 336:Generated_Source\PSoC4/cyfitter_cfg.c **** 	/* IOPINS0_4 Starting address: CYDEV_GPIO_PRT4_BASE */
 337:Generated_Source\PSoC4/cyfitter_cfg.c **** 	CY_SET_REG32((void *)(CYREG_GPIO_PRT4_PC), 0x00000003u);
 470              		.loc 1 337 0
 471 01ca 1B4B     		ldr	r3, .L13+88
 472 01cc 0322     		movs	r2, #3
 473 01ce 1A60     		str	r2, [r3]
 338:Generated_Source\PSoC4/cyfitter_cfg.c **** 
 339:Generated_Source\PSoC4/cyfitter_cfg.c **** 
 340:Generated_Source\PSoC4/cyfitter_cfg.c **** 	/* Setup clocks based on selections from Clock DWR */
 341:Generated_Source\PSoC4/cyfitter_cfg.c **** 	ClockSetup();
 474              		.loc 1 341 0
 475 01d0 FFF716FF 		bl	ClockSetup
 342:Generated_Source\PSoC4/cyfitter_cfg.c **** 
 343:Generated_Source\PSoC4/cyfitter_cfg.c **** 	/* Perform basic analog initialization to defaults */
 344:Generated_Source\PSoC4/cyfitter_cfg.c **** 	AnalogSetDefault();
 476              		.loc 1 344 0
 477 01d4 FFF7FEFF 		bl	AnalogSetDefault
 345:Generated_Source\PSoC4/cyfitter_cfg.c **** 
 346:Generated_Source\PSoC4/cyfitter_cfg.c **** }
 478              		.loc 1 346 0
 479 01d8 C046     		nop
 480 01da BD46     		mov	sp, r7
 481 01dc 02B0     		add	sp, sp, #8
 482              		@ sp needed
 483 01de 80BD     		pop	{r7, pc}
 484              	.L14:
 485              		.align	2
 486              	.L13:
 487 01e0 6CF02E40 		.word	1076818028
 488 01e4 00000000 		.word	cfg_memset_list.4893
 489 01e8 00000240 		.word	1073872896
 490 01ec 0000FFEE 		.word	-285278208
 491 01f0 00010240 		.word	1073873152
 492 01f4 00500F40 		.word	1074745344
 493 01f8 10500F40 		.word	1074745360
 494 01fc 20500F40 		.word	1074745376
 495 0200 30500F40 		.word	1074745392
 496 0204 00700F40 		.word	1074753536
 497 0208 00000440 		.word	1074003968
 498 020c 08000440 		.word	1074003976
 499 0210 00E0D800 		.word	14213120
 500 0214 18000440 		.word	1074003992
 501 0218 00010440 		.word	1074004224
 502 021c 08010440 		.word	1074004232
 503 0220 0060D800 		.word	14180352
 504 0224 18010440 		.word	1074004248
 505 0228 00020440 		.word	1074004480
 506 022c 08020440 		.word	1074004488
 507 0230 01490000 		.word	18689
ARM GAS  C:\Users\megan\AppData\Local\Temp\ccdn3dy9.s 			page 16


 508 0234 08030440 		.word	1074004744
 509 0238 08040440 		.word	1074005000
 510              		.cfi_endproc
 511              	.LFE7:
 512              		.size	cyfitter_cfg, .-cyfitter_cfg
 513              		.section	.rodata
 514              		.align	2
 515              		.type	cfg_memset_list.4893, %object
 516              		.size	cfg_memset_list.4893, 12
 517              	cfg_memset_list.4893:
 518 0000 00300F40 		.word	1074737152
 519 0004 0004     		.short	1024
 520 0006 00400F40 		.4byte	1074741248
 521 000a 0004     		.short	1024
 522              		.text
 523              	.Letext0:
 524              		.file 2 "c:\\program files (x86)\\cypress\\psoc creator\\4.1\\psoc creator\\import\\gnu\\arm\\5.4.
 525              		.file 3 "Generated_Source\\PSoC4\\cytypes.h"
 526              		.section	.debug_info,"",%progbits
 527              	.Ldebug_info0:
 528 0000 55020000 		.4byte	0x255
 529 0004 0400     		.2byte	0x4
 530 0006 00000000 		.4byte	.Ldebug_abbrev0
 531 000a 04       		.byte	0x4
 532 000b 01       		.uleb128 0x1
 533 000c FA000000 		.4byte	.LASF30
 534 0010 0C       		.byte	0xc
 535 0011 38020000 		.4byte	.LASF31
 536 0015 00000000 		.4byte	.LASF32
 537 0019 00000000 		.4byte	.Ldebug_ranges0+0
 538 001d 00000000 		.4byte	0
 539 0021 00000000 		.4byte	.Ldebug_line0
 540 0025 02       		.uleb128 0x2
 541 0026 04       		.byte	0x4
 542 0027 05       		.byte	0x5
 543 0028 696E7400 		.ascii	"int\000"
 544 002c 03       		.uleb128 0x3
 545 002d 7D000000 		.4byte	.LASF12
 546 0031 02       		.byte	0x2
 547 0032 D8       		.byte	0xd8
 548 0033 37000000 		.4byte	0x37
 549 0037 04       		.uleb128 0x4
 550 0038 04       		.byte	0x4
 551 0039 07       		.byte	0x7
 552 003a B8010000 		.4byte	.LASF0
 553 003e 04       		.uleb128 0x4
 554 003f 08       		.byte	0x8
 555 0040 05       		.byte	0x5
 556 0041 FA010000 		.4byte	.LASF1
 557 0045 04       		.uleb128 0x4
 558 0046 08       		.byte	0x8
 559 0047 04       		.byte	0x4
 560 0048 20020000 		.4byte	.LASF2
 561 004c 04       		.uleb128 0x4
 562 004d 01       		.byte	0x1
 563 004e 06       		.byte	0x6
 564 004f 2C020000 		.4byte	.LASF3
ARM GAS  C:\Users\megan\AppData\Local\Temp\ccdn3dy9.s 			page 17


 565 0053 04       		.uleb128 0x4
 566 0054 01       		.byte	0x1
 567 0055 08       		.byte	0x8
 568 0056 88010000 		.4byte	.LASF4
 569 005a 04       		.uleb128 0x4
 570 005b 02       		.byte	0x2
 571 005c 05       		.byte	0x5
 572 005d 0D020000 		.4byte	.LASF5
 573 0061 04       		.uleb128 0x4
 574 0062 02       		.byte	0x2
 575 0063 07       		.byte	0x7
 576 0064 B0000000 		.4byte	.LASF6
 577 0068 04       		.uleb128 0x4
 578 0069 04       		.byte	0x4
 579 006a 05       		.byte	0x5
 580 006b 17020000 		.4byte	.LASF7
 581 006f 04       		.uleb128 0x4
 582 0070 04       		.byte	0x4
 583 0071 07       		.byte	0x7
 584 0072 D8000000 		.4byte	.LASF8
 585 0076 04       		.uleb128 0x4
 586 0077 08       		.byte	0x8
 587 0078 07       		.byte	0x7
 588 0079 CD010000 		.4byte	.LASF9
 589 007d 04       		.uleb128 0x4
 590 007e 04       		.byte	0x4
 591 007f 07       		.byte	0x7
 592 0080 F1010000 		.4byte	.LASF10
 593 0084 05       		.uleb128 0x5
 594 0085 04       		.byte	0x4
 595 0086 04       		.uleb128 0x4
 596 0087 01       		.byte	0x1
 597 0088 08       		.byte	0x8
 598 0089 08020000 		.4byte	.LASF11
 599 008d 06       		.uleb128 0x6
 600 008e EA000000 		.4byte	.LASF13
 601 0092 03       		.byte	0x3
 602 0093 D201     		.2byte	0x1d2
 603 0095 53000000 		.4byte	0x53
 604 0099 06       		.uleb128 0x6
 605 009a AA010000 		.4byte	.LASF14
 606 009e 03       		.byte	0x3
 607 009f D301     		.2byte	0x1d3
 608 00a1 61000000 		.4byte	0x61
 609 00a5 06       		.uleb128 0x6
 610 00a6 B1010000 		.4byte	.LASF15
 611 00aa 03       		.byte	0x3
 612 00ab D401     		.2byte	0x1d4
 613 00ad 6F000000 		.4byte	0x6f
 614 00b1 04       		.uleb128 0x4
 615 00b2 04       		.byte	0x4
 616 00b3 04       		.byte	0x4
 617 00b4 C3000000 		.4byte	.LASF16
 618 00b8 04       		.uleb128 0x4
 619 00b9 08       		.byte	0x8
 620 00ba 04       		.byte	0x4
 621 00bb 96010000 		.4byte	.LASF17
ARM GAS  C:\Users\megan\AppData\Local\Temp\ccdn3dy9.s 			page 18


 622 00bf 06       		.uleb128 0x6
 623 00c0 D3000000 		.4byte	.LASF18
 624 00c4 03       		.byte	0x3
 625 00c5 7C02     		.2byte	0x27c
 626 00c7 CB000000 		.4byte	0xcb
 627 00cb 07       		.uleb128 0x7
 628 00cc 8D000000 		.4byte	0x8d
 629 00d0 06       		.uleb128 0x6
 630 00d1 77000000 		.4byte	.LASF19
 631 00d5 03       		.byte	0x3
 632 00d6 7E02     		.2byte	0x27e
 633 00d8 DC000000 		.4byte	0xdc
 634 00dc 07       		.uleb128 0x7
 635 00dd A5000000 		.4byte	0xa5
 636 00e1 08       		.uleb128 0x8
 637 00e2 F0000000 		.4byte	.LASF20
 638 00e6 01       		.byte	0x1
 639 00e7 4C       		.byte	0x4c
 640 00e8 00000000 		.4byte	.LFB2
 641 00ec 1E000000 		.4byte	.LFE2-.LFB2
 642 00f0 01       		.uleb128 0x1
 643 00f1 9C       		.byte	0x9c
 644 00f2 0F010000 		.4byte	0x10f
 645 00f6 09       		.uleb128 0x9
 646 00f7 7300     		.ascii	"s\000"
 647 00f9 01       		.byte	0x1
 648 00fa 4C       		.byte	0x4c
 649 00fb 84000000 		.4byte	0x84
 650 00ff 02       		.uleb128 0x2
 651 0100 91       		.byte	0x91
 652 0101 74       		.sleb128 -12
 653 0102 09       		.uleb128 0x9
 654 0103 6E00     		.ascii	"n\000"
 655 0105 01       		.byte	0x1
 656 0106 4C       		.byte	0x4c
 657 0107 2C000000 		.4byte	0x2c
 658 010b 02       		.uleb128 0x2
 659 010c 91       		.byte	0x91
 660 010d 70       		.sleb128 -16
 661 010e 00       		.byte	0
 662 010f 08       		.uleb128 0x8
 663 0110 6E020000 		.4byte	.LASF21
 664 0114 01       		.byte	0x1
 665 0115 53       		.byte	0x53
 666 0116 00000000 		.4byte	.LFB3
 667 011a 20000000 		.4byte	.LFE3-.LFB3
 668 011e 01       		.uleb128 0x1
 669 011f 9C       		.byte	0x9c
 670 0120 4D010000 		.4byte	0x14d
 671 0124 0A       		.uleb128 0xa
 672 0125 C9000000 		.4byte	.LASF22
 673 0129 01       		.byte	0x1
 674 012a 53       		.byte	0x53
 675 012b 84000000 		.4byte	0x84
 676 012f 02       		.uleb128 0x2
 677 0130 91       		.byte	0x91
 678 0131 74       		.sleb128 -12
ARM GAS  C:\Users\megan\AppData\Local\Temp\ccdn3dy9.s 			page 19


 679 0132 09       		.uleb128 0x9
 680 0133 73726300 		.ascii	"src\000"
 681 0137 01       		.byte	0x1
 682 0138 53       		.byte	0x53
 683 0139 4D010000 		.4byte	0x14d
 684 013d 02       		.uleb128 0x2
 685 013e 91       		.byte	0x91
 686 013f 70       		.sleb128 -16
 687 0140 09       		.uleb128 0x9
 688 0141 6E00     		.ascii	"n\000"
 689 0143 01       		.byte	0x1
 690 0144 53       		.byte	0x53
 691 0145 2C000000 		.4byte	0x2c
 692 0149 02       		.uleb128 0x2
 693 014a 91       		.byte	0x91
 694 014b 6C       		.sleb128 -20
 695 014c 00       		.byte	0
 696 014d 0B       		.uleb128 0xb
 697 014e 04       		.byte	0x4
 698 014f 53010000 		.4byte	0x153
 699 0153 0C       		.uleb128 0xc
 700 0154 08       		.uleb128 0x8
 701 0155 5E020000 		.4byte	.LASF23
 702 0159 01       		.byte	0x1
 703 015a 5A       		.byte	0x5a
 704 015b 00000000 		.4byte	.LFB4
 705 015f 20000000 		.4byte	.LFE4-.LFB4
 706 0163 01       		.uleb128 0x1
 707 0164 9C       		.byte	0x9c
 708 0165 92010000 		.4byte	0x192
 709 0169 0A       		.uleb128 0xa
 710 016a C9000000 		.4byte	.LASF22
 711 016e 01       		.byte	0x1
 712 016f 5A       		.byte	0x5a
 713 0170 84000000 		.4byte	0x84
 714 0174 02       		.uleb128 0x2
 715 0175 91       		.byte	0x91
 716 0176 74       		.sleb128 -12
 717 0177 09       		.uleb128 0x9
 718 0178 73726300 		.ascii	"src\000"
 719 017c 01       		.byte	0x1
 720 017d 5A       		.byte	0x5a
 721 017e 4D010000 		.4byte	0x14d
 722 0182 02       		.uleb128 0x2
 723 0183 91       		.byte	0x91
 724 0184 70       		.sleb128 -16
 725 0185 09       		.uleb128 0x9
 726 0186 6E00     		.ascii	"n\000"
 727 0188 01       		.byte	0x1
 728 0189 5A       		.byte	0x5a
 729 018a 2C000000 		.4byte	0x2c
 730 018e 02       		.uleb128 0x2
 731 018f 91       		.byte	0x91
 732 0190 6C       		.sleb128 -20
 733 0191 00       		.byte	0
 734 0192 0D       		.uleb128 0xd
 735 0193 A5000000 		.4byte	.LASF24
ARM GAS  C:\Users\megan\AppData\Local\Temp\ccdn3dy9.s 			page 20


 736 0197 01       		.byte	0x1
 737 0198 AD       		.byte	0xad
 738 0199 00000000 		.4byte	.LFB5
 739 019d F0000000 		.4byte	.LFE5-.LFB5
 740 01a1 01       		.uleb128 0x1
 741 01a2 9C       		.byte	0x9c
 742 01a3 0E       		.uleb128 0xe
 743 01a4 84000000 		.4byte	.LASF25
 744 01a8 01       		.byte	0x1
 745 01a9 F2       		.byte	0xf2
 746 01aa 00000000 		.4byte	.LFB6
 747 01ae 28000000 		.4byte	.LFE6-.LFB6
 748 01b2 01       		.uleb128 0x1
 749 01b3 9C       		.byte	0x9c
 750 01b4 0F       		.uleb128 0xf
 751 01b5 9D010000 		.4byte	.LASF33
 752 01b9 01       		.byte	0x1
 753 01ba 0D01     		.2byte	0x10d
 754 01bc F0000000 		.4byte	.LFB7
 755 01c0 4C010000 		.4byte	.LFE7-.LFB7
 756 01c4 01       		.uleb128 0x1
 757 01c5 9C       		.byte	0x9c
 758 01c6 10       		.uleb128 0x10
 759 01c7 FE000000 		.4byte	.LBB2
 760 01cb 94000000 		.4byte	.LBE2-.LBB2
 761 01cf 11       		.uleb128 0x11
 762 01d0 06       		.byte	0x6
 763 01d1 01       		.byte	0x1
 764 01d2 1601     		.2byte	0x116
 765 01d4 F3010000 		.4byte	0x1f3
 766 01d8 12       		.uleb128 0x12
 767 01d9 C5010000 		.4byte	.LASF26
 768 01dd 01       		.byte	0x1
 769 01de 1701     		.2byte	0x117
 770 01e0 84000000 		.4byte	0x84
 771 01e4 00       		.byte	0
 772 01e5 12       		.uleb128 0x12
 773 01e6 CE000000 		.4byte	.LASF27
 774 01ea 01       		.byte	0x1
 775 01eb 1801     		.2byte	0x118
 776 01ed 99000000 		.4byte	0x99
 777 01f1 04       		.byte	0x4
 778 01f2 00       		.byte	0
 779 01f3 06       		.uleb128 0x6
 780 01f4 E4010000 		.4byte	.LASF28
 781 01f8 01       		.byte	0x1
 782 01f9 1901     		.2byte	0x119
 783 01fb CF010000 		.4byte	0x1cf
 784 01ff 13       		.uleb128 0x13
 785 0200 0F020000 		.4byte	0x20f
 786 0204 0F020000 		.4byte	0x20f
 787 0208 14       		.uleb128 0x14
 788 0209 7D000000 		.4byte	0x7d
 789 020d 01       		.byte	0x1
 790 020e 00       		.byte	0
 791 020f 15       		.uleb128 0x15
 792 0210 F3010000 		.4byte	0x1f3
ARM GAS  C:\Users\megan\AppData\Local\Temp\ccdn3dy9.s 			page 21


 793 0214 16       		.uleb128 0x16
 794 0215 95000000 		.4byte	.LASF29
 795 0219 01       		.byte	0x1
 796 021a 1B01     		.2byte	0x11b
 797 021c 26020000 		.4byte	0x226
 798 0220 05       		.uleb128 0x5
 799 0221 03       		.byte	0x3
 800 0222 00000000 		.4byte	cfg_memset_list.4893
 801 0226 15       		.uleb128 0x15
 802 0227 FF010000 		.4byte	0x1ff
 803 022b 17       		.uleb128 0x17
 804 022c 6900     		.ascii	"i\000"
 805 022e 01       		.byte	0x1
 806 022f 2101     		.2byte	0x121
 807 0231 8D000000 		.4byte	0x8d
 808 0235 02       		.uleb128 0x2
 809 0236 91       		.byte	0x91
 810 0237 77       		.sleb128 -9
 811 0238 10       		.uleb128 0x10
 812 0239 06010000 		.4byte	.LBB3
 813 023d 3C000000 		.4byte	.LBE3-.LBB3
 814 0241 17       		.uleb128 0x17
 815 0242 6D7300   		.ascii	"ms\000"
 816 0245 01       		.byte	0x1
 817 0246 2601     		.2byte	0x126
 818 0248 4F020000 		.4byte	0x24f
 819 024c 02       		.uleb128 0x2
 820 024d 91       		.byte	0x91
 821 024e 70       		.sleb128 -16
 822 024f 0B       		.uleb128 0xb
 823 0250 04       		.byte	0x4
 824 0251 0F020000 		.4byte	0x20f
 825 0255 00       		.byte	0
 826 0256 00       		.byte	0
 827 0257 00       		.byte	0
 828 0258 00       		.byte	0
 829              		.section	.debug_abbrev,"",%progbits
 830              	.Ldebug_abbrev0:
 831 0000 01       		.uleb128 0x1
 832 0001 11       		.uleb128 0x11
 833 0002 01       		.byte	0x1
 834 0003 25       		.uleb128 0x25
 835 0004 0E       		.uleb128 0xe
 836 0005 13       		.uleb128 0x13
 837 0006 0B       		.uleb128 0xb
 838 0007 03       		.uleb128 0x3
 839 0008 0E       		.uleb128 0xe
 840 0009 1B       		.uleb128 0x1b
 841 000a 0E       		.uleb128 0xe
 842 000b 55       		.uleb128 0x55
 843 000c 17       		.uleb128 0x17
 844 000d 11       		.uleb128 0x11
 845 000e 01       		.uleb128 0x1
 846 000f 10       		.uleb128 0x10
 847 0010 17       		.uleb128 0x17
 848 0011 00       		.byte	0
 849 0012 00       		.byte	0
ARM GAS  C:\Users\megan\AppData\Local\Temp\ccdn3dy9.s 			page 22


 850 0013 02       		.uleb128 0x2
 851 0014 24       		.uleb128 0x24
 852 0015 00       		.byte	0
 853 0016 0B       		.uleb128 0xb
 854 0017 0B       		.uleb128 0xb
 855 0018 3E       		.uleb128 0x3e
 856 0019 0B       		.uleb128 0xb
 857 001a 03       		.uleb128 0x3
 858 001b 08       		.uleb128 0x8
 859 001c 00       		.byte	0
 860 001d 00       		.byte	0
 861 001e 03       		.uleb128 0x3
 862 001f 16       		.uleb128 0x16
 863 0020 00       		.byte	0
 864 0021 03       		.uleb128 0x3
 865 0022 0E       		.uleb128 0xe
 866 0023 3A       		.uleb128 0x3a
 867 0024 0B       		.uleb128 0xb
 868 0025 3B       		.uleb128 0x3b
 869 0026 0B       		.uleb128 0xb
 870 0027 49       		.uleb128 0x49
 871 0028 13       		.uleb128 0x13
 872 0029 00       		.byte	0
 873 002a 00       		.byte	0
 874 002b 04       		.uleb128 0x4
 875 002c 24       		.uleb128 0x24
 876 002d 00       		.byte	0
 877 002e 0B       		.uleb128 0xb
 878 002f 0B       		.uleb128 0xb
 879 0030 3E       		.uleb128 0x3e
 880 0031 0B       		.uleb128 0xb
 881 0032 03       		.uleb128 0x3
 882 0033 0E       		.uleb128 0xe
 883 0034 00       		.byte	0
 884 0035 00       		.byte	0
 885 0036 05       		.uleb128 0x5
 886 0037 0F       		.uleb128 0xf
 887 0038 00       		.byte	0
 888 0039 0B       		.uleb128 0xb
 889 003a 0B       		.uleb128 0xb
 890 003b 00       		.byte	0
 891 003c 00       		.byte	0
 892 003d 06       		.uleb128 0x6
 893 003e 16       		.uleb128 0x16
 894 003f 00       		.byte	0
 895 0040 03       		.uleb128 0x3
 896 0041 0E       		.uleb128 0xe
 897 0042 3A       		.uleb128 0x3a
 898 0043 0B       		.uleb128 0xb
 899 0044 3B       		.uleb128 0x3b
 900 0045 05       		.uleb128 0x5
 901 0046 49       		.uleb128 0x49
 902 0047 13       		.uleb128 0x13
 903 0048 00       		.byte	0
 904 0049 00       		.byte	0
 905 004a 07       		.uleb128 0x7
 906 004b 35       		.uleb128 0x35
ARM GAS  C:\Users\megan\AppData\Local\Temp\ccdn3dy9.s 			page 23


 907 004c 00       		.byte	0
 908 004d 49       		.uleb128 0x49
 909 004e 13       		.uleb128 0x13
 910 004f 00       		.byte	0
 911 0050 00       		.byte	0
 912 0051 08       		.uleb128 0x8
 913 0052 2E       		.uleb128 0x2e
 914 0053 01       		.byte	0x1
 915 0054 03       		.uleb128 0x3
 916 0055 0E       		.uleb128 0xe
 917 0056 3A       		.uleb128 0x3a
 918 0057 0B       		.uleb128 0xb
 919 0058 3B       		.uleb128 0x3b
 920 0059 0B       		.uleb128 0xb
 921 005a 27       		.uleb128 0x27
 922 005b 19       		.uleb128 0x19
 923 005c 11       		.uleb128 0x11
 924 005d 01       		.uleb128 0x1
 925 005e 12       		.uleb128 0x12
 926 005f 06       		.uleb128 0x6
 927 0060 40       		.uleb128 0x40
 928 0061 18       		.uleb128 0x18
 929 0062 9642     		.uleb128 0x2116
 930 0064 19       		.uleb128 0x19
 931 0065 01       		.uleb128 0x1
 932 0066 13       		.uleb128 0x13
 933 0067 00       		.byte	0
 934 0068 00       		.byte	0
 935 0069 09       		.uleb128 0x9
 936 006a 05       		.uleb128 0x5
 937 006b 00       		.byte	0
 938 006c 03       		.uleb128 0x3
 939 006d 08       		.uleb128 0x8
 940 006e 3A       		.uleb128 0x3a
 941 006f 0B       		.uleb128 0xb
 942 0070 3B       		.uleb128 0x3b
 943 0071 0B       		.uleb128 0xb
 944 0072 49       		.uleb128 0x49
 945 0073 13       		.uleb128 0x13
 946 0074 02       		.uleb128 0x2
 947 0075 18       		.uleb128 0x18
 948 0076 00       		.byte	0
 949 0077 00       		.byte	0
 950 0078 0A       		.uleb128 0xa
 951 0079 05       		.uleb128 0x5
 952 007a 00       		.byte	0
 953 007b 03       		.uleb128 0x3
 954 007c 0E       		.uleb128 0xe
 955 007d 3A       		.uleb128 0x3a
 956 007e 0B       		.uleb128 0xb
 957 007f 3B       		.uleb128 0x3b
 958 0080 0B       		.uleb128 0xb
 959 0081 49       		.uleb128 0x49
 960 0082 13       		.uleb128 0x13
 961 0083 02       		.uleb128 0x2
 962 0084 18       		.uleb128 0x18
 963 0085 00       		.byte	0
ARM GAS  C:\Users\megan\AppData\Local\Temp\ccdn3dy9.s 			page 24


 964 0086 00       		.byte	0
 965 0087 0B       		.uleb128 0xb
 966 0088 0F       		.uleb128 0xf
 967 0089 00       		.byte	0
 968 008a 0B       		.uleb128 0xb
 969 008b 0B       		.uleb128 0xb
 970 008c 49       		.uleb128 0x49
 971 008d 13       		.uleb128 0x13
 972 008e 00       		.byte	0
 973 008f 00       		.byte	0
 974 0090 0C       		.uleb128 0xc
 975 0091 26       		.uleb128 0x26
 976 0092 00       		.byte	0
 977 0093 00       		.byte	0
 978 0094 00       		.byte	0
 979 0095 0D       		.uleb128 0xd
 980 0096 2E       		.uleb128 0x2e
 981 0097 00       		.byte	0
 982 0098 03       		.uleb128 0x3
 983 0099 0E       		.uleb128 0xe
 984 009a 3A       		.uleb128 0x3a
 985 009b 0B       		.uleb128 0xb
 986 009c 3B       		.uleb128 0x3b
 987 009d 0B       		.uleb128 0xb
 988 009e 27       		.uleb128 0x27
 989 009f 19       		.uleb128 0x19
 990 00a0 11       		.uleb128 0x11
 991 00a1 01       		.uleb128 0x1
 992 00a2 12       		.uleb128 0x12
 993 00a3 06       		.uleb128 0x6
 994 00a4 40       		.uleb128 0x40
 995 00a5 18       		.uleb128 0x18
 996 00a6 9642     		.uleb128 0x2116
 997 00a8 19       		.uleb128 0x19
 998 00a9 00       		.byte	0
 999 00aa 00       		.byte	0
 1000 00ab 0E       		.uleb128 0xe
 1001 00ac 2E       		.uleb128 0x2e
 1002 00ad 00       		.byte	0
 1003 00ae 03       		.uleb128 0x3
 1004 00af 0E       		.uleb128 0xe
 1005 00b0 3A       		.uleb128 0x3a
 1006 00b1 0B       		.uleb128 0xb
 1007 00b2 3B       		.uleb128 0x3b
 1008 00b3 0B       		.uleb128 0xb
 1009 00b4 27       		.uleb128 0x27
 1010 00b5 19       		.uleb128 0x19
 1011 00b6 11       		.uleb128 0x11
 1012 00b7 01       		.uleb128 0x1
 1013 00b8 12       		.uleb128 0x12
 1014 00b9 06       		.uleb128 0x6
 1015 00ba 40       		.uleb128 0x40
 1016 00bb 18       		.uleb128 0x18
 1017 00bc 9742     		.uleb128 0x2117
 1018 00be 19       		.uleb128 0x19
 1019 00bf 00       		.byte	0
 1020 00c0 00       		.byte	0
ARM GAS  C:\Users\megan\AppData\Local\Temp\ccdn3dy9.s 			page 25


 1021 00c1 0F       		.uleb128 0xf
 1022 00c2 2E       		.uleb128 0x2e
 1023 00c3 01       		.byte	0x1
 1024 00c4 3F       		.uleb128 0x3f
 1025 00c5 19       		.uleb128 0x19
 1026 00c6 03       		.uleb128 0x3
 1027 00c7 0E       		.uleb128 0xe
 1028 00c8 3A       		.uleb128 0x3a
 1029 00c9 0B       		.uleb128 0xb
 1030 00ca 3B       		.uleb128 0x3b
 1031 00cb 05       		.uleb128 0x5
 1032 00cc 27       		.uleb128 0x27
 1033 00cd 19       		.uleb128 0x19
 1034 00ce 11       		.uleb128 0x11
 1035 00cf 01       		.uleb128 0x1
 1036 00d0 12       		.uleb128 0x12
 1037 00d1 06       		.uleb128 0x6
 1038 00d2 40       		.uleb128 0x40
 1039 00d3 18       		.uleb128 0x18
 1040 00d4 9642     		.uleb128 0x2116
 1041 00d6 19       		.uleb128 0x19
 1042 00d7 00       		.byte	0
 1043 00d8 00       		.byte	0
 1044 00d9 10       		.uleb128 0x10
 1045 00da 0B       		.uleb128 0xb
 1046 00db 01       		.byte	0x1
 1047 00dc 11       		.uleb128 0x11
 1048 00dd 01       		.uleb128 0x1
 1049 00de 12       		.uleb128 0x12
 1050 00df 06       		.uleb128 0x6
 1051 00e0 00       		.byte	0
 1052 00e1 00       		.byte	0
 1053 00e2 11       		.uleb128 0x11
 1054 00e3 13       		.uleb128 0x13
 1055 00e4 01       		.byte	0x1
 1056 00e5 0B       		.uleb128 0xb
 1057 00e6 0B       		.uleb128 0xb
 1058 00e7 3A       		.uleb128 0x3a
 1059 00e8 0B       		.uleb128 0xb
 1060 00e9 3B       		.uleb128 0x3b
 1061 00ea 05       		.uleb128 0x5
 1062 00eb 01       		.uleb128 0x1
 1063 00ec 13       		.uleb128 0x13
 1064 00ed 00       		.byte	0
 1065 00ee 00       		.byte	0
 1066 00ef 12       		.uleb128 0x12
 1067 00f0 0D       		.uleb128 0xd
 1068 00f1 00       		.byte	0
 1069 00f2 03       		.uleb128 0x3
 1070 00f3 0E       		.uleb128 0xe
 1071 00f4 3A       		.uleb128 0x3a
 1072 00f5 0B       		.uleb128 0xb
 1073 00f6 3B       		.uleb128 0x3b
 1074 00f7 05       		.uleb128 0x5
 1075 00f8 49       		.uleb128 0x49
 1076 00f9 13       		.uleb128 0x13
 1077 00fa 38       		.uleb128 0x38
ARM GAS  C:\Users\megan\AppData\Local\Temp\ccdn3dy9.s 			page 26


 1078 00fb 0B       		.uleb128 0xb
 1079 00fc 00       		.byte	0
 1080 00fd 00       		.byte	0
 1081 00fe 13       		.uleb128 0x13
 1082 00ff 01       		.uleb128 0x1
 1083 0100 01       		.byte	0x1
 1084 0101 49       		.uleb128 0x49
 1085 0102 13       		.uleb128 0x13
 1086 0103 01       		.uleb128 0x1
 1087 0104 13       		.uleb128 0x13
 1088 0105 00       		.byte	0
 1089 0106 00       		.byte	0
 1090 0107 14       		.uleb128 0x14
 1091 0108 21       		.uleb128 0x21
 1092 0109 00       		.byte	0
 1093 010a 49       		.uleb128 0x49
 1094 010b 13       		.uleb128 0x13
 1095 010c 2F       		.uleb128 0x2f
 1096 010d 0B       		.uleb128 0xb
 1097 010e 00       		.byte	0
 1098 010f 00       		.byte	0
 1099 0110 15       		.uleb128 0x15
 1100 0111 26       		.uleb128 0x26
 1101 0112 00       		.byte	0
 1102 0113 49       		.uleb128 0x49
 1103 0114 13       		.uleb128 0x13
 1104 0115 00       		.byte	0
 1105 0116 00       		.byte	0
 1106 0117 16       		.uleb128 0x16
 1107 0118 34       		.uleb128 0x34
 1108 0119 00       		.byte	0
 1109 011a 03       		.uleb128 0x3
 1110 011b 0E       		.uleb128 0xe
 1111 011c 3A       		.uleb128 0x3a
 1112 011d 0B       		.uleb128 0xb
 1113 011e 3B       		.uleb128 0x3b
 1114 011f 05       		.uleb128 0x5
 1115 0120 49       		.uleb128 0x49
 1116 0121 13       		.uleb128 0x13
 1117 0122 02       		.uleb128 0x2
 1118 0123 18       		.uleb128 0x18
 1119 0124 00       		.byte	0
 1120 0125 00       		.byte	0
 1121 0126 17       		.uleb128 0x17
 1122 0127 34       		.uleb128 0x34
 1123 0128 00       		.byte	0
 1124 0129 03       		.uleb128 0x3
 1125 012a 08       		.uleb128 0x8
 1126 012b 3A       		.uleb128 0x3a
 1127 012c 0B       		.uleb128 0xb
 1128 012d 3B       		.uleb128 0x3b
 1129 012e 05       		.uleb128 0x5
 1130 012f 49       		.uleb128 0x49
 1131 0130 13       		.uleb128 0x13
 1132 0131 02       		.uleb128 0x2
 1133 0132 18       		.uleb128 0x18
 1134 0133 00       		.byte	0
ARM GAS  C:\Users\megan\AppData\Local\Temp\ccdn3dy9.s 			page 27


 1135 0134 00       		.byte	0
 1136 0135 00       		.byte	0
 1137              		.section	.debug_aranges,"",%progbits
 1138 0000 44000000 		.4byte	0x44
 1139 0004 0200     		.2byte	0x2
 1140 0006 00000000 		.4byte	.Ldebug_info0
 1141 000a 04       		.byte	0x4
 1142 000b 00       		.byte	0
 1143 000c 0000     		.2byte	0
 1144 000e 0000     		.2byte	0
 1145 0010 00000000 		.4byte	.LFB2
 1146 0014 1E000000 		.4byte	.LFE2-.LFB2
 1147 0018 00000000 		.4byte	.LFB3
 1148 001c 20000000 		.4byte	.LFE3-.LFB3
 1149 0020 00000000 		.4byte	.LFB4
 1150 0024 20000000 		.4byte	.LFE4-.LFB4
 1151 0028 00000000 		.4byte	.LFB5
 1152 002c F0000000 		.4byte	.LFE5-.LFB5
 1153 0030 00000000 		.4byte	.LFB6
 1154 0034 28000000 		.4byte	.LFE6-.LFB6
 1155 0038 F0000000 		.4byte	.LFB7
 1156 003c 4C010000 		.4byte	.LFE7-.LFB7
 1157 0040 00000000 		.4byte	0
 1158 0044 00000000 		.4byte	0
 1159              		.section	.debug_ranges,"",%progbits
 1160              	.Ldebug_ranges0:
 1161 0000 00000000 		.4byte	.LFB2
 1162 0004 1E000000 		.4byte	.LFE2
 1163 0008 00000000 		.4byte	.LFB3
 1164 000c 20000000 		.4byte	.LFE3
 1165 0010 00000000 		.4byte	.LFB4
 1166 0014 20000000 		.4byte	.LFE4
 1167 0018 00000000 		.4byte	.LFB5
 1168 001c F0000000 		.4byte	.LFE5
 1169 0020 00000000 		.4byte	.LFB6
 1170 0024 28000000 		.4byte	.LFE6
 1171 0028 F0000000 		.4byte	.LFB7
 1172 002c 3C020000 		.4byte	.LFE7
 1173 0030 00000000 		.4byte	0
 1174 0034 00000000 		.4byte	0
 1175              		.section	.debug_line,"",%progbits
 1176              	.Ldebug_line0:
 1177 0000 76010000 		.section	.debug_str,"MS",%progbits,1
 1177      0200CB00 
 1177      00000201 
 1177      FB0E0D00 
 1177      01010101 
 1178              	.LASF32:
 1179 0000 433A5C55 		.ascii	"C:\\Users\\megan\\Google Drive\\College\\S11 - Spri"
 1179      73657273 
 1179      5C6D6567 
 1179      616E5C47 
 1179      6F6F676C 
 1180 002e 6E672032 		.ascii	"ng 2018\\ECEN 4990\\Github\\ECEN4990-CapstoneII\\Ca"
 1180      3031385C 
 1180      4543454E 
 1180      20343939 
ARM GAS  C:\Users\megan\AppData\Local\Temp\ccdn3dy9.s 			page 28


 1180      305C4769 
 1181 005d 7073746F 		.ascii	"pstoneII\\CentralBLE.cydsn\000"
 1181      6E654949 
 1181      5C43656E 
 1181      7472616C 
 1181      424C452E 
 1182              	.LASF19:
 1183 0077 72656733 		.ascii	"reg32\000"
 1183      3200
 1184              	.LASF12:
 1185 007d 73697A65 		.ascii	"size_t\000"
 1185      5F7400
 1186              	.LASF25:
 1187 0084 416E616C 		.ascii	"AnalogSetDefault\000"
 1187      6F675365 
 1187      74446566 
 1187      61756C74 
 1187      00
 1188              	.LASF29:
 1189 0095 6366675F 		.ascii	"cfg_memset_list\000"
 1189      6D656D73 
 1189      65745F6C 
 1189      69737400 
 1190              	.LASF24:
 1191 00a5 436C6F63 		.ascii	"ClockSetup\000"
 1191      6B536574 
 1191      757000
 1192              	.LASF6:
 1193 00b0 73686F72 		.ascii	"short unsigned int\000"
 1193      7420756E 
 1193      7369676E 
 1193      65642069 
 1193      6E7400
 1194              	.LASF16:
 1195 00c3 666C6F61 		.ascii	"float\000"
 1195      7400
 1196              	.LASF22:
 1197 00c9 64657374 		.ascii	"dest\000"
 1197      00
 1198              	.LASF27:
 1199 00ce 73697A65 		.ascii	"size\000"
 1199      00
 1200              	.LASF18:
 1201 00d3 72656738 		.ascii	"reg8\000"
 1201      00
 1202              	.LASF8:
 1203 00d8 6C6F6E67 		.ascii	"long unsigned int\000"
 1203      20756E73 
 1203      69676E65 
 1203      6420696E 
 1203      7400
 1204              	.LASF13:
 1205 00ea 75696E74 		.ascii	"uint8\000"
 1205      3800
 1206              	.LASF20:
 1207 00f0 43594D45 		.ascii	"CYMEMZERO\000"
 1207      4D5A4552 
ARM GAS  C:\Users\megan\AppData\Local\Temp\ccdn3dy9.s 			page 29


 1207      4F00
 1208              	.LASF30:
 1209 00fa 474E5520 		.ascii	"GNU C11 5.4.1 20160609 (release) [ARM/embedded-5-br"
 1209      43313120 
 1209      352E342E 
 1209      31203230 
 1209      31363036 
 1210 012d 616E6368 		.ascii	"anch revision 237715] -mcpu=cortex-m0 -mthumb -g -O"
 1210      20726576 
 1210      6973696F 
 1210      6E203233 
 1210      37373135 
 1211 0160 30202D66 		.ascii	"0 -ffunction-sections -ffat-lto-objects\000"
 1211      66756E63 
 1211      74696F6E 
 1211      2D736563 
 1211      74696F6E 
 1212              	.LASF4:
 1213 0188 756E7369 		.ascii	"unsigned char\000"
 1213      676E6564 
 1213      20636861 
 1213      7200
 1214              	.LASF17:
 1215 0196 646F7562 		.ascii	"double\000"
 1215      6C6500
 1216              	.LASF33:
 1217 019d 63796669 		.ascii	"cyfitter_cfg\000"
 1217      74746572 
 1217      5F636667 
 1217      00
 1218              	.LASF14:
 1219 01aa 75696E74 		.ascii	"uint16\000"
 1219      313600
 1220              	.LASF15:
 1221 01b1 75696E74 		.ascii	"uint32\000"
 1221      333200
 1222              	.LASF0:
 1223 01b8 756E7369 		.ascii	"unsigned int\000"
 1223      676E6564 
 1223      20696E74 
 1223      00
 1224              	.LASF26:
 1225 01c5 61646472 		.ascii	"address\000"
 1225      65737300 
 1226              	.LASF9:
 1227 01cd 6C6F6E67 		.ascii	"long long unsigned int\000"
 1227      206C6F6E 
 1227      6720756E 
 1227      7369676E 
 1227      65642069 
 1228              	.LASF28:
 1229 01e4 6366675F 		.ascii	"cfg_memset_t\000"
 1229      6D656D73 
 1229      65745F74 
 1229      00
 1230              	.LASF10:
 1231 01f1 73697A65 		.ascii	"sizetype\000"
ARM GAS  C:\Users\megan\AppData\Local\Temp\ccdn3dy9.s 			page 30


 1231      74797065 
 1231      00
 1232              	.LASF1:
 1233 01fa 6C6F6E67 		.ascii	"long long int\000"
 1233      206C6F6E 
 1233      6720696E 
 1233      7400
 1234              	.LASF11:
 1235 0208 63686172 		.ascii	"char\000"
 1235      00
 1236              	.LASF5:
 1237 020d 73686F72 		.ascii	"short int\000"
 1237      7420696E 
 1237      7400
 1238              	.LASF7:
 1239 0217 6C6F6E67 		.ascii	"long int\000"
 1239      20696E74 
 1239      00
 1240              	.LASF2:
 1241 0220 6C6F6E67 		.ascii	"long double\000"
 1241      20646F75 
 1241      626C6500 
 1242              	.LASF3:
 1243 022c 7369676E 		.ascii	"signed char\000"
 1243      65642063 
 1243      68617200 
 1244              	.LASF31:
 1245 0238 47656E65 		.ascii	"Generated_Source\\PSoC4\\cyfitter_cfg.c\000"
 1245      72617465 
 1245      645F536F 
 1245      75726365 
 1245      5C50536F 
 1246              	.LASF23:
 1247 025e 4359434F 		.ascii	"CYCONFIGCPYCODE\000"
 1247      4E464947 
 1247      43505943 
 1247      4F444500 
 1248              	.LASF21:
 1249 026e 4359434F 		.ascii	"CYCONFIGCPY\000"
 1249      4E464947 
 1249      43505900 
 1250              		.ident	"GCC: (GNU Tools for ARM Embedded Processors) 5.4.1 20160609 (release) [ARM/embedded-5-bran
