ARM GAS  C:\Users\megan\AppData\Local\Temp\ccoxKlKZ.s 			page 1


   1              		.syntax unified
   2              		.cpu cortex-m0
   3              		.fpu softvfp
   4              		.eabi_attribute 20, 1
   5              		.eabi_attribute 21, 1
   6              		.eabi_attribute 23, 3
   7              		.eabi_attribute 24, 1
   8              		.eabi_attribute 25, 1
   9              		.eabi_attribute 26, 1
  10              		.eabi_attribute 30, 6
  11              		.eabi_attribute 34, 0
  12              		.eabi_attribute 18, 4
  13              		.thumb
  14              		.syntax unified
  15              		.file	"main.c"
  16              		.text
  17              	.Ltext0:
  18              		.cfi_sections	.debug_frame
  19              		.comm	peerAddr,1785,4
  20              		.global	DevicesNearBy
  21              		.bss
  22              		.type	DevicesNearBy, %object
  23              		.size	DevicesNearBy, 1
  24              	DevicesNearBy:
  25 0000 00       		.space	1
  26              		.section	.text.main,"ax",%progbits
  27              		.align	2
  28              		.global	main
  29              		.code	16
  30              		.thumb_func
  31              		.type	main, %function
  32              	main:
  33              	.LFB36:
  34              		.file 1 "main.c"
   1:main.c        **** /* ========================================
   2:main.c        ****  *
   3:main.c        ****  * Copyright YOUR COMPANY, THE YEAR
   4:main.c        ****  * All Rights Reserved
   5:main.c        ****  * UNPUBLISHED, LICENSED SOFTWARE.
   6:main.c        ****  *
   7:main.c        ****  * CONFIDENTIAL AND PROPRIETARY INFORMATION
   8:main.c        ****  * WHICH IS THE PROPERTY OF your company.
   9:main.c        ****  *
  10:main.c        ****  * ========================================
  11:main.c        **** */
  12:main.c        **** #include <project.h>
  13:main.c        **** #include <stdio.h>
  14:main.c        **** 
  15:main.c        **** void StackEventHandler( uint32 eventCode, void *eventParam );
  16:main.c        **** void BLE_Connect();
  17:main.c        **** 
  18:main.c        **** /* define the test register to switch the PA/LNA hardware control pins */
  19:main.c        **** #define CYREG_SRSS_TST_DDFT_CTRL 0x40030008
  20:main.c        **** 
  21:main.c        **** /* Global Variables */
  22:main.c        **** #define CYBLE_MAX_ADV_DEVICES 255
  23:main.c        **** 
ARM GAS  C:\Users\megan\AppData\Local\Temp\ccoxKlKZ.s 			page 2


  24:main.c        **** CYBLE_GAP_BD_ADDR_T peerAddr[CYBLE_MAX_ADV_DEVICES];
  25:main.c        **** uint8 DevicesNearBy = 0;
  26:main.c        **** 
  27:main.c        **** int main()
  28:main.c        **** {
  35              		.loc 1 28 0
  36              		.cfi_startproc
  37              		@ args = 0, pretend = 0, frame = 0
  38              		@ frame_needed = 1, uses_anonymous_args = 0
  39 0000 80B5     		push	{r7, lr}
  40              		.cfi_def_cfa_offset 8
  41              		.cfi_offset 7, -8
  42              		.cfi_offset 14, -4
  43 0002 00AF     		add	r7, sp, #0
  44              		.cfi_def_cfa_register 7
  29:main.c        ****      CyGlobalIntEnable;   /* Enable global interrupts */
  45              		.loc 1 29 0
  46              		.syntax divided
  47              	@ 29 "main.c" 1
  48 0004 62B6     		CPSIE   i
  49              	@ 0 "" 2
  30:main.c        ****     
  31:main.c        ****     /* Place your initialization/startup code here (e.g. MyInst_Start()) */
  32:main.c        **** 
  33:main.c        ****     CyBle_Start( StackEventHandler );
  50              		.loc 1 33 0
  51              		.thumb
  52              		.syntax unified
  53 0006 044B     		ldr	r3, .L3
  54 0008 1800     		movs	r0, r3
  55 000a FFF7FEFF 		bl	CyBle_Start
  34:main.c        ****     
  35:main.c        ****     BLE_Connect();
  56              		.loc 1 35 0
  57 000e FFF7FEFF 		bl	BLE_Connect
  58              	.L2:
  36:main.c        ****     
  37:main.c        ****     for(;;)
  38:main.c        ****     {
  39:main.c        ****         /* Place your application code here */
  40:main.c        ****         CyBle_ProcessEvents();
  59              		.loc 1 40 0 discriminator 1
  60 0012 FFF7FEFF 		bl	CyBle_ProcessEvents
  41:main.c        ****     }
  61              		.loc 1 41 0 discriminator 1
  62 0016 FCE7     		b	.L2
  63              	.L4:
  64              		.align	2
  65              	.L3:
  66 0018 00000000 		.word	StackEventHandler
  67              		.cfi_endproc
  68              	.LFE36:
  69              		.size	main, .-main
  70              		.section	.text.StackEventHandler,"ax",%progbits
  71              		.align	2
  72              		.global	StackEventHandler
  73              		.code	16
ARM GAS  C:\Users\megan\AppData\Local\Temp\ccoxKlKZ.s 			page 3


  74              		.thumb_func
  75              		.type	StackEventHandler, %function
  76              	StackEventHandler:
  77              	.LFB37:
  42:main.c        **** }
  43:main.c        **** 
  44:main.c        **** 
  45:main.c        **** void StackEventHandler( uint32 eventCode, void *eventParam )
  46:main.c        **** {
  78              		.loc 1 46 0
  79              		.cfi_startproc
  80              		@ args = 0, pretend = 0, frame = 32
  81              		@ frame_needed = 1, uses_anonymous_args = 0
  82 0000 90B5     		push	{r4, r7, lr}
  83              		.cfi_def_cfa_offset 12
  84              		.cfi_offset 4, -12
  85              		.cfi_offset 7, -8
  86              		.cfi_offset 14, -4
  87 0002 89B0     		sub	sp, sp, #36
  88              		.cfi_def_cfa_offset 48
  89 0004 00AF     		add	r7, sp, #0
  90              		.cfi_def_cfa_register 7
  91 0006 7860     		str	r0, [r7, #4]
  92 0008 3960     		str	r1, [r7]
  47:main.c        ****     CYBLE_GAPC_ADV_REPORT_T advReport;
  48:main.c        ****     uint8 i;
  49:main.c        ****     
  50:main.c        ****     switch( eventCode )
  93              		.loc 1 50 0
  94 000a 7B68     		ldr	r3, [r7, #4]
  95 000c 012B     		cmp	r3, #1
  96 000e 02D0     		beq	.L7
  97 0010 202B     		cmp	r3, #32
  98 0012 07D0     		beq	.L8
  51:main.c        ****     {
  52:main.c        ****         /* Generic events */
  53:main.c        **** 
  54:main.c        ****         case CYBLE_EVT_STACK_ON:
  55:main.c        ****             /* Configure the Link Layer to automatically switch PA
  56:main.c        ****              * control pin P3[2] and LNA control pin P3[3] */
  57:main.c        ****             CY_SET_XTND_REG32((void CYFAR *)(CYREG_BLE_BLESS_RF_CONFIG), 0x0331);
  58:main.c        ****             CY_SET_XTND_REG32((void CYFAR *)(CYREG_SRSS_TST_DDFT_CTRL), 0x80000302);
  59:main.c        ****             /* CyBle_GappStartAdvertisement( CYBLE_ADVERTISING_FAST ); */
  60:main.c        ****         break;
  61:main.c        ****             
  62:main.c        ****         /* Add additional events as required */
  63:main.c        ****         case CYBLE_EVT_GAPC_SCAN_PROGRESS_RESULT:
  64:main.c        ****             
  65:main.c        ****             /*copy the advertising packet recieved to advReport*/
  66:main.c        ****             advReport=*(CYBLE_GAPC_ADV_REPORT_T *)eventParam;
  67:main.c        ****             
  68:main.c        ****             if((DevicesNearBy <= CYBLE_MAX_ADV_DEVICES) && (advReport.eventType!=CYBLE_GAPC_SCAN_RS
  69:main.c        ****             {
  70:main.c        ****                 for(i = 0u; i < CYBLE_GAP_BD_ADDR_SIZE; i++)
  71:main.c        ****                 {
  72:main.c        ****                     peerAddr[DevicesNearBy].bdAddr[i] = advReport.peerBdAddr[i];
  73:main.c        ****                 }                    
ARM GAS  C:\Users\megan\AppData\Local\Temp\ccoxKlKZ.s 			page 4


  74:main.c        ****                 
  75:main.c        ****                 /* Increase the number of peer devices when 
  76:main.c        ****                  * received aadvertising packet from different peer devices.*/
  77:main.c        ****                 ++DevicesNearBy;
  78:main.c        ****                 
  79:main.c        ****             }
  80:main.c        ****             
  81:main.c        ****         break;
  82:main.c        ****             
  83:main.c        ****         /* default catch-all case */
  84:main.c        **** 
  85:main.c        ****         default:
  86:main.c        ****         break;    
  99              		.loc 1 86 0
 100 0014 3FE0     		b	.L9
 101              	.L7:
  57:main.c        ****             CY_SET_XTND_REG32((void CYFAR *)(CYREG_SRSS_TST_DDFT_CTRL), 0x80000302);
 102              		.loc 1 57 0
 103 0016 224B     		ldr	r3, .L14
 104 0018 224A     		ldr	r2, .L14+4
 105 001a 1A60     		str	r2, [r3]
  58:main.c        ****             /* CyBle_GappStartAdvertisement( CYBLE_ADVERTISING_FAST ); */
 106              		.loc 1 58 0
 107 001c 224B     		ldr	r3, .L14+8
 108 001e 234A     		ldr	r2, .L14+12
 109 0020 1A60     		str	r2, [r3]
  60:main.c        ****             
 110              		.loc 1 60 0
 111 0022 38E0     		b	.L9
 112              	.L8:
  66:main.c        ****             
 113              		.loc 1 66 0
 114 0024 0823     		movs	r3, #8
 115 0026 FB18     		adds	r3, r7, r3
 116 0028 3A68     		ldr	r2, [r7]
 117 002a 13CA     		ldmia	r2!, {r0, r1, r4}
 118 002c 13C3     		stmia	r3!, {r0, r1, r4}
 119 002e 03CA     		ldmia	r2!, {r0, r1}
 120 0030 03C3     		stmia	r3!, {r0, r1}
  68:main.c        ****             {
 121              		.loc 1 68 0
 122 0032 0823     		movs	r3, #8
 123 0034 FB18     		adds	r3, r7, r3
 124 0036 1B78     		ldrb	r3, [r3]
 125 0038 042B     		cmp	r3, #4
 126 003a 2BD0     		beq	.L13
  70:main.c        ****                 {
 127              		.loc 1 70 0
 128 003c 1F23     		movs	r3, #31
 129 003e FB18     		adds	r3, r7, r3
 130 0040 0022     		movs	r2, #0
 131 0042 1A70     		strb	r2, [r3]
 132 0044 1BE0     		b	.L11
 133              	.L12:
  72:main.c        ****                 }                    
 134              		.loc 1 72 0 discriminator 3
 135 0046 1A4B     		ldr	r3, .L14+16
ARM GAS  C:\Users\megan\AppData\Local\Temp\ccoxKlKZ.s 			page 5


 136 0048 1B78     		ldrb	r3, [r3]
 137 004a 1800     		movs	r0, r3
 138 004c 1F23     		movs	r3, #31
 139 004e FB18     		adds	r3, r7, r3
 140 0050 1A78     		ldrb	r2, [r3]
 141 0052 0823     		movs	r3, #8
 142 0054 FB18     		adds	r3, r7, r3
 143 0056 5968     		ldr	r1, [r3, #4]
 144 0058 1F23     		movs	r3, #31
 145 005a FB18     		adds	r3, r7, r3
 146 005c 1B78     		ldrb	r3, [r3]
 147 005e CB18     		adds	r3, r1, r3
 148 0060 1C78     		ldrb	r4, [r3]
 149 0062 1449     		ldr	r1, .L14+20
 150 0064 0300     		movs	r3, r0
 151 0066 DB00     		lsls	r3, r3, #3
 152 0068 1B1A     		subs	r3, r3, r0
 153 006a CB18     		adds	r3, r1, r3
 154 006c 211C     		adds	r1, r4, #0
 155 006e 9954     		strb	r1, [r3, r2]
  70:main.c        ****                 {
 156              		.loc 1 70 0 discriminator 3
 157 0070 1F23     		movs	r3, #31
 158 0072 FB18     		adds	r3, r7, r3
 159 0074 1A78     		ldrb	r2, [r3]
 160 0076 1F23     		movs	r3, #31
 161 0078 FB18     		adds	r3, r7, r3
 162 007a 0132     		adds	r2, r2, #1
 163 007c 1A70     		strb	r2, [r3]
 164              	.L11:
  70:main.c        ****                 {
 165              		.loc 1 70 0 is_stmt 0 discriminator 1
 166 007e 1F23     		movs	r3, #31
 167 0080 FB18     		adds	r3, r7, r3
 168 0082 1B78     		ldrb	r3, [r3]
 169 0084 052B     		cmp	r3, #5
 170 0086 DED9     		bls	.L12
  77:main.c        ****                 
 171              		.loc 1 77 0 is_stmt 1
 172 0088 094B     		ldr	r3, .L14+16
 173 008a 1B78     		ldrb	r3, [r3]
 174 008c 0133     		adds	r3, r3, #1
 175 008e DAB2     		uxtb	r2, r3
 176 0090 074B     		ldr	r3, .L14+16
 177 0092 1A70     		strb	r2, [r3]
 178              	.L13:
  81:main.c        ****             
 179              		.loc 1 81 0
 180 0094 C046     		nop
 181              	.L9:
  87:main.c        ****     }
  88:main.c        **** }    
 182              		.loc 1 88 0 discriminator 1
 183 0096 C046     		nop
 184 0098 BD46     		mov	sp, r7
 185 009a 09B0     		add	sp, sp, #36
 186              		@ sp needed
ARM GAS  C:\Users\megan\AppData\Local\Temp\ccoxKlKZ.s 			page 6


 187 009c 90BD     		pop	{r4, r7, pc}
 188              	.L15:
 189 009e C046     		.align	2
 190              	.L14:
 191 00a0 60F02E40 		.word	1076818016
 192 00a4 31030000 		.word	817
 193 00a8 08000340 		.word	1073938440
 194 00ac 02030080 		.word	-2147482878
 195 00b0 00000000 		.word	DevicesNearBy
 196 00b4 00000000 		.word	peerAddr
 197              		.cfi_endproc
 198              	.LFE37:
 199              		.size	StackEventHandler, .-StackEventHandler
 200              		.section	.rodata
 201              		.align	2
 202              	.LC0:
 203 0000 01       		.byte	1
 204 0001 00       		.byte	0
 205 0002 00       		.byte	0
 206 0003 50       		.byte	80
 207 0004 A0       		.byte	-96
 208 0005 00       		.byte	0
 209 0006 00       		.byte	0
 210              		.section	.text.BLE_Connect,"ax",%progbits
 211              		.align	2
 212              		.global	BLE_Connect
 213              		.code	16
 214              		.thumb_func
 215              		.type	BLE_Connect, %function
 216              	BLE_Connect:
 217              	.LFB38:
  89:main.c        **** 
  90:main.c        **** void BLE_Connect() {
 218              		.loc 1 90 0
 219              		.cfi_startproc
 220              		@ args = 0, pretend = 0, frame = 16
 221              		@ frame_needed = 1, uses_anonymous_args = 0
 222 0000 90B5     		push	{r4, r7, lr}
 223              		.cfi_def_cfa_offset 12
 224              		.cfi_offset 4, -12
 225              		.cfi_offset 7, -8
 226              		.cfi_offset 14, -4
 227 0002 85B0     		sub	sp, sp, #20
 228              		.cfi_def_cfa_offset 32
 229 0004 00AF     		add	r7, sp, #0
 230              		.cfi_def_cfa_register 7
  91:main.c        ****     
  92:main.c        ****     CYBLE_API_RESULT_T scan_result;
  93:main.c        ****     CYBLE_API_RESULT_T connect_result;
  94:main.c        ****     CYBLE_STATE_T ble_state;
  95:main.c        ****     
  96:main.c        ****     //uint8 peripheral_address[6] = "000001";
  97:main.c        ****     //uint8 peripheral_add_type = 0;
  98:main.c        ****    // CYBLE_GAP_BD_ADDR_T peripheral_addr = {{0x00,0xA0,0x50,0x00,0x00,0x01}, 0};
  99:main.c        ****     CYBLE_GAP_BD_ADDR_T peripheral_addr = {{0x01,0x00,0x00,0x50,0xA0,0x00}, 0};
 231              		.loc 1 99 0
 232 0006 3A1D     		adds	r2, r7, #4
ARM GAS  C:\Users\megan\AppData\Local\Temp\ccoxKlKZ.s 			page 7


 233 0008 2D4B     		ldr	r3, .L21
 234 000a 1000     		movs	r0, r2
 235 000c 1900     		movs	r1, r3
 236 000e 0723     		movs	r3, #7
 237 0010 1A00     		movs	r2, r3
 238 0012 FFF7FEFF 		bl	memcpy
 100:main.c        ****     
 101:main.c        ****     CyBle_ProcessEvents();
 239              		.loc 1 101 0
 240 0016 FFF7FEFF 		bl	CyBle_ProcessEvents
 102:main.c        ****     
 103:main.c        ****     scan_result = CyBle_GapcStartScan( CYBLE_SCANNING_FAST );
 241              		.loc 1 103 0
 242 001a 0E23     		movs	r3, #14
 243 001c FC18     		adds	r4, r7, r3
 244 001e 0020     		movs	r0, #0
 245 0020 FFF7FEFF 		bl	CyBle_GapcStartScan
 246 0024 0300     		movs	r3, r0
 247 0026 2380     		strh	r3, [r4]
 104:main.c        ****     if (scan_result == CYBLE_ERROR_OK) {
 248              		.loc 1 104 0
 249 0028 0E23     		movs	r3, #14
 250 002a FB18     		adds	r3, r7, r3
 251 002c 1B88     		ldrh	r3, [r3]
 252 002e 002B     		cmp	r3, #0
 253 0030 02D1     		bne	.L17
 105:main.c        ****           LED_GREEN_Write(0);  
 254              		.loc 1 105 0
 255 0032 0020     		movs	r0, #0
 256 0034 FFF7FEFF 		bl	LED_GREEN_Write
 257              	.L17:
 106:main.c        ****     }
 107:main.c        ****     CyBle_ProcessEvents();
 258              		.loc 1 107 0
 259 0038 FFF7FEFF 		bl	CyBle_ProcessEvents
 108:main.c        ****     CyDelay(1000);
 260              		.loc 1 108 0
 261 003c FA23     		movs	r3, #250
 262 003e 9B00     		lsls	r3, r3, #2
 263 0040 1800     		movs	r0, r3
 264 0042 FFF7FEFF 		bl	CyDelay
 109:main.c        ****     CyBle_GapcStopScan();
 265              		.loc 1 109 0
 266 0046 FFF7FEFF 		bl	CyBle_GapcStopScan
 110:main.c        ****     CyBle_ProcessEvents();
 267              		.loc 1 110 0
 268 004a FFF7FEFF 		bl	CyBle_ProcessEvents
 111:main.c        **** //    if (DevicesNearBy == 0) {
 112:main.c        **** //        LED_BLUE_Write(0);   
 113:main.c        **** //    }
 114:main.c        ****     CyDelay(1000);
 269              		.loc 1 114 0
 270 004e FA23     		movs	r3, #250
 271 0050 9B00     		lsls	r3, r3, #2
 272 0052 1800     		movs	r0, r3
 273 0054 FFF7FEFF 		bl	CyDelay
 115:main.c        ****     connect_result = CyBle_GapcConnectDevice( &peripheral_addr );
ARM GAS  C:\Users\megan\AppData\Local\Temp\ccoxKlKZ.s 			page 8


 274              		.loc 1 115 0
 275 0058 0C23     		movs	r3, #12
 276 005a FC18     		adds	r4, r7, r3
 277 005c 3B1D     		adds	r3, r7, #4
 278 005e 1800     		movs	r0, r3
 279 0060 FFF7FEFF 		bl	CyBle_GapcConnectDevice
 280 0064 0300     		movs	r3, r0
 281 0066 2380     		strh	r3, [r4]
 116:main.c        ****     
 117:main.c        ****     CyBle_ProcessEvents();
 282              		.loc 1 117 0
 283 0068 FFF7FEFF 		bl	CyBle_ProcessEvents
 118:main.c        ****     if (connect_result == CYBLE_ERROR_OK) {
 284              		.loc 1 118 0
 285 006c 0C23     		movs	r3, #12
 286 006e FB18     		adds	r3, r7, r3
 287 0070 1B88     		ldrh	r3, [r3]
 288 0072 002B     		cmp	r3, #0
 289 0074 0FD1     		bne	.L18
 119:main.c        ****         LED_BLUE_Write(0); 
 290              		.loc 1 119 0
 291 0076 0020     		movs	r0, #0
 292 0078 FFF7FEFF 		bl	LED_BLUE_Write
 120:main.c        ****         CyDelay(1000);
 293              		.loc 1 120 0
 294 007c FA23     		movs	r3, #250
 295 007e 9B00     		lsls	r3, r3, #2
 296 0080 1800     		movs	r0, r3
 297 0082 FFF7FEFF 		bl	CyDelay
 121:main.c        ****         LED_BLUE_Write(1);
 298              		.loc 1 121 0
 299 0086 0120     		movs	r0, #1
 300 0088 FFF7FEFF 		bl	LED_BLUE_Write
 122:main.c        ****         CyDelay(1000);
 301              		.loc 1 122 0
 302 008c FA23     		movs	r3, #250
 303 008e 9B00     		lsls	r3, r3, #2
 304 0090 1800     		movs	r0, r3
 305 0092 FFF7FEFF 		bl	CyDelay
 306              	.L18:
 123:main.c        ****     }
 124:main.c        ****     
 125:main.c        ****     
 126:main.c        ****     while(1) {
 127:main.c        ****     ble_state = CyBle_GetState();
 307              		.loc 1 127 0
 308 0096 0B23     		movs	r3, #11
 309 0098 FB18     		adds	r3, r7, r3
 310 009a 0A4A     		ldr	r2, .L21+4
 311 009c 1278     		ldrb	r2, [r2]
 312 009e 1A70     		strb	r2, [r3]
 128:main.c        ****     if (ble_state == CYBLE_STATE_CONNECTED ) {
 313              		.loc 1 128 0
 314 00a0 0B23     		movs	r3, #11
 315 00a2 FB18     		adds	r3, r7, r3
 316 00a4 1B78     		ldrb	r3, [r3]
 317 00a6 022B     		cmp	r3, #2
ARM GAS  C:\Users\megan\AppData\Local\Temp\ccoxKlKZ.s 			page 9


 318 00a8 03D1     		bne	.L19
 129:main.c        ****         LED_BLUE_Write(0);   
 319              		.loc 1 129 0
 320 00aa 0020     		movs	r0, #0
 321 00ac FFF7FEFF 		bl	LED_BLUE_Write
 322 00b0 02E0     		b	.L20
 323              	.L19:
 130:main.c        ****     }
 131:main.c        ****     else {
 132:main.c        ****         LED_BLUE_Write(1);
 324              		.loc 1 132 0
 325 00b2 0120     		movs	r0, #1
 326 00b4 FFF7FEFF 		bl	LED_BLUE_Write
 327              	.L20:
 133:main.c        ****     }
 134:main.c        ****     CyBle_ProcessEvents();
 328              		.loc 1 134 0
 329 00b8 FFF7FEFF 		bl	CyBle_ProcessEvents
 135:main.c        ****     }
 330              		.loc 1 135 0
 331 00bc EBE7     		b	.L18
 332              	.L22:
 333 00be C046     		.align	2
 334              	.L21:
 335 00c0 00000000 		.word	.LC0
 336 00c4 00000000 		.word	cyBle_state
 337              		.cfi_endproc
 338              	.LFE38:
 339              		.size	BLE_Connect, .-BLE_Connect
 340              		.text
 341              	.Letext0:
 342              		.file 2 "Generated_Source\\PSoC4/cytypes.h"
 343              		.file 3 "Generated_Source\\PSoC4/BLE_1_Stack.h"
 344              		.file 4 "Generated_Source\\PSoC4/BLE_1_StackGap.h"
 345              		.file 5 "Generated_Source\\PSoC4/BLE_1_eventHandler.h"
 346              		.section	.debug_info,"",%progbits
 347              	.Ldebug_info0:
 348 0000 71050000 		.4byte	0x571
 349 0004 0400     		.2byte	0x4
 350 0006 00000000 		.4byte	.Ldebug_abbrev0
 351 000a 04       		.byte	0x4
 352 000b 01       		.uleb128 0x1
 353 000c 31080000 		.4byte	.LASF157
 354 0010 0C       		.byte	0xc
 355 0011 FD070000 		.4byte	.LASF158
 356 0015 1D030000 		.4byte	.LASF159
 357 0019 00000000 		.4byte	.Ldebug_ranges0+0
 358 001d 00000000 		.4byte	0
 359 0021 00000000 		.4byte	.Ldebug_line0
 360 0025 02       		.uleb128 0x2
 361 0026 01       		.byte	0x1
 362 0027 06       		.byte	0x6
 363 0028 FE020000 		.4byte	.LASF0
 364 002c 02       		.uleb128 0x2
 365 002d 01       		.byte	0x1
 366 002e 08       		.byte	0x8
 367 002f 7E0B0000 		.4byte	.LASF1
ARM GAS  C:\Users\megan\AppData\Local\Temp\ccoxKlKZ.s 			page 10


 368 0033 02       		.uleb128 0x2
 369 0034 02       		.byte	0x2
 370 0035 05       		.byte	0x5
 371 0036 C70B0000 		.4byte	.LASF2
 372 003a 02       		.uleb128 0x2
 373 003b 02       		.byte	0x2
 374 003c 07       		.byte	0x7
 375 003d 4C0E0000 		.4byte	.LASF3
 376 0041 02       		.uleb128 0x2
 377 0042 04       		.byte	0x4
 378 0043 05       		.byte	0x5
 379 0044 C4010000 		.4byte	.LASF4
 380 0048 02       		.uleb128 0x2
 381 0049 04       		.byte	0x4
 382 004a 07       		.byte	0x7
 383 004b 75060000 		.4byte	.LASF5
 384 004f 02       		.uleb128 0x2
 385 0050 08       		.byte	0x8
 386 0051 05       		.byte	0x5
 387 0052 F0020000 		.4byte	.LASF6
 388 0056 02       		.uleb128 0x2
 389 0057 08       		.byte	0x8
 390 0058 07       		.byte	0x7
 391 0059 AB050000 		.4byte	.LASF7
 392 005d 03       		.uleb128 0x3
 393 005e 04       		.byte	0x4
 394 005f 05       		.byte	0x5
 395 0060 696E7400 		.ascii	"int\000"
 396 0064 02       		.uleb128 0x2
 397 0065 04       		.byte	0x4
 398 0066 07       		.byte	0x7
 399 0067 570D0000 		.4byte	.LASF8
 400 006b 04       		.uleb128 0x4
 401 006c A9040000 		.4byte	.LASF9
 402 0070 02       		.byte	0x2
 403 0071 D201     		.2byte	0x1d2
 404 0073 2C000000 		.4byte	0x2c
 405 0077 04       		.uleb128 0x4
 406 0078 FE040000 		.4byte	.LASF10
 407 007c 02       		.byte	0x2
 408 007d D401     		.2byte	0x1d4
 409 007f 48000000 		.4byte	0x48
 410 0083 04       		.uleb128 0x4
 411 0084 AE070000 		.4byte	.LASF11
 412 0088 02       		.byte	0x2
 413 0089 D501     		.2byte	0x1d5
 414 008b 25000000 		.4byte	0x25
 415 008f 02       		.uleb128 0x2
 416 0090 04       		.byte	0x4
 417 0091 04       		.byte	0x4
 418 0092 2B0B0000 		.4byte	.LASF12
 419 0096 02       		.uleb128 0x2
 420 0097 08       		.byte	0x8
 421 0098 04       		.byte	0x4
 422 0099 D9040000 		.4byte	.LASF13
 423 009d 02       		.uleb128 0x2
 424 009e 01       		.byte	0x1
ARM GAS  C:\Users\megan\AppData\Local\Temp\ccoxKlKZ.s 			page 11


 425 009f 08       		.byte	0x8
 426 00a0 100D0000 		.4byte	.LASF14
 427 00a4 04       		.uleb128 0x4
 428 00a5 F6080000 		.4byte	.LASF15
 429 00a9 02       		.byte	0x2
 430 00aa 7E02     		.2byte	0x27e
 431 00ac B0000000 		.4byte	0xb0
 432 00b0 05       		.uleb128 0x5
 433 00b1 77000000 		.4byte	0x77
 434 00b5 02       		.uleb128 0x2
 435 00b6 08       		.byte	0x8
 436 00b7 04       		.byte	0x4
 437 00b8 040D0000 		.4byte	.LASF16
 438 00bc 02       		.uleb128 0x2
 439 00bd 04       		.byte	0x4
 440 00be 07       		.byte	0x7
 441 00bf C1090000 		.4byte	.LASF17
 442 00c3 06       		.uleb128 0x6
 443 00c4 04       		.byte	0x4
 444 00c5 07       		.uleb128 0x7
 445 00c6 01       		.byte	0x1
 446 00c7 2C000000 		.4byte	0x2c
 447 00cb 03       		.byte	0x3
 448 00cc 4D01     		.2byte	0x14d
 449 00ce 83020000 		.4byte	0x283
 450 00d2 08       		.uleb128 0x8
 451 00d3 60070000 		.4byte	.LASF18
 452 00d7 00       		.byte	0
 453 00d8 08       		.uleb128 0x8
 454 00d9 0A030000 		.4byte	.LASF19
 455 00dd 01       		.byte	0x1
 456 00de 08       		.uleb128 0x8
 457 00df B2010000 		.4byte	.LASF20
 458 00e3 02       		.byte	0x2
 459 00e4 08       		.uleb128 0x8
 460 00e5 330E0000 		.4byte	.LASF21
 461 00e9 03       		.byte	0x3
 462 00ea 08       		.uleb128 0x8
 463 00eb 2D020000 		.4byte	.LASF22
 464 00ef 04       		.byte	0x4
 465 00f0 08       		.uleb128 0x8
 466 00f1 23000000 		.4byte	.LASF23
 467 00f5 05       		.byte	0x5
 468 00f6 08       		.uleb128 0x8
 469 00f7 95070000 		.4byte	.LASF24
 470 00fb 06       		.byte	0x6
 471 00fc 08       		.uleb128 0x8
 472 00fd FC080000 		.4byte	.LASF25
 473 0101 20       		.byte	0x20
 474 0102 08       		.uleb128 0x8
 475 0103 DD030000 		.4byte	.LASF26
 476 0107 21       		.byte	0x21
 477 0108 08       		.uleb128 0x8
 478 0109 BA070000 		.4byte	.LASF27
 479 010d 22       		.byte	0x22
 480 010e 08       		.uleb128 0x8
 481 010f 0D0E0000 		.4byte	.LASF28
ARM GAS  C:\Users\megan\AppData\Local\Temp\ccoxKlKZ.s 			page 12


 482 0113 23       		.byte	0x23
 483 0114 08       		.uleb128 0x8
 484 0115 590A0000 		.4byte	.LASF29
 485 0119 24       		.byte	0x24
 486 011a 08       		.uleb128 0x8
 487 011b E3090000 		.4byte	.LASF30
 488 011f 25       		.byte	0x25
 489 0120 08       		.uleb128 0x8
 490 0121 5E040000 		.4byte	.LASF31
 491 0125 26       		.byte	0x26
 492 0126 08       		.uleb128 0x8
 493 0127 DE070000 		.4byte	.LASF32
 494 012b 27       		.byte	0x27
 495 012c 08       		.uleb128 0x8
 496 012d 350D0000 		.4byte	.LASF33
 497 0131 28       		.byte	0x28
 498 0132 08       		.uleb128 0x8
 499 0133 AA020000 		.4byte	.LASF34
 500 0137 29       		.byte	0x29
 501 0138 08       		.uleb128 0x8
 502 0139 AB000000 		.4byte	.LASF35
 503 013d 2A       		.byte	0x2a
 504 013e 08       		.uleb128 0x8
 505 013f 42020000 		.4byte	.LASF36
 506 0143 2B       		.byte	0x2b
 507 0144 08       		.uleb128 0x8
 508 0145 CA0F0000 		.4byte	.LASF37
 509 0149 2C       		.byte	0x2c
 510 014a 08       		.uleb128 0x8
 511 014b C7020000 		.4byte	.LASF38
 512 014f 2D       		.byte	0x2d
 513 0150 08       		.uleb128 0x8
 514 0151 8C0B0000 		.4byte	.LASF39
 515 0155 2E       		.byte	0x2e
 516 0156 08       		.uleb128 0x8
 517 0157 28010000 		.4byte	.LASF40
 518 015b 2F       		.byte	0x2f
 519 015c 08       		.uleb128 0x8
 520 015d 380A0000 		.4byte	.LASF41
 521 0161 30       		.byte	0x30
 522 0162 08       		.uleb128 0x8
 523 0163 49100000 		.4byte	.LASF42
 524 0167 31       		.byte	0x31
 525 0168 08       		.uleb128 0x8
 526 0169 170A0000 		.4byte	.LASF43
 527 016d 32       		.byte	0x32
 528 016e 08       		.uleb128 0x8
 529 016f B10C0000 		.4byte	.LASF44
 530 0173 33       		.byte	0x33
 531 0174 08       		.uleb128 0x8
 532 0175 87060000 		.4byte	.LASF45
 533 0179 34       		.byte	0x34
 534 017a 08       		.uleb128 0x8
 535 017b 8E050000 		.4byte	.LASF46
 536 017f 35       		.byte	0x35
 537 0180 08       		.uleb128 0x8
 538 0181 04080000 		.4byte	.LASF47
ARM GAS  C:\Users\megan\AppData\Local\Temp\ccoxKlKZ.s 			page 13


 539 0185 36       		.byte	0x36
 540 0186 08       		.uleb128 0x8
 541 0187 43090000 		.4byte	.LASF48
 542 018b 37       		.byte	0x37
 543 018c 08       		.uleb128 0x8
 544 018d 22050000 		.4byte	.LASF49
 545 0191 40       		.byte	0x40
 546 0192 08       		.uleb128 0x8
 547 0193 BF080000 		.4byte	.LASF50
 548 0197 41       		.byte	0x41
 549 0198 08       		.uleb128 0x8
 550 0199 77100000 		.4byte	.LASF51
 551 019d 42       		.byte	0x42
 552 019e 08       		.uleb128 0x8
 553 019f 7D0E0000 		.4byte	.LASF52
 554 01a3 43       		.byte	0x43
 555 01a4 08       		.uleb128 0x8
 556 01a5 B9060000 		.4byte	.LASF53
 557 01a9 44       		.byte	0x44
 558 01aa 08       		.uleb128 0x8
 559 01ab F70A0000 		.4byte	.LASF54
 560 01af 45       		.byte	0x45
 561 01b0 08       		.uleb128 0x8
 562 01b1 A0090000 		.4byte	.LASF55
 563 01b5 46       		.byte	0x46
 564 01b6 08       		.uleb128 0x8
 565 01b7 77070000 		.4byte	.LASF56
 566 01bb 47       		.byte	0x47
 567 01bc 08       		.uleb128 0x8
 568 01bd 8E0F0000 		.4byte	.LASF57
 569 01c1 48       		.byte	0x48
 570 01c2 08       		.uleb128 0x8
 571 01c3 F4030000 		.4byte	.LASF58
 572 01c7 49       		.byte	0x49
 573 01c8 08       		.uleb128 0x8
 574 01c9 D30E0000 		.4byte	.LASF59
 575 01cd 4A       		.byte	0x4a
 576 01ce 08       		.uleb128 0x8
 577 01cf 51010000 		.4byte	.LASF60
 578 01d3 4B       		.byte	0x4b
 579 01d4 08       		.uleb128 0x8
 580 01d5 9F060000 		.4byte	.LASF61
 581 01d9 4C       		.byte	0x4c
 582 01da 08       		.uleb128 0x8
 583 01db FD090000 		.4byte	.LASF62
 584 01df 4D       		.byte	0x4d
 585 01e0 08       		.uleb128 0x8
 586 01e1 27040000 		.4byte	.LASF63
 587 01e5 4E       		.byte	0x4e
 588 01e6 08       		.uleb128 0x8
 589 01e7 360C0000 		.4byte	.LASF64
 590 01eb 4F       		.byte	0x4f
 591 01ec 08       		.uleb128 0x8
 592 01ed 70010000 		.4byte	.LASF65
 593 01f1 50       		.byte	0x50
 594 01f2 08       		.uleb128 0x8
 595 01f3 BA040000 		.4byte	.LASF66
ARM GAS  C:\Users\megan\AppData\Local\Temp\ccoxKlKZ.s 			page 14


 596 01f7 51       		.byte	0x51
 597 01f8 08       		.uleb128 0x8
 598 01f9 880A0000 		.4byte	.LASF67
 599 01fd 52       		.byte	0x52
 600 01fe 08       		.uleb128 0x8
 601 01ff D10B0000 		.4byte	.LASF68
 602 0203 53       		.byte	0x53
 603 0204 08       		.uleb128 0x8
 604 0205 720C0000 		.4byte	.LASF69
 605 0209 54       		.byte	0x54
 606 020a 08       		.uleb128 0x8
 607 020b D7060000 		.4byte	.LASF70
 608 020f 55       		.byte	0x55
 609 0210 08       		.uleb128 0x8
 610 0211 ED050000 		.4byte	.LASF71
 611 0215 56       		.byte	0x56
 612 0216 08       		.uleb128 0x8
 613 0217 6E0D0000 		.4byte	.LASF72
 614 021b 57       		.byte	0x57
 615 021c 08       		.uleb128 0x8
 616 021d FB060000 		.4byte	.LASF73
 617 0221 58       		.byte	0x58
 618 0222 08       		.uleb128 0x8
 619 0223 3C050000 		.4byte	.LASF74
 620 0227 70       		.byte	0x70
 621 0228 08       		.uleb128 0x8
 622 0229 1E100000 		.4byte	.LASF75
 623 022d 71       		.byte	0x71
 624 022e 08       		.uleb128 0x8
 625 022f DA080000 		.4byte	.LASF76
 626 0233 72       		.byte	0x72
 627 0234 08       		.uleb128 0x8
 628 0235 8F010000 		.4byte	.LASF77
 629 0239 73       		.byte	0x73
 630 023a 08       		.uleb128 0x8
 631 023b D90A0000 		.4byte	.LASF78
 632 023f 74       		.byte	0x74
 633 0240 08       		.uleb128 0x8
 634 0241 F80F0000 		.4byte	.LASF79
 635 0245 75       		.byte	0x75
 636 0246 08       		.uleb128 0x8
 637 0247 D4000000 		.4byte	.LASF80
 638 024b 76       		.byte	0x76
 639 024c 08       		.uleb128 0x8
 640 024d 53000000 		.4byte	.LASF81
 641 0251 77       		.byte	0x77
 642 0252 08       		.uleb128 0x8
 643 0253 00000000 		.4byte	.LASF82
 644 0257 78       		.byte	0x78
 645 0258 08       		.uleb128 0x8
 646 0259 970D0000 		.4byte	.LASF83
 647 025d 79       		.byte	0x79
 648 025e 08       		.uleb128 0x8
 649 025f 6A050000 		.4byte	.LASF84
 650 0263 7A       		.byte	0x7a
 651 0264 08       		.uleb128 0x8
 652 0265 61020000 		.4byte	.LASF85
ARM GAS  C:\Users\megan\AppData\Local\Temp\ccoxKlKZ.s 			page 15


 653 0269 FA       		.byte	0xfa
 654 026a 08       		.uleb128 0x8
 655 026b 2D060000 		.4byte	.LASF86
 656 026f FB       		.byte	0xfb
 657 0270 08       		.uleb128 0x8
 658 0271 F20B0000 		.4byte	.LASF87
 659 0275 FC       		.byte	0xfc
 660 0276 08       		.uleb128 0x8
 661 0277 BD100000 		.4byte	.LASF88
 662 027b FD       		.byte	0xfd
 663 027c 08       		.uleb128 0x8
 664 027d 05050000 		.4byte	.LASF89
 665 0281 FF       		.byte	0xff
 666 0282 00       		.byte	0
 667 0283 07       		.uleb128 0x7
 668 0284 02       		.byte	0x2
 669 0285 3A000000 		.4byte	0x3a
 670 0289 03       		.byte	0x3
 671 028a 0204     		.2byte	0x402
 672 028c 5C030000 		.4byte	0x35c
 673 0290 08       		.uleb128 0x8
 674 0291 13050000 		.4byte	.LASF90
 675 0295 00       		.byte	0
 676 0296 08       		.uleb128 0x8
 677 0297 E0040000 		.4byte	.LASF91
 678 029b 01       		.byte	0x1
 679 029c 08       		.uleb128 0x8
 680 029d 5F0E0000 		.4byte	.LASF92
 681 02a1 02       		.byte	0x2
 682 02a2 08       		.uleb128 0x8
 683 02a3 72000000 		.4byte	.LASF93
 684 02a7 03       		.byte	0x3
 685 02a8 08       		.uleb128 0x8
 686 02a9 0A020000 		.4byte	.LASF94
 687 02ad 04       		.byte	0x4
 688 02ae 08       		.uleb128 0x8
 689 02af 0F060000 		.4byte	.LASF95
 690 02b3 05       		.byte	0x5
 691 02b4 08       		.uleb128 0x8
 692 02b5 040C0000 		.4byte	.LASF96
 693 02b9 06       		.byte	0x6
 694 02ba 08       		.uleb128 0x8
 695 02bb B6030000 		.4byte	.LASF97
 696 02bf 07       		.byte	0x7
 697 02c0 08       		.uleb128 0x8
 698 02c1 930C0000 		.4byte	.LASF98
 699 02c5 08       		.byte	0x8
 700 02c6 08       		.uleb128 0x8
 701 02c7 B50F0000 		.4byte	.LASF99
 702 02cb 09       		.byte	0x9
 703 02cc 08       		.uleb128 0x8
 704 02cd 410B0000 		.4byte	.LASF100
 705 02d1 0A       		.byte	0xa
 706 02d2 08       		.uleb128 0x8
 707 02d3 150D0000 		.4byte	.LASF101
 708 02d7 0B       		.byte	0xb
 709 02d8 08       		.uleb128 0x8
ARM GAS  C:\Users\megan\AppData\Local\Temp\ccoxKlKZ.s 			page 16


 710 02d9 93020000 		.4byte	.LASF102
 711 02dd 0C       		.byte	0xc
 712 02de 08       		.uleb128 0x8
 713 02df E5010000 		.4byte	.LASF103
 714 02e3 0D       		.byte	0xd
 715 02e4 08       		.uleb128 0x8
 716 02e5 4C060000 		.4byte	.LASF104
 717 02e9 0E       		.byte	0xe
 718 02ea 08       		.uleb128 0x8
 719 02eb 3B0F0000 		.4byte	.LASF105
 720 02ef 0F       		.byte	0xf
 721 02f0 08       		.uleb128 0x8
 722 02f1 DF0D0000 		.4byte	.LASF106
 723 02f5 10       		.byte	0x10
 724 02f6 08       		.uleb128 0x8
 725 02f7 1E070000 		.4byte	.LASF107
 726 02fb 11       		.byte	0x11
 727 02fc 08       		.uleb128 0x8
 728 02fd 86040000 		.4byte	.LASF108
 729 0301 12       		.byte	0x12
 730 0302 08       		.uleb128 0x8
 731 0303 95100000 		.4byte	.LASF109
 732 0307 13       		.byte	0x13
 733 0308 08       		.uleb128 0x8
 734 0309 94030000 		.4byte	.LASF110
 735 030d 27       		.byte	0x27
 736 030e 08       		.uleb128 0x8
 737 030f BA0D0000 		.4byte	.LASF111
 738 0313 28       		.byte	0x28
 739 0314 08       		.uleb128 0x8
 740 0315 1F0F0000 		.4byte	.LASF112
 741 0319 29       		.byte	0x29
 742 031a 08       		.uleb128 0x8
 743 031b 550C0000 		.4byte	.LASF113
 744 031f 2A       		.byte	0x2a
 745 0320 08       		.uleb128 0x8
 746 0321 F5000000 		.4byte	.LASF114
 747 0325 2B       		.byte	0x2b
 748 0326 08       		.uleb128 0x8
 749 0327 88090000 		.4byte	.LASF115
 750 032b 2C       		.byte	0x2c
 751 032c 08       		.uleb128 0x8
 752 032d F10E0000 		.4byte	.LASF116
 753 0331 FE       		.byte	0xfe
 754 0332 08       		.uleb128 0x8
 755 0333 78090000 		.4byte	.LASF117
 756 0337 FF       		.byte	0xff
 757 0338 09       		.uleb128 0x9
 758 0339 47070000 		.4byte	.LASF118
 759 033d 0001     		.2byte	0x100
 760 033f 09       		.uleb128 0x9
 761 0340 A90A0000 		.4byte	.LASF119
 762 0344 0101     		.2byte	0x101
 763 0346 09       		.uleb128 0x9
 764 0347 5B0B0000 		.4byte	.LASF120
 765 034b 0201     		.2byte	0x102
 766 034d 09       		.uleb128 0x9
ARM GAS  C:\Users\megan\AppData\Local\Temp\ccoxKlKZ.s 			page 17


 767 034e 0D040000 		.4byte	.LASF121
 768 0352 0301     		.2byte	0x103
 769 0354 09       		.uleb128 0x9
 770 0355 ED0C0000 		.4byte	.LASF122
 771 0359 0401     		.2byte	0x104
 772 035b 00       		.byte	0
 773 035c 04       		.uleb128 0x4
 774 035d 750A0000 		.4byte	.LASF123
 775 0361 03       		.byte	0x3
 776 0362 7104     		.2byte	0x471
 777 0364 83020000 		.4byte	0x283
 778 0368 0A       		.uleb128 0xa
 779 0369 07       		.byte	0x7
 780 036a 03       		.byte	0x3
 781 036b 3F05     		.2byte	0x53f
 782 036d 8C030000 		.4byte	0x38c
 783 0371 0B       		.uleb128 0xb
 784 0372 B3070000 		.4byte	.LASF124
 785 0376 03       		.byte	0x3
 786 0377 4205     		.2byte	0x542
 787 0379 8C030000 		.4byte	0x38c
 788 037d 00       		.byte	0
 789 037e 0B       		.uleb128 0xb
 790 037f AD010000 		.4byte	.LASF125
 791 0383 03       		.byte	0x3
 792 0384 4405     		.2byte	0x544
 793 0386 6B000000 		.4byte	0x6b
 794 038a 06       		.byte	0x6
 795 038b 00       		.byte	0
 796 038c 0C       		.uleb128 0xc
 797 038d 6B000000 		.4byte	0x6b
 798 0391 9C030000 		.4byte	0x39c
 799 0395 0D       		.uleb128 0xd
 800 0396 BC000000 		.4byte	0xbc
 801 039a 05       		.byte	0x5
 802 039b 00       		.byte	0
 803 039c 04       		.uleb128 0x4
 804 039d 7F020000 		.4byte	.LASF126
 805 03a1 03       		.byte	0x3
 806 03a2 4505     		.2byte	0x545
 807 03a4 68030000 		.4byte	0x368
 808 03a8 0E       		.uleb128 0xe
 809 03a9 04       		.byte	0x4
 810 03aa 6B000000 		.4byte	0x6b
 811 03ae 0F       		.uleb128 0xf
 812 03af 01       		.byte	0x1
 813 03b0 2C000000 		.4byte	0x2c
 814 03b4 04       		.byte	0x4
 815 03b5 F4       		.byte	0xf4
 816 03b6 D9030000 		.4byte	0x3d9
 817 03ba 08       		.uleb128 0x8
 818 03bb D5100000 		.4byte	.LASF127
 819 03bf 00       		.byte	0
 820 03c0 08       		.uleb128 0x8
 821 03c1 C2050000 		.4byte	.LASF128
 822 03c5 01       		.byte	0x1
 823 03c6 08       		.uleb128 0x8
ARM GAS  C:\Users\megan\AppData\Local\Temp\ccoxKlKZ.s 			page 18


 824 03c7 A60E0000 		.4byte	.LASF129
 825 03cb 02       		.byte	0x2
 826 03cc 08       		.uleb128 0x8
 827 03cd 20090000 		.4byte	.LASF130
 828 03d1 03       		.byte	0x3
 829 03d2 08       		.uleb128 0x8
 830 03d3 97000000 		.4byte	.LASF131
 831 03d7 04       		.byte	0x4
 832 03d8 00       		.byte	0
 833 03d9 04       		.uleb128 0x4
 834 03da C20A0000 		.4byte	.LASF132
 835 03de 04       		.byte	0x4
 836 03df 0401     		.2byte	0x104
 837 03e1 AE030000 		.4byte	0x3ae
 838 03e5 0A       		.uleb128 0xa
 839 03e6 14       		.byte	0x14
 840 03e7 04       		.byte	0x4
 841 03e8 2403     		.2byte	0x324
 842 03ea 3D040000 		.4byte	0x43d
 843 03ee 0B       		.uleb128 0xb
 844 03ef EE0F0000 		.4byte	.LASF133
 845 03f3 04       		.byte	0x4
 846 03f4 2D03     		.2byte	0x32d
 847 03f6 D9030000 		.4byte	0x3d9
 848 03fa 00       		.byte	0
 849 03fb 0B       		.uleb128 0xb
 850 03fc 1E0B0000 		.4byte	.LASF134
 851 0400 04       		.byte	0x4
 852 0401 3503     		.2byte	0x335
 853 0403 6B000000 		.4byte	0x6b
 854 0407 01       		.byte	0x1
 855 0408 0B       		.uleb128 0xb
 856 0409 AF040000 		.4byte	.LASF135
 857 040d 04       		.byte	0x4
 858 040e 3903     		.2byte	0x339
 859 0410 A8030000 		.4byte	0x3a8
 860 0414 04       		.byte	0x4
 861 0415 0B       		.uleb128 0xb
 862 0416 62050000 		.4byte	.LASF136
 863 041a 04       		.byte	0x4
 864 041b 3C03     		.2byte	0x33c
 865 041d 6B000000 		.4byte	0x6b
 866 0421 08       		.byte	0x8
 867 0422 0B       		.uleb128 0xb
 868 0423 42070000 		.4byte	.LASF137
 869 0427 04       		.byte	0x4
 870 0428 3F03     		.2byte	0x33f
 871 042a A8030000 		.4byte	0x3a8
 872 042e 0C       		.byte	0xc
 873 042f 0B       		.uleb128 0xb
 874 0430 19100000 		.4byte	.LASF138
 875 0434 04       		.byte	0x4
 876 0435 4403     		.2byte	0x344
 877 0437 83000000 		.4byte	0x83
 878 043b 10       		.byte	0x10
 879 043c 00       		.byte	0
 880 043d 04       		.uleb128 0x4
ARM GAS  C:\Users\megan\AppData\Local\Temp\ccoxKlKZ.s 			page 19


 881 043e 600F0000 		.4byte	.LASF139
 882 0442 04       		.byte	0x4
 883 0443 4603     		.2byte	0x346
 884 0445 E5030000 		.4byte	0x3e5
 885 0449 07       		.uleb128 0x7
 886 044a 01       		.byte	0x1
 887 044b 2C000000 		.4byte	0x2c
 888 044f 05       		.byte	0x5
 889 0450 5008     		.2byte	0x850
 890 0452 7B040000 		.4byte	0x47b
 891 0456 08       		.uleb128 0x8
 892 0457 3F000000 		.4byte	.LASF140
 893 045b 00       		.byte	0
 894 045c 08       		.uleb128 0x8
 895 045d CA090000 		.4byte	.LASF141
 896 0461 01       		.byte	0x1
 897 0462 08       		.uleb128 0x8
 898 0463 780F0000 		.4byte	.LASF142
 899 0467 02       		.byte	0x2
 900 0468 08       		.uleb128 0x8
 901 0469 D80C0000 		.4byte	.LASF143
 902 046d 03       		.byte	0x3
 903 046e 08       		.uleb128 0x8
 904 046f B00B0000 		.4byte	.LASF144
 905 0473 04       		.byte	0x4
 906 0474 08       		.uleb128 0x8
 907 0475 45040000 		.4byte	.LASF145
 908 0479 05       		.byte	0x5
 909 047a 00       		.byte	0
 910 047b 04       		.uleb128 0x4
 911 047c C50E0000 		.4byte	.LASF146
 912 0480 05       		.byte	0x5
 913 0481 5E08     		.2byte	0x85e
 914 0483 49040000 		.4byte	0x449
 915 0487 10       		.uleb128 0x10
 916 0488 44100000 		.4byte	.LASF160
 917 048c 01       		.byte	0x1
 918 048d 1B       		.byte	0x1b
 919 048e 5D000000 		.4byte	0x5d
 920 0492 00000000 		.4byte	.LFB36
 921 0496 1C000000 		.4byte	.LFE36-.LFB36
 922 049a 01       		.uleb128 0x1
 923 049b 9C       		.byte	0x9c
 924 049c 11       		.uleb128 0x11
 925 049d 0D0F0000 		.4byte	.LASF161
 926 04a1 01       		.byte	0x1
 927 04a2 2D       		.byte	0x2d
 928 04a3 00000000 		.4byte	.LFB37
 929 04a7 B8000000 		.4byte	.LFE37-.LFB37
 930 04ab 01       		.uleb128 0x1
 931 04ac 9C       		.byte	0x9c
 932 04ad E8040000 		.4byte	0x4e8
 933 04b1 12       		.uleb128 0x12
 934 04b2 D3030000 		.4byte	.LASF147
 935 04b6 01       		.byte	0x1
 936 04b7 2D       		.byte	0x2d
 937 04b8 77000000 		.4byte	0x77
ARM GAS  C:\Users\megan\AppData\Local\Temp\ccoxKlKZ.s 			page 20


 938 04bc 02       		.uleb128 0x2
 939 04bd 91       		.byte	0x91
 940 04be 54       		.sleb128 -44
 941 04bf 12       		.uleb128 0x12
 942 04c0 9B0E0000 		.4byte	.LASF148
 943 04c4 01       		.byte	0x1
 944 04c5 2D       		.byte	0x2d
 945 04c6 C3000000 		.4byte	0xc3
 946 04ca 02       		.uleb128 0x2
 947 04cb 91       		.byte	0x91
 948 04cc 50       		.sleb128 -48
 949 04cd 13       		.uleb128 0x13
 950 04ce 640D0000 		.4byte	.LASF149
 951 04d2 01       		.byte	0x1
 952 04d3 2F       		.byte	0x2f
 953 04d4 3D040000 		.4byte	0x43d
 954 04d8 02       		.uleb128 0x2
 955 04d9 91       		.byte	0x91
 956 04da 58       		.sleb128 -40
 957 04db 14       		.uleb128 0x14
 958 04dc 6900     		.ascii	"i\000"
 959 04de 01       		.byte	0x1
 960 04df 30       		.byte	0x30
 961 04e0 6B000000 		.4byte	0x6b
 962 04e4 02       		.uleb128 0x2
 963 04e5 91       		.byte	0x91
 964 04e6 6F       		.sleb128 -17
 965 04e7 00       		.byte	0
 966 04e8 15       		.uleb128 0x15
 967 04e9 D9010000 		.4byte	.LASF162
 968 04ed 01       		.byte	0x1
 969 04ee 5A       		.byte	0x5a
 970 04ef 00000000 		.4byte	.LFB38
 971 04f3 C8000000 		.4byte	.LFE38-.LFB38
 972 04f7 01       		.uleb128 0x1
 973 04f8 9C       		.byte	0x9c
 974 04f9 36050000 		.4byte	0x536
 975 04fd 13       		.uleb128 0x13
 976 04fe CD010000 		.4byte	.LASF150
 977 0502 01       		.byte	0x1
 978 0503 5C       		.byte	0x5c
 979 0504 5C030000 		.4byte	0x35c
 980 0508 02       		.uleb128 0x2
 981 0509 91       		.byte	0x91
 982 050a 6E       		.sleb128 -18
 983 050b 13       		.uleb128 0x13
 984 050c 1E0C0000 		.4byte	.LASF151
 985 0510 01       		.byte	0x1
 986 0511 5D       		.byte	0x5d
 987 0512 5C030000 		.4byte	0x35c
 988 0516 02       		.uleb128 0x2
 989 0517 91       		.byte	0x91
 990 0518 6C       		.sleb128 -20
 991 0519 13       		.uleb128 0x13
 992 051a 6D100000 		.4byte	.LASF152
 993 051e 01       		.byte	0x1
 994 051f 5E       		.byte	0x5e
ARM GAS  C:\Users\megan\AppData\Local\Temp\ccoxKlKZ.s 			page 21


 995 0520 7B040000 		.4byte	0x47b
 996 0524 02       		.uleb128 0x2
 997 0525 91       		.byte	0x91
 998 0526 6B       		.sleb128 -21
 999 0527 13       		.uleb128 0x13
 1000 0528 310B0000 		.4byte	.LASF153
 1001 052c 01       		.byte	0x1
 1002 052d 63       		.byte	0x63
 1003 052e 9C030000 		.4byte	0x39c
 1004 0532 02       		.uleb128 0x2
 1005 0533 91       		.byte	0x91
 1006 0534 64       		.sleb128 -28
 1007 0535 00       		.byte	0
 1008 0536 16       		.uleb128 0x16
 1009 0537 25080000 		.4byte	.LASF154
 1010 053b 05       		.byte	0x5
 1011 053c A90A     		.2byte	0xaa9
 1012 053e 7B040000 		.4byte	0x47b
 1013 0542 0C       		.uleb128 0xc
 1014 0543 9C030000 		.4byte	0x39c
 1015 0547 52050000 		.4byte	0x552
 1016 054b 0D       		.uleb128 0xd
 1017 054c BC000000 		.4byte	0xbc
 1018 0550 FE       		.byte	0xfe
 1019 0551 00       		.byte	0
 1020 0552 17       		.uleb128 0x17
 1021 0553 2D0C0000 		.4byte	.LASF155
 1022 0557 01       		.byte	0x1
 1023 0558 18       		.byte	0x18
 1024 0559 42050000 		.4byte	0x542
 1025 055d 05       		.uleb128 0x5
 1026 055e 03       		.byte	0x3
 1027 055f 00000000 		.4byte	peerAddr
 1028 0563 17       		.uleb128 0x17
 1029 0564 DF050000 		.4byte	.LASF156
 1030 0568 01       		.byte	0x1
 1031 0569 19       		.byte	0x19
 1032 056a 6B000000 		.4byte	0x6b
 1033 056e 05       		.uleb128 0x5
 1034 056f 03       		.byte	0x3
 1035 0570 00000000 		.4byte	DevicesNearBy
 1036 0574 00       		.byte	0
 1037              		.section	.debug_abbrev,"",%progbits
 1038              	.Ldebug_abbrev0:
 1039 0000 01       		.uleb128 0x1
 1040 0001 11       		.uleb128 0x11
 1041 0002 01       		.byte	0x1
 1042 0003 25       		.uleb128 0x25
 1043 0004 0E       		.uleb128 0xe
 1044 0005 13       		.uleb128 0x13
 1045 0006 0B       		.uleb128 0xb
 1046 0007 03       		.uleb128 0x3
 1047 0008 0E       		.uleb128 0xe
 1048 0009 1B       		.uleb128 0x1b
 1049 000a 0E       		.uleb128 0xe
 1050 000b 55       		.uleb128 0x55
 1051 000c 17       		.uleb128 0x17
ARM GAS  C:\Users\megan\AppData\Local\Temp\ccoxKlKZ.s 			page 22


 1052 000d 11       		.uleb128 0x11
 1053 000e 01       		.uleb128 0x1
 1054 000f 10       		.uleb128 0x10
 1055 0010 17       		.uleb128 0x17
 1056 0011 00       		.byte	0
 1057 0012 00       		.byte	0
 1058 0013 02       		.uleb128 0x2
 1059 0014 24       		.uleb128 0x24
 1060 0015 00       		.byte	0
 1061 0016 0B       		.uleb128 0xb
 1062 0017 0B       		.uleb128 0xb
 1063 0018 3E       		.uleb128 0x3e
 1064 0019 0B       		.uleb128 0xb
 1065 001a 03       		.uleb128 0x3
 1066 001b 0E       		.uleb128 0xe
 1067 001c 00       		.byte	0
 1068 001d 00       		.byte	0
 1069 001e 03       		.uleb128 0x3
 1070 001f 24       		.uleb128 0x24
 1071 0020 00       		.byte	0
 1072 0021 0B       		.uleb128 0xb
 1073 0022 0B       		.uleb128 0xb
 1074 0023 3E       		.uleb128 0x3e
 1075 0024 0B       		.uleb128 0xb
 1076 0025 03       		.uleb128 0x3
 1077 0026 08       		.uleb128 0x8
 1078 0027 00       		.byte	0
 1079 0028 00       		.byte	0
 1080 0029 04       		.uleb128 0x4
 1081 002a 16       		.uleb128 0x16
 1082 002b 00       		.byte	0
 1083 002c 03       		.uleb128 0x3
 1084 002d 0E       		.uleb128 0xe
 1085 002e 3A       		.uleb128 0x3a
 1086 002f 0B       		.uleb128 0xb
 1087 0030 3B       		.uleb128 0x3b
 1088 0031 05       		.uleb128 0x5
 1089 0032 49       		.uleb128 0x49
 1090 0033 13       		.uleb128 0x13
 1091 0034 00       		.byte	0
 1092 0035 00       		.byte	0
 1093 0036 05       		.uleb128 0x5
 1094 0037 35       		.uleb128 0x35
 1095 0038 00       		.byte	0
 1096 0039 49       		.uleb128 0x49
 1097 003a 13       		.uleb128 0x13
 1098 003b 00       		.byte	0
 1099 003c 00       		.byte	0
 1100 003d 06       		.uleb128 0x6
 1101 003e 0F       		.uleb128 0xf
 1102 003f 00       		.byte	0
 1103 0040 0B       		.uleb128 0xb
 1104 0041 0B       		.uleb128 0xb
 1105 0042 00       		.byte	0
 1106 0043 00       		.byte	0
 1107 0044 07       		.uleb128 0x7
 1108 0045 04       		.uleb128 0x4
ARM GAS  C:\Users\megan\AppData\Local\Temp\ccoxKlKZ.s 			page 23


 1109 0046 01       		.byte	0x1
 1110 0047 0B       		.uleb128 0xb
 1111 0048 0B       		.uleb128 0xb
 1112 0049 49       		.uleb128 0x49
 1113 004a 13       		.uleb128 0x13
 1114 004b 3A       		.uleb128 0x3a
 1115 004c 0B       		.uleb128 0xb
 1116 004d 3B       		.uleb128 0x3b
 1117 004e 05       		.uleb128 0x5
 1118 004f 01       		.uleb128 0x1
 1119 0050 13       		.uleb128 0x13
 1120 0051 00       		.byte	0
 1121 0052 00       		.byte	0
 1122 0053 08       		.uleb128 0x8
 1123 0054 28       		.uleb128 0x28
 1124 0055 00       		.byte	0
 1125 0056 03       		.uleb128 0x3
 1126 0057 0E       		.uleb128 0xe
 1127 0058 1C       		.uleb128 0x1c
 1128 0059 0B       		.uleb128 0xb
 1129 005a 00       		.byte	0
 1130 005b 00       		.byte	0
 1131 005c 09       		.uleb128 0x9
 1132 005d 28       		.uleb128 0x28
 1133 005e 00       		.byte	0
 1134 005f 03       		.uleb128 0x3
 1135 0060 0E       		.uleb128 0xe
 1136 0061 1C       		.uleb128 0x1c
 1137 0062 05       		.uleb128 0x5
 1138 0063 00       		.byte	0
 1139 0064 00       		.byte	0
 1140 0065 0A       		.uleb128 0xa
 1141 0066 13       		.uleb128 0x13
 1142 0067 01       		.byte	0x1
 1143 0068 0B       		.uleb128 0xb
 1144 0069 0B       		.uleb128 0xb
 1145 006a 3A       		.uleb128 0x3a
 1146 006b 0B       		.uleb128 0xb
 1147 006c 3B       		.uleb128 0x3b
 1148 006d 05       		.uleb128 0x5
 1149 006e 01       		.uleb128 0x1
 1150 006f 13       		.uleb128 0x13
 1151 0070 00       		.byte	0
 1152 0071 00       		.byte	0
 1153 0072 0B       		.uleb128 0xb
 1154 0073 0D       		.uleb128 0xd
 1155 0074 00       		.byte	0
 1156 0075 03       		.uleb128 0x3
 1157 0076 0E       		.uleb128 0xe
 1158 0077 3A       		.uleb128 0x3a
 1159 0078 0B       		.uleb128 0xb
 1160 0079 3B       		.uleb128 0x3b
 1161 007a 05       		.uleb128 0x5
 1162 007b 49       		.uleb128 0x49
 1163 007c 13       		.uleb128 0x13
 1164 007d 38       		.uleb128 0x38
 1165 007e 0B       		.uleb128 0xb
ARM GAS  C:\Users\megan\AppData\Local\Temp\ccoxKlKZ.s 			page 24


 1166 007f 00       		.byte	0
 1167 0080 00       		.byte	0
 1168 0081 0C       		.uleb128 0xc
 1169 0082 01       		.uleb128 0x1
 1170 0083 01       		.byte	0x1
 1171 0084 49       		.uleb128 0x49
 1172 0085 13       		.uleb128 0x13
 1173 0086 01       		.uleb128 0x1
 1174 0087 13       		.uleb128 0x13
 1175 0088 00       		.byte	0
 1176 0089 00       		.byte	0
 1177 008a 0D       		.uleb128 0xd
 1178 008b 21       		.uleb128 0x21
 1179 008c 00       		.byte	0
 1180 008d 49       		.uleb128 0x49
 1181 008e 13       		.uleb128 0x13
 1182 008f 2F       		.uleb128 0x2f
 1183 0090 0B       		.uleb128 0xb
 1184 0091 00       		.byte	0
 1185 0092 00       		.byte	0
 1186 0093 0E       		.uleb128 0xe
 1187 0094 0F       		.uleb128 0xf
 1188 0095 00       		.byte	0
 1189 0096 0B       		.uleb128 0xb
 1190 0097 0B       		.uleb128 0xb
 1191 0098 49       		.uleb128 0x49
 1192 0099 13       		.uleb128 0x13
 1193 009a 00       		.byte	0
 1194 009b 00       		.byte	0
 1195 009c 0F       		.uleb128 0xf
 1196 009d 04       		.uleb128 0x4
 1197 009e 01       		.byte	0x1
 1198 009f 0B       		.uleb128 0xb
 1199 00a0 0B       		.uleb128 0xb
 1200 00a1 49       		.uleb128 0x49
 1201 00a2 13       		.uleb128 0x13
 1202 00a3 3A       		.uleb128 0x3a
 1203 00a4 0B       		.uleb128 0xb
 1204 00a5 3B       		.uleb128 0x3b
 1205 00a6 0B       		.uleb128 0xb
 1206 00a7 01       		.uleb128 0x1
 1207 00a8 13       		.uleb128 0x13
 1208 00a9 00       		.byte	0
 1209 00aa 00       		.byte	0
 1210 00ab 10       		.uleb128 0x10
 1211 00ac 2E       		.uleb128 0x2e
 1212 00ad 00       		.byte	0
 1213 00ae 3F       		.uleb128 0x3f
 1214 00af 19       		.uleb128 0x19
 1215 00b0 03       		.uleb128 0x3
 1216 00b1 0E       		.uleb128 0xe
 1217 00b2 3A       		.uleb128 0x3a
 1218 00b3 0B       		.uleb128 0xb
 1219 00b4 3B       		.uleb128 0x3b
 1220 00b5 0B       		.uleb128 0xb
 1221 00b6 49       		.uleb128 0x49
 1222 00b7 13       		.uleb128 0x13
ARM GAS  C:\Users\megan\AppData\Local\Temp\ccoxKlKZ.s 			page 25


 1223 00b8 11       		.uleb128 0x11
 1224 00b9 01       		.uleb128 0x1
 1225 00ba 12       		.uleb128 0x12
 1226 00bb 06       		.uleb128 0x6
 1227 00bc 40       		.uleb128 0x40
 1228 00bd 18       		.uleb128 0x18
 1229 00be 9642     		.uleb128 0x2116
 1230 00c0 19       		.uleb128 0x19
 1231 00c1 00       		.byte	0
 1232 00c2 00       		.byte	0
 1233 00c3 11       		.uleb128 0x11
 1234 00c4 2E       		.uleb128 0x2e
 1235 00c5 01       		.byte	0x1
 1236 00c6 3F       		.uleb128 0x3f
 1237 00c7 19       		.uleb128 0x19
 1238 00c8 03       		.uleb128 0x3
 1239 00c9 0E       		.uleb128 0xe
 1240 00ca 3A       		.uleb128 0x3a
 1241 00cb 0B       		.uleb128 0xb
 1242 00cc 3B       		.uleb128 0x3b
 1243 00cd 0B       		.uleb128 0xb
 1244 00ce 27       		.uleb128 0x27
 1245 00cf 19       		.uleb128 0x19
 1246 00d0 11       		.uleb128 0x11
 1247 00d1 01       		.uleb128 0x1
 1248 00d2 12       		.uleb128 0x12
 1249 00d3 06       		.uleb128 0x6
 1250 00d4 40       		.uleb128 0x40
 1251 00d5 18       		.uleb128 0x18
 1252 00d6 9742     		.uleb128 0x2117
 1253 00d8 19       		.uleb128 0x19
 1254 00d9 01       		.uleb128 0x1
 1255 00da 13       		.uleb128 0x13
 1256 00db 00       		.byte	0
 1257 00dc 00       		.byte	0
 1258 00dd 12       		.uleb128 0x12
 1259 00de 05       		.uleb128 0x5
 1260 00df 00       		.byte	0
 1261 00e0 03       		.uleb128 0x3
 1262 00e1 0E       		.uleb128 0xe
 1263 00e2 3A       		.uleb128 0x3a
 1264 00e3 0B       		.uleb128 0xb
 1265 00e4 3B       		.uleb128 0x3b
 1266 00e5 0B       		.uleb128 0xb
 1267 00e6 49       		.uleb128 0x49
 1268 00e7 13       		.uleb128 0x13
 1269 00e8 02       		.uleb128 0x2
 1270 00e9 18       		.uleb128 0x18
 1271 00ea 00       		.byte	0
 1272 00eb 00       		.byte	0
 1273 00ec 13       		.uleb128 0x13
 1274 00ed 34       		.uleb128 0x34
 1275 00ee 00       		.byte	0
 1276 00ef 03       		.uleb128 0x3
 1277 00f0 0E       		.uleb128 0xe
 1278 00f1 3A       		.uleb128 0x3a
 1279 00f2 0B       		.uleb128 0xb
ARM GAS  C:\Users\megan\AppData\Local\Temp\ccoxKlKZ.s 			page 26


 1280 00f3 3B       		.uleb128 0x3b
 1281 00f4 0B       		.uleb128 0xb
 1282 00f5 49       		.uleb128 0x49
 1283 00f6 13       		.uleb128 0x13
 1284 00f7 02       		.uleb128 0x2
 1285 00f8 18       		.uleb128 0x18
 1286 00f9 00       		.byte	0
 1287 00fa 00       		.byte	0
 1288 00fb 14       		.uleb128 0x14
 1289 00fc 34       		.uleb128 0x34
 1290 00fd 00       		.byte	0
 1291 00fe 03       		.uleb128 0x3
 1292 00ff 08       		.uleb128 0x8
 1293 0100 3A       		.uleb128 0x3a
 1294 0101 0B       		.uleb128 0xb
 1295 0102 3B       		.uleb128 0x3b
 1296 0103 0B       		.uleb128 0xb
 1297 0104 49       		.uleb128 0x49
 1298 0105 13       		.uleb128 0x13
 1299 0106 02       		.uleb128 0x2
 1300 0107 18       		.uleb128 0x18
 1301 0108 00       		.byte	0
 1302 0109 00       		.byte	0
 1303 010a 15       		.uleb128 0x15
 1304 010b 2E       		.uleb128 0x2e
 1305 010c 01       		.byte	0x1
 1306 010d 3F       		.uleb128 0x3f
 1307 010e 19       		.uleb128 0x19
 1308 010f 03       		.uleb128 0x3
 1309 0110 0E       		.uleb128 0xe
 1310 0111 3A       		.uleb128 0x3a
 1311 0112 0B       		.uleb128 0xb
 1312 0113 3B       		.uleb128 0x3b
 1313 0114 0B       		.uleb128 0xb
 1314 0115 11       		.uleb128 0x11
 1315 0116 01       		.uleb128 0x1
 1316 0117 12       		.uleb128 0x12
 1317 0118 06       		.uleb128 0x6
 1318 0119 40       		.uleb128 0x40
 1319 011a 18       		.uleb128 0x18
 1320 011b 9642     		.uleb128 0x2116
 1321 011d 19       		.uleb128 0x19
 1322 011e 01       		.uleb128 0x1
 1323 011f 13       		.uleb128 0x13
 1324 0120 00       		.byte	0
 1325 0121 00       		.byte	0
 1326 0122 16       		.uleb128 0x16
 1327 0123 34       		.uleb128 0x34
 1328 0124 00       		.byte	0
 1329 0125 03       		.uleb128 0x3
 1330 0126 0E       		.uleb128 0xe
 1331 0127 3A       		.uleb128 0x3a
 1332 0128 0B       		.uleb128 0xb
 1333 0129 3B       		.uleb128 0x3b
 1334 012a 05       		.uleb128 0x5
 1335 012b 49       		.uleb128 0x49
 1336 012c 13       		.uleb128 0x13
ARM GAS  C:\Users\megan\AppData\Local\Temp\ccoxKlKZ.s 			page 27


 1337 012d 3F       		.uleb128 0x3f
 1338 012e 19       		.uleb128 0x19
 1339 012f 3C       		.uleb128 0x3c
 1340 0130 19       		.uleb128 0x19
 1341 0131 00       		.byte	0
 1342 0132 00       		.byte	0
 1343 0133 17       		.uleb128 0x17
 1344 0134 34       		.uleb128 0x34
 1345 0135 00       		.byte	0
 1346 0136 03       		.uleb128 0x3
 1347 0137 0E       		.uleb128 0xe
 1348 0138 3A       		.uleb128 0x3a
 1349 0139 0B       		.uleb128 0xb
 1350 013a 3B       		.uleb128 0x3b
 1351 013b 0B       		.uleb128 0xb
 1352 013c 49       		.uleb128 0x49
 1353 013d 13       		.uleb128 0x13
 1354 013e 3F       		.uleb128 0x3f
 1355 013f 19       		.uleb128 0x19
 1356 0140 02       		.uleb128 0x2
 1357 0141 18       		.uleb128 0x18
 1358 0142 00       		.byte	0
 1359 0143 00       		.byte	0
 1360 0144 00       		.byte	0
 1361              		.section	.debug_aranges,"",%progbits
 1362 0000 2C000000 		.4byte	0x2c
 1363 0004 0200     		.2byte	0x2
 1364 0006 00000000 		.4byte	.Ldebug_info0
 1365 000a 04       		.byte	0x4
 1366 000b 00       		.byte	0
 1367 000c 0000     		.2byte	0
 1368 000e 0000     		.2byte	0
 1369 0010 00000000 		.4byte	.LFB36
 1370 0014 1C000000 		.4byte	.LFE36-.LFB36
 1371 0018 00000000 		.4byte	.LFB37
 1372 001c B8000000 		.4byte	.LFE37-.LFB37
 1373 0020 00000000 		.4byte	.LFB38
 1374 0024 C8000000 		.4byte	.LFE38-.LFB38
 1375 0028 00000000 		.4byte	0
 1376 002c 00000000 		.4byte	0
 1377              		.section	.debug_ranges,"",%progbits
 1378              	.Ldebug_ranges0:
 1379 0000 00000000 		.4byte	.LFB36
 1380 0004 1C000000 		.4byte	.LFE36
 1381 0008 00000000 		.4byte	.LFB37
 1382 000c B8000000 		.4byte	.LFE37
 1383 0010 00000000 		.4byte	.LFB38
 1384 0014 C8000000 		.4byte	.LFE38
 1385 0018 00000000 		.4byte	0
 1386 001c 00000000 		.4byte	0
 1387              		.section	.debug_line,"",%progbits
 1388              	.Ldebug_line0:
 1389 0000 FC000000 		.section	.debug_str,"MS",%progbits,1
 1389      02007E00 
 1389      00000201 
 1389      FB0E0D00 
 1389      01010101 
ARM GAS  C:\Users\megan\AppData\Local\Temp\ccoxKlKZ.s 			page 28


 1390              	.LASF82:
 1391 0000 4359424C 		.ascii	"CYBLE_EVT_L2CAP_CBFC_RX_CREDIT_IND\000"
 1391      455F4556 
 1391      545F4C32 
 1391      4341505F 
 1391      43424643 
 1392              	.LASF23:
 1393 0023 4359424C 		.ascii	"CYBLE_EVT_STACK_BUSY_STATUS\000"
 1393      455F4556 
 1393      545F5354 
 1393      41434B5F 
 1393      42555359 
 1394              	.LASF140:
 1395 003f 4359424C 		.ascii	"CYBLE_STATE_STOPPED\000"
 1395      455F5354 
 1395      4154455F 
 1395      53544F50 
 1395      50454400 
 1396              	.LASF81:
 1397 0053 4359424C 		.ascii	"CYBLE_EVT_L2CAP_CBFC_DATA_READ\000"
 1397      455F4556 
 1397      545F4C32 
 1397      4341505F 
 1397      43424643 
 1398              	.LASF93:
 1399 0072 4359424C 		.ascii	"CYBLE_ERROR_MEMORY_ALLOCATION_FAILED\000"
 1399      455F4552 
 1399      524F525F 
 1399      4D454D4F 
 1399      52595F41 
 1400              	.LASF131:
 1401 0097 4359424C 		.ascii	"CYBLE_GAPC_SCAN_RSP\000"
 1401      455F4741 
 1401      50435F53 
 1401      43414E5F 
 1401      52535000 
 1402              	.LASF35:
 1403 00ab 4359424C 		.ascii	"CYBLE_EVT_GAP_CONNECTION_UPDATE_COMPLETE\000"
 1403      455F4556 
 1403      545F4741 
 1403      505F434F 
 1403      4E4E4543 
 1404              	.LASF80:
 1405 00d4 4359424C 		.ascii	"CYBLE_EVT_L2CAP_CBFC_DISCONN_CNF\000"
 1405      455F4556 
 1405      545F4C32 
 1405      4341505F 
 1405      43424643 
 1406              	.LASF114:
 1407 00f5 4359424C 		.ascii	"CYBLE_ERROR_UNSUPPORTED_FEATURE_OR_PARAMETER_VALUE\000"
 1407      455F4552 
 1407      524F525F 
 1407      554E5355 
 1407      50504F52 
 1408              	.LASF40:
 1409 0128 4359424C 		.ascii	"CYBLE_EVT_GAP_OOB_GENERATED_NOTIFICATION\000"
 1409      455F4556 
ARM GAS  C:\Users\megan\AppData\Local\Temp\ccoxKlKZ.s 			page 29


 1409      545F4741 
 1409      505F4F4F 
 1409      425F4745 
 1410              	.LASF60:
 1411 0151 4359424C 		.ascii	"CYBLE_EVT_GATTC_READ_MULTI_RSP\000"
 1411      455F4556 
 1411      545F4741 
 1411      5454435F 
 1411      52454144 
 1412              	.LASF65:
 1413 0170 4359424C 		.ascii	"CYBLE_EVT_GATTS_EXEC_WRITE_REQ\000"
 1413      455F4556 
 1413      545F4741 
 1413      5454535F 
 1413      45584543 
 1414              	.LASF77:
 1415 018f 4359424C 		.ascii	"CYBLE_EVT_L2CAP_CBFC_CONN_IND\000"
 1415      455F4556 
 1415      545F4C32 
 1415      4341505F 
 1415      43424643 
 1416              	.LASF125:
 1417 01ad 74797065 		.ascii	"type\000"
 1417      00
 1418              	.LASF20:
 1419 01b2 4359424C 		.ascii	"CYBLE_EVT_TIMEOUT\000"
 1419      455F4556 
 1419      545F5449 
 1419      4D454F55 
 1419      5400
 1420              	.LASF4:
 1421 01c4 6C6F6E67 		.ascii	"long int\000"
 1421      20696E74 
 1421      00
 1422              	.LASF150:
 1423 01cd 7363616E 		.ascii	"scan_result\000"
 1423      5F726573 
 1423      756C7400 
 1424              	.LASF162:
 1425 01d9 424C455F 		.ascii	"BLE_Connect\000"
 1425      436F6E6E 
 1425      65637400 
 1426              	.LASF103:
 1427 01e5 4359424C 		.ascii	"CYBLE_ERROR_L2CAP_PSM_WRONG_ENCODING\000"
 1427      455F4552 
 1427      524F525F 
 1427      4C324341 
 1427      505F5053 
 1428              	.LASF94:
 1429 020a 4359424C 		.ascii	"CYBLE_ERROR_INSUFFICIENT_RESOURCES\000"
 1429      455F4552 
 1429      524F525F 
 1429      494E5355 
 1429      46464943 
 1430              	.LASF22:
 1431 022d 4359424C 		.ascii	"CYBLE_EVT_HCI_STATUS\000"
 1431      455F4556 
ARM GAS  C:\Users\megan\AppData\Local\Temp\ccoxKlKZ.s 			page 30


 1431      545F4843 
 1431      495F5354 
 1431      41545553 
 1432              	.LASF36:
 1433 0242 4359424C 		.ascii	"CYBLE_EVT_GAPC_SCAN_START_STOP\000"
 1433      455F4556 
 1433      545F4741 
 1433      50435F53 
 1433      43414E5F 
 1434              	.LASF85:
 1435 0261 4359424C 		.ascii	"CYBLE_EVT_PENDING_FLASH_WRITE\000"
 1435      455F4556 
 1435      545F5045 
 1435      4E44494E 
 1435      475F464C 
 1436              	.LASF126:
 1437 027f 4359424C 		.ascii	"CYBLE_GAP_BD_ADDR_T\000"
 1437      455F4741 
 1437      505F4244 
 1437      5F414444 
 1437      525F5400 
 1438              	.LASF102:
 1439 0293 4359424C 		.ascii	"CYBLE_ERROR_SEC_FAILED\000"
 1439      455F4552 
 1439      524F525F 
 1439      5345435F 
 1439      4641494C 
 1440              	.LASF34:
 1441 02aa 4359424C 		.ascii	"CYBLE_EVT_GAP_ENCRYPT_CHANGE\000"
 1441      455F4556 
 1441      545F4741 
 1441      505F454E 
 1441      43525950 
 1442              	.LASF38:
 1443 02c7 4359424C 		.ascii	"CYBLE_EVT_GAP_NUMERIC_COMPARISON_REQUEST\000"
 1443      455F4556 
 1443      545F4741 
 1443      505F4E55 
 1443      4D455249 
 1444              	.LASF6:
 1445 02f0 6C6F6E67 		.ascii	"long long int\000"
 1445      206C6F6E 
 1445      6720696E 
 1445      7400
 1446              	.LASF0:
 1447 02fe 7369676E 		.ascii	"signed char\000"
 1447      65642063 
 1447      68617200 
 1448              	.LASF19:
 1449 030a 4359424C 		.ascii	"CYBLE_EVT_STACK_ON\000"
 1449      455F4556 
 1449      545F5354 
 1449      41434B5F 
 1449      4F4E00
 1450              	.LASF159:
 1451 031d 433A5C55 		.ascii	"C:\\Users\\megan\\Google Drive\\College\\S11 - Spri"
 1451      73657273 
ARM GAS  C:\Users\megan\AppData\Local\Temp\ccoxKlKZ.s 			page 31


 1451      5C6D6567 
 1451      616E5C47 
 1451      6F6F676C 
 1452 034b 6E672032 		.ascii	"ng 2018\\ECEN 4990\\Github\\ECEN4990-CapstoneII\\Ca"
 1452      3031385C 
 1452      4543454E 
 1452      20343939 
 1452      305C4769 
 1453 037a 7073746F 		.ascii	"pstoneII\\CentralBLE.cydsn\000"
 1453      6E654949 
 1453      5C43656E 
 1453      7472616C 
 1453      424C452E 
 1454              	.LASF110:
 1455 0394 4359424C 		.ascii	"CYBLE_ERROR_DEVICE_ALREADY_EXISTS\000"
 1455      455F4552 
 1455      524F525F 
 1455      44455649 
 1455      43455F41 
 1456              	.LASF97:
 1457 03b6 4359424C 		.ascii	"CYBLE_ERROR_NO_DEVICE_ENTITY\000"
 1457      455F4552 
 1457      524F525F 
 1457      4E4F5F44 
 1457      45564943 
 1458              	.LASF147:
 1459 03d3 6576656E 		.ascii	"eventCode\000"
 1459      74436F64 
 1459      6500
 1460              	.LASF26:
 1461 03dd 4359424C 		.ascii	"CYBLE_EVT_GAP_AUTH_REQ\000"
 1461      455F4556 
 1461      545F4741 
 1461      505F4155 
 1461      54485F52 
 1462              	.LASF58:
 1463 03f4 4359424C 		.ascii	"CYBLE_EVT_GATTC_READ_RSP\000"
 1463      455F4556 
 1463      545F4741 
 1463      5454435F 
 1463      52454144 
 1464              	.LASF121:
 1465 040d 4359424C 		.ascii	"CYBLE_ERROR_INVALID_STATE\000"
 1465      455F4552 
 1465      524F525F 
 1465      494E5641 
 1465      4C49445F 
 1466              	.LASF63:
 1467 0427 4359424C 		.ascii	"CYBLE_EVT_GATTS_WRITE_CMD_REQ\000"
 1467      455F4556 
 1467      545F4741 
 1467      5454535F 
 1467      57524954 
 1468              	.LASF145:
 1469 0445 4359424C 		.ascii	"CYBLE_STATE_DISCONNECTED\000"
 1469      455F5354 
 1469      4154455F 
ARM GAS  C:\Users\megan\AppData\Local\Temp\ccoxKlKZ.s 			page 32


 1469      44495343 
 1469      4F4E4E45 
 1470              	.LASF31:
 1471 045e 4359424C 		.ascii	"CYBLE_EVT_GAPP_ADVERTISEMENT_START_STOP\000"
 1471      455F4556 
 1471      545F4741 
 1471      50505F41 
 1471      44564552 
 1472              	.LASF108:
 1473 0486 4359424C 		.ascii	"CYBLE_ERROR_L2CAP_PSM_NOT_IN_RANGE\000"
 1473      455F4552 
 1473      524F525F 
 1473      4C324341 
 1473      505F5053 
 1474              	.LASF9:
 1475 04a9 75696E74 		.ascii	"uint8\000"
 1475      3800
 1476              	.LASF135:
 1477 04af 70656572 		.ascii	"peerBdAddr\000"
 1477      42644164 
 1477      647200
 1478              	.LASF66:
 1479 04ba 4359424C 		.ascii	"CYBLE_EVT_GATTC_EXEC_WRITE_RSP\000"
 1479      455F4556 
 1479      545F4741 
 1479      5454435F 
 1479      45584543 
 1480              	.LASF13:
 1481 04d9 646F7562 		.ascii	"double\000"
 1481      6C6500
 1482              	.LASF91:
 1483 04e0 4359424C 		.ascii	"CYBLE_ERROR_INVALID_PARAMETER\000"
 1483      455F4552 
 1483      524F525F 
 1483      494E5641 
 1483      4C49445F 
 1484              	.LASF10:
 1485 04fe 75696E74 		.ascii	"uint32\000"
 1485      333200
 1486              	.LASF89:
 1487 0505 4359424C 		.ascii	"CYBLE_EVT_MAX\000"
 1487      455F4556 
 1487      545F4D41 
 1487      5800
 1488              	.LASF90:
 1489 0513 4359424C 		.ascii	"CYBLE_ERROR_OK\000"
 1489      455F4552 
 1489      524F525F 
 1489      4F4B00
 1490              	.LASF49:
 1491 0522 4359424C 		.ascii	"CYBLE_EVT_GATTC_ERROR_RSP\000"
 1491      455F4556 
 1491      545F4741 
 1491      5454435F 
 1491      4552524F 
 1492              	.LASF74:
 1493 053c 4359424C 		.ascii	"CYBLE_EVT_L2CAP_CONN_PARAM_UPDATE_REQ\000"
ARM GAS  C:\Users\megan\AppData\Local\Temp\ccoxKlKZ.s 			page 33


 1493      455F4556 
 1493      545F4C32 
 1493      4341505F 
 1493      434F4E4E 
 1494              	.LASF136:
 1495 0562 64617461 		.ascii	"dataLen\000"
 1495      4C656E00 
 1496              	.LASF84:
 1497 056a 4359424C 		.ascii	"CYBLE_EVT_L2CAP_CBFC_DATA_WRITE_IND\000"
 1497      455F4556 
 1497      545F4C32 
 1497      4341505F 
 1497      43424643 
 1498              	.LASF46:
 1499 058e 4359424C 		.ascii	"CYBLE_EVT_GAP_SCAN_REQ_RECVD\000"
 1499      455F4556 
 1499      545F4741 
 1499      505F5343 
 1499      414E5F52 
 1500              	.LASF7:
 1501 05ab 6C6F6E67 		.ascii	"long long unsigned int\000"
 1501      206C6F6E 
 1501      6720756E 
 1501      7369676E 
 1501      65642069 
 1502              	.LASF128:
 1503 05c2 4359424C 		.ascii	"CYBLE_GAPC_CONN_DIRECTED_ADV\000"
 1503      455F4741 
 1503      50435F43 
 1503      4F4E4E5F 
 1503      44495245 
 1504              	.LASF156:
 1505 05df 44657669 		.ascii	"DevicesNearBy\000"
 1505      6365734E 
 1505      65617242 
 1505      7900
 1506              	.LASF71:
 1507 05ed 4359424C 		.ascii	"CYBLE_EVT_GATTC_STOP_CMD_COMPLETE\000"
 1507      455F4556 
 1507      545F4741 
 1507      5454435F 
 1507      53544F50 
 1508              	.LASF95:
 1509 060f 4359424C 		.ascii	"CYBLE_ERROR_OOB_NOT_AVAILABLE\000"
 1509      455F4552 
 1509      524F525F 
 1509      4F4F425F 
 1509      4E4F545F 
 1510              	.LASF86:
 1511 062d 4359424C 		.ascii	"CYBLE_EVT_LE_PING_AUTH_TIMEOUT\000"
 1511      455F4556 
 1511      545F4C45 
 1511      5F50494E 
 1511      475F4155 
 1512              	.LASF104:
 1513 064c 4359424C 		.ascii	"CYBLE_ERROR_L2CAP_PSM_ALREADY_REGISTERED\000"
 1513      455F4552 
ARM GAS  C:\Users\megan\AppData\Local\Temp\ccoxKlKZ.s 			page 34


 1513      524F525F 
 1513      4C324341 
 1513      505F5053 
 1514              	.LASF5:
 1515 0675 6C6F6E67 		.ascii	"long unsigned int\000"
 1515      20756E73 
 1515      69676E65 
 1515      6420696E 
 1515      7400
 1516              	.LASF45:
 1517 0687 4359424C 		.ascii	"CYBLE_EVT_GAP_CONN_ESTB\000"
 1517      455F4556 
 1517      545F4741 
 1517      505F434F 
 1517      4E4E5F45 
 1518              	.LASF61:
 1519 069f 4359424C 		.ascii	"CYBLE_EVT_GATTS_WRITE_REQ\000"
 1519      455F4556 
 1519      545F4741 
 1519      5454535F 
 1519      57524954 
 1520              	.LASF53:
 1521 06b9 4359424C 		.ascii	"CYBLE_EVT_GATTC_XCHNG_MTU_RSP\000"
 1521      455F4556 
 1521      545F4741 
 1521      5454435F 
 1521      5843484E 
 1522              	.LASF70:
 1523 06d7 4359424C 		.ascii	"CYBLE_EVT_GATTS_DATA_SIGNED_CMD_REQ\000"
 1523      455F4556 
 1523      545F4741 
 1523      5454535F 
 1523      44415441 
 1524              	.LASF73:
 1525 06fb 4359424C 		.ascii	"CYBLE_EVT_GATTC_LONG_PROCEDURE_END\000"
 1525      455F4556 
 1525      545F4741 
 1525      5454435F 
 1525      4C4F4E47 
 1526              	.LASF107:
 1527 071e 4359424C 		.ascii	"CYBLE_ERROR_L2CAP_CHANNEL_NOT_FOUND\000"
 1527      455F4552 
 1527      524F525F 
 1527      4C324341 
 1527      505F4348 
 1528              	.LASF137:
 1529 0742 64617461 		.ascii	"data\000"
 1529      00
 1530              	.LASF118:
 1531 0747 4359424C 		.ascii	"CYBLE_ERROR_NTF_DISABLED\000"
 1531      455F4552 
 1531      524F525F 
 1531      4E54465F 
 1531      44495341 
 1532              	.LASF18:
 1533 0760 4359424C 		.ascii	"CYBLE_EVT_HOST_INVALID\000"
 1533      455F4556 
ARM GAS  C:\Users\megan\AppData\Local\Temp\ccoxKlKZ.s 			page 35


 1533      545F484F 
 1533      53545F49 
 1533      4E56414C 
 1534              	.LASF56:
 1535 0777 4359424C 		.ascii	"CYBLE_EVT_GATTC_FIND_INFO_RSP\000"
 1535      455F4556 
 1535      545F4741 
 1535      5454435F 
 1535      46494E44 
 1536              	.LASF24:
 1537 0795 4359424C 		.ascii	"CYBLE_EVT_MEMORY_REQUEST\000"
 1537      455F4556 
 1537      545F4D45 
 1537      4D4F5259 
 1537      5F524551 
 1538              	.LASF11:
 1539 07ae 696E7438 		.ascii	"int8\000"
 1539      00
 1540              	.LASF124:
 1541 07b3 62644164 		.ascii	"bdAddr\000"
 1541      647200
 1542              	.LASF27:
 1543 07ba 4359424C 		.ascii	"CYBLE_EVT_GAP_PASSKEY_ENTRY_REQUEST\000"
 1543      455F4556 
 1543      545F4741 
 1543      505F5041 
 1543      53534B45 
 1544              	.LASF32:
 1545 07de 4359424C 		.ascii	"CYBLE_EVT_GAP_DEVICE_CONNECTED\000"
 1545      455F4556 
 1545      545F4741 
 1545      505F4445 
 1545      56494345 
 1546              	.LASF158:
 1547 07fd 6D61696E 		.ascii	"main.c\000"
 1547      2E6300
 1548              	.LASF47:
 1549 0804 4359424C 		.ascii	"CYBLE_EVT_GAP_AUTH_REQ_REPLY_ERR\000"
 1549      455F4556 
 1549      545F4741 
 1549      505F4155 
 1549      54485F52 
 1550              	.LASF154:
 1551 0825 6379426C 		.ascii	"cyBle_state\000"
 1551      655F7374 
 1551      61746500 
 1552              	.LASF157:
 1553 0831 474E5520 		.ascii	"GNU C11 5.4.1 20160609 (release) [ARM/embedded-5-br"
 1553      43313120 
 1553      352E342E 
 1553      31203230 
 1553      31363036 
 1554 0864 616E6368 		.ascii	"anch revision 237715] -mcpu=cortex-m0 -mthumb -g -O"
 1554      20726576 
 1554      6973696F 
 1554      6E203233 
 1554      37373135 
ARM GAS  C:\Users\megan\AppData\Local\Temp\ccoxKlKZ.s 			page 36


 1555 0897 30202D66 		.ascii	"0 -ffunction-sections -ffat-lto-objects\000"
 1555      66756E63 
 1555      74696F6E 
 1555      2D736563 
 1555      74696F6E 
 1556              	.LASF50:
 1557 08bf 4359424C 		.ascii	"CYBLE_EVT_GATT_CONNECT_IND\000"
 1557      455F4556 
 1557      545F4741 
 1557      54545F43 
 1557      4F4E4E45 
 1558              	.LASF76:
 1559 08da 4359424C 		.ascii	"CYBLE_EVT_L2CAP_COMMAND_REJ\000"
 1559      455F4556 
 1559      545F4C32 
 1559      4341505F 
 1559      434F4D4D 
 1560              	.LASF15:
 1561 08f6 72656733 		.ascii	"reg32\000"
 1561      3200
 1562              	.LASF25:
 1563 08fc 4359424C 		.ascii	"CYBLE_EVT_GAPC_SCAN_PROGRESS_RESULT\000"
 1563      455F4556 
 1563      545F4741 
 1563      50435F53 
 1563      43414E5F 
 1564              	.LASF130:
 1565 0920 4359424C 		.ascii	"CYBLE_GAPC_NON_CONN_UNDIRECTED_ADV\000"
 1565      455F4741 
 1565      50435F4E 
 1565      4F4E5F43 
 1565      4F4E4E5F 
 1566              	.LASF48:
 1567 0943 4359424C 		.ascii	"CYBLE_EVT_GAP_SMP_LOC_P256_KEYS_GEN_AND_SET_COMPLET"
 1567      455F4556 
 1567      545F4741 
 1567      505F534D 
 1567      505F4C4F 
 1568 0976 4500     		.ascii	"E\000"
 1569              	.LASF117:
 1570 0978 4359424C 		.ascii	"CYBLE_ERROR_MAX\000"
 1570      455F4552 
 1570      524F525F 
 1570      4D415800 
 1571              	.LASF115:
 1572 0988 4359424C 		.ascii	"CYBLE_ERROR_FLASH_WRITE\000"
 1572      455F4552 
 1572      524F525F 
 1572      464C4153 
 1572      485F5752 
 1573              	.LASF55:
 1574 09a0 4359424C 		.ascii	"CYBLE_EVT_GATTC_READ_BY_TYPE_RSP\000"
 1574      455F4556 
 1574      545F4741 
 1574      5454435F 
 1574      52454144 
 1575              	.LASF17:
ARM GAS  C:\Users\megan\AppData\Local\Temp\ccoxKlKZ.s 			page 37


 1576 09c1 73697A65 		.ascii	"sizetype\000"
 1576      74797065 
 1576      00
 1577              	.LASF141:
 1578 09ca 4359424C 		.ascii	"CYBLE_STATE_INITIALIZING\000"
 1578      455F5354 
 1578      4154455F 
 1578      494E4954 
 1578      49414C49 
 1579              	.LASF30:
 1580 09e3 4359424C 		.ascii	"CYBLE_EVT_GAP_AUTH_FAILED\000"
 1580      455F4556 
 1580      545F4741 
 1580      505F4155 
 1580      54485F46 
 1581              	.LASF62:
 1582 09fd 4359424C 		.ascii	"CYBLE_EVT_GATTC_WRITE_RSP\000"
 1582      455F4556 
 1582      545F4741 
 1582      5454435F 
 1582      57524954 
 1583              	.LASF43:
 1584 0a17 4359424C 		.ascii	"CYBLE_EVT_GAPC_DIRECT_ADV_REPORT\000"
 1584      455F4556 
 1584      545F4741 
 1584      50435F44 
 1584      49524543 
 1585              	.LASF41:
 1586 0a38 4359424C 		.ascii	"CYBLE_EVT_GAP_DATA_LENGTH_CHANGE\000"
 1586      455F4556 
 1586      545F4741 
 1586      505F4441 
 1586      54415F4C 
 1587              	.LASF29:
 1588 0a59 4359424C 		.ascii	"CYBLE_EVT_GAP_AUTH_COMPLETE\000"
 1588      455F4556 
 1588      545F4741 
 1588      505F4155 
 1588      54485F43 
 1589              	.LASF123:
 1590 0a75 4359424C 		.ascii	"CYBLE_API_RESULT_T\000"
 1590      455F4150 
 1590      495F5245 
 1590      53554C54 
 1590      5F5400
 1591              	.LASF67:
 1592 0a88 4359424C 		.ascii	"CYBLE_EVT_GATTC_HANDLE_VALUE_NTF\000"
 1592      455F4556 
 1592      545F4741 
 1592      5454435F 
 1592      48414E44 
 1593              	.LASF119:
 1594 0aa9 4359424C 		.ascii	"CYBLE_ERROR_IND_DISABLED\000"
 1594      455F4552 
 1594      524F525F 
 1594      494E445F 
 1594      44495341 
ARM GAS  C:\Users\megan\AppData\Local\Temp\ccoxKlKZ.s 			page 38


 1595              	.LASF132:
 1596 0ac2 4359424C 		.ascii	"CYBLE_GAPC_ADV_EVENT_T\000"
 1596      455F4741 
 1596      50435F41 
 1596      44565F45 
 1596      56454E54 
 1597              	.LASF78:
 1598 0ad9 4359424C 		.ascii	"CYBLE_EVT_L2CAP_CBFC_CONN_CNF\000"
 1598      455F4556 
 1598      545F4C32 
 1598      4341505F 
 1598      43424643 
 1599              	.LASF54:
 1600 0af7 4359424C 		.ascii	"CYBLE_EVT_GATTC_READ_BY_GROUP_TYPE_RSP\000"
 1600      455F4556 
 1600      545F4741 
 1600      5454435F 
 1600      52454144 
 1601              	.LASF134:
 1602 0b1e 70656572 		.ascii	"peerAddrType\000"
 1602      41646472 
 1602      54797065 
 1602      00
 1603              	.LASF12:
 1604 0b2b 666C6F61 		.ascii	"float\000"
 1604      7400
 1605              	.LASF153:
 1606 0b31 70657269 		.ascii	"peripheral_addr\000"
 1606      70686572 
 1606      616C5F61 
 1606      64647200 
 1607              	.LASF100:
 1608 0b41 4359424C 		.ascii	"CYBLE_ERROR_TX_POWER_READ\000"
 1608      455F4552 
 1608      524F525F 
 1608      54585F50 
 1608      4F574552 
 1609              	.LASF120:
 1610 0b5b 4359424C 		.ascii	"CYBLE_ERROR_CHAR_IS_NOT_DISCOVERED\000"
 1610      455F4552 
 1610      524F525F 
 1610      43484152 
 1610      5F49535F 
 1611              	.LASF1:
 1612 0b7e 756E7369 		.ascii	"unsigned char\000"
 1612      676E6564 
 1612      20636861 
 1612      7200
 1613              	.LASF39:
 1614 0b8c 4359424C 		.ascii	"CYBLE_EVT_GAP_KEYPRESS_NOTIFICATION\000"
 1614      455F4556 
 1614      545F4741 
 1614      505F4B45 
 1614      59505245 
 1615              	.LASF144:
 1616 0bb0 4359424C 		.ascii	"CYBLE_STATE_CONNECTING\000"
 1616      455F5354 
ARM GAS  C:\Users\megan\AppData\Local\Temp\ccoxKlKZ.s 			page 39


 1616      4154455F 
 1616      434F4E4E 
 1616      45435449 
 1617              	.LASF2:
 1618 0bc7 73686F72 		.ascii	"short int\000"
 1618      7420696E 
 1618      7400
 1619              	.LASF68:
 1620 0bd1 4359424C 		.ascii	"CYBLE_EVT_GATTC_HANDLE_VALUE_IND\000"
 1620      455F4556 
 1620      545F4741 
 1620      5454435F 
 1620      48414E44 
 1621              	.LASF87:
 1622 0bf2 4359424C 		.ascii	"CYBLE_EVT_HCI_PKT\000"
 1622      455F4556 
 1622      545F4843 
 1622      495F504B 
 1622      5400
 1623              	.LASF96:
 1624 0c04 4359424C 		.ascii	"CYBLE_ERROR_NO_CONNECTION\000"
 1624      455F4552 
 1624      524F525F 
 1624      4E4F5F43 
 1624      4F4E4E45 
 1625              	.LASF151:
 1626 0c1e 636F6E6E 		.ascii	"connect_result\000"
 1626      6563745F 
 1626      72657375 
 1626      6C7400
 1627              	.LASF155:
 1628 0c2d 70656572 		.ascii	"peerAddr\000"
 1628      41646472 
 1628      00
 1629              	.LASF64:
 1630 0c36 4359424C 		.ascii	"CYBLE_EVT_GATTS_PREP_WRITE_REQ\000"
 1630      455F4556 
 1630      545F4741 
 1630      5454535F 
 1630      50524550 
 1631              	.LASF113:
 1632 0c55 4359424C 		.ascii	"CYBLE_ERROR_HARDWARE_FAILURE\000"
 1632      455F4552 
 1632      524F525F 
 1632      48415244 
 1632      57415245 
 1633              	.LASF69:
 1634 0c72 4359424C 		.ascii	"CYBLE_EVT_GATTS_HANDLE_VALUE_CNF\000"
 1634      455F4556 
 1634      545F4741 
 1634      5454535F 
 1634      48414E44 
 1635              	.LASF98:
 1636 0c93 4359424C 		.ascii	"CYBLE_ERROR_REPEATED_ATTEMPTS\000"
 1636      455F4552 
 1636      524F525F 
 1636      52455045 
ARM GAS  C:\Users\megan\AppData\Local\Temp\ccoxKlKZ.s 			page 40


 1636      41544544 
 1637              	.LASF44:
 1638 0cb1 4359424C 		.ascii	"CYBLE_EVT_GAP_SMP_NEGOTIATED_AUTH_INFO\000"
 1638      455F4556 
 1638      545F4741 
 1638      505F534D 
 1638      505F4E45 
 1639              	.LASF143:
 1640 0cd8 4359424C 		.ascii	"CYBLE_STATE_SCANNING\000"
 1640      455F5354 
 1640      4154455F 
 1640      5343414E 
 1640      4E494E47 
 1641              	.LASF122:
 1642 0ced 4359424C 		.ascii	"CYBLE_ERROR_STACK_BUSY\000"
 1642      455F4552 
 1642      524F525F 
 1642      53544143 
 1642      4B5F4255 
 1643              	.LASF16:
 1644 0d04 6C6F6E67 		.ascii	"long double\000"
 1644      20646F75 
 1644      626C6500 
 1645              	.LASF14:
 1646 0d10 63686172 		.ascii	"char\000"
 1646      00
 1647              	.LASF101:
 1648 0d15 4359424C 		.ascii	"CYBLE_ERROR_BT_ON_NOT_COMPLETED\000"
 1648      455F4552 
 1648      524F525F 
 1648      42545F4F 
 1648      4E5F4E4F 
 1649              	.LASF33:
 1650 0d35 4359424C 		.ascii	"CYBLE_EVT_GAP_DEVICE_DISCONNECTED\000"
 1650      455F4556 
 1650      545F4741 
 1650      505F4445 
 1650      56494345 
 1651              	.LASF8:
 1652 0d57 756E7369 		.ascii	"unsigned int\000"
 1652      676E6564 
 1652      20696E74 
 1652      00
 1653              	.LASF149:
 1654 0d64 61647652 		.ascii	"advReport\000"
 1654      65706F72 
 1654      7400
 1655              	.LASF72:
 1656 0d6e 4359424C 		.ascii	"CYBLE_EVT_GATTS_READ_CHAR_VAL_ACCESS_REQ\000"
 1656      455F4556 
 1656      545F4741 
 1656      5454535F 
 1656      52454144 
 1657              	.LASF83:
 1658 0d97 4359424C 		.ascii	"CYBLE_EVT_L2CAP_CBFC_TX_CREDIT_IND\000"
 1658      455F4556 
 1658      545F4C32 
ARM GAS  C:\Users\megan\AppData\Local\Temp\ccoxKlKZ.s 			page 41


 1658      4341505F 
 1658      43424643 
 1659              	.LASF111:
 1660 0dba 4359424C 		.ascii	"CYBLE_ERROR_FLASH_WRITE_NOT_PERMITED\000"
 1660      455F4552 
 1660      524F525F 
 1660      464C4153 
 1660      485F5752 
 1661              	.LASF106:
 1662 0ddf 4359424C 		.ascii	"CYBLE_ERROR_L2CAP_CONNECTION_ENTITY_NOT_FOUND\000"
 1662      455F4552 
 1662      524F525F 
 1662      4C324341 
 1662      505F434F 
 1663              	.LASF28:
 1664 0e0d 4359424C 		.ascii	"CYBLE_EVT_GAP_PASSKEY_DISPLAY_REQUEST\000"
 1664      455F4556 
 1664      545F4741 
 1664      505F5041 
 1664      53534B45 
 1665              	.LASF21:
 1666 0e33 4359424C 		.ascii	"CYBLE_EVT_HARDWARE_ERROR\000"
 1666      455F4556 
 1666      545F4841 
 1666      52445741 
 1666      52455F45 
 1667              	.LASF3:
 1668 0e4c 73686F72 		.ascii	"short unsigned int\000"
 1668      7420756E 
 1668      7369676E 
 1668      65642069 
 1668      6E7400
 1669              	.LASF92:
 1670 0e5f 4359424C 		.ascii	"CYBLE_ERROR_INVALID_OPERATION\000"
 1670      455F4552 
 1670      524F525F 
 1670      494E5641 
 1670      4C49445F 
 1671              	.LASF52:
 1672 0e7d 4359424C 		.ascii	"CYBLE_EVT_GATTS_XCNHG_MTU_REQ\000"
 1672      455F4556 
 1672      545F4741 
 1672      5454535F 
 1672      58434E48 
 1673              	.LASF148:
 1674 0e9b 6576656E 		.ascii	"eventParam\000"
 1674      74506172 
 1674      616D00
 1675              	.LASF129:
 1676 0ea6 4359424C 		.ascii	"CYBLE_GAPC_SCAN_UNDIRECTED_ADV\000"
 1676      455F4741 
 1676      50435F53 
 1676      43414E5F 
 1676      554E4449 
 1677              	.LASF146:
 1678 0ec5 4359424C 		.ascii	"CYBLE_STATE_T\000"
 1678      455F5354 
ARM GAS  C:\Users\megan\AppData\Local\Temp\ccoxKlKZ.s 			page 42


 1678      4154455F 
 1678      5400
 1679              	.LASF59:
 1680 0ed3 4359424C 		.ascii	"CYBLE_EVT_GATTC_READ_BLOB_RSP\000"
 1680      455F4556 
 1680      545F4741 
 1680      5454435F 
 1680      52454144 
 1681              	.LASF116:
 1682 0ef1 4359424C 		.ascii	"CYBLE_ERROR_CONTROLLER_BUSY\000"
 1682      455F4552 
 1682      524F525F 
 1682      434F4E54 
 1682      524F4C4C 
 1683              	.LASF161:
 1684 0f0d 53746163 		.ascii	"StackEventHandler\000"
 1684      6B457665 
 1684      6E744861 
 1684      6E646C65 
 1684      7200
 1685              	.LASF112:
 1686 0f1f 4359424C 		.ascii	"CYBLE_ERROR_MIC_AUTH_FAILED\000"
 1686      455F4552 
 1686      524F525F 
 1686      4D49435F 
 1686      41555448 
 1687              	.LASF105:
 1688 0f3b 4359424C 		.ascii	"CYBLE_ERROR_L2CAP_PSM_NOT_REGISTERED\000"
 1688      455F4552 
 1688      524F525F 
 1688      4C324341 
 1688      505F5053 
 1689              	.LASF139:
 1690 0f60 4359424C 		.ascii	"CYBLE_GAPC_ADV_REPORT_T\000"
 1690      455F4741 
 1690      50435F41 
 1690      44565F52 
 1690      45504F52 
 1691              	.LASF142:
 1692 0f78 4359424C 		.ascii	"CYBLE_STATE_CONNECTED\000"
 1692      455F5354 
 1692      4154455F 
 1692      434F4E4E 
 1692      45435445 
 1693              	.LASF57:
 1694 0f8e 4359424C 		.ascii	"CYBLE_EVT_GATTC_FIND_BY_TYPE_VALUE_RSP\000"
 1694      455F4556 
 1694      545F4741 
 1694      5454435F 
 1694      46494E44 
 1695              	.LASF99:
 1696 0fb5 4359424C 		.ascii	"CYBLE_ERROR_GAP_ROLE\000"
 1696      455F4552 
 1696      524F525F 
 1696      4741505F 
 1696      524F4C45 
 1697              	.LASF37:
ARM GAS  C:\Users\megan\AppData\Local\Temp\ccoxKlKZ.s 			page 43


 1698 0fca 4359424C 		.ascii	"CYBLE_EVT_GAP_KEYINFO_EXCHNGE_CMPLT\000"
 1698      455F4556 
 1698      545F4741 
 1698      505F4B45 
 1698      59494E46 
 1699              	.LASF133:
 1700 0fee 6576656E 		.ascii	"eventType\000"
 1700      74547970 
 1700      6500
 1701              	.LASF79:
 1702 0ff8 4359424C 		.ascii	"CYBLE_EVT_L2CAP_CBFC_DISCONN_IND\000"
 1702      455F4556 
 1702      545F4C32 
 1702      4341505F 
 1702      43424643 
 1703              	.LASF138:
 1704 1019 72737369 		.ascii	"rssi\000"
 1704      00
 1705              	.LASF75:
 1706 101e 4359424C 		.ascii	"CYBLE_EVT_L2CAP_CONN_PARAM_UPDATE_RSP\000"
 1706      455F4556 
 1706      545F4C32 
 1706      4341505F 
 1706      434F4E4E 
 1707              	.LASF160:
 1708 1044 6D61696E 		.ascii	"main\000"
 1708      00
 1709              	.LASF42:
 1710 1049 4359424C 		.ascii	"CYBLE_EVT_GAP_ENHANCE_CONN_COMPLETE\000"
 1710      455F4556 
 1710      545F4741 
 1710      505F454E 
 1710      48414E43 
 1711              	.LASF152:
 1712 106d 626C655F 		.ascii	"ble_state\000"
 1712      73746174 
 1712      6500
 1713              	.LASF51:
 1714 1077 4359424C 		.ascii	"CYBLE_EVT_GATT_DISCONNECT_IND\000"
 1714      455F4556 
 1714      545F4741 
 1714      54545F44 
 1714      4953434F 
 1715              	.LASF109:
 1716 1095 4359424C 		.ascii	"CYBLE_ERROR_GATT_DB_INVALID_ATTR_HANDLE\000"
 1716      455F4552 
 1716      524F525F 
 1716      47415454 
 1716      5F44425F 
 1717              	.LASF88:
 1718 10bd 4359424C 		.ascii	"CYBLE_EVT_FLASH_CORRUPT\000"
 1718      455F4556 
 1718      545F464C 
 1718      4153485F 
 1718      434F5252 
 1719              	.LASF127:
 1720 10d5 4359424C 		.ascii	"CYBLE_GAPC_CONN_UNDIRECTED_ADV\000"
ARM GAS  C:\Users\megan\AppData\Local\Temp\ccoxKlKZ.s 			page 44


 1720      455F4741 
 1720      50435F43 
 1720      4F4E4E5F 
 1720      554E4449 
 1721              		.ident	"GCC: (GNU Tools for ARM Embedded Processors) 5.4.1 20160609 (release) [ARM/embedded-5-bran
