ARM GAS  C:\Users\megan\AppData\Local\Temp\ccwdWMeg.s 			page 1


   1              		.syntax unified
   2              		.cpu cortex-m0
   3              		.fpu softvfp
   4              		.eabi_attribute 20, 1
   5              		.eabi_attribute 21, 1
   6              		.eabi_attribute 23, 3
   7              		.eabi_attribute 24, 1
   8              		.eabi_attribute 25, 1
   9              		.eabi_attribute 26, 1
  10              		.eabi_attribute 30, 6
  11              		.eabi_attribute 34, 0
  12              		.eabi_attribute 18, 4
  13              		.thumb
  14              		.syntax unified
  15              		.file	"BLE_1_custom.c"
  16              		.text
  17              	.Ltext0:
  18              		.cfi_sections	.debug_frame
  19              		.global	cyBle_customs
  20              		.section	.rodata
  21              		.align	2
  22              		.type	cyBle_customs, %object
  23              		.size	cyBle_customs, 6
  24              	cyBle_customs:
  25 0000 1A00     		.short	26
  26 0002 1C00     		.short	28
  27 0004 1D00     		.short	29
  28              		.section	.text.CyBle_CustomInit,"ax",%progbits
  29              		.align	2
  30              		.global	CyBle_CustomInit
  31              		.code	16
  32              		.thumb_func
  33              		.type	CyBle_CustomInit, %function
  34              	CyBle_CustomInit:
  35              	.LFB2:
  36              		.file 1 "Generated_Source\\PSoC4\\BLE_1_custom.c"
   1:Generated_Source\PSoC4/BLE_1_custom.c **** /***************************************************************************//**
   2:Generated_Source\PSoC4/BLE_1_custom.c **** * \file CYBLE_custom.c
   3:Generated_Source\PSoC4/BLE_1_custom.c **** * \version 3.30
   4:Generated_Source\PSoC4/BLE_1_custom.c **** * 
   5:Generated_Source\PSoC4/BLE_1_custom.c **** * \brief
   6:Generated_Source\PSoC4/BLE_1_custom.c **** *  Contains the source code for the Custom Service.
   7:Generated_Source\PSoC4/BLE_1_custom.c **** * 
   8:Generated_Source\PSoC4/BLE_1_custom.c **** ********************************************************************************
   9:Generated_Source\PSoC4/BLE_1_custom.c **** * \copyright
  10:Generated_Source\PSoC4/BLE_1_custom.c **** * Copyright 2014-2016, Cypress Semiconductor Corporation.  All rights reserved.
  11:Generated_Source\PSoC4/BLE_1_custom.c **** * You may use this file only in accordance with the license, terms, conditions,
  12:Generated_Source\PSoC4/BLE_1_custom.c **** * disclaimers, and limitations in the end user license agreement accompanying
  13:Generated_Source\PSoC4/BLE_1_custom.c **** * the software package with which this file was provided.
  14:Generated_Source\PSoC4/BLE_1_custom.c **** *******************************************************************************/
  15:Generated_Source\PSoC4/BLE_1_custom.c **** 
  16:Generated_Source\PSoC4/BLE_1_custom.c **** 
  17:Generated_Source\PSoC4/BLE_1_custom.c **** #include "BLE_1_eventHandler.h"
  18:Generated_Source\PSoC4/BLE_1_custom.c **** 
  19:Generated_Source\PSoC4/BLE_1_custom.c **** #ifdef CYBLE_CUSTOM_SERVER
  20:Generated_Source\PSoC4/BLE_1_custom.c **** 
  21:Generated_Source\PSoC4/BLE_1_custom.c **** /* If any custom service with custom characterisctis is defined in the
ARM GAS  C:\Users\megan\AppData\Local\Temp\ccwdWMeg.s 			page 2


  22:Generated_Source\PSoC4/BLE_1_custom.c **** * customizer's GUI their handles will be present in this array.
  23:Generated_Source\PSoC4/BLE_1_custom.c **** */
  24:Generated_Source\PSoC4/BLE_1_custom.c **** /* This array contains attribute handles for the defined Custom Services and their characteristics 
  25:Generated_Source\PSoC4/BLE_1_custom.c ****    The array index definitions are located in the CYBLE_custom.h file. */
  26:Generated_Source\PSoC4/BLE_1_custom.c **** const CYBLE_CUSTOMS_T cyBle_customs[0x01u] = {
  27:Generated_Source\PSoC4/BLE_1_custom.c **** 
  28:Generated_Source\PSoC4/BLE_1_custom.c ****     /* My Service service */
  29:Generated_Source\PSoC4/BLE_1_custom.c ****     {
  30:Generated_Source\PSoC4/BLE_1_custom.c ****         0x001Au, /* Handle of the My Service service */ 
  31:Generated_Source\PSoC4/BLE_1_custom.c ****         {
  32:Generated_Source\PSoC4/BLE_1_custom.c **** 
  33:Generated_Source\PSoC4/BLE_1_custom.c ****             /* Temperature characteristic */
  34:Generated_Source\PSoC4/BLE_1_custom.c ****             {
  35:Generated_Source\PSoC4/BLE_1_custom.c ****                 0x001Cu, /* Handle of the Temperature characteristic */ 
  36:Generated_Source\PSoC4/BLE_1_custom.c ****                 
  37:Generated_Source\PSoC4/BLE_1_custom.c ****                 /* Array of Descriptors handles */
  38:Generated_Source\PSoC4/BLE_1_custom.c ****                 {
  39:Generated_Source\PSoC4/BLE_1_custom.c ****                     0x001Du, /* Handle of the Custom Descriptor descriptor */ 
  40:Generated_Source\PSoC4/BLE_1_custom.c ****                 }, 
  41:Generated_Source\PSoC4/BLE_1_custom.c ****             },
  42:Generated_Source\PSoC4/BLE_1_custom.c ****         }, 
  43:Generated_Source\PSoC4/BLE_1_custom.c ****     },
  44:Generated_Source\PSoC4/BLE_1_custom.c **** };
  45:Generated_Source\PSoC4/BLE_1_custom.c **** 
  46:Generated_Source\PSoC4/BLE_1_custom.c **** 
  47:Generated_Source\PSoC4/BLE_1_custom.c **** #endif /* (CYBLE_CUSTOM_SERVER) */
  48:Generated_Source\PSoC4/BLE_1_custom.c **** 
  49:Generated_Source\PSoC4/BLE_1_custom.c **** #ifdef CYBLE_CUSTOM_CLIENT
  50:Generated_Source\PSoC4/BLE_1_custom.c ****     
  51:Generated_Source\PSoC4/BLE_1_custom.c **** 
  52:Generated_Source\PSoC4/BLE_1_custom.c **** static uint16 cyBle_customDisServIndex;
  53:Generated_Source\PSoC4/BLE_1_custom.c **** static uint16 cyBle_customDisCharIndex;
  54:Generated_Source\PSoC4/BLE_1_custom.c **** 
  55:Generated_Source\PSoC4/BLE_1_custom.c **** #endif /* (CYBLE_CUSTOM_CLIENT) */
  56:Generated_Source\PSoC4/BLE_1_custom.c **** 
  57:Generated_Source\PSoC4/BLE_1_custom.c **** 
  58:Generated_Source\PSoC4/BLE_1_custom.c **** /****************************************************************************** 
  59:Generated_Source\PSoC4/BLE_1_custom.c **** * Function Name: CyBle_CustomInit
  60:Generated_Source\PSoC4/BLE_1_custom.c **** ***************************************************************************//**
  61:Generated_Source\PSoC4/BLE_1_custom.c **** * 
  62:Generated_Source\PSoC4/BLE_1_custom.c **** *  This function initializes Custom Service.
  63:Generated_Source\PSoC4/BLE_1_custom.c **** * 
  64:Generated_Source\PSoC4/BLE_1_custom.c **** * \return
  65:Generated_Source\PSoC4/BLE_1_custom.c **** *  None
  66:Generated_Source\PSoC4/BLE_1_custom.c **** * 
  67:Generated_Source\PSoC4/BLE_1_custom.c **** ******************************************************************************/
  68:Generated_Source\PSoC4/BLE_1_custom.c **** void CyBle_CustomInit(void)
  69:Generated_Source\PSoC4/BLE_1_custom.c **** {
  37              		.loc 1 69 0
  38              		.cfi_startproc
  39              		@ args = 0, pretend = 0, frame = 0
  40              		@ frame_needed = 1, uses_anonymous_args = 0
  41 0000 80B5     		push	{r7, lr}
  42              		.cfi_def_cfa_offset 8
  43              		.cfi_offset 7, -8
  44              		.cfi_offset 14, -4
  45 0002 00AF     		add	r7, sp, #0
ARM GAS  C:\Users\megan\AppData\Local\Temp\ccwdWMeg.s 			page 3


  46              		.cfi_def_cfa_register 7
  70:Generated_Source\PSoC4/BLE_1_custom.c ****     
  71:Generated_Source\PSoC4/BLE_1_custom.c **** #ifdef CYBLE_CUSTOM_CLIENT
  72:Generated_Source\PSoC4/BLE_1_custom.c **** 
  73:Generated_Source\PSoC4/BLE_1_custom.c ****     uint16 locServIndex;
  74:Generated_Source\PSoC4/BLE_1_custom.c ****     uint16 locCharIndex;
  75:Generated_Source\PSoC4/BLE_1_custom.c ****     uint16 locDescIndex;
  76:Generated_Source\PSoC4/BLE_1_custom.c ****     
  77:Generated_Source\PSoC4/BLE_1_custom.c ****     for(locServIndex = 0u; locServIndex < CYBLE_CUSTOMC_SERVICE_COUNT; locServIndex++)
  78:Generated_Source\PSoC4/BLE_1_custom.c ****     {
  79:Generated_Source\PSoC4/BLE_1_custom.c ****         if(cyBle_serverInfo[CYBLE_SRVI_CUSTOMS + locServIndex].range.startHandle == CYBLE_GATT_INVA
  80:Generated_Source\PSoC4/BLE_1_custom.c ****         {
  81:Generated_Source\PSoC4/BLE_1_custom.c ****             for(locCharIndex = 0u; locCharIndex < cyBle_customCServ[locServIndex].charCount; locCha
  82:Generated_Source\PSoC4/BLE_1_custom.c ****             {
  83:Generated_Source\PSoC4/BLE_1_custom.c ****                 cyBle_customCServ[locServIndex].customServChar[locCharIndex].
  84:Generated_Source\PSoC4/BLE_1_custom.c ****                     customServCharHandle = 0u;
  85:Generated_Source\PSoC4/BLE_1_custom.c ****                 
  86:Generated_Source\PSoC4/BLE_1_custom.c ****                 for(locDescIndex = 0u; locDescIndex < 
  87:Generated_Source\PSoC4/BLE_1_custom.c ****                     cyBle_customCServ[locServIndex].customServChar[locCharIndex].descCount; 
  88:Generated_Source\PSoC4/BLE_1_custom.c ****                         locDescIndex++)
  89:Generated_Source\PSoC4/BLE_1_custom.c ****                 {
  90:Generated_Source\PSoC4/BLE_1_custom.c ****                     cyBle_customCServ[locServIndex].customServChar[locCharIndex].
  91:Generated_Source\PSoC4/BLE_1_custom.c ****                         customServCharDesc[locDescIndex].descHandle = 0u;
  92:Generated_Source\PSoC4/BLE_1_custom.c ****                 }
  93:Generated_Source\PSoC4/BLE_1_custom.c ****             }
  94:Generated_Source\PSoC4/BLE_1_custom.c ****         }
  95:Generated_Source\PSoC4/BLE_1_custom.c ****     }
  96:Generated_Source\PSoC4/BLE_1_custom.c **** 
  97:Generated_Source\PSoC4/BLE_1_custom.c **** #endif /* (CYBLE_CUSTOM_CLIENT) */
  98:Generated_Source\PSoC4/BLE_1_custom.c **** }
  47              		.loc 1 98 0
  48 0004 C046     		nop
  49 0006 BD46     		mov	sp, r7
  50              		@ sp needed
  51 0008 80BD     		pop	{r7, pc}
  52              		.cfi_endproc
  53              	.LFE2:
  54              		.size	CyBle_CustomInit, .-CyBle_CustomInit
  55 000a C046     		.text
  56              	.Letext0:
  57              		.file 2 "Generated_Source\\PSoC4\\cytypes.h"
  58              		.file 3 "Generated_Source\\PSoC4\\BLE_1_StackGatt.h"
  59              		.file 4 "Generated_Source\\PSoC4\\BLE_1_custom.h"
  60              		.file 5 "Generated_Source\\PSoC4\\BLE_1_Stack.h"
  61              		.file 6 "Generated_Source\\PSoC4\\BLE_1_ess.h"
  62              		.section	.debug_info,"",%progbits
  63              	.Ldebug_info0:
  64 0000 EF030000 		.4byte	0x3ef
  65 0004 0400     		.2byte	0x4
  66 0006 00000000 		.4byte	.Ldebug_abbrev0
  67 000a 04       		.byte	0x4
  68 000b 01       		.uleb128 0x1
  69 000c 93060000 		.4byte	.LASF126
  70 0010 0C       		.byte	0xc
  71 0011 32060000 		.4byte	.LASF127
  72 0015 E0030000 		.4byte	.LASF128
  73 0019 00000000 		.4byte	.Ldebug_ranges0+0
ARM GAS  C:\Users\megan\AppData\Local\Temp\ccwdWMeg.s 			page 4


  74 001d 00000000 		.4byte	0
  75 0021 00000000 		.4byte	.Ldebug_line0
  76 0025 02       		.uleb128 0x2
  77 0026 01       		.byte	0x1
  78 0027 06       		.byte	0x6
  79 0028 2E020000 		.4byte	.LASF0
  80 002c 02       		.uleb128 0x2
  81 002d 01       		.byte	0x1
  82 002e 08       		.byte	0x8
  83 002f E7090000 		.4byte	.LASF1
  84 0033 02       		.uleb128 0x2
  85 0034 02       		.byte	0x2
  86 0035 05       		.byte	0x5
  87 0036 190A0000 		.4byte	.LASF2
  88 003a 02       		.uleb128 0x2
  89 003b 02       		.byte	0x2
  90 003c 07       		.byte	0x7
  91 003d 9D050000 		.4byte	.LASF3
  92 0041 02       		.uleb128 0x2
  93 0042 04       		.byte	0x4
  94 0043 05       		.byte	0x5
  95 0044 33010000 		.4byte	.LASF4
  96 0048 02       		.uleb128 0x2
  97 0049 04       		.byte	0x4
  98 004a 07       		.byte	0x7
  99 004b E5040000 		.4byte	.LASF5
 100 004f 02       		.uleb128 0x2
 101 0050 08       		.byte	0x8
 102 0051 05       		.byte	0x5
 103 0052 20020000 		.4byte	.LASF6
 104 0056 02       		.uleb128 0x2
 105 0057 08       		.byte	0x8
 106 0058 07       		.byte	0x7
 107 0059 3C010000 		.4byte	.LASF7
 108 005d 03       		.uleb128 0x3
 109 005e 04       		.byte	0x4
 110 005f 05       		.byte	0x5
 111 0060 696E7400 		.ascii	"int\000"
 112 0064 02       		.uleb128 0x2
 113 0065 04       		.byte	0x4
 114 0066 07       		.byte	0x7
 115 0067 96040000 		.4byte	.LASF8
 116 006b 04       		.uleb128 0x4
 117 006c 3F000000 		.4byte	.LASF86
 118 0070 02       		.byte	0x2
 119 0071 D301     		.2byte	0x1d3
 120 0073 3A000000 		.4byte	0x3a
 121 0077 02       		.uleb128 0x2
 122 0078 04       		.byte	0x4
 123 0079 04       		.byte	0x4
 124 007a 92090000 		.4byte	.LASF9
 125 007e 02       		.uleb128 0x2
 126 007f 08       		.byte	0x8
 127 0080 04       		.byte	0x4
 128 0081 53030000 		.4byte	.LASF10
 129 0085 02       		.uleb128 0x2
 130 0086 01       		.byte	0x1
ARM GAS  C:\Users\megan\AppData\Local\Temp\ccwdWMeg.s 			page 5


 131 0087 08       		.byte	0x8
 132 0088 360B0000 		.4byte	.LASF11
 133 008c 02       		.uleb128 0x2
 134 008d 08       		.byte	0x8
 135 008e 04       		.byte	0x4
 136 008f 120B0000 		.4byte	.LASF12
 137 0093 02       		.uleb128 0x2
 138 0094 04       		.byte	0x4
 139 0095 07       		.byte	0x7
 140 0096 37080000 		.4byte	.LASF13
 141 009a 05       		.uleb128 0x5
 142 009b 01       		.byte	0x1
 143 009c 2C000000 		.4byte	0x2c
 144 00a0 05       		.byte	0x5
 145 00a1 4D01     		.2byte	0x14d
 146 00a3 58020000 		.4byte	0x258
 147 00a7 06       		.uleb128 0x6
 148 00a8 B0050000 		.4byte	.LASF14
 149 00ac 00       		.byte	0
 150 00ad 06       		.uleb128 0x6
 151 00ae 3A020000 		.4byte	.LASF15
 152 00b2 01       		.byte	0x1
 153 00b3 06       		.uleb128 0x6
 154 00b4 21010000 		.4byte	.LASF16
 155 00b8 02       		.byte	0x2
 156 00b9 06       		.uleb128 0x6
 157 00ba 0F0C0000 		.4byte	.LASF17
 158 00be 03       		.byte	0x3
 159 00bf 06       		.uleb128 0x6
 160 00c0 53010000 		.4byte	.LASF18
 161 00c4 04       		.byte	0x4
 162 00c5 06       		.uleb128 0x6
 163 00c6 23000000 		.4byte	.LASF19
 164 00ca 05       		.byte	0x5
 165 00cb 06       		.uleb128 0x6
 166 00cc D6050000 		.4byte	.LASF20
 167 00d0 06       		.byte	0x6
 168 00d1 06       		.uleb128 0x6
 169 00d2 9F070000 		.4byte	.LASF21
 170 00d6 20       		.byte	0x20
 171 00d7 06       		.uleb128 0x6
 172 00d8 63020000 		.4byte	.LASF22
 173 00dc 21       		.byte	0x21
 174 00dd 06       		.uleb128 0x6
 175 00de EF050000 		.4byte	.LASF23
 176 00e2 22       		.byte	0x22
 177 00e3 06       		.uleb128 0x6
 178 00e4 E90B0000 		.4byte	.LASF24
 179 00e8 23       		.byte	0x23
 180 00e9 06       		.uleb128 0x6
 181 00ea E3080000 		.4byte	.LASF25
 182 00ee 24       		.byte	0x24
 183 00ef 06       		.uleb128 0x6
 184 00f0 40080000 		.4byte	.LASF26
 185 00f4 25       		.byte	0x25
 186 00f5 06       		.uleb128 0x6
 187 00f6 DB020000 		.4byte	.LASF27
ARM GAS  C:\Users\megan\AppData\Local\Temp\ccwdWMeg.s 			page 6


 188 00fa 26       		.byte	0x26
 189 00fb 06       		.uleb128 0x6
 190 00fc 13060000 		.4byte	.LASF28
 191 0100 27       		.byte	0x27
 192 0101 06       		.uleb128 0x6
 193 0102 3B0B0000 		.4byte	.LASF29
 194 0106 28       		.byte	0x28
 195 0107 06       		.uleb128 0x6
 196 0108 750A0000 		.4byte	.LASF30
 197 010c 29       		.byte	0x29
 198 010d 06       		.uleb128 0x6
 199 010e 0F050000 		.4byte	.LASF31
 200 0112 2A       		.byte	0x2a
 201 0113 06       		.uleb128 0x6
 202 0114 68010000 		.4byte	.LASF32
 203 0118 2B       		.byte	0x2b
 204 0119 06       		.uleb128 0x6
 205 011a AA0D0000 		.4byte	.LASF33
 206 011e 2C       		.byte	0x2c
 207 011f 06       		.uleb128 0x6
 208 0120 F7010000 		.4byte	.LASF34
 209 0124 2D       		.byte	0x2d
 210 0125 06       		.uleb128 0x6
 211 0126 F5090000 		.4byte	.LASF35
 212 012a 2E       		.byte	0x2e
 213 012b 06       		.uleb128 0x6
 214 012c A9000000 		.4byte	.LASF36
 215 0130 2F       		.byte	0x2f
 216 0131 06       		.uleb128 0x6
 217 0132 A5080000 		.4byte	.LASF37
 218 0136 30       		.byte	0x30
 219 0137 06       		.uleb128 0x6
 220 0138 250E0000 		.4byte	.LASF38
 221 013c 31       		.byte	0x31
 222 013d 06       		.uleb128 0x6
 223 013e 84080000 		.4byte	.LASF39
 224 0142 32       		.byte	0x32
 225 0143 06       		.uleb128 0x6
 226 0144 CD0A0000 		.4byte	.LASF40
 227 0148 33       		.byte	0x33
 228 0149 06       		.uleb128 0x6
 229 014a F7040000 		.4byte	.LASF41
 230 014e 34       		.byte	0x34
 231 014f 06       		.uleb128 0x6
 232 0150 C6080000 		.4byte	.LASF42
 233 0154 35       		.byte	0x35
 234 0155 06       		.uleb128 0x6
 235 0156 72060000 		.4byte	.LASF43
 236 015a 36       		.byte	0x36
 237 015b 06       		.uleb128 0x6
 238 015c C3070000 		.4byte	.LASF44
 239 0160 37       		.byte	0x37
 240 0161 06       		.uleb128 0x6
 241 0162 B30A0000 		.4byte	.LASF45
 242 0166 40       		.byte	0x40
 243 0167 06       		.uleb128 0x6
 244 0168 21070000 		.4byte	.LASF46
ARM GAS  C:\Users\megan\AppData\Local\Temp\ccwdWMeg.s 			page 7


 245 016c 41       		.byte	0x41
 246 016d 06       		.uleb128 0x6
 247 016e 7A0E0000 		.4byte	.LASF47
 248 0172 42       		.byte	0x42
 249 0173 06       		.uleb128 0x6
 250 0174 280C0000 		.4byte	.LASF48
 251 0178 43       		.byte	0x43
 252 0179 06       		.uleb128 0x6
 253 017a 38050000 		.4byte	.LASF49
 254 017e 44       		.byte	0x44
 255 017f 06       		.uleb128 0x6
 256 0180 6B090000 		.4byte	.LASF50
 257 0184 45       		.byte	0x45
 258 0185 06       		.uleb128 0x6
 259 0186 16080000 		.4byte	.LASF51
 260 018a 46       		.byte	0x46
 261 018b 06       		.uleb128 0x6
 262 018c F40A0000 		.4byte	.LASF52
 263 0190 47       		.byte	0x47
 264 0191 06       		.uleb128 0x6
 265 0192 830D0000 		.4byte	.LASF53
 266 0196 48       		.byte	0x48
 267 0197 06       		.uleb128 0x6
 268 0198 7A020000 		.4byte	.LASF54
 269 019c 49       		.byte	0x49
 270 019d 06       		.uleb128 0x6
 271 019e 190D0000 		.4byte	.LASF55
 272 01a2 4A       		.byte	0x4a
 273 01a3 06       		.uleb128 0x6
 274 01a4 D2000000 		.4byte	.LASF56
 275 01a8 4B       		.byte	0x4b
 276 01a9 06       		.uleb128 0x6
 277 01aa 58060000 		.4byte	.LASF57
 278 01ae 4C       		.byte	0x4c
 279 01af 06       		.uleb128 0x6
 280 01b0 860B0000 		.4byte	.LASF58
 281 01b4 4D       		.byte	0x4d
 282 01b5 06       		.uleb128 0x6
 283 01b6 A8020000 		.4byte	.LASF59
 284 01ba 4E       		.byte	0x4e
 285 01bb 06       		.uleb128 0x6
 286 01bc 560A0000 		.4byte	.LASF60
 287 01c0 4F       		.byte	0x4f
 288 01c1 06       		.uleb128 0x6
 289 01c2 F1000000 		.4byte	.LASF61
 290 01c6 50       		.byte	0x50
 291 01c7 06       		.uleb128 0x6
 292 01c8 34030000 		.4byte	.LASF62
 293 01cc 51       		.byte	0x51
 294 01cd 06       		.uleb128 0x6
 295 01ce 0D090000 		.4byte	.LASF63
 296 01d2 52       		.byte	0x52
 297 01d3 06       		.uleb128 0x6
 298 01d4 230A0000 		.4byte	.LASF64
 299 01d8 53       		.byte	0x53
 300 01d9 06       		.uleb128 0x6
 301 01da 920A0000 		.4byte	.LASF65
ARM GAS  C:\Users\megan\AppData\Local\Temp\ccwdWMeg.s 			page 8


 302 01de 54       		.byte	0x54
 303 01df 06       		.uleb128 0x6
 304 01e0 56050000 		.4byte	.LASF66
 305 01e4 55       		.byte	0x55
 306 01e5 06       		.uleb128 0x6
 307 01e6 74040000 		.4byte	.LASF67
 308 01ea 56       		.byte	0x56
 309 01eb 06       		.uleb128 0x6
 310 01ec 5D0B0000 		.4byte	.LASF68
 311 01f0 57       		.byte	0x57
 312 01f1 06       		.uleb128 0x6
 313 01f2 7A050000 		.4byte	.LASF69
 314 01f6 58       		.byte	0x58
 315 01f7 06       		.uleb128 0x6
 316 01f8 C3010000 		.4byte	.LASF70
 317 01fc 70       		.byte	0x70
 318 01fd 06       		.uleb128 0x6
 319 01fe FF0D0000 		.4byte	.LASF71
 320 0202 71       		.byte	0x71
 321 0203 06       		.uleb128 0x6
 322 0204 5F070000 		.4byte	.LASF72
 323 0208 72       		.byte	0x72
 324 0209 06       		.uleb128 0x6
 325 020a F8070000 		.4byte	.LASF73
 326 020e 73       		.byte	0x73
 327 020f 06       		.uleb128 0x6
 328 0210 4D090000 		.4byte	.LASF74
 329 0214 74       		.byte	0x74
 330 0215 06       		.uleb128 0x6
 331 0216 CE0D0000 		.4byte	.LASF75
 332 021a 75       		.byte	0x75
 333 021b 06       		.uleb128 0x6
 334 021c 88000000 		.4byte	.LASF76
 335 0220 76       		.byte	0x76
 336 0221 06       		.uleb128 0x6
 337 0222 46000000 		.4byte	.LASF77
 338 0226 77       		.byte	0x77
 339 0227 06       		.uleb128 0x6
 340 0228 00000000 		.4byte	.LASF78
 341 022c 78       		.byte	0x78
 342 022d 06       		.uleb128 0x6
 343 022e B30B0000 		.4byte	.LASF79
 344 0232 79       		.byte	0x79
 345 0233 06       		.uleb128 0x6
 346 0234 BC030000 		.4byte	.LASF80
 347 0238 7A       		.byte	0x7a
 348 0239 06       		.uleb128 0x6
 349 023a 87010000 		.4byte	.LASF81
 350 023e FA       		.byte	0xfa
 351 023f 06       		.uleb128 0x6
 352 0240 A3040000 		.4byte	.LASF82
 353 0244 FB       		.byte	0xfb
 354 0245 06       		.uleb128 0x6
 355 0246 440A0000 		.4byte	.LASF83
 356 024a FC       		.byte	0xfc
 357 024b 06       		.uleb128 0x6
 358 024c 1E0B0000 		.4byte	.LASF84
ARM GAS  C:\Users\megan\AppData\Local\Temp\ccwdWMeg.s 			page 9


 359 0250 FD       		.byte	0xfd
 360 0251 06       		.uleb128 0x6
 361 0252 8F030000 		.4byte	.LASF85
 362 0256 FF       		.byte	0xff
 363 0257 00       		.byte	0
 364 0258 04       		.uleb128 0x4
 365 0259 490E0000 		.4byte	.LASF87
 366 025d 03       		.byte	0x3
 367 025e 8901     		.2byte	0x189
 368 0260 6B000000 		.4byte	0x6b
 369 0264 07       		.uleb128 0x7
 370 0265 04       		.byte	0x4
 371 0266 04       		.byte	0x4
 372 0267 41       		.byte	0x41
 373 0268 85020000 		.4byte	0x285
 374 026c 08       		.uleb128 0x8
 375 026d 650E0000 		.4byte	.LASF88
 376 0271 04       		.byte	0x4
 377 0272 44       		.byte	0x44
 378 0273 58020000 		.4byte	0x258
 379 0277 00       		.byte	0
 380 0278 08       		.uleb128 0x8
 381 0279 980E0000 		.4byte	.LASF89
 382 027d 04       		.byte	0x4
 383 027e 46       		.byte	0x46
 384 027f 85020000 		.4byte	0x285
 385 0283 02       		.byte	0x2
 386 0284 00       		.byte	0
 387 0285 09       		.uleb128 0x9
 388 0286 58020000 		.4byte	0x258
 389 028a 95020000 		.4byte	0x295
 390 028e 0A       		.uleb128 0xa
 391 028f 93000000 		.4byte	0x93
 392 0293 00       		.byte	0
 393 0294 00       		.byte	0
 394 0295 0B       		.uleb128 0xb
 395 0296 1F030000 		.4byte	.LASF90
 396 029a 04       		.byte	0x4
 397 029b 48       		.byte	0x48
 398 029c 64020000 		.4byte	0x264
 399 02a0 07       		.uleb128 0x7
 400 02a1 06       		.byte	0x6
 401 02a2 04       		.byte	0x4
 402 02a3 4B       		.byte	0x4b
 403 02a4 C1020000 		.4byte	0x2c1
 404 02a8 08       		.uleb128 0x8
 405 02a9 10010000 		.4byte	.LASF91
 406 02ad 04       		.byte	0x4
 407 02ae 4E       		.byte	0x4e
 408 02af 58020000 		.4byte	0x258
 409 02b3 00       		.byte	0
 410 02b4 08       		.uleb128 0x8
 411 02b5 6F030000 		.4byte	.LASF92
 412 02b9 04       		.byte	0x4
 413 02ba 51       		.byte	0x51
 414 02bb C1020000 		.4byte	0x2c1
 415 02bf 02       		.byte	0x2
ARM GAS  C:\Users\megan\AppData\Local\Temp\ccwdWMeg.s 			page 10


 416 02c0 00       		.byte	0
 417 02c1 09       		.uleb128 0x9
 418 02c2 95020000 		.4byte	0x295
 419 02c6 D1020000 		.4byte	0x2d1
 420 02ca 0A       		.uleb128 0xa
 421 02cb 93000000 		.4byte	0x93
 422 02cf 00       		.byte	0
 423 02d0 00       		.byte	0
 424 02d1 0B       		.uleb128 0xb
 425 02d2 EF0D0000 		.4byte	.LASF93
 426 02d6 04       		.byte	0x4
 427 02d7 53       		.byte	0x53
 428 02d8 A0020000 		.4byte	0x2a0
 429 02dc 0C       		.uleb128 0xc
 430 02dd 01       		.byte	0x1
 431 02de 2C000000 		.4byte	0x2c
 432 02e2 06       		.byte	0x6
 433 02e3 2F       		.byte	0x2f
 434 02e4 6D030000 		.4byte	0x36d
 435 02e8 06       		.uleb128 0x6
 436 02e9 65000000 		.4byte	.LASF94
 437 02ed 00       		.byte	0
 438 02ee 06       		.uleb128 0x6
 439 02ef 03030000 		.4byte	.LASF95
 440 02f3 01       		.byte	0x1
 441 02f4 06       		.uleb128 0x6
 442 02f5 A5010000 		.4byte	.LASF96
 443 02f9 02       		.byte	0x2
 444 02fa 06       		.uleb128 0x6
 445 02fb BE090000 		.4byte	.LASF97
 446 02ff 03       		.byte	0x3
 447 0300 06       		.uleb128 0x6
 448 0301 5A080000 		.4byte	.LASF98
 449 0305 04       		.byte	0x4
 450 0306 06       		.uleb128 0x6
 451 0307 6D0D0000 		.4byte	.LASF99
 452 030b 05       		.byte	0x5
 453 030c 06       		.uleb128 0x6
 454 030d 5A030000 		.4byte	.LASF100
 455 0311 06       		.byte	0x6
 456 0312 06       		.uleb128 0x6
 457 0313 370D0000 		.4byte	.LASF101
 458 0317 07       		.byte	0x7
 459 0318 06       		.uleb128 0x6
 460 0319 C6020000 		.4byte	.LASF102
 461 031d 08       		.byte	0x8
 462 031e 06       		.uleb128 0x6
 463 031f 9D030000 		.4byte	.LASF103
 464 0323 09       		.byte	0x9
 465 0324 06       		.uleb128 0x6
 466 0325 A00B0000 		.4byte	.LASF104
 467 0329 0A       		.byte	0xa
 468 032a 06       		.uleb128 0x6
 469 032b D60B0000 		.4byte	.LASF105
 470 032f 0B       		.byte	0xb
 471 0330 06       		.uleb128 0x6
 472 0331 6E080000 		.4byte	.LASF106
ARM GAS  C:\Users\megan\AppData\Local\Temp\ccwdWMeg.s 			page 11


 473 0335 0C       		.byte	0xc
 474 0336 06       		.uleb128 0x6
 475 0337 590C0000 		.4byte	.LASF107
 476 033b 0D       		.byte	0xd
 477 033c 06       		.uleb128 0x6
 478 033d 710C0000 		.4byte	.LASF108
 479 0341 0E       		.byte	0xe
 480 0342 06       		.uleb128 0x6
 481 0343 460C0000 		.4byte	.LASF109
 482 0347 0F       		.byte	0xf
 483 0348 06       		.uleb128 0x6
 484 0349 D2090000 		.4byte	.LASF110
 485 034d 10       		.byte	0x10
 486 034e 06       		.uleb128 0x6
 487 034f 7B070000 		.4byte	.LASF111
 488 0353 11       		.byte	0x11
 489 0354 06       		.uleb128 0x6
 490 0355 2E090000 		.4byte	.LASF112
 491 0359 12       		.byte	0x12
 492 035a 06       		.uleb128 0x6
 493 035b C2040000 		.4byte	.LASF113
 494 035f 13       		.byte	0x13
 495 0360 06       		.uleb128 0x6
 496 0361 3C070000 		.4byte	.LASF114
 497 0365 14       		.byte	0x14
 498 0366 06       		.uleb128 0x6
 499 0367 93020000 		.4byte	.LASF115
 500 036b 15       		.byte	0x15
 501 036c 00       		.byte	0
 502 036d 0C       		.uleb128 0xc
 503 036e 01       		.byte	0x1
 504 036f 2C000000 		.4byte	0x2c
 505 0373 06       		.byte	0x6
 506 0374 4A       		.byte	0x4a
 507 0375 B6030000 		.4byte	0x3b6
 508 0379 06       		.uleb128 0x6
 509 037a C7050000 		.4byte	.LASF116
 510 037e 00       		.byte	0
 511 037f 06       		.uleb128 0x6
 512 0380 4A0D0000 		.4byte	.LASF117
 513 0384 01       		.byte	0x1
 514 0385 06       		.uleb128 0x6
 515 0386 FA0C0000 		.4byte	.LASF118
 516 038a 02       		.byte	0x2
 517 038b 06       		.uleb128 0x6
 518 038c 8B0C0000 		.4byte	.LASF119
 519 0390 03       		.byte	0x3
 520 0391 06       		.uleb128 0x6
 521 0392 B00C0000 		.4byte	.LASF120
 522 0396 04       		.byte	0x4
 523 0397 06       		.uleb128 0x6
 524 0398 D50C0000 		.4byte	.LASF121
 525 039c 05       		.byte	0x5
 526 039d 06       		.uleb128 0x6
 527 039e 5A040000 		.4byte	.LASF122
 528 03a2 06       		.byte	0x6
 529 03a3 06       		.uleb128 0x6
ARM GAS  C:\Users\megan\AppData\Local\Temp\ccwdWMeg.s 			page 12


 530 03a4 98090000 		.4byte	.LASF123
 531 03a8 07       		.byte	0x7
 532 03a9 06       		.uleb128 0x6
 533 03aa FF080000 		.4byte	.LASF124
 534 03ae 08       		.byte	0x8
 535 03af 06       		.uleb128 0x6
 536 03b0 4D020000 		.4byte	.LASF125
 537 03b4 09       		.byte	0x9
 538 03b5 00       		.byte	0
 539 03b6 0D       		.uleb128 0xd
 540 03b7 7E030000 		.4byte	.LASF129
 541 03bb 01       		.byte	0x1
 542 03bc 44       		.byte	0x44
 543 03bd 00000000 		.4byte	.LFB2
 544 03c1 0A000000 		.4byte	.LFE2-.LFB2
 545 03c5 01       		.uleb128 0x1
 546 03c6 9C       		.byte	0x9c
 547 03c7 09       		.uleb128 0x9
 548 03c8 D7030000 		.4byte	0x3d7
 549 03cc D7030000 		.4byte	0x3d7
 550 03d0 0A       		.uleb128 0xa
 551 03d1 93000000 		.4byte	0x93
 552 03d5 00       		.byte	0
 553 03d6 00       		.byte	0
 554 03d7 0E       		.uleb128 0xe
 555 03d8 D1020000 		.4byte	0x2d1
 556 03dc 0F       		.uleb128 0xf
 557 03dd E9010000 		.4byte	.LASF130
 558 03e1 01       		.byte	0x1
 559 03e2 1A       		.byte	0x1a
 560 03e3 ED030000 		.4byte	0x3ed
 561 03e7 05       		.uleb128 0x5
 562 03e8 03       		.byte	0x3
 563 03e9 00000000 		.4byte	cyBle_customs
 564 03ed 0E       		.uleb128 0xe
 565 03ee C7030000 		.4byte	0x3c7
 566 03f2 00       		.byte	0
 567              		.section	.debug_abbrev,"",%progbits
 568              	.Ldebug_abbrev0:
 569 0000 01       		.uleb128 0x1
 570 0001 11       		.uleb128 0x11
 571 0002 01       		.byte	0x1
 572 0003 25       		.uleb128 0x25
 573 0004 0E       		.uleb128 0xe
 574 0005 13       		.uleb128 0x13
 575 0006 0B       		.uleb128 0xb
 576 0007 03       		.uleb128 0x3
 577 0008 0E       		.uleb128 0xe
 578 0009 1B       		.uleb128 0x1b
 579 000a 0E       		.uleb128 0xe
 580 000b 55       		.uleb128 0x55
 581 000c 17       		.uleb128 0x17
 582 000d 11       		.uleb128 0x11
 583 000e 01       		.uleb128 0x1
 584 000f 10       		.uleb128 0x10
 585 0010 17       		.uleb128 0x17
 586 0011 00       		.byte	0
ARM GAS  C:\Users\megan\AppData\Local\Temp\ccwdWMeg.s 			page 13


 587 0012 00       		.byte	0
 588 0013 02       		.uleb128 0x2
 589 0014 24       		.uleb128 0x24
 590 0015 00       		.byte	0
 591 0016 0B       		.uleb128 0xb
 592 0017 0B       		.uleb128 0xb
 593 0018 3E       		.uleb128 0x3e
 594 0019 0B       		.uleb128 0xb
 595 001a 03       		.uleb128 0x3
 596 001b 0E       		.uleb128 0xe
 597 001c 00       		.byte	0
 598 001d 00       		.byte	0
 599 001e 03       		.uleb128 0x3
 600 001f 24       		.uleb128 0x24
 601 0020 00       		.byte	0
 602 0021 0B       		.uleb128 0xb
 603 0022 0B       		.uleb128 0xb
 604 0023 3E       		.uleb128 0x3e
 605 0024 0B       		.uleb128 0xb
 606 0025 03       		.uleb128 0x3
 607 0026 08       		.uleb128 0x8
 608 0027 00       		.byte	0
 609 0028 00       		.byte	0
 610 0029 04       		.uleb128 0x4
 611 002a 16       		.uleb128 0x16
 612 002b 00       		.byte	0
 613 002c 03       		.uleb128 0x3
 614 002d 0E       		.uleb128 0xe
 615 002e 3A       		.uleb128 0x3a
 616 002f 0B       		.uleb128 0xb
 617 0030 3B       		.uleb128 0x3b
 618 0031 05       		.uleb128 0x5
 619 0032 49       		.uleb128 0x49
 620 0033 13       		.uleb128 0x13
 621 0034 00       		.byte	0
 622 0035 00       		.byte	0
 623 0036 05       		.uleb128 0x5
 624 0037 04       		.uleb128 0x4
 625 0038 01       		.byte	0x1
 626 0039 0B       		.uleb128 0xb
 627 003a 0B       		.uleb128 0xb
 628 003b 49       		.uleb128 0x49
 629 003c 13       		.uleb128 0x13
 630 003d 3A       		.uleb128 0x3a
 631 003e 0B       		.uleb128 0xb
 632 003f 3B       		.uleb128 0x3b
 633 0040 05       		.uleb128 0x5
 634 0041 01       		.uleb128 0x1
 635 0042 13       		.uleb128 0x13
 636 0043 00       		.byte	0
 637 0044 00       		.byte	0
 638 0045 06       		.uleb128 0x6
 639 0046 28       		.uleb128 0x28
 640 0047 00       		.byte	0
 641 0048 03       		.uleb128 0x3
 642 0049 0E       		.uleb128 0xe
 643 004a 1C       		.uleb128 0x1c
ARM GAS  C:\Users\megan\AppData\Local\Temp\ccwdWMeg.s 			page 14


 644 004b 0B       		.uleb128 0xb
 645 004c 00       		.byte	0
 646 004d 00       		.byte	0
 647 004e 07       		.uleb128 0x7
 648 004f 13       		.uleb128 0x13
 649 0050 01       		.byte	0x1
 650 0051 0B       		.uleb128 0xb
 651 0052 0B       		.uleb128 0xb
 652 0053 3A       		.uleb128 0x3a
 653 0054 0B       		.uleb128 0xb
 654 0055 3B       		.uleb128 0x3b
 655 0056 0B       		.uleb128 0xb
 656 0057 01       		.uleb128 0x1
 657 0058 13       		.uleb128 0x13
 658 0059 00       		.byte	0
 659 005a 00       		.byte	0
 660 005b 08       		.uleb128 0x8
 661 005c 0D       		.uleb128 0xd
 662 005d 00       		.byte	0
 663 005e 03       		.uleb128 0x3
 664 005f 0E       		.uleb128 0xe
 665 0060 3A       		.uleb128 0x3a
 666 0061 0B       		.uleb128 0xb
 667 0062 3B       		.uleb128 0x3b
 668 0063 0B       		.uleb128 0xb
 669 0064 49       		.uleb128 0x49
 670 0065 13       		.uleb128 0x13
 671 0066 38       		.uleb128 0x38
 672 0067 0B       		.uleb128 0xb
 673 0068 00       		.byte	0
 674 0069 00       		.byte	0
 675 006a 09       		.uleb128 0x9
 676 006b 01       		.uleb128 0x1
 677 006c 01       		.byte	0x1
 678 006d 49       		.uleb128 0x49
 679 006e 13       		.uleb128 0x13
 680 006f 01       		.uleb128 0x1
 681 0070 13       		.uleb128 0x13
 682 0071 00       		.byte	0
 683 0072 00       		.byte	0
 684 0073 0A       		.uleb128 0xa
 685 0074 21       		.uleb128 0x21
 686 0075 00       		.byte	0
 687 0076 49       		.uleb128 0x49
 688 0077 13       		.uleb128 0x13
 689 0078 2F       		.uleb128 0x2f
 690 0079 0B       		.uleb128 0xb
 691 007a 00       		.byte	0
 692 007b 00       		.byte	0
 693 007c 0B       		.uleb128 0xb
 694 007d 16       		.uleb128 0x16
 695 007e 00       		.byte	0
 696 007f 03       		.uleb128 0x3
 697 0080 0E       		.uleb128 0xe
 698 0081 3A       		.uleb128 0x3a
 699 0082 0B       		.uleb128 0xb
 700 0083 3B       		.uleb128 0x3b
ARM GAS  C:\Users\megan\AppData\Local\Temp\ccwdWMeg.s 			page 15


 701 0084 0B       		.uleb128 0xb
 702 0085 49       		.uleb128 0x49
 703 0086 13       		.uleb128 0x13
 704 0087 00       		.byte	0
 705 0088 00       		.byte	0
 706 0089 0C       		.uleb128 0xc
 707 008a 04       		.uleb128 0x4
 708 008b 01       		.byte	0x1
 709 008c 0B       		.uleb128 0xb
 710 008d 0B       		.uleb128 0xb
 711 008e 49       		.uleb128 0x49
 712 008f 13       		.uleb128 0x13
 713 0090 3A       		.uleb128 0x3a
 714 0091 0B       		.uleb128 0xb
 715 0092 3B       		.uleb128 0x3b
 716 0093 0B       		.uleb128 0xb
 717 0094 01       		.uleb128 0x1
 718 0095 13       		.uleb128 0x13
 719 0096 00       		.byte	0
 720 0097 00       		.byte	0
 721 0098 0D       		.uleb128 0xd
 722 0099 2E       		.uleb128 0x2e
 723 009a 00       		.byte	0
 724 009b 3F       		.uleb128 0x3f
 725 009c 19       		.uleb128 0x19
 726 009d 03       		.uleb128 0x3
 727 009e 0E       		.uleb128 0xe
 728 009f 3A       		.uleb128 0x3a
 729 00a0 0B       		.uleb128 0xb
 730 00a1 3B       		.uleb128 0x3b
 731 00a2 0B       		.uleb128 0xb
 732 00a3 27       		.uleb128 0x27
 733 00a4 19       		.uleb128 0x19
 734 00a5 11       		.uleb128 0x11
 735 00a6 01       		.uleb128 0x1
 736 00a7 12       		.uleb128 0x12
 737 00a8 06       		.uleb128 0x6
 738 00a9 40       		.uleb128 0x40
 739 00aa 18       		.uleb128 0x18
 740 00ab 9742     		.uleb128 0x2117
 741 00ad 19       		.uleb128 0x19
 742 00ae 00       		.byte	0
 743 00af 00       		.byte	0
 744 00b0 0E       		.uleb128 0xe
 745 00b1 26       		.uleb128 0x26
 746 00b2 00       		.byte	0
 747 00b3 49       		.uleb128 0x49
 748 00b4 13       		.uleb128 0x13
 749 00b5 00       		.byte	0
 750 00b6 00       		.byte	0
 751 00b7 0F       		.uleb128 0xf
 752 00b8 34       		.uleb128 0x34
 753 00b9 00       		.byte	0
 754 00ba 03       		.uleb128 0x3
 755 00bb 0E       		.uleb128 0xe
 756 00bc 3A       		.uleb128 0x3a
 757 00bd 0B       		.uleb128 0xb
ARM GAS  C:\Users\megan\AppData\Local\Temp\ccwdWMeg.s 			page 16


 758 00be 3B       		.uleb128 0x3b
 759 00bf 0B       		.uleb128 0xb
 760 00c0 49       		.uleb128 0x49
 761 00c1 13       		.uleb128 0x13
 762 00c2 3F       		.uleb128 0x3f
 763 00c3 19       		.uleb128 0x19
 764 00c4 02       		.uleb128 0x2
 765 00c5 18       		.uleb128 0x18
 766 00c6 00       		.byte	0
 767 00c7 00       		.byte	0
 768 00c8 00       		.byte	0
 769              		.section	.debug_aranges,"",%progbits
 770 0000 1C000000 		.4byte	0x1c
 771 0004 0200     		.2byte	0x2
 772 0006 00000000 		.4byte	.Ldebug_info0
 773 000a 04       		.byte	0x4
 774 000b 00       		.byte	0
 775 000c 0000     		.2byte	0
 776 000e 0000     		.2byte	0
 777 0010 00000000 		.4byte	.LFB2
 778 0014 0A000000 		.4byte	.LFE2-.LFB2
 779 0018 00000000 		.4byte	0
 780 001c 00000000 		.4byte	0
 781              		.section	.debug_ranges,"",%progbits
 782              	.Ldebug_ranges0:
 783 0000 00000000 		.4byte	.LFB2
 784 0004 0A000000 		.4byte	.LFE2
 785 0008 00000000 		.4byte	0
 786 000c 00000000 		.4byte	0
 787              		.section	.debug_line,"",%progbits
 788              	.Ldebug_line0:
 789 0000 A9000000 		.section	.debug_str,"MS",%progbits,1
 789      02009000 
 789      00000201 
 789      FB0E0D00 
 789      01010101 
 790              	.LASF78:
 791 0000 4359424C 		.ascii	"CYBLE_EVT_L2CAP_CBFC_RX_CREDIT_IND\000"
 791      455F4556 
 791      545F4C32 
 791      4341505F 
 791      43424643 
 792              	.LASF19:
 793 0023 4359424C 		.ascii	"CYBLE_EVT_STACK_BUSY_STATUS\000"
 793      455F4556 
 793      545F5354 
 793      41434B5F 
 793      42555359 
 794              	.LASF86:
 795 003f 75696E74 		.ascii	"uint16\000"
 795      313600
 796              	.LASF77:
 797 0046 4359424C 		.ascii	"CYBLE_EVT_L2CAP_CBFC_DATA_READ\000"
 797      455F4556 
 797      545F4C32 
 797      4341505F 
 797      43424643 
ARM GAS  C:\Users\megan\AppData\Local\Temp\ccwdWMeg.s 			page 17


 798              	.LASF94:
 799 0065 4359424C 		.ascii	"CYBLE_ESS_DESCRIPTOR_VALUE_CHANGED\000"
 799      455F4553 
 799      535F4445 
 799      53435249 
 799      50544F52 
 800              	.LASF76:
 801 0088 4359424C 		.ascii	"CYBLE_EVT_L2CAP_CBFC_DISCONN_CNF\000"
 801      455F4556 
 801      545F4C32 
 801      4341505F 
 801      43424643 
 802              	.LASF36:
 803 00a9 4359424C 		.ascii	"CYBLE_EVT_GAP_OOB_GENERATED_NOTIFICATION\000"
 803      455F4556 
 803      545F4741 
 803      505F4F4F 
 803      425F4745 
 804              	.LASF56:
 805 00d2 4359424C 		.ascii	"CYBLE_EVT_GATTC_READ_MULTI_RSP\000"
 805      455F4556 
 805      545F4741 
 805      5454435F 
 805      52454144 
 806              	.LASF61:
 807 00f1 4359424C 		.ascii	"CYBLE_EVT_GATTS_EXEC_WRITE_REQ\000"
 807      455F4556 
 807      545F4741 
 807      5454535F 
 807      45584543 
 808              	.LASF91:
 809 0110 63757374 		.ascii	"customServHandle\000"
 809      6F6D5365 
 809      72764861 
 809      6E646C65 
 809      00
 810              	.LASF16:
 811 0121 4359424C 		.ascii	"CYBLE_EVT_TIMEOUT\000"
 811      455F4556 
 811      545F5449 
 811      4D454F55 
 811      5400
 812              	.LASF4:
 813 0133 6C6F6E67 		.ascii	"long int\000"
 813      20696E74 
 813      00
 814              	.LASF7:
 815 013c 6C6F6E67 		.ascii	"long long unsigned int\000"
 815      206C6F6E 
 815      6720756E 
 815      7369676E 
 815      65642069 
 816              	.LASF18:
 817 0153 4359424C 		.ascii	"CYBLE_EVT_HCI_STATUS\000"
 817      455F4556 
 817      545F4843 
 817      495F5354 
ARM GAS  C:\Users\megan\AppData\Local\Temp\ccwdWMeg.s 			page 18


 817      41545553 
 818              	.LASF32:
 819 0168 4359424C 		.ascii	"CYBLE_EVT_GAPC_SCAN_START_STOP\000"
 819      455F4556 
 819      545F4741 
 819      50435F53 
 819      43414E5F 
 820              	.LASF81:
 821 0187 4359424C 		.ascii	"CYBLE_EVT_PENDING_FLASH_WRITE\000"
 821      455F4556 
 821      545F5045 
 821      4E44494E 
 821      475F464C 
 822              	.LASF96:
 823 01a5 4359424C 		.ascii	"CYBLE_ESS_APPARENT_WIND_SPEED\000"
 823      455F4553 
 823      535F4150 
 823      50415245 
 823      4E545F57 
 824              	.LASF70:
 825 01c3 4359424C 		.ascii	"CYBLE_EVT_L2CAP_CONN_PARAM_UPDATE_REQ\000"
 825      455F4556 
 825      545F4C32 
 825      4341505F 
 825      434F4E4E 
 826              	.LASF130:
 827 01e9 6379426C 		.ascii	"cyBle_customs\000"
 827      655F6375 
 827      73746F6D 
 827      7300
 828              	.LASF34:
 829 01f7 4359424C 		.ascii	"CYBLE_EVT_GAP_NUMERIC_COMPARISON_REQUEST\000"
 829      455F4556 
 829      545F4741 
 829      505F4E55 
 829      4D455249 
 830              	.LASF6:
 831 0220 6C6F6E67 		.ascii	"long long int\000"
 831      206C6F6E 
 831      6720696E 
 831      7400
 832              	.LASF0:
 833 022e 7369676E 		.ascii	"signed char\000"
 833      65642063 
 833      68617200 
 834              	.LASF15:
 835 023a 4359424C 		.ascii	"CYBLE_EVT_STACK_ON\000"
 835      455F4556 
 835      545F5354 
 835      41434B5F 
 835      4F4E00
 836              	.LASF125:
 837 024d 4359424C 		.ascii	"CYBLE_ESS_DESCR_COUNT\000"
 837      455F4553 
 837      535F4445 
 837      5343525F 
 837      434F554E 
ARM GAS  C:\Users\megan\AppData\Local\Temp\ccwdWMeg.s 			page 19


 838              	.LASF22:
 839 0263 4359424C 		.ascii	"CYBLE_EVT_GAP_AUTH_REQ\000"
 839      455F4556 
 839      545F4741 
 839      505F4155 
 839      54485F52 
 840              	.LASF54:
 841 027a 4359424C 		.ascii	"CYBLE_EVT_GATTC_READ_RSP\000"
 841      455F4556 
 841      545F4741 
 841      5454435F 
 841      52454144 
 842              	.LASF115:
 843 0293 4359424C 		.ascii	"CYBLE_ESS_CHAR_COUNT\000"
 843      455F4553 
 843      535F4348 
 843      41525F43 
 843      4F554E54 
 844              	.LASF59:
 845 02a8 4359424C 		.ascii	"CYBLE_EVT_GATTS_WRITE_CMD_REQ\000"
 845      455F4556 
 845      545F4741 
 845      5454535F 
 845      57524954 
 846              	.LASF102:
 847 02c6 4359424C 		.ascii	"CYBLE_ESS_IRRADIANCE\000"
 847      455F4553 
 847      535F4952 
 847      52414449 
 847      414E4345 
 848              	.LASF27:
 849 02db 4359424C 		.ascii	"CYBLE_EVT_GAPP_ADVERTISEMENT_START_STOP\000"
 849      455F4556 
 849      545F4741 
 849      50505F41 
 849      44564552 
 850              	.LASF95:
 851 0303 4359424C 		.ascii	"CYBLE_ESS_APPARENT_WIND_DIR\000"
 851      455F4553 
 851      535F4150 
 851      50415245 
 851      4E545F57 
 852              	.LASF90:
 853 031f 4359424C 		.ascii	"CYBLE_CUSTOMS_INFO_T\000"
 853      455F4355 
 853      53544F4D 
 853      535F494E 
 853      464F5F54 
 854              	.LASF62:
 855 0334 4359424C 		.ascii	"CYBLE_EVT_GATTC_EXEC_WRITE_RSP\000"
 855      455F4556 
 855      545F4741 
 855      5454435F 
 855      45584543 
 856              	.LASF10:
 857 0353 646F7562 		.ascii	"double\000"
 857      6C6500
ARM GAS  C:\Users\megan\AppData\Local\Temp\ccwdWMeg.s 			page 20


 858              	.LASF100:
 859 035a 4359424C 		.ascii	"CYBLE_ESS_HEAT_INDEX\000"
 859      455F4553 
 859      535F4845 
 859      41545F49 
 859      4E444558 
 860              	.LASF92:
 861 036f 63757374 		.ascii	"customServInfo\000"
 861      6F6D5365 
 861      7276496E 
 861      666F00
 862              	.LASF129:
 863 037e 4379426C 		.ascii	"CyBle_CustomInit\000"
 863      655F4375 
 863      73746F6D 
 863      496E6974 
 863      00
 864              	.LASF85:
 865 038f 4359424C 		.ascii	"CYBLE_EVT_MAX\000"
 865      455F4556 
 865      545F4D41 
 865      5800
 866              	.LASF103:
 867 039d 4359424C 		.ascii	"CYBLE_ESS_POLLEN_CONCENTRATION\000"
 867      455F4553 
 867      535F504F 
 867      4C4C454E 
 867      5F434F4E 
 868              	.LASF80:
 869 03bc 4359424C 		.ascii	"CYBLE_EVT_L2CAP_CBFC_DATA_WRITE_IND\000"
 869      455F4556 
 869      545F4C32 
 869      4341505F 
 869      43424643 
 870              	.LASF128:
 871 03e0 433A5C55 		.ascii	"C:\\Users\\megan\\Google Drive\\College\\S11 - Spri"
 871      73657273 
 871      5C6D6567 
 871      616E5C47 
 871      6F6F676C 
 872 040e 6E672032 		.ascii	"ng 2018\\ECEN 4990\\Github\\ECEN4990-CapstoneII\\Ca"
 872      3031385C 
 872      4543454E 
 872      20343939 
 872      305C4769 
 873 043d 7073746F 		.ascii	"pstoneII\\PeripheralBLE.cydsn\000"
 873      6E654949 
 873      5C506572 
 873      69706865 
 873      72616C42 
 874              	.LASF122:
 875 045a 4359424C 		.ascii	"CYBLE_ESS_ES_CONFIG_DESCR\000"
 875      455F4553 
 875      535F4553 
 875      5F434F4E 
 875      4649475F 
 876              	.LASF67:
ARM GAS  C:\Users\megan\AppData\Local\Temp\ccwdWMeg.s 			page 21


 877 0474 4359424C 		.ascii	"CYBLE_EVT_GATTC_STOP_CMD_COMPLETE\000"
 877      455F4556 
 877      545F4741 
 877      5454435F 
 877      53544F50 
 878              	.LASF8:
 879 0496 756E7369 		.ascii	"unsigned int\000"
 879      676E6564 
 879      20696E74 
 879      00
 880              	.LASF82:
 881 04a3 4359424C 		.ascii	"CYBLE_EVT_LE_PING_AUTH_TIMEOUT\000"
 881      455F4556 
 881      545F4C45 
 881      5F50494E 
 881      475F4155 
 882              	.LASF113:
 883 04c2 4359424C 		.ascii	"CYBLE_ESS_MAGNETIC_FLUX_DENSITY_2D\000"
 883      455F4553 
 883      535F4D41 
 883      474E4554 
 883      49435F46 
 884              	.LASF5:
 885 04e5 6C6F6E67 		.ascii	"long unsigned int\000"
 885      20756E73 
 885      69676E65 
 885      6420696E 
 885      7400
 886              	.LASF41:
 887 04f7 4359424C 		.ascii	"CYBLE_EVT_GAP_CONN_ESTB\000"
 887      455F4556 
 887      545F4741 
 887      505F434F 
 887      4E4E5F45 
 888              	.LASF31:
 889 050f 4359424C 		.ascii	"CYBLE_EVT_GAP_CONNECTION_UPDATE_COMPLETE\000"
 889      455F4556 
 889      545F4741 
 889      505F434F 
 889      4E4E4543 
 890              	.LASF49:
 891 0538 4359424C 		.ascii	"CYBLE_EVT_GATTC_XCHNG_MTU_RSP\000"
 891      455F4556 
 891      545F4741 
 891      5454435F 
 891      5843484E 
 892              	.LASF66:
 893 0556 4359424C 		.ascii	"CYBLE_EVT_GATTS_DATA_SIGNED_CMD_REQ\000"
 893      455F4556 
 893      545F4741 
 893      5454535F 
 893      44415441 
 894              	.LASF69:
 895 057a 4359424C 		.ascii	"CYBLE_EVT_GATTC_LONG_PROCEDURE_END\000"
 895      455F4556 
 895      545F4741 
 895      5454435F 
ARM GAS  C:\Users\megan\AppData\Local\Temp\ccwdWMeg.s 			page 22


 895      4C4F4E47 
 896              	.LASF3:
 897 059d 73686F72 		.ascii	"short unsigned int\000"
 897      7420756E 
 897      7369676E 
 897      65642069 
 897      6E7400
 898              	.LASF14:
 899 05b0 4359424C 		.ascii	"CYBLE_EVT_HOST_INVALID\000"
 899      455F4556 
 899      545F484F 
 899      53545F49 
 899      4E56414C 
 900              	.LASF116:
 901 05c7 4359424C 		.ascii	"CYBLE_ESS_CCCD\000"
 901      455F4553 
 901      535F4343 
 901      434400
 902              	.LASF20:
 903 05d6 4359424C 		.ascii	"CYBLE_EVT_MEMORY_REQUEST\000"
 903      455F4556 
 903      545F4D45 
 903      4D4F5259 
 903      5F524551 
 904              	.LASF23:
 905 05ef 4359424C 		.ascii	"CYBLE_EVT_GAP_PASSKEY_ENTRY_REQUEST\000"
 905      455F4556 
 905      545F4741 
 905      505F5041 
 905      53534B45 
 906              	.LASF28:
 907 0613 4359424C 		.ascii	"CYBLE_EVT_GAP_DEVICE_CONNECTED\000"
 907      455F4556 
 907      545F4741 
 907      505F4445 
 907      56494345 
 908              	.LASF127:
 909 0632 47656E65 		.ascii	"Generated_Source\\PSoC4\\BLE_1_custom.c\000"
 909      72617465 
 909      645F536F 
 909      75726365 
 909      5C50536F 
 910              	.LASF57:
 911 0658 4359424C 		.ascii	"CYBLE_EVT_GATTS_WRITE_REQ\000"
 911      455F4556 
 911      545F4741 
 911      5454535F 
 911      57524954 
 912              	.LASF43:
 913 0672 4359424C 		.ascii	"CYBLE_EVT_GAP_AUTH_REQ_REPLY_ERR\000"
 913      455F4556 
 913      545F4741 
 913      505F4155 
 913      54485F52 
 914              	.LASF126:
 915 0693 474E5520 		.ascii	"GNU C11 5.4.1 20160609 (release) [ARM/embedded-5-br"
 915      43313120 
ARM GAS  C:\Users\megan\AppData\Local\Temp\ccwdWMeg.s 			page 23


 915      352E342E 
 915      31203230 
 915      31363036 
 916 06c6 616E6368 		.ascii	"anch revision 237715] -mcpu=cortex-m0 -mthumb -g -O"
 916      20726576 
 916      6973696F 
 916      6E203233 
 916      37373135 
 917 06f9 30202D66 		.ascii	"0 -ffunction-sections -ffat-lto-objects\000"
 917      66756E63 
 917      74696F6E 
 917      2D736563 
 917      74696F6E 
 918              	.LASF46:
 919 0721 4359424C 		.ascii	"CYBLE_EVT_GATT_CONNECT_IND\000"
 919      455F4556 
 919      545F4741 
 919      54545F43 
 919      4F4E4E45 
 920              	.LASF114:
 921 073c 4359424C 		.ascii	"CYBLE_ESS_MAGNETIC_FLUX_DENSITY_3D\000"
 921      455F4553 
 921      535F4D41 
 921      474E4554 
 921      49435F46 
 922              	.LASF72:
 923 075f 4359424C 		.ascii	"CYBLE_EVT_L2CAP_COMMAND_REJ\000"
 923      455F4556 
 923      545F4C32 
 923      4341505F 
 923      434F4D4D 
 924              	.LASF111:
 925 077b 4359424C 		.ascii	"CYBLE_ESS_BAROMETRIC_PRESSURE_TREND\000"
 925      455F4553 
 925      535F4241 
 925      524F4D45 
 925      54524943 
 926              	.LASF21:
 927 079f 4359424C 		.ascii	"CYBLE_EVT_GAPC_SCAN_PROGRESS_RESULT\000"
 927      455F4556 
 927      545F4741 
 927      50435F53 
 927      43414E5F 
 928              	.LASF44:
 929 07c3 4359424C 		.ascii	"CYBLE_EVT_GAP_SMP_LOC_P256_KEYS_GEN_AND_SET_COMPLET"
 929      455F4556 
 929      545F4741 
 929      505F534D 
 929      505F4C4F 
 930 07f6 4500     		.ascii	"E\000"
 931              	.LASF73:
 932 07f8 4359424C 		.ascii	"CYBLE_EVT_L2CAP_CBFC_CONN_IND\000"
 932      455F4556 
 932      545F4C32 
 932      4341505F 
 932      43424643 
 933              	.LASF51:
ARM GAS  C:\Users\megan\AppData\Local\Temp\ccwdWMeg.s 			page 24


 934 0816 4359424C 		.ascii	"CYBLE_EVT_GATTC_READ_BY_TYPE_RSP\000"
 934      455F4556 
 934      545F4741 
 934      5454435F 
 934      52454144 
 935              	.LASF13:
 936 0837 73697A65 		.ascii	"sizetype\000"
 936      74797065 
 936      00
 937              	.LASF26:
 938 0840 4359424C 		.ascii	"CYBLE_EVT_GAP_AUTH_FAILED\000"
 938      455F4556 
 938      545F4741 
 938      505F4155 
 938      54485F46 
 939              	.LASF98:
 940 085a 4359424C 		.ascii	"CYBLE_ESS_ELEVATION\000"
 940      455F4553 
 940      535F454C 
 940      45564154 
 940      494F4E00 
 941              	.LASF106:
 942 086e 4359424C 		.ascii	"CYBLE_ESS_TEMPERATURE\000"
 942      455F4553 
 942      535F5445 
 942      4D504552 
 942      41545552 
 943              	.LASF39:
 944 0884 4359424C 		.ascii	"CYBLE_EVT_GAPC_DIRECT_ADV_REPORT\000"
 944      455F4556 
 944      545F4741 
 944      50435F44 
 944      49524543 
 945              	.LASF37:
 946 08a5 4359424C 		.ascii	"CYBLE_EVT_GAP_DATA_LENGTH_CHANGE\000"
 946      455F4556 
 946      545F4741 
 946      505F4441 
 946      54415F4C 
 947              	.LASF42:
 948 08c6 4359424C 		.ascii	"CYBLE_EVT_GAP_SCAN_REQ_RECVD\000"
 948      455F4556 
 948      545F4741 
 948      505F5343 
 948      414E5F52 
 949              	.LASF25:
 950 08e3 4359424C 		.ascii	"CYBLE_EVT_GAP_AUTH_COMPLETE\000"
 950      455F4556 
 950      545F4741 
 950      505F4155 
 950      54485F43 
 951              	.LASF124:
 952 08ff 4359424C 		.ascii	"CYBLE_ESS_VRD\000"
 952      455F4553 
 952      535F5652 
 952      4400
 953              	.LASF63:
ARM GAS  C:\Users\megan\AppData\Local\Temp\ccwdWMeg.s 			page 25


 954 090d 4359424C 		.ascii	"CYBLE_EVT_GATTC_HANDLE_VALUE_NTF\000"
 954      455F4556 
 954      545F4741 
 954      5454435F 
 954      48414E44 
 955              	.LASF112:
 956 092e 4359424C 		.ascii	"CYBLE_ESS_MAGNETIC_DECLINATION\000"
 956      455F4553 
 956      535F4D41 
 956      474E4554 
 956      49435F44 
 957              	.LASF74:
 958 094d 4359424C 		.ascii	"CYBLE_EVT_L2CAP_CBFC_CONN_CNF\000"
 958      455F4556 
 958      545F4C32 
 958      4341505F 
 958      43424643 
 959              	.LASF50:
 960 096b 4359424C 		.ascii	"CYBLE_EVT_GATTC_READ_BY_GROUP_TYPE_RSP\000"
 960      455F4556 
 960      545F4741 
 960      5454435F 
 960      52454144 
 961              	.LASF9:
 962 0992 666C6F61 		.ascii	"float\000"
 962      7400
 963              	.LASF123:
 964 0998 4359424C 		.ascii	"CYBLE_ESS_CHAR_USER_DESCRIPTION_DESCR\000"
 964      455F4553 
 964      535F4348 
 964      41525F55 
 964      5345525F 
 965              	.LASF97:
 966 09be 4359424C 		.ascii	"CYBLE_ESS_DEW_POINT\000"
 966      455F4553 
 966      535F4445 
 966      575F504F 
 966      494E5400 
 967              	.LASF110:
 968 09d2 4359424C 		.ascii	"CYBLE_ESS_WIND_CHILL\000"
 968      455F4553 
 968      535F5749 
 968      4E445F43 
 968      48494C4C 
 969              	.LASF1:
 970 09e7 756E7369 		.ascii	"unsigned char\000"
 970      676E6564 
 970      20636861 
 970      7200
 971              	.LASF35:
 972 09f5 4359424C 		.ascii	"CYBLE_EVT_GAP_KEYPRESS_NOTIFICATION\000"
 972      455F4556 
 972      545F4741 
 972      505F4B45 
 972      59505245 
 973              	.LASF2:
 974 0a19 73686F72 		.ascii	"short int\000"
ARM GAS  C:\Users\megan\AppData\Local\Temp\ccwdWMeg.s 			page 26


 974      7420696E 
 974      7400
 975              	.LASF64:
 976 0a23 4359424C 		.ascii	"CYBLE_EVT_GATTC_HANDLE_VALUE_IND\000"
 976      455F4556 
 976      545F4741 
 976      5454435F 
 976      48414E44 
 977              	.LASF83:
 978 0a44 4359424C 		.ascii	"CYBLE_EVT_HCI_PKT\000"
 978      455F4556 
 978      545F4843 
 978      495F504B 
 978      5400
 979              	.LASF60:
 980 0a56 4359424C 		.ascii	"CYBLE_EVT_GATTS_PREP_WRITE_REQ\000"
 980      455F4556 
 980      545F4741 
 980      5454535F 
 980      50524550 
 981              	.LASF30:
 982 0a75 4359424C 		.ascii	"CYBLE_EVT_GAP_ENCRYPT_CHANGE\000"
 982      455F4556 
 982      545F4741 
 982      505F454E 
 982      43525950 
 983              	.LASF65:
 984 0a92 4359424C 		.ascii	"CYBLE_EVT_GATTS_HANDLE_VALUE_CNF\000"
 984      455F4556 
 984      545F4741 
 984      5454535F 
 984      48414E44 
 985              	.LASF45:
 986 0ab3 4359424C 		.ascii	"CYBLE_EVT_GATTC_ERROR_RSP\000"
 986      455F4556 
 986      545F4741 
 986      5454435F 
 986      4552524F 
 987              	.LASF40:
 988 0acd 4359424C 		.ascii	"CYBLE_EVT_GAP_SMP_NEGOTIATED_AUTH_INFO\000"
 988      455F4556 
 988      545F4741 
 988      505F534D 
 988      505F4E45 
 989              	.LASF52:
 990 0af4 4359424C 		.ascii	"CYBLE_EVT_GATTC_FIND_INFO_RSP\000"
 990      455F4556 
 990      545F4741 
 990      5454435F 
 990      46494E44 
 991              	.LASF12:
 992 0b12 6C6F6E67 		.ascii	"long double\000"
 992      20646F75 
 992      626C6500 
 993              	.LASF84:
 994 0b1e 4359424C 		.ascii	"CYBLE_EVT_FLASH_CORRUPT\000"
 994      455F4556 
ARM GAS  C:\Users\megan\AppData\Local\Temp\ccwdWMeg.s 			page 27


 994      545F464C 
 994      4153485F 
 994      434F5252 
 995              	.LASF11:
 996 0b36 63686172 		.ascii	"char\000"
 996      00
 997              	.LASF29:
 998 0b3b 4359424C 		.ascii	"CYBLE_EVT_GAP_DEVICE_DISCONNECTED\000"
 998      455F4556 
 998      545F4741 
 998      505F4445 
 998      56494345 
 999              	.LASF68:
 1000 0b5d 4359424C 		.ascii	"CYBLE_EVT_GATTS_READ_CHAR_VAL_ACCESS_REQ\000"
 1000      455F4556 
 1000      545F4741 
 1000      5454535F 
 1000      52454144 
 1001              	.LASF58:
 1002 0b86 4359424C 		.ascii	"CYBLE_EVT_GATTC_WRITE_RSP\000"
 1002      455F4556 
 1002      545F4741 
 1002      5454435F 
 1002      57524954 
 1003              	.LASF104:
 1004 0ba0 4359424C 		.ascii	"CYBLE_ESS_RAINFALL\000"
 1004      455F4553 
 1004      535F5241 
 1004      494E4641 
 1004      4C4C00
 1005              	.LASF79:
 1006 0bb3 4359424C 		.ascii	"CYBLE_EVT_L2CAP_CBFC_TX_CREDIT_IND\000"
 1006      455F4556 
 1006      545F4C32 
 1006      4341505F 
 1006      43424643 
 1007              	.LASF105:
 1008 0bd6 4359424C 		.ascii	"CYBLE_ESS_PRESSURE\000"
 1008      455F4553 
 1008      535F5052 
 1008      45535355 
 1008      524500
 1009              	.LASF24:
 1010 0be9 4359424C 		.ascii	"CYBLE_EVT_GAP_PASSKEY_DISPLAY_REQUEST\000"
 1010      455F4556 
 1010      545F4741 
 1010      505F5041 
 1010      53534B45 
 1011              	.LASF17:
 1012 0c0f 4359424C 		.ascii	"CYBLE_EVT_HARDWARE_ERROR\000"
 1012      455F4556 
 1012      545F4841 
 1012      52445741 
 1012      52455F45 
 1013              	.LASF48:
 1014 0c28 4359424C 		.ascii	"CYBLE_EVT_GATTS_XCNHG_MTU_REQ\000"
 1014      455F4556 
ARM GAS  C:\Users\megan\AppData\Local\Temp\ccwdWMeg.s 			page 28


 1014      545F4741 
 1014      5454535F 
 1014      58434E48 
 1015              	.LASF109:
 1016 0c46 4359424C 		.ascii	"CYBLE_ESS_UV_INDEX\000"
 1016      455F4553 
 1016      535F5556 
 1016      5F494E44 
 1016      455800
 1017              	.LASF107:
 1018 0c59 4359424C 		.ascii	"CYBLE_ESS_TRUE_WIND_DIR\000"
 1018      455F4553 
 1018      535F5452 
 1018      55455F57 
 1018      494E445F 
 1019              	.LASF108:
 1020 0c71 4359424C 		.ascii	"CYBLE_ESS_TRUE_WIND_SPEED\000"
 1020      455F4553 
 1020      535F5452 
 1020      55455F57 
 1020      494E445F 
 1021              	.LASF119:
 1022 0c8b 4359424C 		.ascii	"CYBLE_ESS_ES_TRIGGER_SETTINGS_DESCR1\000"
 1022      455F4553 
 1022      535F4553 
 1022      5F545249 
 1022      47474552 
 1023              	.LASF120:
 1024 0cb0 4359424C 		.ascii	"CYBLE_ESS_ES_TRIGGER_SETTINGS_DESCR2\000"
 1024      455F4553 
 1024      535F4553 
 1024      5F545249 
 1024      47474552 
 1025              	.LASF121:
 1026 0cd5 4359424C 		.ascii	"CYBLE_ESS_ES_TRIGGER_SETTINGS_DESCR3\000"
 1026      455F4553 
 1026      535F4553 
 1026      5F545249 
 1026      47474552 
 1027              	.LASF118:
 1028 0cfa 4359424C 		.ascii	"CYBLE_ESS_ES_MEASUREMENT_DESCR\000"
 1028      455F4553 
 1028      535F4553 
 1028      5F4D4541 
 1028      53555245 
 1029              	.LASF55:
 1030 0d19 4359424C 		.ascii	"CYBLE_EVT_GATTC_READ_BLOB_RSP\000"
 1030      455F4556 
 1030      545F4741 
 1030      5454435F 
 1030      52454144 
 1031              	.LASF101:
 1032 0d37 4359424C 		.ascii	"CYBLE_ESS_HUMIDITY\000"
 1032      455F4553 
 1032      535F4855 
 1032      4D494449 
 1032      545900
ARM GAS  C:\Users\megan\AppData\Local\Temp\ccwdWMeg.s 			page 29


 1033              	.LASF117:
 1034 0d4a 4359424C 		.ascii	"CYBLE_ESS_CHAR_EXTENDED_PROPERTIES\000"
 1034      455F4553 
 1034      535F4348 
 1034      41525F45 
 1034      5854454E 
 1035              	.LASF99:
 1036 0d6d 4359424C 		.ascii	"CYBLE_ESS_GUST_FACTOR\000"
 1036      455F4553 
 1036      535F4755 
 1036      53545F46 
 1036      4143544F 
 1037              	.LASF53:
 1038 0d83 4359424C 		.ascii	"CYBLE_EVT_GATTC_FIND_BY_TYPE_VALUE_RSP\000"
 1038      455F4556 
 1038      545F4741 
 1038      5454435F 
 1038      46494E44 
 1039              	.LASF33:
 1040 0daa 4359424C 		.ascii	"CYBLE_EVT_GAP_KEYINFO_EXCHNGE_CMPLT\000"
 1040      455F4556 
 1040      545F4741 
 1040      505F4B45 
 1040      59494E46 
 1041              	.LASF75:
 1042 0dce 4359424C 		.ascii	"CYBLE_EVT_L2CAP_CBFC_DISCONN_IND\000"
 1042      455F4556 
 1042      545F4C32 
 1042      4341505F 
 1042      43424643 
 1043              	.LASF93:
 1044 0def 4359424C 		.ascii	"CYBLE_CUSTOMS_T\000"
 1044      455F4355 
 1044      53544F4D 
 1044      535F5400 
 1045              	.LASF71:
 1046 0dff 4359424C 		.ascii	"CYBLE_EVT_L2CAP_CONN_PARAM_UPDATE_RSP\000"
 1046      455F4556 
 1046      545F4C32 
 1046      4341505F 
 1046      434F4E4E 
 1047              	.LASF38:
 1048 0e25 4359424C 		.ascii	"CYBLE_EVT_GAP_ENHANCE_CONN_COMPLETE\000"
 1048      455F4556 
 1048      545F4741 
 1048      505F454E 
 1048      48414E43 
 1049              	.LASF87:
 1050 0e49 4359424C 		.ascii	"CYBLE_GATT_DB_ATTR_HANDLE_T\000"
 1050      455F4741 
 1050      54545F44 
 1050      425F4154 
 1050      54525F48 
 1051              	.LASF88:
 1052 0e65 63757374 		.ascii	"customServCharHandle\000"
 1052      6F6D5365 
 1052      72764368 
ARM GAS  C:\Users\megan\AppData\Local\Temp\ccwdWMeg.s 			page 30


 1052      61724861 
 1052      6E646C65 
 1053              	.LASF47:
 1054 0e7a 4359424C 		.ascii	"CYBLE_EVT_GATT_DISCONNECT_IND\000"
 1054      455F4556 
 1054      545F4741 
 1054      54545F44 
 1054      4953434F 
 1055              	.LASF89:
 1056 0e98 63757374 		.ascii	"customServCharDesc\000"
 1056      6F6D5365 
 1056      72764368 
 1056      61724465 
 1056      736300
 1057              		.ident	"GCC: (GNU Tools for ARM Embedded Processors) 5.4.1 20160609 (release) [ARM/embedded-5-bran
