ARM GAS  C:\Users\megan\AppData\Local\Temp\ccmju8ba.s 			page 1


   1              		.syntax unified
   2              		.cpu cortex-m0
   3              		.fpu softvfp
   4              		.eabi_attribute 20, 1
   5              		.eabi_attribute 21, 1
   6              		.eabi_attribute 23, 3
   7              		.eabi_attribute 24, 1
   8              		.eabi_attribute 25, 1
   9              		.eabi_attribute 26, 1
  10              		.eabi_attribute 30, 6
  11              		.eabi_attribute 34, 0
  12              		.eabi_attribute 18, 4
  13              		.thumb
  14              		.syntax unified
  15              		.file	"cyfitter_cfg.c"
  16              		.text
  17              	.Ltext0:
  18              		.cfi_sections	.debug_frame
  19              		.section	.text.CYMEMZERO,"ax",%progbits
  20              		.align	2
  21              		.code	16
  22              		.thumb_func
  23              		.type	CYMEMZERO, %function
  24              	CYMEMZERO:
  25              	.LFB2:
  26              		.file 1 "Generated_Source\\PSoC4\\cyfitter_cfg.c"
   1:Generated_Source\PSoC4/cyfitter_cfg.c **** 
   2:Generated_Source\PSoC4/cyfitter_cfg.c **** /*******************************************************************************
   3:Generated_Source\PSoC4/cyfitter_cfg.c **** * File Name: cyfitter_cfg.c
   4:Generated_Source\PSoC4/cyfitter_cfg.c **** * 
   5:Generated_Source\PSoC4/cyfitter_cfg.c **** * PSoC Creator  4.1 Update 1
   6:Generated_Source\PSoC4/cyfitter_cfg.c **** *
   7:Generated_Source\PSoC4/cyfitter_cfg.c **** * Description:
   8:Generated_Source\PSoC4/cyfitter_cfg.c **** * This file contains device initialization code.
   9:Generated_Source\PSoC4/cyfitter_cfg.c **** * Except for the user defined sections in CyClockStartupError(), this file should not be modified.
  10:Generated_Source\PSoC4/cyfitter_cfg.c **** * This file is automatically generated by PSoC Creator.
  11:Generated_Source\PSoC4/cyfitter_cfg.c **** *
  12:Generated_Source\PSoC4/cyfitter_cfg.c **** ********************************************************************************
  13:Generated_Source\PSoC4/cyfitter_cfg.c **** * Copyright (c) 2007-2017 Cypress Semiconductor.  All rights reserved.
  14:Generated_Source\PSoC4/cyfitter_cfg.c **** * You may use this file only in accordance with the license, terms, conditions, 
  15:Generated_Source\PSoC4/cyfitter_cfg.c **** * disclaimers, and limitations in the end user license agreement accompanying 
  16:Generated_Source\PSoC4/cyfitter_cfg.c **** * the software package with which this file was provided.
  17:Generated_Source\PSoC4/cyfitter_cfg.c **** ********************************************************************************/
  18:Generated_Source\PSoC4/cyfitter_cfg.c **** 
  19:Generated_Source\PSoC4/cyfitter_cfg.c **** #include <string.h>
  20:Generated_Source\PSoC4/cyfitter_cfg.c **** #include "cytypes.h"
  21:Generated_Source\PSoC4/cyfitter_cfg.c **** #include "cydevice_trm.h"
  22:Generated_Source\PSoC4/cyfitter_cfg.c **** #include "cyfitter.h"
  23:Generated_Source\PSoC4/cyfitter_cfg.c **** #include "CyLib.h"
  24:Generated_Source\PSoC4/cyfitter_cfg.c **** #include "CyLFClk.h"
  25:Generated_Source\PSoC4/cyfitter_cfg.c **** #include "cyfitter_cfg.h"
  26:Generated_Source\PSoC4/cyfitter_cfg.c **** #include "cyapicallbacks.h"
  27:Generated_Source\PSoC4/cyfitter_cfg.c **** 
  28:Generated_Source\PSoC4/cyfitter_cfg.c **** 
  29:Generated_Source\PSoC4/cyfitter_cfg.c **** #if defined(__GNUC__) || defined(__ARMCC_VERSION)
  30:Generated_Source\PSoC4/cyfitter_cfg.c ****     #define CYPACKED 
  31:Generated_Source\PSoC4/cyfitter_cfg.c ****     #define CYPACKED_ATTR __attribute__ ((packed))
ARM GAS  C:\Users\megan\AppData\Local\Temp\ccmju8ba.s 			page 2


  32:Generated_Source\PSoC4/cyfitter_cfg.c ****     #define CYALIGNED __attribute__ ((aligned))
  33:Generated_Source\PSoC4/cyfitter_cfg.c ****     #define CY_CFG_UNUSED __attribute__ ((unused))
  34:Generated_Source\PSoC4/cyfitter_cfg.c ****     #ifndef CY_CFG_SECTION
  35:Generated_Source\PSoC4/cyfitter_cfg.c ****         #define CY_CFG_SECTION __attribute__ ((section(".psocinit")))
  36:Generated_Source\PSoC4/cyfitter_cfg.c ****     #endif
  37:Generated_Source\PSoC4/cyfitter_cfg.c ****     
  38:Generated_Source\PSoC4/cyfitter_cfg.c ****     #if defined(__ARMCC_VERSION)
  39:Generated_Source\PSoC4/cyfitter_cfg.c ****         #define CY_CFG_MEMORY_BARRIER() __memory_changed()
  40:Generated_Source\PSoC4/cyfitter_cfg.c ****     #else
  41:Generated_Source\PSoC4/cyfitter_cfg.c ****         #define CY_CFG_MEMORY_BARRIER() __sync_synchronize()
  42:Generated_Source\PSoC4/cyfitter_cfg.c ****     #endif
  43:Generated_Source\PSoC4/cyfitter_cfg.c ****     
  44:Generated_Source\PSoC4/cyfitter_cfg.c **** #elif defined(__ICCARM__)
  45:Generated_Source\PSoC4/cyfitter_cfg.c ****     #include <intrinsics.h>
  46:Generated_Source\PSoC4/cyfitter_cfg.c **** 
  47:Generated_Source\PSoC4/cyfitter_cfg.c ****     #define CYPACKED __packed
  48:Generated_Source\PSoC4/cyfitter_cfg.c ****     #define CYPACKED_ATTR 
  49:Generated_Source\PSoC4/cyfitter_cfg.c ****     #define CYALIGNED _Pragma("data_alignment=4")
  50:Generated_Source\PSoC4/cyfitter_cfg.c ****     #define CY_CFG_UNUSED _Pragma("diag_suppress=Pe177")
  51:Generated_Source\PSoC4/cyfitter_cfg.c ****     #define CY_CFG_SECTION _Pragma("location=\".psocinit\"")
  52:Generated_Source\PSoC4/cyfitter_cfg.c ****     
  53:Generated_Source\PSoC4/cyfitter_cfg.c ****     #define CY_CFG_MEMORY_BARRIER() __DMB()
  54:Generated_Source\PSoC4/cyfitter_cfg.c ****     
  55:Generated_Source\PSoC4/cyfitter_cfg.c **** #else
  56:Generated_Source\PSoC4/cyfitter_cfg.c ****     #error Unsupported toolchain
  57:Generated_Source\PSoC4/cyfitter_cfg.c **** #endif
  58:Generated_Source\PSoC4/cyfitter_cfg.c **** 
  59:Generated_Source\PSoC4/cyfitter_cfg.c **** #ifndef CYCODE
  60:Generated_Source\PSoC4/cyfitter_cfg.c ****     #define CYCODE
  61:Generated_Source\PSoC4/cyfitter_cfg.c **** #endif
  62:Generated_Source\PSoC4/cyfitter_cfg.c **** #ifndef CYDATA
  63:Generated_Source\PSoC4/cyfitter_cfg.c ****     #define CYDATA
  64:Generated_Source\PSoC4/cyfitter_cfg.c **** #endif
  65:Generated_Source\PSoC4/cyfitter_cfg.c **** #ifndef CYFAR
  66:Generated_Source\PSoC4/cyfitter_cfg.c ****     #define CYFAR
  67:Generated_Source\PSoC4/cyfitter_cfg.c **** #endif
  68:Generated_Source\PSoC4/cyfitter_cfg.c **** #ifndef CYXDATA
  69:Generated_Source\PSoC4/cyfitter_cfg.c ****     #define CYXDATA
  70:Generated_Source\PSoC4/cyfitter_cfg.c **** #endif
  71:Generated_Source\PSoC4/cyfitter_cfg.c **** 
  72:Generated_Source\PSoC4/cyfitter_cfg.c **** 
  73:Generated_Source\PSoC4/cyfitter_cfg.c **** CY_CFG_UNUSED
  74:Generated_Source\PSoC4/cyfitter_cfg.c **** static void CYMEMZERO(void *s, size_t n);
  75:Generated_Source\PSoC4/cyfitter_cfg.c **** CY_CFG_UNUSED
  76:Generated_Source\PSoC4/cyfitter_cfg.c **** static void CYMEMZERO(void *s, size_t n)
  77:Generated_Source\PSoC4/cyfitter_cfg.c **** {
  27              		.loc 1 77 0
  28              		.cfi_startproc
  29              		@ args = 0, pretend = 0, frame = 8
  30              		@ frame_needed = 1, uses_anonymous_args = 0
  31 0000 80B5     		push	{r7, lr}
  32              		.cfi_def_cfa_offset 8
  33              		.cfi_offset 7, -8
  34              		.cfi_offset 14, -4
  35 0002 82B0     		sub	sp, sp, #8
  36              		.cfi_def_cfa_offset 16
  37 0004 00AF     		add	r7, sp, #0
ARM GAS  C:\Users\megan\AppData\Local\Temp\ccmju8ba.s 			page 3


  38              		.cfi_def_cfa_register 7
  39 0006 7860     		str	r0, [r7, #4]
  40 0008 3960     		str	r1, [r7]
  78:Generated_Source\PSoC4/cyfitter_cfg.c **** 	(void)memset(s, 0, n);
  41              		.loc 1 78 0
  42 000a 3A68     		ldr	r2, [r7]
  43 000c 7B68     		ldr	r3, [r7, #4]
  44 000e 0021     		movs	r1, #0
  45 0010 1800     		movs	r0, r3
  46 0012 FFF7FEFF 		bl	memset
  79:Generated_Source\PSoC4/cyfitter_cfg.c **** }
  47              		.loc 1 79 0
  48 0016 C046     		nop
  49 0018 BD46     		mov	sp, r7
  50 001a 02B0     		add	sp, sp, #8
  51              		@ sp needed
  52 001c 80BD     		pop	{r7, pc}
  53              		.cfi_endproc
  54              	.LFE2:
  55              		.size	CYMEMZERO, .-CYMEMZERO
  56 001e C046     		.section	.text.CYCONFIGCPY,"ax",%progbits
  57              		.align	2
  58              		.code	16
  59              		.thumb_func
  60              		.type	CYCONFIGCPY, %function
  61              	CYCONFIGCPY:
  62              	.LFB3:
  80:Generated_Source\PSoC4/cyfitter_cfg.c **** CY_CFG_UNUSED
  81:Generated_Source\PSoC4/cyfitter_cfg.c **** static void CYCONFIGCPY(void *dest, const void *src, size_t n);
  82:Generated_Source\PSoC4/cyfitter_cfg.c **** CY_CFG_UNUSED
  83:Generated_Source\PSoC4/cyfitter_cfg.c **** static void CYCONFIGCPY(void *dest, const void *src, size_t n)
  84:Generated_Source\PSoC4/cyfitter_cfg.c **** {
  63              		.loc 1 84 0
  64              		.cfi_startproc
  65              		@ args = 0, pretend = 0, frame = 16
  66              		@ frame_needed = 1, uses_anonymous_args = 0
  67 0000 80B5     		push	{r7, lr}
  68              		.cfi_def_cfa_offset 8
  69              		.cfi_offset 7, -8
  70              		.cfi_offset 14, -4
  71 0002 84B0     		sub	sp, sp, #16
  72              		.cfi_def_cfa_offset 24
  73 0004 00AF     		add	r7, sp, #0
  74              		.cfi_def_cfa_register 7
  75 0006 F860     		str	r0, [r7, #12]
  76 0008 B960     		str	r1, [r7, #8]
  77 000a 7A60     		str	r2, [r7, #4]
  85:Generated_Source\PSoC4/cyfitter_cfg.c **** 	(void)memcpy(dest, src, n);
  78              		.loc 1 85 0
  79 000c 7A68     		ldr	r2, [r7, #4]
  80 000e B968     		ldr	r1, [r7, #8]
  81 0010 FB68     		ldr	r3, [r7, #12]
  82 0012 1800     		movs	r0, r3
  83 0014 FFF7FEFF 		bl	memcpy
  86:Generated_Source\PSoC4/cyfitter_cfg.c **** }
  84              		.loc 1 86 0
  85 0018 C046     		nop
ARM GAS  C:\Users\megan\AppData\Local\Temp\ccmju8ba.s 			page 4


  86 001a BD46     		mov	sp, r7
  87 001c 04B0     		add	sp, sp, #16
  88              		@ sp needed
  89 001e 80BD     		pop	{r7, pc}
  90              		.cfi_endproc
  91              	.LFE3:
  92              		.size	CYCONFIGCPY, .-CYCONFIGCPY
  93              		.section	.text.CYCONFIGCPYCODE,"ax",%progbits
  94              		.align	2
  95              		.code	16
  96              		.thumb_func
  97              		.type	CYCONFIGCPYCODE, %function
  98              	CYCONFIGCPYCODE:
  99              	.LFB4:
  87:Generated_Source\PSoC4/cyfitter_cfg.c **** CY_CFG_UNUSED
  88:Generated_Source\PSoC4/cyfitter_cfg.c **** static void CYCONFIGCPYCODE(void *dest, const void *src, size_t n);
  89:Generated_Source\PSoC4/cyfitter_cfg.c **** CY_CFG_UNUSED
  90:Generated_Source\PSoC4/cyfitter_cfg.c **** static void CYCONFIGCPYCODE(void *dest, const void *src, size_t n)
  91:Generated_Source\PSoC4/cyfitter_cfg.c **** {
 100              		.loc 1 91 0
 101              		.cfi_startproc
 102              		@ args = 0, pretend = 0, frame = 16
 103              		@ frame_needed = 1, uses_anonymous_args = 0
 104 0000 80B5     		push	{r7, lr}
 105              		.cfi_def_cfa_offset 8
 106              		.cfi_offset 7, -8
 107              		.cfi_offset 14, -4
 108 0002 84B0     		sub	sp, sp, #16
 109              		.cfi_def_cfa_offset 24
 110 0004 00AF     		add	r7, sp, #0
 111              		.cfi_def_cfa_register 7
 112 0006 F860     		str	r0, [r7, #12]
 113 0008 B960     		str	r1, [r7, #8]
 114 000a 7A60     		str	r2, [r7, #4]
  92:Generated_Source\PSoC4/cyfitter_cfg.c **** 	(void)memcpy(dest, src, n);
 115              		.loc 1 92 0
 116 000c 7A68     		ldr	r2, [r7, #4]
 117 000e B968     		ldr	r1, [r7, #8]
 118 0010 FB68     		ldr	r3, [r7, #12]
 119 0012 1800     		movs	r0, r3
 120 0014 FFF7FEFF 		bl	memcpy
  93:Generated_Source\PSoC4/cyfitter_cfg.c **** }
 121              		.loc 1 93 0
 122 0018 C046     		nop
 123 001a BD46     		mov	sp, r7
 124 001c 04B0     		add	sp, sp, #16
 125              		@ sp needed
 126 001e 80BD     		pop	{r7, pc}
 127              		.cfi_endproc
 128              	.LFE4:
 129              		.size	CYCONFIGCPYCODE, .-CYCONFIGCPYCODE
 130              		.section	.psocinit,"ax",%progbits
 131              		.align	2
 132              		.code	16
 133              		.thumb_func
 134              		.type	ClockSetup, %function
 135              	ClockSetup:
ARM GAS  C:\Users\megan\AppData\Local\Temp\ccmju8ba.s 			page 5


 136              	.LFB5:
  94:Generated_Source\PSoC4/cyfitter_cfg.c **** 
  95:Generated_Source\PSoC4/cyfitter_cfg.c **** 
  96:Generated_Source\PSoC4/cyfitter_cfg.c **** 
  97:Generated_Source\PSoC4/cyfitter_cfg.c **** 
  98:Generated_Source\PSoC4/cyfitter_cfg.c **** /* Clock startup error codes                                                   */
  99:Generated_Source\PSoC4/cyfitter_cfg.c **** #define CYCLOCKSTART_NO_ERROR    0u
 100:Generated_Source\PSoC4/cyfitter_cfg.c **** #define CYCLOCKSTART_XTAL_ERROR  1u
 101:Generated_Source\PSoC4/cyfitter_cfg.c **** #define CYCLOCKSTART_32KHZ_ERROR 2u
 102:Generated_Source\PSoC4/cyfitter_cfg.c **** #define CYCLOCKSTART_PLL_ERROR   3u
 103:Generated_Source\PSoC4/cyfitter_cfg.c **** #define CYCLOCKSTART_FLL_ERROR   4u
 104:Generated_Source\PSoC4/cyfitter_cfg.c **** 
 105:Generated_Source\PSoC4/cyfitter_cfg.c **** 
 106:Generated_Source\PSoC4/cyfitter_cfg.c **** #ifdef CY_NEED_CYCLOCKSTARTUPERROR
 107:Generated_Source\PSoC4/cyfitter_cfg.c **** /*******************************************************************************
 108:Generated_Source\PSoC4/cyfitter_cfg.c **** * Function Name: CyClockStartupError
 109:Generated_Source\PSoC4/cyfitter_cfg.c **** ********************************************************************************
 110:Generated_Source\PSoC4/cyfitter_cfg.c **** * Summary:
 111:Generated_Source\PSoC4/cyfitter_cfg.c **** *  If an error is encountered during clock configuration (crystal startup error,
 112:Generated_Source\PSoC4/cyfitter_cfg.c **** *  PLL lock error, etc.), the system will end up here.  Unless reimplemented by
 113:Generated_Source\PSoC4/cyfitter_cfg.c **** *  the customer, this function will stop in an infinite loop.
 114:Generated_Source\PSoC4/cyfitter_cfg.c **** *
 115:Generated_Source\PSoC4/cyfitter_cfg.c **** * Parameters:
 116:Generated_Source\PSoC4/cyfitter_cfg.c **** *   void
 117:Generated_Source\PSoC4/cyfitter_cfg.c **** *
 118:Generated_Source\PSoC4/cyfitter_cfg.c **** * Return:
 119:Generated_Source\PSoC4/cyfitter_cfg.c **** *   void
 120:Generated_Source\PSoC4/cyfitter_cfg.c **** *
 121:Generated_Source\PSoC4/cyfitter_cfg.c **** *******************************************************************************/
 122:Generated_Source\PSoC4/cyfitter_cfg.c **** CY_CFG_UNUSED
 123:Generated_Source\PSoC4/cyfitter_cfg.c **** static void CyClockStartupError(uint8 errorCode);
 124:Generated_Source\PSoC4/cyfitter_cfg.c **** CY_CFG_UNUSED
 125:Generated_Source\PSoC4/cyfitter_cfg.c **** static void CyClockStartupError(uint8 errorCode)
 126:Generated_Source\PSoC4/cyfitter_cfg.c **** {
 127:Generated_Source\PSoC4/cyfitter_cfg.c ****     /* To remove the compiler warning if errorCode not used. */
 128:Generated_Source\PSoC4/cyfitter_cfg.c **** #if defined(CY_PSOC3) && (CY_PSOC3)
 129:Generated_Source\PSoC4/cyfitter_cfg.c ****     errorCode = errorCode;
 130:Generated_Source\PSoC4/cyfitter_cfg.c **** #else
 131:Generated_Source\PSoC4/cyfitter_cfg.c ****     (void)errorCode;
 132:Generated_Source\PSoC4/cyfitter_cfg.c **** #endif /* CY_PSOC3 */
 133:Generated_Source\PSoC4/cyfitter_cfg.c **** 
 134:Generated_Source\PSoC4/cyfitter_cfg.c ****     /* If we have a clock startup error (bad MHz crystal, PLL lock, etc.),  */
 135:Generated_Source\PSoC4/cyfitter_cfg.c ****     /* we will end up here to allow the customer to implement something to  */
 136:Generated_Source\PSoC4/cyfitter_cfg.c ****     /* deal with the clock condition.                                       */
 137:Generated_Source\PSoC4/cyfitter_cfg.c **** 
 138:Generated_Source\PSoC4/cyfitter_cfg.c **** #ifdef CY_CFG_CLOCK_STARTUP_ERROR_CALLBACK
 139:Generated_Source\PSoC4/cyfitter_cfg.c ****     CY_CFG_Clock_Startup_ErrorCallback();
 140:Generated_Source\PSoC4/cyfitter_cfg.c **** #else
 141:Generated_Source\PSoC4/cyfitter_cfg.c ****     /*  If not using CY_CFG_CLOCK_STARTUP_ERROR_CALLBACK, place your clock startup code here. */
 142:Generated_Source\PSoC4/cyfitter_cfg.c ****     /* `#START CyClockStartupError` */
 143:Generated_Source\PSoC4/cyfitter_cfg.c **** 
 144:Generated_Source\PSoC4/cyfitter_cfg.c **** 
 145:Generated_Source\PSoC4/cyfitter_cfg.c **** 
 146:Generated_Source\PSoC4/cyfitter_cfg.c ****     /* `#END` */
 147:Generated_Source\PSoC4/cyfitter_cfg.c **** 
 148:Generated_Source\PSoC4/cyfitter_cfg.c ****     while(1) {}
 149:Generated_Source\PSoC4/cyfitter_cfg.c **** #endif /* CY_CFG_CLOCK_STARTUP_ERROR_CALLBACK */
ARM GAS  C:\Users\megan\AppData\Local\Temp\ccmju8ba.s 			page 6


 150:Generated_Source\PSoC4/cyfitter_cfg.c **** }
 151:Generated_Source\PSoC4/cyfitter_cfg.c **** #endif
 152:Generated_Source\PSoC4/cyfitter_cfg.c **** 
 153:Generated_Source\PSoC4/cyfitter_cfg.c **** 
 154:Generated_Source\PSoC4/cyfitter_cfg.c **** 
 155:Generated_Source\PSoC4/cyfitter_cfg.c **** /*******************************************************************************
 156:Generated_Source\PSoC4/cyfitter_cfg.c **** * Function Name: ClockSetup
 157:Generated_Source\PSoC4/cyfitter_cfg.c **** ********************************************************************************
 158:Generated_Source\PSoC4/cyfitter_cfg.c **** *
 159:Generated_Source\PSoC4/cyfitter_cfg.c **** * Summary:
 160:Generated_Source\PSoC4/cyfitter_cfg.c **** *   Performs the initialization of all of the clocks in the device based on the
 161:Generated_Source\PSoC4/cyfitter_cfg.c **** *   settings in the Clock tab of the DWR.  This includes enabling the requested
 162:Generated_Source\PSoC4/cyfitter_cfg.c **** *   clocks and setting the necessary dividers to produce the desired frequency. 
 163:Generated_Source\PSoC4/cyfitter_cfg.c **** *
 164:Generated_Source\PSoC4/cyfitter_cfg.c **** * Parameters:
 165:Generated_Source\PSoC4/cyfitter_cfg.c **** *   void
 166:Generated_Source\PSoC4/cyfitter_cfg.c **** *
 167:Generated_Source\PSoC4/cyfitter_cfg.c **** * Return:
 168:Generated_Source\PSoC4/cyfitter_cfg.c **** *   void
 169:Generated_Source\PSoC4/cyfitter_cfg.c **** *
 170:Generated_Source\PSoC4/cyfitter_cfg.c **** *******************************************************************************/
 171:Generated_Source\PSoC4/cyfitter_cfg.c **** static void ClockSetup(void);
 172:Generated_Source\PSoC4/cyfitter_cfg.c **** CY_CFG_SECTION
 173:Generated_Source\PSoC4/cyfitter_cfg.c **** static void ClockSetup(void)
 174:Generated_Source\PSoC4/cyfitter_cfg.c **** {
 137              		.loc 1 174 0
 138              		.cfi_startproc
 139              		@ args = 0, pretend = 0, frame = 0
 140              		@ frame_needed = 1, uses_anonymous_args = 0
 141 0000 80B5     		push	{r7, lr}
 142              		.cfi_def_cfa_offset 8
 143              		.cfi_offset 7, -8
 144              		.cfi_offset 14, -4
 145 0002 00AF     		add	r7, sp, #0
 146              		.cfi_def_cfa_register 7
 175:Generated_Source\PSoC4/cyfitter_cfg.c **** 
 176:Generated_Source\PSoC4/cyfitter_cfg.c **** 	/* Set Flash Cycles based on max possible frequency in case a glitch occurs during ClockSetup(). *
 177:Generated_Source\PSoC4/cyfitter_cfg.c **** 	CY_SET_REG32((void CYXDATA *)(CYREG_CPUSS_FLASH_CTL), (0x0012u));
 147              		.loc 1 177 0
 148 0004 234B     		ldr	r3, .L5
 149 0006 1222     		movs	r2, #18
 150 0008 1A60     		str	r2, [r3]
 178:Generated_Source\PSoC4/cyfitter_cfg.c **** 
 179:Generated_Source\PSoC4/cyfitter_cfg.c **** 	/* Start the WCO */
 180:Generated_Source\PSoC4/cyfitter_cfg.c **** 	CySysClkWcoStart();
 151              		.loc 1 180 0
 152 000a FFF7FEFF 		bl	CySysClkWcoStart
 181:Generated_Source\PSoC4/cyfitter_cfg.c **** 	CyDelayCycles(12000000u); /* WCO may take up to 500ms to start */
 153              		.loc 1 181 0
 154 000e 224B     		ldr	r3, .L5+4
 155 0010 1800     		movs	r0, r3
 156 0012 FFF7FEFF 		bl	CyDelayCycles
 182:Generated_Source\PSoC4/cyfitter_cfg.c **** 	(void)CySysClkWcoSetPowerMode(CY_SYS_CLK_WCO_LPM);    /* Switch to the low power mode */
 157              		.loc 1 182 0
 158 0016 0120     		movs	r0, #1
 159 0018 FFF7FEFF 		bl	CySysClkWcoSetPowerMode
 183:Generated_Source\PSoC4/cyfitter_cfg.c **** 
ARM GAS  C:\Users\megan\AppData\Local\Temp\ccmju8ba.s 			page 7


 184:Generated_Source\PSoC4/cyfitter_cfg.c **** 	/* Setup and trim IMO based on desired frequency. */
 185:Generated_Source\PSoC4/cyfitter_cfg.c **** 	CySysClkWriteImoFreq(48u);
 160              		.loc 1 185 0
 161 001c 3020     		movs	r0, #48
 162 001e FFF7FEFF 		bl	CySysClkWriteImoFreq
 186:Generated_Source\PSoC4/cyfitter_cfg.c **** 	/* CYDEV_CLK_ILO_CONFIG Starting address: CYDEV_CLK_ILO_CONFIG */
 187:Generated_Source\PSoC4/cyfitter_cfg.c **** 	CY_SET_REG32((void *)(CYREG_CLK_ILO_CONFIG), 0x80000006u);
 163              		.loc 1 187 0
 164 0022 1E4B     		ldr	r3, .L5+8
 165 0024 1E4A     		ldr	r2, .L5+12
 166 0026 1A60     		str	r2, [r3]
 188:Generated_Source\PSoC4/cyfitter_cfg.c **** 
 189:Generated_Source\PSoC4/cyfitter_cfg.c **** 	/* CYDEV_WDT_CONFIG Starting address: CYDEV_WDT_CONFIG */
 190:Generated_Source\PSoC4/cyfitter_cfg.c **** 	CY_SET_REG32((void *)(CYREG_WDT_CONFIG), 0x40000000u);
 167              		.loc 1 190 0
 168 0028 1E4B     		ldr	r3, .L5+16
 169 002a 8022     		movs	r2, #128
 170 002c D205     		lsls	r2, r2, #23
 171 002e 1A60     		str	r2, [r3]
 191:Generated_Source\PSoC4/cyfitter_cfg.c **** 
 192:Generated_Source\PSoC4/cyfitter_cfg.c **** 
 193:Generated_Source\PSoC4/cyfitter_cfg.c **** 	/* Enable fast start mode for XO */
 194:Generated_Source\PSoC4/cyfitter_cfg.c **** 	CY_SET_REG32((void*)CYREG_BLE_BLERD_BB_XO, CY_GET_REG32((void*)CYREG_BLE_BLERD_BB_XO) | (uint32)0x
 172              		.loc 1 194 0
 173 0030 1D4B     		ldr	r3, .L5+20
 174 0032 1D4A     		ldr	r2, .L5+20
 175 0034 1268     		ldr	r2, [r2]
 176 0036 0221     		movs	r1, #2
 177 0038 0A43     		orrs	r2, r1
 178 003a 1A60     		str	r2, [r3]
 195:Generated_Source\PSoC4/cyfitter_cfg.c **** 	CY_SET_REG32((void *)(CYREG_BLE_BLERD_BB_XO_CAPTRIM), 0x0000D0D0u);
 179              		.loc 1 195 0
 180 003c 1B4B     		ldr	r3, .L5+24
 181 003e 1C4A     		ldr	r2, .L5+28
 182 0040 1A60     		str	r2, [r3]
 196:Generated_Source\PSoC4/cyfitter_cfg.c **** 	/*Set XTAL(ECO) divider*/
 197:Generated_Source\PSoC4/cyfitter_cfg.c **** 	CY_SET_REG32((void *)(CYREG_BLE_BLESS_XTAL_CLK_DIV_CONFIG), 0x00000000u);
 183              		.loc 1 197 0
 184 0042 1C4B     		ldr	r3, .L5+32
 185 0044 0022     		movs	r2, #0
 186 0046 1A60     		str	r2, [r3]
 198:Generated_Source\PSoC4/cyfitter_cfg.c **** 	/* Disable Crystal Stable Interrupt before enabling ECO */
 199:Generated_Source\PSoC4/cyfitter_cfg.c **** 	CY_SET_REG32((void*)CYREG_BLE_BLESS_LL_DSM_CTRL, CY_GET_REG32((void*)CYREG_BLE_BLESS_LL_DSM_CTRL) 
 187              		.loc 1 199 0
 188 0048 1B4B     		ldr	r3, .L5+36
 189 004a 1B4A     		ldr	r2, .L5+36
 190 004c 1268     		ldr	r2, [r2]
 191 004e 0821     		movs	r1, #8
 192 0050 8A43     		bics	r2, r1
 193 0052 1A60     		str	r2, [r3]
 200:Generated_Source\PSoC4/cyfitter_cfg.c **** 	/* Start the ECO and do not check status since it is not needed for HFCLK */
 201:Generated_Source\PSoC4/cyfitter_cfg.c **** 	(void)CySysClkEcoStart(2000u);
 194              		.loc 1 201 0
 195 0054 FA23     		movs	r3, #250
 196 0056 DB00     		lsls	r3, r3, #3
 197 0058 1800     		movs	r0, r3
 198 005a FFF7FEFF 		bl	CySysClkEcoStart
ARM GAS  C:\Users\megan\AppData\Local\Temp\ccmju8ba.s 			page 8


 202:Generated_Source\PSoC4/cyfitter_cfg.c **** 	CyDelayUs(1500u); /* Wait to stabilize */
 199              		.loc 1 202 0
 200 005e 174B     		ldr	r3, .L5+40
 201 0060 1800     		movs	r0, r3
 202 0062 FFF7FEFF 		bl	CyDelayUs
 203:Generated_Source\PSoC4/cyfitter_cfg.c **** 
 204:Generated_Source\PSoC4/cyfitter_cfg.c **** 	/* Setup phase aligned clocks */
 205:Generated_Source\PSoC4/cyfitter_cfg.c **** 
 206:Generated_Source\PSoC4/cyfitter_cfg.c **** 	/* CYDEV_CLK_IMO_CONFIG Starting address: CYDEV_CLK_IMO_CONFIG */
 207:Generated_Source\PSoC4/cyfitter_cfg.c **** 	CY_SET_REG32((void *)(CYREG_CLK_IMO_CONFIG), 0x80000000u);
 203              		.loc 1 207 0
 204 0066 164B     		ldr	r3, .L5+44
 205 0068 8022     		movs	r2, #128
 206 006a 1206     		lsls	r2, r2, #24
 207 006c 1A60     		str	r2, [r3]
 208:Generated_Source\PSoC4/cyfitter_cfg.c **** 
 209:Generated_Source\PSoC4/cyfitter_cfg.c **** 	/* CYDEV_CLK_SELECT Starting address: CYDEV_CLK_SELECT */
 210:Generated_Source\PSoC4/cyfitter_cfg.c **** 	CY_SET_REG32((void *)(CYREG_CLK_SELECT), 0x00040000u);
 208              		.loc 1 210 0
 209 006e 154B     		ldr	r3, .L5+48
 210 0070 8022     		movs	r2, #128
 211 0072 D202     		lsls	r2, r2, #11
 212 0074 1A60     		str	r2, [r3]
 211:Generated_Source\PSoC4/cyfitter_cfg.c **** 
 212:Generated_Source\PSoC4/cyfitter_cfg.c **** 	(void)CyIntSetVector(8u, &CySysWdtIsr);
 213              		.loc 1 212 0
 214 0076 144B     		ldr	r3, .L5+52
 215 0078 1900     		movs	r1, r3
 216 007a 0820     		movs	r0, #8
 217 007c FFF7FEFF 		bl	CyIntSetVector
 213:Generated_Source\PSoC4/cyfitter_cfg.c **** 	CyIntEnable(8u);
 218              		.loc 1 213 0
 219 0080 0820     		movs	r0, #8
 220 0082 FFF7FEFF 		bl	CyIntEnable
 214:Generated_Source\PSoC4/cyfitter_cfg.c **** 	CY_SET_REG32((void *)(CYREG_WDT_CONFIG), 0x40000000u);
 221              		.loc 1 214 0
 222 0086 074B     		ldr	r3, .L5+16
 223 0088 8022     		movs	r2, #128
 224 008a D205     		lsls	r2, r2, #23
 225 008c 1A60     		str	r2, [r3]
 215:Generated_Source\PSoC4/cyfitter_cfg.c **** }
 226              		.loc 1 215 0
 227 008e C046     		nop
 228 0090 BD46     		mov	sp, r7
 229              		@ sp needed
 230 0092 80BD     		pop	{r7, pc}
 231              	.L6:
 232              		.align	2
 233              	.L5:
 234 0094 30001040 		.word	1074790448
 235 0098 001BB700 		.word	12000000
 236 009c 04010B40 		.word	1074462980
 237 00a0 06000080 		.word	-2147483642
 238 00a4 0C020B40 		.word	1074463244
 239 00a8 78002E40 		.word	1076756600
 240 00ac 7C002E40 		.word	1076756604
 241 00b0 D0D00000 		.word	53456
ARM GAS  C:\Users\megan\AppData\Local\Temp\ccmju8ba.s 			page 9


 242 00b4 64F02E40 		.word	1076818020
 243 00b8 6CF02E40 		.word	1076818028
 244 00bc DC050000 		.word	1500
 245 00c0 08010B40 		.word	1074462984
 246 00c4 00010B40 		.word	1074462976
 247 00c8 00000000 		.word	CySysWdtIsr
 248              		.cfi_endproc
 249              	.LFE5:
 250              		.size	ClockSetup, .-ClockSetup
 251              		.section	.text.AnalogSetDefault,"ax",%progbits
 252              		.align	2
 253              		.code	16
 254              		.thumb_func
 255              		.type	AnalogSetDefault, %function
 256              	AnalogSetDefault:
 257              	.LFB6:
 216:Generated_Source\PSoC4/cyfitter_cfg.c **** 
 217:Generated_Source\PSoC4/cyfitter_cfg.c **** 
 218:Generated_Source\PSoC4/cyfitter_cfg.c **** /* Analog API Functions */
 219:Generated_Source\PSoC4/cyfitter_cfg.c **** 
 220:Generated_Source\PSoC4/cyfitter_cfg.c **** 
 221:Generated_Source\PSoC4/cyfitter_cfg.c **** /*******************************************************************************
 222:Generated_Source\PSoC4/cyfitter_cfg.c **** * Function Name: AnalogSetDefault
 223:Generated_Source\PSoC4/cyfitter_cfg.c **** ********************************************************************************
 224:Generated_Source\PSoC4/cyfitter_cfg.c **** *
 225:Generated_Source\PSoC4/cyfitter_cfg.c **** * Summary:
 226:Generated_Source\PSoC4/cyfitter_cfg.c **** *  Sets up the analog portions of the chip to default values based on chip
 227:Generated_Source\PSoC4/cyfitter_cfg.c **** *  configuration options from the project.
 228:Generated_Source\PSoC4/cyfitter_cfg.c **** *
 229:Generated_Source\PSoC4/cyfitter_cfg.c **** * Parameters:
 230:Generated_Source\PSoC4/cyfitter_cfg.c **** *  void
 231:Generated_Source\PSoC4/cyfitter_cfg.c **** *
 232:Generated_Source\PSoC4/cyfitter_cfg.c **** * Return:
 233:Generated_Source\PSoC4/cyfitter_cfg.c **** *  void
 234:Generated_Source\PSoC4/cyfitter_cfg.c **** *
 235:Generated_Source\PSoC4/cyfitter_cfg.c **** *******************************************************************************/
 236:Generated_Source\PSoC4/cyfitter_cfg.c **** static void AnalogSetDefault(void);
 237:Generated_Source\PSoC4/cyfitter_cfg.c **** static void AnalogSetDefault(void)
 238:Generated_Source\PSoC4/cyfitter_cfg.c **** {
 258              		.loc 1 238 0
 259              		.cfi_startproc
 260              		@ args = 0, pretend = 0, frame = 0
 261              		@ frame_needed = 1, uses_anonymous_args = 0
 262 0000 80B5     		push	{r7, lr}
 263              		.cfi_def_cfa_offset 8
 264              		.cfi_offset 7, -8
 265              		.cfi_offset 14, -4
 266 0002 00AF     		add	r7, sp, #0
 267              		.cfi_def_cfa_register 7
 239:Generated_Source\PSoC4/cyfitter_cfg.c **** 	CY_SET_XTND_REG32((void CYFAR *)CYREG_CTBM0_DFT_CTRL, 0x00000003u);
 268              		.loc 1 239 0
 269 0004 054B     		ldr	r3, .L8
 270 0006 0322     		movs	r2, #3
 271 0008 1A60     		str	r2, [r3]
 240:Generated_Source\PSoC4/cyfitter_cfg.c **** 	CY_SET_XTND_REG32((void CYFAR *)CYREG_CTBM1_DFT_CTRL, 0x00000003u);
 272              		.loc 1 240 0
 273 000a 054B     		ldr	r3, .L8+4
ARM GAS  C:\Users\megan\AppData\Local\Temp\ccmju8ba.s 			page 10


 274 000c 0322     		movs	r2, #3
 275 000e 1A60     		str	r2, [r3]
 241:Generated_Source\PSoC4/cyfitter_cfg.c **** 	CY_SET_XTND_REG32((void CYFAR *)CYREG_PASS_DSAB_DSAB_CTRL, 0x00000000u);
 276              		.loc 1 241 0
 277 0010 044B     		ldr	r3, .L8+8
 278 0012 0022     		movs	r2, #0
 279 0014 1A60     		str	r2, [r3]
 242:Generated_Source\PSoC4/cyfitter_cfg.c **** }
 280              		.loc 1 242 0
 281 0016 C046     		nop
 282 0018 BD46     		mov	sp, r7
 283              		@ sp needed
 284 001a 80BD     		pop	{r7, pc}
 285              	.L9:
 286              		.align	2
 287              	.L8:
 288 001c 30003040 		.word	1076887600
 289 0020 30003140 		.word	1076953136
 290 0024 000E3F40 		.word	1077874176
 291              		.cfi_endproc
 292              	.LFE6:
 293              		.size	AnalogSetDefault, .-AnalogSetDefault
 294              		.section	.psocinit
 295              		.align	2
 296              		.global	cyfitter_cfg
 297              		.code	16
 298              		.thumb_func
 299              		.type	cyfitter_cfg, %function
 300              	cyfitter_cfg:
 301              	.LFB7:
 243:Generated_Source\PSoC4/cyfitter_cfg.c **** 
 244:Generated_Source\PSoC4/cyfitter_cfg.c **** 
 245:Generated_Source\PSoC4/cyfitter_cfg.c **** 
 246:Generated_Source\PSoC4/cyfitter_cfg.c **** 
 247:Generated_Source\PSoC4/cyfitter_cfg.c **** /*******************************************************************************
 248:Generated_Source\PSoC4/cyfitter_cfg.c **** * Function Name: cyfitter_cfg
 249:Generated_Source\PSoC4/cyfitter_cfg.c **** ********************************************************************************
 250:Generated_Source\PSoC4/cyfitter_cfg.c **** * Summary:
 251:Generated_Source\PSoC4/cyfitter_cfg.c **** *  This function is called by the start-up code for the selected device. It
 252:Generated_Source\PSoC4/cyfitter_cfg.c **** *  performs all of the necessary device configuration based on the design
 253:Generated_Source\PSoC4/cyfitter_cfg.c **** *  settings.  This includes settings from the Design Wide Resources (DWR) such
 254:Generated_Source\PSoC4/cyfitter_cfg.c **** *  as Clocks and Pins as well as any component configuration that is necessary.
 255:Generated_Source\PSoC4/cyfitter_cfg.c **** *
 256:Generated_Source\PSoC4/cyfitter_cfg.c **** * Parameters:
 257:Generated_Source\PSoC4/cyfitter_cfg.c **** *   void
 258:Generated_Source\PSoC4/cyfitter_cfg.c **** *
 259:Generated_Source\PSoC4/cyfitter_cfg.c **** * Return:
 260:Generated_Source\PSoC4/cyfitter_cfg.c **** *   void
 261:Generated_Source\PSoC4/cyfitter_cfg.c **** *
 262:Generated_Source\PSoC4/cyfitter_cfg.c **** *******************************************************************************/
 263:Generated_Source\PSoC4/cyfitter_cfg.c **** CY_CFG_SECTION
 264:Generated_Source\PSoC4/cyfitter_cfg.c **** void cyfitter_cfg(void)
 265:Generated_Source\PSoC4/cyfitter_cfg.c **** {
 302              		.loc 1 265 0
 303              		.cfi_startproc
 304              		@ args = 0, pretend = 0, frame = 8
 305              		@ frame_needed = 1, uses_anonymous_args = 0
ARM GAS  C:\Users\megan\AppData\Local\Temp\ccmju8ba.s 			page 11


 306 00cc 80B5     		push	{r7, lr}
 307              		.cfi_def_cfa_offset 8
 308              		.cfi_offset 7, -8
 309              		.cfi_offset 14, -4
 310 00ce 82B0     		sub	sp, sp, #8
 311              		.cfi_def_cfa_offset 16
 312 00d0 00AF     		add	r7, sp, #0
 313              		.cfi_def_cfa_register 7
 266:Generated_Source\PSoC4/cyfitter_cfg.c **** 	/* Disable interrupts by default. Let user enable if/when they want. */
 267:Generated_Source\PSoC4/cyfitter_cfg.c **** 	CyGlobalIntDisable;
 314              		.loc 1 267 0
 315              		.syntax divided
 316              	@ 267 "Generated_Source\PSoC4\cyfitter_cfg.c" 1
 317 00d2 72B6     		CPSID   i
 318              	@ 0 "" 2
 268:Generated_Source\PSoC4/cyfitter_cfg.c **** 
 269:Generated_Source\PSoC4/cyfitter_cfg.c **** 	CY_SET_REG32((void *)(CYREG_BLE_BLESS_LL_DSM_CTRL), 0x00000000u);
 319              		.loc 1 269 0
 320              		.thumb
 321              		.syntax unified
 322 00d4 2A4B     		ldr	r3, .L13
 323 00d6 0022     		movs	r2, #0
 324 00d8 1A60     		str	r2, [r3]
 325              	.LBB2:
 270:Generated_Source\PSoC4/cyfitter_cfg.c **** 
 271:Generated_Source\PSoC4/cyfitter_cfg.c **** 	{
 272:Generated_Source\PSoC4/cyfitter_cfg.c **** 
 273:Generated_Source\PSoC4/cyfitter_cfg.c **** 		CYPACKED typedef struct {
 274:Generated_Source\PSoC4/cyfitter_cfg.c **** 			void CYFAR *address;
 275:Generated_Source\PSoC4/cyfitter_cfg.c **** 			uint16 size;
 276:Generated_Source\PSoC4/cyfitter_cfg.c **** 		} CYPACKED_ATTR cfg_memset_t;
 277:Generated_Source\PSoC4/cyfitter_cfg.c **** 
 278:Generated_Source\PSoC4/cyfitter_cfg.c **** 		static const cfg_memset_t CYCODE cfg_memset_list[] = {
 279:Generated_Source\PSoC4/cyfitter_cfg.c **** 			/* address, size */
 280:Generated_Source\PSoC4/cyfitter_cfg.c **** 			{(void CYFAR *)(CYDEV_UDB_P0_U0_BASE), 1024u},
 281:Generated_Source\PSoC4/cyfitter_cfg.c **** 			{(void CYFAR *)(CYDEV_UDB_DSI0_BASE), 1024u},
 282:Generated_Source\PSoC4/cyfitter_cfg.c **** 		};
 283:Generated_Source\PSoC4/cyfitter_cfg.c **** 
 284:Generated_Source\PSoC4/cyfitter_cfg.c **** 		uint8 CYDATA i;
 285:Generated_Source\PSoC4/cyfitter_cfg.c **** 
 286:Generated_Source\PSoC4/cyfitter_cfg.c **** 		/* Zero out critical memory blocks before beginning configuration */
 287:Generated_Source\PSoC4/cyfitter_cfg.c **** 		for (i = 0u; i < (sizeof(cfg_memset_list)/sizeof(cfg_memset_list[0])); i++)
 326              		.loc 1 287 0
 327 00da FB1D     		adds	r3, r7, #7
 328 00dc 0022     		movs	r2, #0
 329 00de 1A70     		strb	r2, [r3]
 330 00e0 22E0     		b	.L11
 331              	.L12:
 332              	.LBB3:
 288:Generated_Source\PSoC4/cyfitter_cfg.c **** 		{
 289:Generated_Source\PSoC4/cyfitter_cfg.c **** 			const cfg_memset_t CYCODE * CYDATA ms = &cfg_memset_list[i];
 333              		.loc 1 289 0 discriminator 3
 334 00e2 FB1D     		adds	r3, r7, #7
 335 00e4 1A78     		ldrb	r2, [r3]
 336 00e6 1300     		movs	r3, r2
 337 00e8 5B00     		lsls	r3, r3, #1
 338 00ea 9B18     		adds	r3, r3, r2
ARM GAS  C:\Users\megan\AppData\Local\Temp\ccmju8ba.s 			page 12


 339 00ec 5B00     		lsls	r3, r3, #1
 340 00ee 254A     		ldr	r2, .L13+4
 341 00f0 9B18     		adds	r3, r3, r2
 342 00f2 3B60     		str	r3, [r7]
 290:Generated_Source\PSoC4/cyfitter_cfg.c **** 			CYMEMZERO(ms->address, (size_t)(uint32)(ms->size));
 343              		.loc 1 290 0 discriminator 3
 344 00f4 3B68     		ldr	r3, [r7]
 345 00f6 1A78     		ldrb	r2, [r3]
 346 00f8 5978     		ldrb	r1, [r3, #1]
 347 00fa 0902     		lsls	r1, r1, #8
 348 00fc 0A43     		orrs	r2, r1
 349 00fe 9978     		ldrb	r1, [r3, #2]
 350 0100 0904     		lsls	r1, r1, #16
 351 0102 0A43     		orrs	r2, r1
 352 0104 DB78     		ldrb	r3, [r3, #3]
 353 0106 1B06     		lsls	r3, r3, #24
 354 0108 1343     		orrs	r3, r2
 355 010a 1800     		movs	r0, r3
 356 010c 3B68     		ldr	r3, [r7]
 357 010e 1A79     		ldrb	r2, [r3, #4]
 358 0110 5B79     		ldrb	r3, [r3, #5]
 359 0112 1B02     		lsls	r3, r3, #8
 360 0114 1343     		orrs	r3, r2
 361 0116 9BB2     		uxth	r3, r3
 362 0118 1900     		movs	r1, r3
 363 011a FFF7FEFF 		bl	CYMEMZERO
 364              	.LBE3:
 287:Generated_Source\PSoC4/cyfitter_cfg.c **** 		{
 365              		.loc 1 287 0 discriminator 3
 366 011e FB1D     		adds	r3, r7, #7
 367 0120 1A78     		ldrb	r2, [r3]
 368 0122 FB1D     		adds	r3, r7, #7
 369 0124 0132     		adds	r2, r2, #1
 370 0126 1A70     		strb	r2, [r3]
 371              	.L11:
 287:Generated_Source\PSoC4/cyfitter_cfg.c **** 		{
 372              		.loc 1 287 0 is_stmt 0 discriminator 1
 373 0128 FB1D     		adds	r3, r7, #7
 374 012a 1B78     		ldrb	r3, [r3]
 375 012c 012B     		cmp	r3, #1
 376 012e D8D9     		bls	.L12
 291:Generated_Source\PSoC4/cyfitter_cfg.c **** 		}
 292:Generated_Source\PSoC4/cyfitter_cfg.c **** 
 293:Generated_Source\PSoC4/cyfitter_cfg.c **** 		/* HSIOM Starting address: CYDEV_HSIOM_BASE */
 294:Generated_Source\PSoC4/cyfitter_cfg.c **** 		CY_SET_REG32((void *)(CYDEV_HSIOM_BASE), 0xEE000000u);
 377              		.loc 1 294 0 is_stmt 1
 378 0130 154B     		ldr	r3, .L13+8
 379 0132 EE22     		movs	r2, #238
 380 0134 1206     		lsls	r2, r2, #24
 381 0136 1A60     		str	r2, [r3]
 295:Generated_Source\PSoC4/cyfitter_cfg.c **** 
 296:Generated_Source\PSoC4/cyfitter_cfg.c **** 		/* UDB_PA_0 Starting address: CYDEV_UDB_PA0_BASE */
 297:Generated_Source\PSoC4/cyfitter_cfg.c **** 		CY_SET_REG32((void *)(CYDEV_UDB_PA0_BASE), 0x00990000u);
 382              		.loc 1 297 0
 383 0138 144B     		ldr	r3, .L13+12
 384 013a 9922     		movs	r2, #153
 385 013c 1204     		lsls	r2, r2, #16
ARM GAS  C:\Users\megan\AppData\Local\Temp\ccmju8ba.s 			page 13


 386 013e 1A60     		str	r2, [r3]
 298:Generated_Source\PSoC4/cyfitter_cfg.c **** 
 299:Generated_Source\PSoC4/cyfitter_cfg.c **** 		/* UDB_PA_2 Starting address: CYDEV_UDB_PA2_BASE */
 300:Generated_Source\PSoC4/cyfitter_cfg.c **** 		CY_SET_REG32((void *)(CYDEV_UDB_PA2_BASE), 0x00990000u);
 387              		.loc 1 300 0
 388 0140 134B     		ldr	r3, .L13+16
 389 0142 9922     		movs	r2, #153
 390 0144 1204     		lsls	r2, r2, #16
 391 0146 1A60     		str	r2, [r3]
 301:Generated_Source\PSoC4/cyfitter_cfg.c **** 
 302:Generated_Source\PSoC4/cyfitter_cfg.c **** 		/* Enable digital routing */
 303:Generated_Source\PSoC4/cyfitter_cfg.c **** 		CY_SET_XTND_REG8((void *)CYREG_UDB_UDBIF_BANK_CTL, (uint8)(CY_GET_XTND_REG8((void *)CYREG_UDB_UDB
 392              		.loc 1 303 0
 393 0148 124A     		ldr	r2, .L13+20
 394 014a 124B     		ldr	r3, .L13+20
 395 014c 1B78     		ldrb	r3, [r3]
 396 014e DBB2     		uxtb	r3, r3
 397 0150 0621     		movs	r1, #6
 398 0152 0B43     		orrs	r3, r1
 399 0154 DBB2     		uxtb	r3, r3
 400 0156 1370     		strb	r3, [r2]
 401              	.LBE2:
 304:Generated_Source\PSoC4/cyfitter_cfg.c **** 	}
 305:Generated_Source\PSoC4/cyfitter_cfg.c **** 
 306:Generated_Source\PSoC4/cyfitter_cfg.c **** 	/* Perform second pass device configuration. These items must be configured in specific order afte
 307:Generated_Source\PSoC4/cyfitter_cfg.c **** 	/* IOPINS0_0 Starting address: CYDEV_GPIO_PRT0_BASE */
 308:Generated_Source\PSoC4/cyfitter_cfg.c **** 	CY_SET_REG32((void *)(CYREG_GPIO_PRT0_PC), 0x00D80000u);
 402              		.loc 1 308 0
 403 0158 0F4B     		ldr	r3, .L13+24
 404 015a D822     		movs	r2, #216
 405 015c 1204     		lsls	r2, r2, #16
 406 015e 1A60     		str	r2, [r3]
 309:Generated_Source\PSoC4/cyfitter_cfg.c **** 
 310:Generated_Source\PSoC4/cyfitter_cfg.c **** 	/* IOPINS0_2 Starting address: CYDEV_GPIO_PRT2_BASE */
 311:Generated_Source\PSoC4/cyfitter_cfg.c **** 	CY_SET_REG32((void *)(CYDEV_GPIO_PRT2_BASE), 0x0000000Cu);
 407              		.loc 1 311 0
 408 0160 0E4B     		ldr	r3, .L13+28
 409 0162 0C22     		movs	r2, #12
 410 0164 1A60     		str	r2, [r3]
 312:Generated_Source\PSoC4/cyfitter_cfg.c **** 	CY_SET_REG32((void *)(CYREG_GPIO_PRT2_PC), 0x00000900u);
 411              		.loc 1 312 0
 412 0166 0E4B     		ldr	r3, .L13+32
 413 0168 9022     		movs	r2, #144
 414 016a 1201     		lsls	r2, r2, #4
 415 016c 1A60     		str	r2, [r3]
 313:Generated_Source\PSoC4/cyfitter_cfg.c **** 
 314:Generated_Source\PSoC4/cyfitter_cfg.c **** 
 315:Generated_Source\PSoC4/cyfitter_cfg.c **** 	/* Setup clocks based on selections from Clock DWR */
 316:Generated_Source\PSoC4/cyfitter_cfg.c **** 	ClockSetup();
 416              		.loc 1 316 0
 417 016e FFF747FF 		bl	ClockSetup
 317:Generated_Source\PSoC4/cyfitter_cfg.c **** 
 318:Generated_Source\PSoC4/cyfitter_cfg.c **** 	/* Perform basic analog initialization to defaults */
 319:Generated_Source\PSoC4/cyfitter_cfg.c **** 	AnalogSetDefault();
 418              		.loc 1 319 0
 419 0172 FFF7FEFF 		bl	AnalogSetDefault
 320:Generated_Source\PSoC4/cyfitter_cfg.c **** 
ARM GAS  C:\Users\megan\AppData\Local\Temp\ccmju8ba.s 			page 14


 321:Generated_Source\PSoC4/cyfitter_cfg.c **** }
 420              		.loc 1 321 0
 421 0176 C046     		nop
 422 0178 BD46     		mov	sp, r7
 423 017a 02B0     		add	sp, sp, #8
 424              		@ sp needed
 425 017c 80BD     		pop	{r7, pc}
 426              	.L14:
 427 017e C046     		.align	2
 428              	.L13:
 429 0180 6CF02E40 		.word	1076818028
 430 0184 00000000 		.word	cfg_memset_list.4893
 431 0188 00000240 		.word	1073872896
 432 018c 00500F40 		.word	1074745344
 433 0190 20500F40 		.word	1074745376
 434 0194 00700F40 		.word	1074753536
 435 0198 08000440 		.word	1074003976
 436 019c 00020440 		.word	1074004480
 437 01a0 08020440 		.word	1074004488
 438              		.cfi_endproc
 439              	.LFE7:
 440              		.size	cyfitter_cfg, .-cyfitter_cfg
 441              		.section	.rodata
 442              		.align	2
 443              		.type	cfg_memset_list.4893, %object
 444              		.size	cfg_memset_list.4893, 12
 445              	cfg_memset_list.4893:
 446 0000 00300F40 		.word	1074737152
 447 0004 0004     		.short	1024
 448 0006 00400F40 		.4byte	1074741248
 449 000a 0004     		.short	1024
 450              		.text
 451              	.Letext0:
 452              		.file 2 "c:\\program files (x86)\\cypress\\psoc creator\\4.1\\psoc creator\\import\\gnu\\arm\\5.4.
 453              		.file 3 "Generated_Source\\PSoC4\\cytypes.h"
 454              		.section	.debug_info,"",%progbits
 455              	.Ldebug_info0:
 456 0000 55020000 		.4byte	0x255
 457 0004 0400     		.2byte	0x4
 458 0006 00000000 		.4byte	.Ldebug_abbrev0
 459 000a 04       		.byte	0x4
 460 000b 01       		.uleb128 0x1
 461 000c FD000000 		.4byte	.LASF30
 462 0010 0C       		.byte	0xc
 463 0011 3B020000 		.4byte	.LASF31
 464 0015 57000000 		.4byte	.LASF32
 465 0019 00000000 		.4byte	.Ldebug_ranges0+0
 466 001d 00000000 		.4byte	0
 467 0021 00000000 		.4byte	.Ldebug_line0
 468 0025 02       		.uleb128 0x2
 469 0026 04       		.byte	0x4
 470 0027 05       		.byte	0x5
 471 0028 696E7400 		.ascii	"int\000"
 472 002c 03       		.uleb128 0x3
 473 002d 06000000 		.4byte	.LASF12
 474 0031 02       		.byte	0x2
 475 0032 D8       		.byte	0xd8
ARM GAS  C:\Users\megan\AppData\Local\Temp\ccmju8ba.s 			page 15


 476 0033 37000000 		.4byte	0x37
 477 0037 04       		.uleb128 0x4
 478 0038 04       		.byte	0x4
 479 0039 07       		.byte	0x7
 480 003a BB010000 		.4byte	.LASF0
 481 003e 04       		.uleb128 0x4
 482 003f 08       		.byte	0x8
 483 0040 05       		.byte	0x5
 484 0041 FD010000 		.4byte	.LASF1
 485 0045 04       		.uleb128 0x4
 486 0046 08       		.byte	0x8
 487 0047 04       		.byte	0x4
 488 0048 23020000 		.4byte	.LASF2
 489 004c 04       		.uleb128 0x4
 490 004d 01       		.byte	0x1
 491 004e 06       		.byte	0x6
 492 004f 2F020000 		.4byte	.LASF3
 493 0053 04       		.uleb128 0x4
 494 0054 01       		.byte	0x1
 495 0055 08       		.byte	0x8
 496 0056 8B010000 		.4byte	.LASF4
 497 005a 04       		.uleb128 0x4
 498 005b 02       		.byte	0x2
 499 005c 05       		.byte	0x5
 500 005d 10020000 		.4byte	.LASF5
 501 0061 04       		.uleb128 0x4
 502 0062 02       		.byte	0x2
 503 0063 07       		.byte	0x7
 504 0064 39000000 		.4byte	.LASF6
 505 0068 04       		.uleb128 0x4
 506 0069 04       		.byte	0x4
 507 006a 05       		.byte	0x5
 508 006b 1A020000 		.4byte	.LASF7
 509 006f 04       		.uleb128 0x4
 510 0070 04       		.byte	0x4
 511 0071 07       		.byte	0x7
 512 0072 DB000000 		.4byte	.LASF8
 513 0076 04       		.uleb128 0x4
 514 0077 08       		.byte	0x8
 515 0078 07       		.byte	0x7
 516 0079 D0010000 		.4byte	.LASF9
 517 007d 04       		.uleb128 0x4
 518 007e 04       		.byte	0x4
 519 007f 07       		.byte	0x7
 520 0080 F4010000 		.4byte	.LASF10
 521 0084 05       		.uleb128 0x5
 522 0085 04       		.byte	0x4
 523 0086 04       		.uleb128 0x4
 524 0087 01       		.byte	0x1
 525 0088 08       		.byte	0x8
 526 0089 0B020000 		.4byte	.LASF11
 527 008d 06       		.uleb128 0x6
 528 008e ED000000 		.4byte	.LASF13
 529 0092 03       		.byte	0x3
 530 0093 D201     		.2byte	0x1d2
 531 0095 53000000 		.4byte	0x53
 532 0099 06       		.uleb128 0x6
ARM GAS  C:\Users\megan\AppData\Local\Temp\ccmju8ba.s 			page 16


 533 009a AD010000 		.4byte	.LASF14
 534 009e 03       		.byte	0x3
 535 009f D301     		.2byte	0x1d3
 536 00a1 61000000 		.4byte	0x61
 537 00a5 06       		.uleb128 0x6
 538 00a6 B4010000 		.4byte	.LASF15
 539 00aa 03       		.byte	0x3
 540 00ab D401     		.2byte	0x1d4
 541 00ad 6F000000 		.4byte	0x6f
 542 00b1 04       		.uleb128 0x4
 543 00b2 04       		.byte	0x4
 544 00b3 04       		.byte	0x4
 545 00b4 4C000000 		.4byte	.LASF16
 546 00b8 04       		.uleb128 0x4
 547 00b9 08       		.byte	0x8
 548 00ba 04       		.byte	0x4
 549 00bb 99010000 		.4byte	.LASF17
 550 00bf 06       		.uleb128 0x6
 551 00c0 D6000000 		.4byte	.LASF18
 552 00c4 03       		.byte	0x3
 553 00c5 7C02     		.2byte	0x27c
 554 00c7 CB000000 		.4byte	0xcb
 555 00cb 07       		.uleb128 0x7
 556 00cc 8D000000 		.4byte	0x8d
 557 00d0 06       		.uleb128 0x6
 558 00d1 00000000 		.4byte	.LASF19
 559 00d5 03       		.byte	0x3
 560 00d6 7E02     		.2byte	0x27e
 561 00d8 DC000000 		.4byte	0xdc
 562 00dc 07       		.uleb128 0x7
 563 00dd A5000000 		.4byte	0xa5
 564 00e1 08       		.uleb128 0x8
 565 00e2 F3000000 		.4byte	.LASF20
 566 00e6 01       		.byte	0x1
 567 00e7 4C       		.byte	0x4c
 568 00e8 00000000 		.4byte	.LFB2
 569 00ec 1E000000 		.4byte	.LFE2-.LFB2
 570 00f0 01       		.uleb128 0x1
 571 00f1 9C       		.byte	0x9c
 572 00f2 0F010000 		.4byte	0x10f
 573 00f6 09       		.uleb128 0x9
 574 00f7 7300     		.ascii	"s\000"
 575 00f9 01       		.byte	0x1
 576 00fa 4C       		.byte	0x4c
 577 00fb 84000000 		.4byte	0x84
 578 00ff 02       		.uleb128 0x2
 579 0100 91       		.byte	0x91
 580 0101 74       		.sleb128 -12
 581 0102 09       		.uleb128 0x9
 582 0103 6E00     		.ascii	"n\000"
 583 0105 01       		.byte	0x1
 584 0106 4C       		.byte	0x4c
 585 0107 2C000000 		.4byte	0x2c
 586 010b 02       		.uleb128 0x2
 587 010c 91       		.byte	0x91
 588 010d 70       		.sleb128 -16
 589 010e 00       		.byte	0
ARM GAS  C:\Users\megan\AppData\Local\Temp\ccmju8ba.s 			page 17


 590 010f 08       		.uleb128 0x8
 591 0110 71020000 		.4byte	.LASF21
 592 0114 01       		.byte	0x1
 593 0115 53       		.byte	0x53
 594 0116 00000000 		.4byte	.LFB3
 595 011a 20000000 		.4byte	.LFE3-.LFB3
 596 011e 01       		.uleb128 0x1
 597 011f 9C       		.byte	0x9c
 598 0120 4D010000 		.4byte	0x14d
 599 0124 0A       		.uleb128 0xa
 600 0125 52000000 		.4byte	.LASF22
 601 0129 01       		.byte	0x1
 602 012a 53       		.byte	0x53
 603 012b 84000000 		.4byte	0x84
 604 012f 02       		.uleb128 0x2
 605 0130 91       		.byte	0x91
 606 0131 74       		.sleb128 -12
 607 0132 09       		.uleb128 0x9
 608 0133 73726300 		.ascii	"src\000"
 609 0137 01       		.byte	0x1
 610 0138 53       		.byte	0x53
 611 0139 4D010000 		.4byte	0x14d
 612 013d 02       		.uleb128 0x2
 613 013e 91       		.byte	0x91
 614 013f 70       		.sleb128 -16
 615 0140 09       		.uleb128 0x9
 616 0141 6E00     		.ascii	"n\000"
 617 0143 01       		.byte	0x1
 618 0144 53       		.byte	0x53
 619 0145 2C000000 		.4byte	0x2c
 620 0149 02       		.uleb128 0x2
 621 014a 91       		.byte	0x91
 622 014b 6C       		.sleb128 -20
 623 014c 00       		.byte	0
 624 014d 0B       		.uleb128 0xb
 625 014e 04       		.byte	0x4
 626 014f 53010000 		.4byte	0x153
 627 0153 0C       		.uleb128 0xc
 628 0154 08       		.uleb128 0x8
 629 0155 61020000 		.4byte	.LASF23
 630 0159 01       		.byte	0x1
 631 015a 5A       		.byte	0x5a
 632 015b 00000000 		.4byte	.LFB4
 633 015f 20000000 		.4byte	.LFE4-.LFB4
 634 0163 01       		.uleb128 0x1
 635 0164 9C       		.byte	0x9c
 636 0165 92010000 		.4byte	0x192
 637 0169 0A       		.uleb128 0xa
 638 016a 52000000 		.4byte	.LASF22
 639 016e 01       		.byte	0x1
 640 016f 5A       		.byte	0x5a
 641 0170 84000000 		.4byte	0x84
 642 0174 02       		.uleb128 0x2
 643 0175 91       		.byte	0x91
 644 0176 74       		.sleb128 -12
 645 0177 09       		.uleb128 0x9
 646 0178 73726300 		.ascii	"src\000"
ARM GAS  C:\Users\megan\AppData\Local\Temp\ccmju8ba.s 			page 18


 647 017c 01       		.byte	0x1
 648 017d 5A       		.byte	0x5a
 649 017e 4D010000 		.4byte	0x14d
 650 0182 02       		.uleb128 0x2
 651 0183 91       		.byte	0x91
 652 0184 70       		.sleb128 -16
 653 0185 09       		.uleb128 0x9
 654 0186 6E00     		.ascii	"n\000"
 655 0188 01       		.byte	0x1
 656 0189 5A       		.byte	0x5a
 657 018a 2C000000 		.4byte	0x2c
 658 018e 02       		.uleb128 0x2
 659 018f 91       		.byte	0x91
 660 0190 6C       		.sleb128 -20
 661 0191 00       		.byte	0
 662 0192 0D       		.uleb128 0xd
 663 0193 2E000000 		.4byte	.LASF24
 664 0197 01       		.byte	0x1
 665 0198 AD       		.byte	0xad
 666 0199 00000000 		.4byte	.LFB5
 667 019d CC000000 		.4byte	.LFE5-.LFB5
 668 01a1 01       		.uleb128 0x1
 669 01a2 9C       		.byte	0x9c
 670 01a3 0E       		.uleb128 0xe
 671 01a4 0D000000 		.4byte	.LASF25
 672 01a8 01       		.byte	0x1
 673 01a9 ED       		.byte	0xed
 674 01aa 00000000 		.4byte	.LFB6
 675 01ae 28000000 		.4byte	.LFE6-.LFB6
 676 01b2 01       		.uleb128 0x1
 677 01b3 9C       		.byte	0x9c
 678 01b4 0F       		.uleb128 0xf
 679 01b5 A0010000 		.4byte	.LASF33
 680 01b9 01       		.byte	0x1
 681 01ba 0801     		.2byte	0x108
 682 01bc CC000000 		.4byte	.LFB7
 683 01c0 D8000000 		.4byte	.LFE7-.LFB7
 684 01c4 01       		.uleb128 0x1
 685 01c5 9C       		.byte	0x9c
 686 01c6 10       		.uleb128 0x10
 687 01c7 DA000000 		.4byte	.LBB2
 688 01cb 7E000000 		.4byte	.LBE2-.LBB2
 689 01cf 11       		.uleb128 0x11
 690 01d0 06       		.byte	0x6
 691 01d1 01       		.byte	0x1
 692 01d2 1101     		.2byte	0x111
 693 01d4 F3010000 		.4byte	0x1f3
 694 01d8 12       		.uleb128 0x12
 695 01d9 C8010000 		.4byte	.LASF26
 696 01dd 01       		.byte	0x1
 697 01de 1201     		.2byte	0x112
 698 01e0 84000000 		.4byte	0x84
 699 01e4 00       		.byte	0
 700 01e5 12       		.uleb128 0x12
 701 01e6 D1000000 		.4byte	.LASF27
 702 01ea 01       		.byte	0x1
 703 01eb 1301     		.2byte	0x113
ARM GAS  C:\Users\megan\AppData\Local\Temp\ccmju8ba.s 			page 19


 704 01ed 99000000 		.4byte	0x99
 705 01f1 04       		.byte	0x4
 706 01f2 00       		.byte	0
 707 01f3 06       		.uleb128 0x6
 708 01f4 E7010000 		.4byte	.LASF28
 709 01f8 01       		.byte	0x1
 710 01f9 1401     		.2byte	0x114
 711 01fb CF010000 		.4byte	0x1cf
 712 01ff 13       		.uleb128 0x13
 713 0200 0F020000 		.4byte	0x20f
 714 0204 0F020000 		.4byte	0x20f
 715 0208 14       		.uleb128 0x14
 716 0209 7D000000 		.4byte	0x7d
 717 020d 01       		.byte	0x1
 718 020e 00       		.byte	0
 719 020f 15       		.uleb128 0x15
 720 0210 F3010000 		.4byte	0x1f3
 721 0214 16       		.uleb128 0x16
 722 0215 1E000000 		.4byte	.LASF29
 723 0219 01       		.byte	0x1
 724 021a 1601     		.2byte	0x116
 725 021c 26020000 		.4byte	0x226
 726 0220 05       		.uleb128 0x5
 727 0221 03       		.byte	0x3
 728 0222 00000000 		.4byte	cfg_memset_list.4893
 729 0226 15       		.uleb128 0x15
 730 0227 FF010000 		.4byte	0x1ff
 731 022b 17       		.uleb128 0x17
 732 022c 6900     		.ascii	"i\000"
 733 022e 01       		.byte	0x1
 734 022f 1C01     		.2byte	0x11c
 735 0231 8D000000 		.4byte	0x8d
 736 0235 02       		.uleb128 0x2
 737 0236 91       		.byte	0x91
 738 0237 77       		.sleb128 -9
 739 0238 10       		.uleb128 0x10
 740 0239 E2000000 		.4byte	.LBB3
 741 023d 3C000000 		.4byte	.LBE3-.LBB3
 742 0241 17       		.uleb128 0x17
 743 0242 6D7300   		.ascii	"ms\000"
 744 0245 01       		.byte	0x1
 745 0246 2101     		.2byte	0x121
 746 0248 4F020000 		.4byte	0x24f
 747 024c 02       		.uleb128 0x2
 748 024d 91       		.byte	0x91
 749 024e 70       		.sleb128 -16
 750 024f 0B       		.uleb128 0xb
 751 0250 04       		.byte	0x4
 752 0251 0F020000 		.4byte	0x20f
 753 0255 00       		.byte	0
 754 0256 00       		.byte	0
 755 0257 00       		.byte	0
 756 0258 00       		.byte	0
 757              		.section	.debug_abbrev,"",%progbits
 758              	.Ldebug_abbrev0:
 759 0000 01       		.uleb128 0x1
 760 0001 11       		.uleb128 0x11
ARM GAS  C:\Users\megan\AppData\Local\Temp\ccmju8ba.s 			page 20


 761 0002 01       		.byte	0x1
 762 0003 25       		.uleb128 0x25
 763 0004 0E       		.uleb128 0xe
 764 0005 13       		.uleb128 0x13
 765 0006 0B       		.uleb128 0xb
 766 0007 03       		.uleb128 0x3
 767 0008 0E       		.uleb128 0xe
 768 0009 1B       		.uleb128 0x1b
 769 000a 0E       		.uleb128 0xe
 770 000b 55       		.uleb128 0x55
 771 000c 17       		.uleb128 0x17
 772 000d 11       		.uleb128 0x11
 773 000e 01       		.uleb128 0x1
 774 000f 10       		.uleb128 0x10
 775 0010 17       		.uleb128 0x17
 776 0011 00       		.byte	0
 777 0012 00       		.byte	0
 778 0013 02       		.uleb128 0x2
 779 0014 24       		.uleb128 0x24
 780 0015 00       		.byte	0
 781 0016 0B       		.uleb128 0xb
 782 0017 0B       		.uleb128 0xb
 783 0018 3E       		.uleb128 0x3e
 784 0019 0B       		.uleb128 0xb
 785 001a 03       		.uleb128 0x3
 786 001b 08       		.uleb128 0x8
 787 001c 00       		.byte	0
 788 001d 00       		.byte	0
 789 001e 03       		.uleb128 0x3
 790 001f 16       		.uleb128 0x16
 791 0020 00       		.byte	0
 792 0021 03       		.uleb128 0x3
 793 0022 0E       		.uleb128 0xe
 794 0023 3A       		.uleb128 0x3a
 795 0024 0B       		.uleb128 0xb
 796 0025 3B       		.uleb128 0x3b
 797 0026 0B       		.uleb128 0xb
 798 0027 49       		.uleb128 0x49
 799 0028 13       		.uleb128 0x13
 800 0029 00       		.byte	0
 801 002a 00       		.byte	0
 802 002b 04       		.uleb128 0x4
 803 002c 24       		.uleb128 0x24
 804 002d 00       		.byte	0
 805 002e 0B       		.uleb128 0xb
 806 002f 0B       		.uleb128 0xb
 807 0030 3E       		.uleb128 0x3e
 808 0031 0B       		.uleb128 0xb
 809 0032 03       		.uleb128 0x3
 810 0033 0E       		.uleb128 0xe
 811 0034 00       		.byte	0
 812 0035 00       		.byte	0
 813 0036 05       		.uleb128 0x5
 814 0037 0F       		.uleb128 0xf
 815 0038 00       		.byte	0
 816 0039 0B       		.uleb128 0xb
 817 003a 0B       		.uleb128 0xb
ARM GAS  C:\Users\megan\AppData\Local\Temp\ccmju8ba.s 			page 21


 818 003b 00       		.byte	0
 819 003c 00       		.byte	0
 820 003d 06       		.uleb128 0x6
 821 003e 16       		.uleb128 0x16
 822 003f 00       		.byte	0
 823 0040 03       		.uleb128 0x3
 824 0041 0E       		.uleb128 0xe
 825 0042 3A       		.uleb128 0x3a
 826 0043 0B       		.uleb128 0xb
 827 0044 3B       		.uleb128 0x3b
 828 0045 05       		.uleb128 0x5
 829 0046 49       		.uleb128 0x49
 830 0047 13       		.uleb128 0x13
 831 0048 00       		.byte	0
 832 0049 00       		.byte	0
 833 004a 07       		.uleb128 0x7
 834 004b 35       		.uleb128 0x35
 835 004c 00       		.byte	0
 836 004d 49       		.uleb128 0x49
 837 004e 13       		.uleb128 0x13
 838 004f 00       		.byte	0
 839 0050 00       		.byte	0
 840 0051 08       		.uleb128 0x8
 841 0052 2E       		.uleb128 0x2e
 842 0053 01       		.byte	0x1
 843 0054 03       		.uleb128 0x3
 844 0055 0E       		.uleb128 0xe
 845 0056 3A       		.uleb128 0x3a
 846 0057 0B       		.uleb128 0xb
 847 0058 3B       		.uleb128 0x3b
 848 0059 0B       		.uleb128 0xb
 849 005a 27       		.uleb128 0x27
 850 005b 19       		.uleb128 0x19
 851 005c 11       		.uleb128 0x11
 852 005d 01       		.uleb128 0x1
 853 005e 12       		.uleb128 0x12
 854 005f 06       		.uleb128 0x6
 855 0060 40       		.uleb128 0x40
 856 0061 18       		.uleb128 0x18
 857 0062 9642     		.uleb128 0x2116
 858 0064 19       		.uleb128 0x19
 859 0065 01       		.uleb128 0x1
 860 0066 13       		.uleb128 0x13
 861 0067 00       		.byte	0
 862 0068 00       		.byte	0
 863 0069 09       		.uleb128 0x9
 864 006a 05       		.uleb128 0x5
 865 006b 00       		.byte	0
 866 006c 03       		.uleb128 0x3
 867 006d 08       		.uleb128 0x8
 868 006e 3A       		.uleb128 0x3a
 869 006f 0B       		.uleb128 0xb
 870 0070 3B       		.uleb128 0x3b
 871 0071 0B       		.uleb128 0xb
 872 0072 49       		.uleb128 0x49
 873 0073 13       		.uleb128 0x13
 874 0074 02       		.uleb128 0x2
ARM GAS  C:\Users\megan\AppData\Local\Temp\ccmju8ba.s 			page 22


 875 0075 18       		.uleb128 0x18
 876 0076 00       		.byte	0
 877 0077 00       		.byte	0
 878 0078 0A       		.uleb128 0xa
 879 0079 05       		.uleb128 0x5
 880 007a 00       		.byte	0
 881 007b 03       		.uleb128 0x3
 882 007c 0E       		.uleb128 0xe
 883 007d 3A       		.uleb128 0x3a
 884 007e 0B       		.uleb128 0xb
 885 007f 3B       		.uleb128 0x3b
 886 0080 0B       		.uleb128 0xb
 887 0081 49       		.uleb128 0x49
 888 0082 13       		.uleb128 0x13
 889 0083 02       		.uleb128 0x2
 890 0084 18       		.uleb128 0x18
 891 0085 00       		.byte	0
 892 0086 00       		.byte	0
 893 0087 0B       		.uleb128 0xb
 894 0088 0F       		.uleb128 0xf
 895 0089 00       		.byte	0
 896 008a 0B       		.uleb128 0xb
 897 008b 0B       		.uleb128 0xb
 898 008c 49       		.uleb128 0x49
 899 008d 13       		.uleb128 0x13
 900 008e 00       		.byte	0
 901 008f 00       		.byte	0
 902 0090 0C       		.uleb128 0xc
 903 0091 26       		.uleb128 0x26
 904 0092 00       		.byte	0
 905 0093 00       		.byte	0
 906 0094 00       		.byte	0
 907 0095 0D       		.uleb128 0xd
 908 0096 2E       		.uleb128 0x2e
 909 0097 00       		.byte	0
 910 0098 03       		.uleb128 0x3
 911 0099 0E       		.uleb128 0xe
 912 009a 3A       		.uleb128 0x3a
 913 009b 0B       		.uleb128 0xb
 914 009c 3B       		.uleb128 0x3b
 915 009d 0B       		.uleb128 0xb
 916 009e 27       		.uleb128 0x27
 917 009f 19       		.uleb128 0x19
 918 00a0 11       		.uleb128 0x11
 919 00a1 01       		.uleb128 0x1
 920 00a2 12       		.uleb128 0x12
 921 00a3 06       		.uleb128 0x6
 922 00a4 40       		.uleb128 0x40
 923 00a5 18       		.uleb128 0x18
 924 00a6 9642     		.uleb128 0x2116
 925 00a8 19       		.uleb128 0x19
 926 00a9 00       		.byte	0
 927 00aa 00       		.byte	0
 928 00ab 0E       		.uleb128 0xe
 929 00ac 2E       		.uleb128 0x2e
 930 00ad 00       		.byte	0
 931 00ae 03       		.uleb128 0x3
ARM GAS  C:\Users\megan\AppData\Local\Temp\ccmju8ba.s 			page 23


 932 00af 0E       		.uleb128 0xe
 933 00b0 3A       		.uleb128 0x3a
 934 00b1 0B       		.uleb128 0xb
 935 00b2 3B       		.uleb128 0x3b
 936 00b3 0B       		.uleb128 0xb
 937 00b4 27       		.uleb128 0x27
 938 00b5 19       		.uleb128 0x19
 939 00b6 11       		.uleb128 0x11
 940 00b7 01       		.uleb128 0x1
 941 00b8 12       		.uleb128 0x12
 942 00b9 06       		.uleb128 0x6
 943 00ba 40       		.uleb128 0x40
 944 00bb 18       		.uleb128 0x18
 945 00bc 9742     		.uleb128 0x2117
 946 00be 19       		.uleb128 0x19
 947 00bf 00       		.byte	0
 948 00c0 00       		.byte	0
 949 00c1 0F       		.uleb128 0xf
 950 00c2 2E       		.uleb128 0x2e
 951 00c3 01       		.byte	0x1
 952 00c4 3F       		.uleb128 0x3f
 953 00c5 19       		.uleb128 0x19
 954 00c6 03       		.uleb128 0x3
 955 00c7 0E       		.uleb128 0xe
 956 00c8 3A       		.uleb128 0x3a
 957 00c9 0B       		.uleb128 0xb
 958 00ca 3B       		.uleb128 0x3b
 959 00cb 05       		.uleb128 0x5
 960 00cc 27       		.uleb128 0x27
 961 00cd 19       		.uleb128 0x19
 962 00ce 11       		.uleb128 0x11
 963 00cf 01       		.uleb128 0x1
 964 00d0 12       		.uleb128 0x12
 965 00d1 06       		.uleb128 0x6
 966 00d2 40       		.uleb128 0x40
 967 00d3 18       		.uleb128 0x18
 968 00d4 9642     		.uleb128 0x2116
 969 00d6 19       		.uleb128 0x19
 970 00d7 00       		.byte	0
 971 00d8 00       		.byte	0
 972 00d9 10       		.uleb128 0x10
 973 00da 0B       		.uleb128 0xb
 974 00db 01       		.byte	0x1
 975 00dc 11       		.uleb128 0x11
 976 00dd 01       		.uleb128 0x1
 977 00de 12       		.uleb128 0x12
 978 00df 06       		.uleb128 0x6
 979 00e0 00       		.byte	0
 980 00e1 00       		.byte	0
 981 00e2 11       		.uleb128 0x11
 982 00e3 13       		.uleb128 0x13
 983 00e4 01       		.byte	0x1
 984 00e5 0B       		.uleb128 0xb
 985 00e6 0B       		.uleb128 0xb
 986 00e7 3A       		.uleb128 0x3a
 987 00e8 0B       		.uleb128 0xb
 988 00e9 3B       		.uleb128 0x3b
ARM GAS  C:\Users\megan\AppData\Local\Temp\ccmju8ba.s 			page 24


 989 00ea 05       		.uleb128 0x5
 990 00eb 01       		.uleb128 0x1
 991 00ec 13       		.uleb128 0x13
 992 00ed 00       		.byte	0
 993 00ee 00       		.byte	0
 994 00ef 12       		.uleb128 0x12
 995 00f0 0D       		.uleb128 0xd
 996 00f1 00       		.byte	0
 997 00f2 03       		.uleb128 0x3
 998 00f3 0E       		.uleb128 0xe
 999 00f4 3A       		.uleb128 0x3a
 1000 00f5 0B       		.uleb128 0xb
 1001 00f6 3B       		.uleb128 0x3b
 1002 00f7 05       		.uleb128 0x5
 1003 00f8 49       		.uleb128 0x49
 1004 00f9 13       		.uleb128 0x13
 1005 00fa 38       		.uleb128 0x38
 1006 00fb 0B       		.uleb128 0xb
 1007 00fc 00       		.byte	0
 1008 00fd 00       		.byte	0
 1009 00fe 13       		.uleb128 0x13
 1010 00ff 01       		.uleb128 0x1
 1011 0100 01       		.byte	0x1
 1012 0101 49       		.uleb128 0x49
 1013 0102 13       		.uleb128 0x13
 1014 0103 01       		.uleb128 0x1
 1015 0104 13       		.uleb128 0x13
 1016 0105 00       		.byte	0
 1017 0106 00       		.byte	0
 1018 0107 14       		.uleb128 0x14
 1019 0108 21       		.uleb128 0x21
 1020 0109 00       		.byte	0
 1021 010a 49       		.uleb128 0x49
 1022 010b 13       		.uleb128 0x13
 1023 010c 2F       		.uleb128 0x2f
 1024 010d 0B       		.uleb128 0xb
 1025 010e 00       		.byte	0
 1026 010f 00       		.byte	0
 1027 0110 15       		.uleb128 0x15
 1028 0111 26       		.uleb128 0x26
 1029 0112 00       		.byte	0
 1030 0113 49       		.uleb128 0x49
 1031 0114 13       		.uleb128 0x13
 1032 0115 00       		.byte	0
 1033 0116 00       		.byte	0
 1034 0117 16       		.uleb128 0x16
 1035 0118 34       		.uleb128 0x34
 1036 0119 00       		.byte	0
 1037 011a 03       		.uleb128 0x3
 1038 011b 0E       		.uleb128 0xe
 1039 011c 3A       		.uleb128 0x3a
 1040 011d 0B       		.uleb128 0xb
 1041 011e 3B       		.uleb128 0x3b
 1042 011f 05       		.uleb128 0x5
 1043 0120 49       		.uleb128 0x49
 1044 0121 13       		.uleb128 0x13
 1045 0122 02       		.uleb128 0x2
ARM GAS  C:\Users\megan\AppData\Local\Temp\ccmju8ba.s 			page 25


 1046 0123 18       		.uleb128 0x18
 1047 0124 00       		.byte	0
 1048 0125 00       		.byte	0
 1049 0126 17       		.uleb128 0x17
 1050 0127 34       		.uleb128 0x34
 1051 0128 00       		.byte	0
 1052 0129 03       		.uleb128 0x3
 1053 012a 08       		.uleb128 0x8
 1054 012b 3A       		.uleb128 0x3a
 1055 012c 0B       		.uleb128 0xb
 1056 012d 3B       		.uleb128 0x3b
 1057 012e 05       		.uleb128 0x5
 1058 012f 49       		.uleb128 0x49
 1059 0130 13       		.uleb128 0x13
 1060 0131 02       		.uleb128 0x2
 1061 0132 18       		.uleb128 0x18
 1062 0133 00       		.byte	0
 1063 0134 00       		.byte	0
 1064 0135 00       		.byte	0
 1065              		.section	.debug_aranges,"",%progbits
 1066 0000 44000000 		.4byte	0x44
 1067 0004 0200     		.2byte	0x2
 1068 0006 00000000 		.4byte	.Ldebug_info0
 1069 000a 04       		.byte	0x4
 1070 000b 00       		.byte	0
 1071 000c 0000     		.2byte	0
 1072 000e 0000     		.2byte	0
 1073 0010 00000000 		.4byte	.LFB2
 1074 0014 1E000000 		.4byte	.LFE2-.LFB2
 1075 0018 00000000 		.4byte	.LFB3
 1076 001c 20000000 		.4byte	.LFE3-.LFB3
 1077 0020 00000000 		.4byte	.LFB4
 1078 0024 20000000 		.4byte	.LFE4-.LFB4
 1079 0028 00000000 		.4byte	.LFB5
 1080 002c CC000000 		.4byte	.LFE5-.LFB5
 1081 0030 00000000 		.4byte	.LFB6
 1082 0034 28000000 		.4byte	.LFE6-.LFB6
 1083 0038 CC000000 		.4byte	.LFB7
 1084 003c D8000000 		.4byte	.LFE7-.LFB7
 1085 0040 00000000 		.4byte	0
 1086 0044 00000000 		.4byte	0
 1087              		.section	.debug_ranges,"",%progbits
 1088              	.Ldebug_ranges0:
 1089 0000 00000000 		.4byte	.LFB2
 1090 0004 1E000000 		.4byte	.LFE2
 1091 0008 00000000 		.4byte	.LFB3
 1092 000c 20000000 		.4byte	.LFE3
 1093 0010 00000000 		.4byte	.LFB4
 1094 0014 20000000 		.4byte	.LFE4
 1095 0018 00000000 		.4byte	.LFB5
 1096 001c CC000000 		.4byte	.LFE5
 1097 0020 00000000 		.4byte	.LFB6
 1098 0024 28000000 		.4byte	.LFE6
 1099 0028 CC000000 		.4byte	.LFB7
 1100 002c A4010000 		.4byte	.LFE7
 1101 0030 00000000 		.4byte	0
 1102 0034 00000000 		.4byte	0
ARM GAS  C:\Users\megan\AppData\Local\Temp\ccmju8ba.s 			page 26


 1103              		.section	.debug_line,"",%progbits
 1104              	.Ldebug_line0:
 1105 0000 68010000 		.section	.debug_str,"MS",%progbits,1
 1105      0200CB00 
 1105      00000201 
 1105      FB0E0D00 
 1105      01010101 
 1106              	.LASF19:
 1107 0000 72656733 		.ascii	"reg32\000"
 1107      3200
 1108              	.LASF12:
 1109 0006 73697A65 		.ascii	"size_t\000"
 1109      5F7400
 1110              	.LASF25:
 1111 000d 416E616C 		.ascii	"AnalogSetDefault\000"
 1111      6F675365 
 1111      74446566 
 1111      61756C74 
 1111      00
 1112              	.LASF29:
 1113 001e 6366675F 		.ascii	"cfg_memset_list\000"
 1113      6D656D73 
 1113      65745F6C 
 1113      69737400 
 1114              	.LASF24:
 1115 002e 436C6F63 		.ascii	"ClockSetup\000"
 1115      6B536574 
 1115      757000
 1116              	.LASF6:
 1117 0039 73686F72 		.ascii	"short unsigned int\000"
 1117      7420756E 
 1117      7369676E 
 1117      65642069 
 1117      6E7400
 1118              	.LASF16:
 1119 004c 666C6F61 		.ascii	"float\000"
 1119      7400
 1120              	.LASF22:
 1121 0052 64657374 		.ascii	"dest\000"
 1121      00
 1122              	.LASF32:
 1123 0057 433A5C55 		.ascii	"C:\\Users\\megan\\Google Drive\\College\\S11 - Spri"
 1123      73657273 
 1123      5C6D6567 
 1123      616E5C47 
 1123      6F6F676C 
 1124 0085 6E672032 		.ascii	"ng 2018\\ECEN 4990\\Github\\ECEN4990-CapstoneII\\Ca"
 1124      3031385C 
 1124      4543454E 
 1124      20343939 
 1124      305C4769 
 1125 00b4 7073746F 		.ascii	"pstoneII\\PeripheralBLE.cydsn\000"
 1125      6E654949 
 1125      5C506572 
 1125      69706865 
 1125      72616C42 
 1126              	.LASF27:
ARM GAS  C:\Users\megan\AppData\Local\Temp\ccmju8ba.s 			page 27


 1127 00d1 73697A65 		.ascii	"size\000"
 1127      00
 1128              	.LASF18:
 1129 00d6 72656738 		.ascii	"reg8\000"
 1129      00
 1130              	.LASF8:
 1131 00db 6C6F6E67 		.ascii	"long unsigned int\000"
 1131      20756E73 
 1131      69676E65 
 1131      6420696E 
 1131      7400
 1132              	.LASF13:
 1133 00ed 75696E74 		.ascii	"uint8\000"
 1133      3800
 1134              	.LASF20:
 1135 00f3 43594D45 		.ascii	"CYMEMZERO\000"
 1135      4D5A4552 
 1135      4F00
 1136              	.LASF30:
 1137 00fd 474E5520 		.ascii	"GNU C11 5.4.1 20160609 (release) [ARM/embedded-5-br"
 1137      43313120 
 1137      352E342E 
 1137      31203230 
 1137      31363036 
 1138 0130 616E6368 		.ascii	"anch revision 237715] -mcpu=cortex-m0 -mthumb -g -O"
 1138      20726576 
 1138      6973696F 
 1138      6E203233 
 1138      37373135 
 1139 0163 30202D66 		.ascii	"0 -ffunction-sections -ffat-lto-objects\000"
 1139      66756E63 
 1139      74696F6E 
 1139      2D736563 
 1139      74696F6E 
 1140              	.LASF4:
 1141 018b 756E7369 		.ascii	"unsigned char\000"
 1141      676E6564 
 1141      20636861 
 1141      7200
 1142              	.LASF17:
 1143 0199 646F7562 		.ascii	"double\000"
 1143      6C6500
 1144              	.LASF33:
 1145 01a0 63796669 		.ascii	"cyfitter_cfg\000"
 1145      74746572 
 1145      5F636667 
 1145      00
 1146              	.LASF14:
 1147 01ad 75696E74 		.ascii	"uint16\000"
 1147      313600
 1148              	.LASF15:
 1149 01b4 75696E74 		.ascii	"uint32\000"
 1149      333200
 1150              	.LASF0:
 1151 01bb 756E7369 		.ascii	"unsigned int\000"
 1151      676E6564 
 1151      20696E74 
ARM GAS  C:\Users\megan\AppData\Local\Temp\ccmju8ba.s 			page 28


 1151      00
 1152              	.LASF26:
 1153 01c8 61646472 		.ascii	"address\000"
 1153      65737300 
 1154              	.LASF9:
 1155 01d0 6C6F6E67 		.ascii	"long long unsigned int\000"
 1155      206C6F6E 
 1155      6720756E 
 1155      7369676E 
 1155      65642069 
 1156              	.LASF28:
 1157 01e7 6366675F 		.ascii	"cfg_memset_t\000"
 1157      6D656D73 
 1157      65745F74 
 1157      00
 1158              	.LASF10:
 1159 01f4 73697A65 		.ascii	"sizetype\000"
 1159      74797065 
 1159      00
 1160              	.LASF1:
 1161 01fd 6C6F6E67 		.ascii	"long long int\000"
 1161      206C6F6E 
 1161      6720696E 
 1161      7400
 1162              	.LASF11:
 1163 020b 63686172 		.ascii	"char\000"
 1163      00
 1164              	.LASF5:
 1165 0210 73686F72 		.ascii	"short int\000"
 1165      7420696E 
 1165      7400
 1166              	.LASF7:
 1167 021a 6C6F6E67 		.ascii	"long int\000"
 1167      20696E74 
 1167      00
 1168              	.LASF2:
 1169 0223 6C6F6E67 		.ascii	"long double\000"
 1169      20646F75 
 1169      626C6500 
 1170              	.LASF3:
 1171 022f 7369676E 		.ascii	"signed char\000"
 1171      65642063 
 1171      68617200 
 1172              	.LASF31:
 1173 023b 47656E65 		.ascii	"Generated_Source\\PSoC4\\cyfitter_cfg.c\000"
 1173      72617465 
 1173      645F536F 
 1173      75726365 
 1173      5C50536F 
 1174              	.LASF23:
 1175 0261 4359434F 		.ascii	"CYCONFIGCPYCODE\000"
 1175      4E464947 
 1175      43505943 
 1175      4F444500 
 1176              	.LASF21:
 1177 0271 4359434F 		.ascii	"CYCONFIGCPY\000"
 1177      4E464947 
ARM GAS  C:\Users\megan\AppData\Local\Temp\ccmju8ba.s 			page 29


 1177      43505900 
 1178              		.ident	"GCC: (GNU Tools for ARM Embedded Processors) 5.4.1 20160609 (release) [ARM/embedded-5-bran
