ARM GAS  C:\Users\megan\AppData\Local\Temp\ccb2Qh2B.s 			page 1


   1              		.syntax unified
   2              		.cpu cortex-m0
   3              		.fpu softvfp
   4              		.eabi_attribute 20, 1
   5              		.eabi_attribute 21, 1
   6              		.eabi_attribute 23, 3
   7              		.eabi_attribute 24, 1
   8              		.eabi_attribute 25, 1
   9              		.eabi_attribute 26, 1
  10              		.eabi_attribute 30, 6
  11              		.eabi_attribute 34, 0
  12              		.eabi_attribute 18, 4
  13              		.thumb
  14              		.syntax unified
  15              		.file	"main.c"
  16              		.text
  17              	.Ltext0:
  18              		.cfi_sections	.debug_frame
  19              		.section	.text.main,"ax",%progbits
  20              		.align	2
  21              		.global	main
  22              		.code	16
  23              		.thumb_func
  24              		.type	main, %function
  25              	main:
  26              	.LFB35:
  27              		.file 1 "main.c"
   1:main.c        **** /* ========================================
   2:main.c        ****  *
   3:main.c        ****  * Copyright Megan Bird, 2018
   4:main.c        ****  * All Rights Reserved
   5:main.c        ****  * UNPUBLISHED, LICENSED SOFTWARE.
   6:main.c        ****  *
   7:main.c        ****  * CONFIDENTIAL AND PROPRIETARY INFORMATION
   8:main.c        ****  * WHICH IS THE PROPERTY OF Megan Bird.
   9:main.c        ****  *
  10:main.c        ****  * ========================================
  11:main.c        **** */
  12:main.c        **** 
  13:main.c        **** #include <project.h>
  14:main.c        **** #include <DS18B20.h>
  15:main.c        **** #include <math.h>
  16:main.c        **** 
  17:main.c        **** void StackEventHandler( uint32 eventCode, void *eventParam );
  18:main.c        **** void BLEConnect();
  19:main.c        **** void BLEStayConnected();
  20:main.c        **** void BLEUpdateDBTemp(uint8_t n, float32 temperature);
  21:main.c        **** void UpdateTemp(uint8_t n);
  22:main.c        **** 
  23:main.c        **** /* define the test register to switch the PA/LNA hardware control pins */
  24:main.c        **** #define CYREG_SRSS_TST_DDFT_CTRL 0x40030008
  25:main.c        **** 
  26:main.c        **** int main()
  27:main.c        **** {
  28              		.loc 1 27 0
  29              		.cfi_startproc
  30              		@ args = 0, pretend = 0, frame = 8
ARM GAS  C:\Users\megan\AppData\Local\Temp\ccb2Qh2B.s 			page 2


  31              		@ frame_needed = 1, uses_anonymous_args = 0
  32 0000 80B5     		push	{r7, lr}
  33              		.cfi_def_cfa_offset 8
  34              		.cfi_offset 7, -8
  35              		.cfi_offset 14, -4
  36 0002 82B0     		sub	sp, sp, #8
  37              		.cfi_def_cfa_offset 16
  38 0004 00AF     		add	r7, sp, #0
  39              		.cfi_def_cfa_register 7
  28:main.c        ****     uint16_t i = 0;
  40              		.loc 1 28 0
  41 0006 BB1D     		adds	r3, r7, #6
  42 0008 0022     		movs	r2, #0
  43 000a 1A80     		strh	r2, [r3]
  29:main.c        ****      CyGlobalIntEnable;   /* Enable global interrupts */
  44              		.loc 1 29 0
  45              		.syntax divided
  46              	@ 29 "main.c" 1
  47 000c 62B6     		CPSIE   i
  48              	@ 0 "" 2
  30:main.c        **** 
  31:main.c        ****     /*  BLE SETUP   */
  32:main.c        ****     CyBle_Start( StackEventHandler );
  49              		.loc 1 32 0
  50              		.thumb
  51              		.syntax unified
  52 000e 0E4B     		ldr	r3, .L5
  53 0010 1800     		movs	r0, r3
  54 0012 FFF7FEFF 		bl	CyBle_Start
  55              	.L4:
  33:main.c        ****     
  34:main.c        ****     for(;;)
  35:main.c        ****     {
  36:main.c        ****         CyBle_ProcessEvents();
  56              		.loc 1 36 0
  57 0016 FFF7FEFF 		bl	CyBle_ProcessEvents
  37:main.c        ****         
  38:main.c        ****         // Advertise if disconnected
  39:main.c        ****         BLEStayConnected();
  58              		.loc 1 39 0
  59 001a FFF7FEFF 		bl	BLEStayConnected
  40:main.c        ****         
  41:main.c        ****         // Update temperature value
  42:main.c        ****         if (i++ == 0) {
  60              		.loc 1 42 0
  61 001e BB1D     		adds	r3, r7, #6
  62 0020 1B88     		ldrh	r3, [r3]
  63 0022 BA1D     		adds	r2, r7, #6
  64 0024 591C     		adds	r1, r3, #1
  65 0026 1180     		strh	r1, [r2]
  66 0028 002B     		cmp	r3, #0
  67 002a 03D1     		bne	.L2
  43:main.c        ****             UpdateTemp(1);
  68              		.loc 1 43 0
  69 002c 0120     		movs	r0, #1
  70 002e FFF7FEFF 		bl	UpdateTemp
  71 0032 F0E7     		b	.L4
ARM GAS  C:\Users\megan\AppData\Local\Temp\ccb2Qh2B.s 			page 3


  72              	.L2:
  44:main.c        ****         }
  45:main.c        ****         else if (i > 20000) {
  73              		.loc 1 45 0
  74 0034 BB1D     		adds	r3, r7, #6
  75 0036 1B88     		ldrh	r3, [r3]
  76 0038 044A     		ldr	r2, .L5+4
  77 003a 9342     		cmp	r3, r2
  78 003c EBD9     		bls	.L4
  46:main.c        ****             i = 0;
  79              		.loc 1 46 0
  80 003e BB1D     		adds	r3, r7, #6
  81 0040 0022     		movs	r2, #0
  82 0042 1A80     		strh	r2, [r3]
  47:main.c        ****         }
  48:main.c        ****     }
  83              		.loc 1 48 0
  84 0044 E7E7     		b	.L4
  85              	.L6:
  86 0046 C046     		.align	2
  87              	.L5:
  88 0048 00000000 		.word	StackEventHandler
  89 004c 204E0000 		.word	20000
  90              		.cfi_endproc
  91              	.LFE35:
  92              		.size	main, .-main
  93              		.section	.text.StackEventHandler,"ax",%progbits
  94              		.align	2
  95              		.global	StackEventHandler
  96              		.code	16
  97              		.thumb_func
  98              		.type	StackEventHandler, %function
  99              	StackEventHandler:
 100              	.LFB36:
  49:main.c        **** }
  50:main.c        **** 
  51:main.c        **** void StackEventHandler( uint32 eventCode, void *eventParam ) {
 101              		.loc 1 51 0
 102              		.cfi_startproc
 103              		@ args = 0, pretend = 0, frame = 8
 104              		@ frame_needed = 1, uses_anonymous_args = 0
 105 0000 80B5     		push	{r7, lr}
 106              		.cfi_def_cfa_offset 8
 107              		.cfi_offset 7, -8
 108              		.cfi_offset 14, -4
 109 0002 82B0     		sub	sp, sp, #8
 110              		.cfi_def_cfa_offset 16
 111 0004 00AF     		add	r7, sp, #0
 112              		.cfi_def_cfa_register 7
 113 0006 7860     		str	r0, [r7, #4]
 114 0008 3960     		str	r1, [r7]
  52:main.c        ****     
  53:main.c        ****     switch( eventCode )
 115              		.loc 1 53 0
 116 000a 7B68     		ldr	r3, [r7, #4]
 117 000c 012B     		cmp	r3, #1
 118 000e 02D0     		beq	.L9
ARM GAS  C:\Users\megan\AppData\Local\Temp\ccb2Qh2B.s 			page 4


 119 0010 272B     		cmp	r3, #39
 120 0012 07D0     		beq	.L12
  54:main.c        ****     {
  55:main.c        ****         /* Generic events */
  56:main.c        **** 
  57:main.c        ****         case CYBLE_EVT_STACK_ON:
  58:main.c        ****             /* Configure the Link Layer to automatically switch PA
  59:main.c        ****              * control pin P3[2] and LNA control pin P3[3] */
  60:main.c        ****             CY_SET_XTND_REG32((void CYFAR *)(CYREG_BLE_BLESS_RF_CONFIG), 0x0331);
  61:main.c        ****             CY_SET_XTND_REG32((void CYFAR *)(CYREG_SRSS_TST_DDFT_CTRL), 0x80000302);
  62:main.c        ****             /* CyBle_GappStartAdvertisement( CYBLE_ADVERTISING_FAST ); */
  63:main.c        ****         break;
  64:main.c        ****             
  65:main.c        ****         case CYBLE_EVT_GAP_DEVICE_CONNECTED:          
  66:main.c        **** 
  67:main.c        ****         break;   
  68:main.c        ****             
  69:main.c        ****         /* default catch-all case */
  70:main.c        **** 
  71:main.c        ****         default:
  72:main.c        ****         break;    
 121              		.loc 1 72 0
 122 0014 07E0     		b	.L11
 123              	.L9:
  60:main.c        ****             CY_SET_XTND_REG32((void CYFAR *)(CYREG_SRSS_TST_DDFT_CTRL), 0x80000302);
 124              		.loc 1 60 0
 125 0016 064B     		ldr	r3, .L13
 126 0018 064A     		ldr	r2, .L13+4
 127 001a 1A60     		str	r2, [r3]
  61:main.c        ****             /* CyBle_GappStartAdvertisement( CYBLE_ADVERTISING_FAST ); */
 128              		.loc 1 61 0
 129 001c 064B     		ldr	r3, .L13+8
 130 001e 074A     		ldr	r2, .L13+12
 131 0020 1A60     		str	r2, [r3]
  63:main.c        ****             
 132              		.loc 1 63 0
 133 0022 00E0     		b	.L11
 134              	.L12:
  67:main.c        ****             
 135              		.loc 1 67 0
 136 0024 C046     		nop
 137              	.L11:
  73:main.c        ****     }
  74:main.c        **** }   
 138              		.loc 1 74 0
 139 0026 C046     		nop
 140 0028 BD46     		mov	sp, r7
 141 002a 02B0     		add	sp, sp, #8
 142              		@ sp needed
 143 002c 80BD     		pop	{r7, pc}
 144              	.L14:
 145 002e C046     		.align	2
 146              	.L13:
 147 0030 60F02E40 		.word	1076818016
 148 0034 31030000 		.word	817
 149 0038 08000340 		.word	1073938440
 150 003c 02030080 		.word	-2147482878
ARM GAS  C:\Users\megan\AppData\Local\Temp\ccb2Qh2B.s 			page 5


 151              		.cfi_endproc
 152              	.LFE36:
 153              		.size	StackEventHandler, .-StackEventHandler
 154              		.section	.text.BLEConnect,"ax",%progbits
 155              		.align	2
 156              		.global	BLEConnect
 157              		.code	16
 158              		.thumb_func
 159              		.type	BLEConnect, %function
 160              	BLEConnect:
 161              	.LFB37:
  75:main.c        **** 
  76:main.c        **** void BLEConnect() {
 162              		.loc 1 76 0
 163              		.cfi_startproc
 164              		@ args = 0, pretend = 0, frame = 8
 165              		@ frame_needed = 1, uses_anonymous_args = 0
 166 0000 90B5     		push	{r4, r7, lr}
 167              		.cfi_def_cfa_offset 12
 168              		.cfi_offset 4, -12
 169              		.cfi_offset 7, -8
 170              		.cfi_offset 14, -4
 171 0002 83B0     		sub	sp, sp, #12
 172              		.cfi_def_cfa_offset 24
 173 0004 00AF     		add	r7, sp, #0
 174              		.cfi_def_cfa_register 7
  77:main.c        ****    
  78:main.c        ****     CYBLE_API_RESULT_T apiResult;
  79:main.c        ****     CYBLE_STATE_T ble_state;
  80:main.c        **** 
  81:main.c        ****     // Initiate GAP Connection
  82:main.c        ****     CyBle_ProcessEvents();
 175              		.loc 1 82 0
 176 0006 FFF7FEFF 		bl	CyBle_ProcessEvents
  83:main.c        ****     
  84:main.c        ****     apiResult = CyBle_GappStartAdvertisement( CYBLE_ADVERTISING_FAST );
 177              		.loc 1 84 0
 178 000a BC1D     		adds	r4, r7, #6
 179 000c 0020     		movs	r0, #0
 180 000e FFF7FEFF 		bl	CyBle_GappStartAdvertisement
 181 0012 0300     		movs	r3, r0
 182 0014 2380     		strh	r3, [r4]
  85:main.c        ****     CyBle_ProcessEvents();
 183              		.loc 1 85 0
 184 0016 FFF7FEFF 		bl	CyBle_ProcessEvents
  86:main.c        ****     if (apiResult == CYBLE_ERROR_OK ) {
 185              		.loc 1 86 0
 186 001a BB1D     		adds	r3, r7, #6
 187 001c 1B88     		ldrh	r3, [r3]
 188 001e 002B     		cmp	r3, #0
 189 0020 02D1     		bne	.L16
  87:main.c        ****         LED_GREEN_Write(0);   
 190              		.loc 1 87 0
 191 0022 0020     		movs	r0, #0
 192 0024 FFF7FEFF 		bl	LED_GREEN_Write
 193              	.L16:
  88:main.c        ****     }
ARM GAS  C:\Users\megan\AppData\Local\Temp\ccb2Qh2B.s 			page 6


  89:main.c        ****     
  90:main.c        ****     while(1) {
  91:main.c        ****         ble_state = CyBle_GetState();
 194              		.loc 1 91 0
 195 0028 7B1D     		adds	r3, r7, #5
 196 002a 084A     		ldr	r2, .L19
 197 002c 1278     		ldrb	r2, [r2]
 198 002e 1A70     		strb	r2, [r3]
  92:main.c        ****         if (ble_state == CYBLE_STATE_CONNECTED ) {
 199              		.loc 1 92 0
 200 0030 7B1D     		adds	r3, r7, #5
 201 0032 1B78     		ldrb	r3, [r3]
 202 0034 022B     		cmp	r3, #2
 203 0036 03D1     		bne	.L17
  93:main.c        ****             LED_BLUE_Write(0);   
 204              		.loc 1 93 0
 205 0038 0020     		movs	r0, #0
 206 003a FFF7FEFF 		bl	LED_BLUE_Write
 207 003e 02E0     		b	.L18
 208              	.L17:
  94:main.c        ****         }
  95:main.c        ****         else {
  96:main.c        ****             LED_BLUE_Write(1);
 209              		.loc 1 96 0
 210 0040 0120     		movs	r0, #1
 211 0042 FFF7FEFF 		bl	LED_BLUE_Write
 212              	.L18:
  97:main.c        ****         }
  98:main.c        ****         CyBle_ProcessEvents();
 213              		.loc 1 98 0
 214 0046 FFF7FEFF 		bl	CyBle_ProcessEvents
  99:main.c        ****     }
 215              		.loc 1 99 0
 216 004a EDE7     		b	.L16
 217              	.L20:
 218              		.align	2
 219              	.L19:
 220 004c 00000000 		.word	cyBle_state
 221              		.cfi_endproc
 222              	.LFE37:
 223              		.size	BLEConnect, .-BLEConnect
 224              		.section	.text.BLEStayConnected,"ax",%progbits
 225              		.align	2
 226              		.global	BLEStayConnected
 227              		.code	16
 228              		.thumb_func
 229              		.type	BLEStayConnected, %function
 230              	BLEStayConnected:
 231              	.LFB38:
 100:main.c        ****     
 101:main.c        **** }
 102:main.c        **** 
 103:main.c        **** void BLEStayConnected() {
 232              		.loc 1 103 0
 233              		.cfi_startproc
 234              		@ args = 0, pretend = 0, frame = 8
 235              		@ frame_needed = 1, uses_anonymous_args = 0
ARM GAS  C:\Users\megan\AppData\Local\Temp\ccb2Qh2B.s 			page 7


 236 0000 90B5     		push	{r4, r7, lr}
 237              		.cfi_def_cfa_offset 12
 238              		.cfi_offset 4, -12
 239              		.cfi_offset 7, -8
 240              		.cfi_offset 14, -4
 241 0002 83B0     		sub	sp, sp, #12
 242              		.cfi_def_cfa_offset 24
 243 0004 00AF     		add	r7, sp, #0
 244              		.cfi_def_cfa_register 7
 104:main.c        ****    
 105:main.c        ****     CYBLE_API_RESULT_T apiResult;
 106:main.c        ****     CYBLE_STATE_T ble_state;
 107:main.c        ****     
 108:main.c        ****     CyBle_ProcessEvents();
 245              		.loc 1 108 0
 246 0006 FFF7FEFF 		bl	CyBle_ProcessEvents
 109:main.c        ****     
 110:main.c        ****     ble_state = CyBle_GetState();
 247              		.loc 1 110 0
 248 000a FB1D     		adds	r3, r7, #7
 249 000c 0D4A     		ldr	r2, .L24
 250 000e 1278     		ldrb	r2, [r2]
 251 0010 1A70     		strb	r2, [r3]
 111:main.c        ****     if (ble_state == CYBLE_STATE_CONNECTED ) {
 252              		.loc 1 111 0
 253 0012 FB1D     		adds	r3, r7, #7
 254 0014 1B78     		ldrb	r3, [r3]
 255 0016 022B     		cmp	r3, #2
 256 0018 03D1     		bne	.L22
 112:main.c        ****         LED_BLUE_Write(0);  
 257              		.loc 1 112 0
 258 001a 0020     		movs	r0, #0
 259 001c FFF7FEFF 		bl	LED_BLUE_Write
 260 0020 0AE0     		b	.L23
 261              	.L22:
 113:main.c        ****         //LED_GREEN_Write(1);
 114:main.c        ****     }
 115:main.c        ****     else {
 116:main.c        ****         LED_BLUE_Write(1);
 262              		.loc 1 116 0
 263 0022 0120     		movs	r0, #1
 264 0024 FFF7FEFF 		bl	LED_BLUE_Write
 117:main.c        ****         apiResult = CyBle_GappStartAdvertisement( CYBLE_ADVERTISING_FAST );
 265              		.loc 1 117 0
 266 0028 3C1D     		adds	r4, r7, #4
 267 002a 0020     		movs	r0, #0
 268 002c FFF7FEFF 		bl	CyBle_GappStartAdvertisement
 269 0030 0300     		movs	r3, r0
 270 0032 2380     		strh	r3, [r4]
 118:main.c        ****         CyBle_ProcessEvents();
 271              		.loc 1 118 0
 272 0034 FFF7FEFF 		bl	CyBle_ProcessEvents
 273              	.L23:
 119:main.c        ****         if (apiResult == CYBLE_ERROR_OK ) {
 120:main.c        ****             //LED_GREEN_Write(0);   
 121:main.c        ****         }
 122:main.c        ****     }
ARM GAS  C:\Users\megan\AppData\Local\Temp\ccb2Qh2B.s 			page 8


 123:main.c        ****     CyBle_ProcessEvents();
 274              		.loc 1 123 0
 275 0038 FFF7FEFF 		bl	CyBle_ProcessEvents
 124:main.c        **** }
 276              		.loc 1 124 0
 277 003c C046     		nop
 278 003e BD46     		mov	sp, r7
 279 0040 03B0     		add	sp, sp, #12
 280              		@ sp needed
 281 0042 90BD     		pop	{r4, r7, pc}
 282              	.L25:
 283              		.align	2
 284              	.L24:
 285 0044 00000000 		.word	cyBle_state
 286              		.cfi_endproc
 287              	.LFE38:
 288              		.size	BLEStayConnected, .-BLEStayConnected
 289              		.section	.text.BLEUpdateDBTemp,"ax",%progbits
 290              		.align	2
 291              		.global	BLEUpdateDBTemp
 292              		.code	16
 293              		.thumb_func
 294              		.type	BLEUpdateDBTemp, %function
 295              	BLEUpdateDBTemp:
 296              	.LFB39:
 125:main.c        **** 
 126:main.c        **** void BLEUpdateDBTemp(uint8_t n, float32 temperature) {
 297              		.loc 1 126 0
 298              		.cfi_startproc
 299              		@ args = 0, pretend = 0, frame = 40
 300              		@ frame_needed = 1, uses_anonymous_args = 0
 301 0000 80B5     		push	{r7, lr}
 302              		.cfi_def_cfa_offset 8
 303              		.cfi_offset 7, -8
 304              		.cfi_offset 14, -4
 305 0002 8AB0     		sub	sp, sp, #40
 306              		.cfi_def_cfa_offset 48
 307 0004 00AF     		add	r7, sp, #0
 308              		.cfi_def_cfa_register 7
 309 0006 0200     		movs	r2, r0
 310 0008 3960     		str	r1, [r7]
 311 000a FB1D     		adds	r3, r7, #7
 312 000c 1A70     		strb	r2, [r3]
 127:main.c        ****     
 128:main.c        ****     CYBLE_GATT_HANDLE_VALUE_PAIR_T handleValuePair;
 129:main.c        ****     CYBLE_GATT_VALUE_T value;
 130:main.c        ****     CYBLE_GATT_DB_ATTR_HANDLE_T attrHandle;
 131:main.c        ****     uint8_t bytes[sizeof(float32)];
 132:main.c        ****     
 133:main.c        ****     // Temp Characteristic Settings
 134:main.c        ****     *(float*)(bytes) = temperature;
 313              		.loc 1 134 0
 314 000e 0C23     		movs	r3, #12
 315 0010 FB18     		adds	r3, r7, r3
 316 0012 3A68     		ldr	r2, [r7]
 317 0014 1A60     		str	r2, [r3]
 135:main.c        ****     value.len = 1;
ARM GAS  C:\Users\megan\AppData\Local\Temp\ccb2Qh2B.s 			page 9


 318              		.loc 1 135 0
 319 0016 1023     		movs	r3, #16
 320 0018 FB18     		adds	r3, r7, r3
 321 001a 0122     		movs	r2, #1
 322 001c 9A80     		strh	r2, [r3, #4]
 136:main.c        ****     if (n == 1) {
 323              		.loc 1 136 0
 324 001e FB1D     		adds	r3, r7, #7
 325 0020 1B78     		ldrb	r3, [r3]
 326 0022 012B     		cmp	r3, #1
 327 0024 04D1     		bne	.L27
 137:main.c        ****         attrHandle = 0x0012;
 328              		.loc 1 137 0
 329 0026 2623     		movs	r3, #38
 330 0028 FB18     		adds	r3, r7, r3
 331 002a 1222     		movs	r2, #18
 332 002c 1A80     		strh	r2, [r3]
 333 002e 07E0     		b	.L28
 334              	.L27:
 138:main.c        ****     } else if (n == 2){
 335              		.loc 1 138 0
 336 0030 FB1D     		adds	r3, r7, #7
 337 0032 1B78     		ldrb	r3, [r3]
 338 0034 022B     		cmp	r3, #2
 339 0036 03D1     		bne	.L28
 139:main.c        ****         attrHandle = 0x0013;
 340              		.loc 1 139 0
 341 0038 2623     		movs	r3, #38
 342 003a FB18     		adds	r3, r7, r3
 343 003c 1322     		movs	r2, #19
 344 003e 1A80     		strh	r2, [r3]
 345              	.L28:
 140:main.c        ****     }
 141:main.c        ****     handleValuePair.attrHandle = attrHandle;
 346              		.loc 1 141 0
 347 0040 1823     		movs	r3, #24
 348 0042 FB18     		adds	r3, r7, r3
 349 0044 2622     		movs	r2, #38
 350 0046 BA18     		adds	r2, r7, r2
 351 0048 1288     		ldrh	r2, [r2]
 352 004a 1A81     		strh	r2, [r3, #8]
 142:main.c        ****     handleValuePair.value = value;
 353              		.loc 1 142 0
 354 004c 1823     		movs	r3, #24
 355 004e FA18     		adds	r2, r7, r3
 356 0050 1023     		movs	r3, #16
 357 0052 FB18     		adds	r3, r7, r3
 358 0054 1000     		movs	r0, r2
 359 0056 1900     		movs	r1, r3
 360 0058 0823     		movs	r3, #8
 361 005a 1A00     		movs	r2, r3
 362 005c FFF7FEFF 		bl	memcpy
 363              	.LBB2:
 143:main.c        ****     
 144:main.c        ****     for (uint8_t i = 0; i < 4; i++) {
 364              		.loc 1 144 0
 365 0060 2523     		movs	r3, #37
ARM GAS  C:\Users\megan\AppData\Local\Temp\ccb2Qh2B.s 			page 10


 366 0062 FB18     		adds	r3, r7, r3
 367 0064 0022     		movs	r2, #0
 368 0066 1A70     		strb	r2, [r3]
 369 0068 29E0     		b	.L29
 370              	.L30:
 145:main.c        ****         handleValuePair.value.val = &bytes[i];
 371              		.loc 1 145 0 discriminator 3
 372 006a 2523     		movs	r3, #37
 373 006c FB18     		adds	r3, r7, r3
 374 006e 1B78     		ldrb	r3, [r3]
 375 0070 0C22     		movs	r2, #12
 376 0072 BA18     		adds	r2, r7, r2
 377 0074 D218     		adds	r2, r2, r3
 378 0076 1823     		movs	r3, #24
 379 0078 FB18     		adds	r3, r7, r3
 380 007a 1A60     		str	r2, [r3]
 146:main.c        ****         CyBle_GattsWriteAttributeValue(&handleValuePair,i,NULL,CYBLE_GATT_DB_LOCALLY_INITIATED);
 381              		.loc 1 146 0 discriminator 3
 382 007c 2523     		movs	r3, #37
 383 007e FB18     		adds	r3, r7, r3
 384 0080 1B78     		ldrb	r3, [r3]
 385 0082 99B2     		uxth	r1, r3
 386 0084 1823     		movs	r3, #24
 387 0086 F818     		adds	r0, r7, r3
 388 0088 0023     		movs	r3, #0
 389 008a 0022     		movs	r2, #0
 390 008c FFF7FEFF 		bl	CyBle_GattsWriteAttributeValue
 147:main.c        ****         CyBle_GattsNotification(cyBle_connHandle,&handleValuePair);
 391              		.loc 1 147 0 discriminator 3
 392 0090 1823     		movs	r3, #24
 393 0092 F918     		adds	r1, r7, r3
 394 0094 0E4B     		ldr	r3, .L31
 395 0096 1A78     		ldrb	r2, [r3]
 396 0098 5B78     		ldrb	r3, [r3, #1]
 397 009a 1B02     		lsls	r3, r3, #8
 398 009c 1A43     		orrs	r2, r3
 399 009e 0023     		movs	r3, #0
 400 00a0 1204     		lsls	r2, r2, #16
 401 00a2 120C     		lsrs	r2, r2, #16
 402 00a4 1B0C     		lsrs	r3, r3, #16
 403 00a6 1B04     		lsls	r3, r3, #16
 404 00a8 1343     		orrs	r3, r2
 405 00aa 1800     		movs	r0, r3
 406 00ac FFF7FEFF 		bl	CyBle_GattsNotification
 144:main.c        ****         handleValuePair.value.val = &bytes[i];
 407              		.loc 1 144 0 discriminator 3
 408 00b0 2523     		movs	r3, #37
 409 00b2 FB18     		adds	r3, r7, r3
 410 00b4 1A78     		ldrb	r2, [r3]
 411 00b6 2523     		movs	r3, #37
 412 00b8 FB18     		adds	r3, r7, r3
 413 00ba 0132     		adds	r2, r2, #1
 414 00bc 1A70     		strb	r2, [r3]
 415              	.L29:
 144:main.c        ****         handleValuePair.value.val = &bytes[i];
 416              		.loc 1 144 0 is_stmt 0 discriminator 1
 417 00be 2523     		movs	r3, #37
ARM GAS  C:\Users\megan\AppData\Local\Temp\ccb2Qh2B.s 			page 11


 418 00c0 FB18     		adds	r3, r7, r3
 419 00c2 1B78     		ldrb	r3, [r3]
 420 00c4 032B     		cmp	r3, #3
 421 00c6 D0D9     		bls	.L30
 422              	.LBE2:
 148:main.c        ****     }
 149:main.c        **** }
 423              		.loc 1 149 0 is_stmt 1
 424 00c8 C046     		nop
 425 00ca BD46     		mov	sp, r7
 426 00cc 0AB0     		add	sp, sp, #40
 427              		@ sp needed
 428 00ce 80BD     		pop	{r7, pc}
 429              	.L32:
 430              		.align	2
 431              	.L31:
 432 00d0 00000000 		.word	cyBle_connHandle
 433              		.cfi_endproc
 434              	.LFE39:
 435              		.size	BLEUpdateDBTemp, .-BLEUpdateDBTemp
 436              		.section	.text.UpdateTemp,"ax",%progbits
 437              		.align	2
 438              		.global	UpdateTemp
 439              		.code	16
 440              		.thumb_func
 441              		.type	UpdateTemp, %function
 442              	UpdateTemp:
 443              	.LFB40:
 150:main.c        **** 
 151:main.c        **** void UpdateTemp(uint8_t n) {
 444              		.loc 1 151 0
 445              		.cfi_startproc
 446              		@ args = 0, pretend = 0, frame = 16
 447              		@ frame_needed = 1, uses_anonymous_args = 0
 448 0000 80B5     		push	{r7, lr}
 449              		.cfi_def_cfa_offset 8
 450              		.cfi_offset 7, -8
 451              		.cfi_offset 14, -4
 452 0002 84B0     		sub	sp, sp, #16
 453              		.cfi_def_cfa_offset 24
 454 0004 00AF     		add	r7, sp, #0
 455              		.cfi_def_cfa_register 7
 456 0006 0200     		movs	r2, r0
 457 0008 FB1D     		adds	r3, r7, #7
 458 000a 1A70     		strb	r2, [r3]
 152:main.c        ****     
 153:main.c        ****     float32 fltemp;
 154:main.c        ****     
 155:main.c        ****     
 156:main.c        ****     Temp_RequestTemp(n);
 459              		.loc 1 156 0
 460 000c FB1D     		adds	r3, r7, #7
 461 000e 1B78     		ldrb	r3, [r3]
 462 0010 1800     		movs	r0, r3
 463 0012 FFF7FEFF 		bl	Temp_RequestTemp
 157:main.c        ****     while (Temp_ReadBit(1) == 0) LED_GREEN_Write(0);
 464              		.loc 1 157 0
ARM GAS  C:\Users\megan\AppData\Local\Temp\ccb2Qh2B.s 			page 12


 465 0016 02E0     		b	.L34
 466              	.L35:
 467              		.loc 1 157 0 is_stmt 0 discriminator 2
 468 0018 0020     		movs	r0, #0
 469 001a FFF7FEFF 		bl	LED_GREEN_Write
 470              	.L34:
 471              		.loc 1 157 0 discriminator 1
 472 001e 0120     		movs	r0, #1
 473 0020 FFF7FEFF 		bl	Temp_ReadBit
 474 0024 031E     		subs	r3, r0, #0
 475 0026 F7D0     		beq	.L35
 158:main.c        ****     LED_GREEN_Write(1);    
 476              		.loc 1 158 0 is_stmt 1
 477 0028 0120     		movs	r0, #1
 478 002a FFF7FEFF 		bl	LED_GREEN_Write
 159:main.c        ****     fltemp = Temp_GetTempF(1);
 479              		.loc 1 159 0
 480 002e 0120     		movs	r0, #1
 481 0030 FFF7FEFF 		bl	Temp_GetTempF
 482 0034 031C     		adds	r3, r0, #0
 483 0036 FB60     		str	r3, [r7, #12]
 160:main.c        ****     BLEUpdateDBTemp(n,fltemp);
 484              		.loc 1 160 0
 485 0038 FA68     		ldr	r2, [r7, #12]
 486 003a FB1D     		adds	r3, r7, #7
 487 003c 1B78     		ldrb	r3, [r3]
 488 003e 111C     		adds	r1, r2, #0
 489 0040 1800     		movs	r0, r3
 490 0042 FFF7FEFF 		bl	BLEUpdateDBTemp
 161:main.c        **** }
 491              		.loc 1 161 0
 492 0046 C046     		nop
 493 0048 BD46     		mov	sp, r7
 494 004a 04B0     		add	sp, sp, #16
 495              		@ sp needed
 496 004c 80BD     		pop	{r7, pc}
 497              		.cfi_endproc
 498              	.LFE40:
 499              		.size	UpdateTemp, .-UpdateTemp
 500 004e C046     		.text
 501              	.Letext0:
 502              		.file 2 "c:\\program files (x86)\\cypress\\psoc creator\\4.1\\psoc creator\\import\\gnu\\arm\\5.4.
 503              		.file 3 "c:\\program files (x86)\\cypress\\psoc creator\\4.1\\psoc creator\\import\\gnu\\arm\\5.4.
 504              		.file 4 "Generated_Source\\PSoC4/cytypes.h"
 505              		.file 5 "Generated_Source\\PSoC4/BLE_1_Stack.h"
 506              		.file 6 "Generated_Source\\PSoC4/BLE_1_StackGatt.h"
 507              		.file 7 "Generated_Source\\PSoC4/BLE_1_eventHandler.h"
 508              		.section	.debug_info,"",%progbits
 509              	.Ldebug_info0:
 510 0000 16060000 		.4byte	0x616
 511 0004 0400     		.2byte	0x4
 512 0006 00000000 		.4byte	.Ldebug_abbrev0
 513 000a 04       		.byte	0x4
 514 000b 01       		.uleb128 0x1
 515 000c 2F080000 		.4byte	.LASF160
 516 0010 0C       		.byte	0xc
 517 0011 FB070000 		.4byte	.LASF161
ARM GAS  C:\Users\megan\AppData\Local\Temp\ccb2Qh2B.s 			page 13


 518 0015 3D050000 		.4byte	.LASF162
 519 0019 00000000 		.4byte	.Ldebug_ranges0+0
 520 001d 00000000 		.4byte	0
 521 0021 00000000 		.4byte	.Ldebug_line0
 522 0025 02       		.uleb128 0x2
 523 0026 01       		.byte	0x1
 524 0027 06       		.byte	0x6
 525 0028 CD020000 		.4byte	.LASF0
 526 002c 03       		.uleb128 0x3
 527 002d 8F010000 		.4byte	.LASF3
 528 0031 02       		.byte	0x2
 529 0032 1D       		.byte	0x1d
 530 0033 37000000 		.4byte	0x37
 531 0037 02       		.uleb128 0x2
 532 0038 01       		.byte	0x1
 533 0039 08       		.byte	0x8
 534 003a 7D0B0000 		.4byte	.LASF1
 535 003e 02       		.uleb128 0x2
 536 003f 02       		.byte	0x2
 537 0040 05       		.byte	0x5
 538 0041 B60B0000 		.4byte	.LASF2
 539 0045 03       		.uleb128 0x3
 540 0046 090D0000 		.4byte	.LASF4
 541 004a 02       		.byte	0x2
 542 004b 2B       		.byte	0x2b
 543 004c 50000000 		.4byte	0x50
 544 0050 02       		.uleb128 0x2
 545 0051 02       		.byte	0x2
 546 0052 07       		.byte	0x7
 547 0053 100E0000 		.4byte	.LASF5
 548 0057 02       		.uleb128 0x2
 549 0058 04       		.byte	0x4
 550 0059 05       		.byte	0x5
 551 005a C9010000 		.4byte	.LASF6
 552 005e 02       		.uleb128 0x2
 553 005f 04       		.byte	0x4
 554 0060 07       		.byte	0x7
 555 0061 65060000 		.4byte	.LASF7
 556 0065 02       		.uleb128 0x2
 557 0066 08       		.byte	0x8
 558 0067 05       		.byte	0x5
 559 0068 BF020000 		.4byte	.LASF8
 560 006c 02       		.uleb128 0x2
 561 006d 08       		.byte	0x8
 562 006e 07       		.byte	0x7
 563 006f B7050000 		.4byte	.LASF9
 564 0073 04       		.uleb128 0x4
 565 0074 04       		.byte	0x4
 566 0075 05       		.byte	0x5
 567 0076 696E7400 		.ascii	"int\000"
 568 007a 02       		.uleb128 0x2
 569 007b 04       		.byte	0x4
 570 007c 07       		.byte	0x7
 571 007d FC0C0000 		.4byte	.LASF10
 572 0081 03       		.uleb128 0x3
 573 0082 9B0E0000 		.4byte	.LASF11
 574 0086 03       		.byte	0x3
ARM GAS  C:\Users\megan\AppData\Local\Temp\ccb2Qh2B.s 			page 14


 575 0087 18       		.byte	0x18
 576 0088 2C000000 		.4byte	0x2c
 577 008c 03       		.uleb128 0x3
 578 008d 33060000 		.4byte	.LASF12
 579 0091 03       		.byte	0x3
 580 0092 24       		.byte	0x24
 581 0093 45000000 		.4byte	0x45
 582 0097 05       		.uleb128 0x5
 583 0098 2D040000 		.4byte	.LASF13
 584 009c 04       		.byte	0x4
 585 009d D201     		.2byte	0x1d2
 586 009f 37000000 		.4byte	0x37
 587 00a3 05       		.uleb128 0x5
 588 00a4 8B0B0000 		.4byte	.LASF14
 589 00a8 04       		.byte	0x4
 590 00a9 D301     		.2byte	0x1d3
 591 00ab 50000000 		.4byte	0x50
 592 00af 05       		.uleb128 0x5
 593 00b0 A4040000 		.4byte	.LASF15
 594 00b4 04       		.byte	0x4
 595 00b5 D401     		.2byte	0x1d4
 596 00b7 5E000000 		.4byte	0x5e
 597 00bb 05       		.uleb128 0x5
 598 00bc 7E090000 		.4byte	.LASF16
 599 00c0 04       		.byte	0x4
 600 00c1 D801     		.2byte	0x1d8
 601 00c3 C7000000 		.4byte	0xc7
 602 00c7 02       		.uleb128 0x2
 603 00c8 04       		.byte	0x4
 604 00c9 04       		.byte	0x4
 605 00ca 330B0000 		.4byte	.LASF17
 606 00ce 02       		.uleb128 0x2
 607 00cf 08       		.byte	0x8
 608 00d0 04       		.byte	0x4
 609 00d1 52040000 		.4byte	.LASF18
 610 00d5 02       		.uleb128 0x2
 611 00d6 01       		.byte	0x1
 612 00d7 08       		.byte	0x8
 613 00d8 B50C0000 		.4byte	.LASF19
 614 00dc 05       		.uleb128 0x5
 615 00dd F4080000 		.4byte	.LASF20
 616 00e1 04       		.byte	0x4
 617 00e2 7E02     		.2byte	0x27e
 618 00e4 E8000000 		.4byte	0xe8
 619 00e8 06       		.uleb128 0x6
 620 00e9 AF000000 		.4byte	0xaf
 621 00ed 02       		.uleb128 0x2
 622 00ee 08       		.byte	0x8
 623 00ef 04       		.byte	0x4
 624 00f0 A90C0000 		.4byte	.LASF21
 625 00f4 02       		.uleb128 0x2
 626 00f5 04       		.byte	0x4
 627 00f6 07       		.byte	0x7
 628 00f7 86090000 		.4byte	.LASF22
 629 00fb 07       		.uleb128 0x7
 630 00fc 04       		.byte	0x4
 631 00fd 08       		.uleb128 0x8
ARM GAS  C:\Users\megan\AppData\Local\Temp\ccb2Qh2B.s 			page 15


 632 00fe 01       		.byte	0x1
 633 00ff 37000000 		.4byte	0x37
 634 0103 05       		.byte	0x5
 635 0104 4D01     		.2byte	0x14d
 636 0106 BB020000 		.4byte	0x2bb
 637 010a 09       		.uleb128 0x9
 638 010b 4B070000 		.4byte	.LASF23
 639 010f 00       		.byte	0
 640 0110 09       		.uleb128 0x9
 641 0111 D9020000 		.4byte	.LASF24
 642 0115 01       		.byte	0x1
 643 0116 09       		.uleb128 0x9
 644 0117 B7010000 		.4byte	.LASF25
 645 011b 02       		.byte	0x2
 646 011c 09       		.uleb128 0x9
 647 011d F70D0000 		.4byte	.LASF26
 648 0121 03       		.byte	0x3
 649 0122 09       		.uleb128 0x9
 650 0123 0D020000 		.4byte	.LASF27
 651 0127 04       		.byte	0x4
 652 0128 09       		.uleb128 0x9
 653 0129 23000000 		.4byte	.LASF28
 654 012d 05       		.byte	0x5
 655 012e 09       		.uleb128 0x9
 656 012f 80070000 		.4byte	.LASF29
 657 0133 06       		.byte	0x6
 658 0134 09       		.uleb128 0x9
 659 0135 FA080000 		.4byte	.LASF30
 660 0139 20       		.byte	0x20
 661 013a 09       		.uleb128 0x9
 662 013b 51030000 		.4byte	.LASF31
 663 013f 21       		.byte	0x21
 664 0140 09       		.uleb128 0x9
 665 0141 B8070000 		.4byte	.LASF32
 666 0145 22       		.byte	0x22
 667 0146 09       		.uleb128 0x9
 668 0147 D10D0000 		.4byte	.LASF33
 669 014b 23       		.byte	0x23
 670 014c 09       		.uleb128 0x9
 671 014d 4C0A0000 		.4byte	.LASF34
 672 0151 24       		.byte	0x24
 673 0152 09       		.uleb128 0x9
 674 0153 A8090000 		.4byte	.LASF35
 675 0157 25       		.byte	0x25
 676 0158 09       		.uleb128 0x9
 677 0159 E2030000 		.4byte	.LASF36
 678 015d 26       		.byte	0x26
 679 015e 09       		.uleb128 0x9
 680 015f DC070000 		.4byte	.LASF37
 681 0163 27       		.byte	0x27
 682 0164 09       		.uleb128 0x9
 683 0165 DA0C0000 		.4byte	.LASF38
 684 0169 28       		.byte	0x28
 685 016a 09       		.uleb128 0x9
 686 016b 61020000 		.4byte	.LASF39
 687 016f 29       		.byte	0x29
 688 0170 09       		.uleb128 0x9
ARM GAS  C:\Users\megan\AppData\Local\Temp\ccb2Qh2B.s 			page 16


 689 0171 AB000000 		.4byte	.LASF40
 690 0175 2A       		.byte	0x2a
 691 0176 09       		.uleb128 0x9
 692 0177 28010000 		.4byte	.LASF41
 693 017b 2B       		.byte	0x2b
 694 017c 09       		.uleb128 0x9
 695 017d 640F0000 		.4byte	.LASF42
 696 0181 2C       		.byte	0x2c
 697 0182 09       		.uleb128 0x9
 698 0183 7E020000 		.4byte	.LASF43
 699 0187 2D       		.byte	0x2d
 700 0188 09       		.uleb128 0x9
 701 0189 920B0000 		.4byte	.LASF44
 702 018d 2E       		.byte	0x2e
 703 018e 09       		.uleb128 0x9
 704 018f 47010000 		.4byte	.LASF45
 705 0193 2F       		.byte	0x2f
 706 0194 09       		.uleb128 0x9
 707 0195 0E0A0000 		.4byte	.LASF46
 708 0199 30       		.byte	0x30
 709 019a 09       		.uleb128 0x9
 710 019b 21100000 		.4byte	.LASF47
 711 019f 31       		.byte	0x31
 712 01a0 09       		.uleb128 0x9
 713 01a1 ED090000 		.4byte	.LASF48
 714 01a5 32       		.byte	0x32
 715 01a6 09       		.uleb128 0x9
 716 01a7 6B0C0000 		.4byte	.LASF49
 717 01ab 33       		.byte	0x33
 718 01ac 09       		.uleb128 0x9
 719 01ad 77060000 		.4byte	.LASF50
 720 01b1 34       		.byte	0x34
 721 01b2 09       		.uleb128 0x9
 722 01b3 2F0A0000 		.4byte	.LASF51
 723 01b7 35       		.byte	0x35
 724 01b8 09       		.uleb128 0x9
 725 01b9 02080000 		.4byte	.LASF52
 726 01bd 36       		.byte	0x36
 727 01be 09       		.uleb128 0x9
 728 01bf 9C0F0000 		.4byte	.LASF53
 729 01c3 37       		.byte	0x37
 730 01c4 09       		.uleb128 0x9
 731 01c5 CE040000 		.4byte	.LASF54
 732 01c9 40       		.byte	0x40
 733 01ca 09       		.uleb128 0x9
 734 01cb BD080000 		.4byte	.LASF55
 735 01cf 41       		.byte	0x41
 736 01d0 09       		.uleb128 0x9
 737 01d1 4F100000 		.4byte	.LASF56
 738 01d5 42       		.byte	0x42
 739 01d6 09       		.uleb128 0x9
 740 01d7 410E0000 		.4byte	.LASF57
 741 01db 43       		.byte	0x43
 742 01dc 09       		.uleb128 0x9
 743 01dd A9060000 		.4byte	.LASF58
 744 01e1 44       		.byte	0x44
 745 01e2 09       		.uleb128 0x9
ARM GAS  C:\Users\megan\AppData\Local\Temp\ccb2Qh2B.s 			page 17


 746 01e3 0C0B0000 		.4byte	.LASF59
 747 01e7 45       		.byte	0x45
 748 01e8 09       		.uleb128 0x9
 749 01e9 5D090000 		.4byte	.LASF60
 750 01ed 46       		.byte	0x46
 751 01ee 09       		.uleb128 0x9
 752 01ef 62070000 		.4byte	.LASF61
 753 01f3 47       		.byte	0x47
 754 01f4 09       		.uleb128 0x9
 755 01f5 280F0000 		.4byte	.LASF62
 756 01f9 48       		.byte	0x48
 757 01fa 09       		.uleb128 0x9
 758 01fb 78030000 		.4byte	.LASF63
 759 01ff 49       		.byte	0x49
 760 0200 09       		.uleb128 0x9
 761 0201 600D0000 		.4byte	.LASF64
 762 0205 4A       		.byte	0x4a
 763 0206 09       		.uleb128 0x9
 764 0207 70010000 		.4byte	.LASF65
 765 020b 4B       		.byte	0x4b
 766 020c 09       		.uleb128 0x9
 767 020d 8F060000 		.4byte	.LASF66
 768 0211 4C       		.byte	0x4c
 769 0212 09       		.uleb128 0x9
 770 0213 D3090000 		.4byte	.LASF67
 771 0217 4D       		.byte	0x4d
 772 0218 09       		.uleb128 0x9
 773 0219 AB030000 		.4byte	.LASF68
 774 021d 4E       		.byte	0x4e
 775 021e 09       		.uleb128 0x9
 776 021f 0D0C0000 		.4byte	.LASF69
 777 0223 4F       		.byte	0x4f
 778 0224 09       		.uleb128 0x9
 779 0225 99070000 		.4byte	.LASF70
 780 0229 50       		.byte	0x50
 781 022a 09       		.uleb128 0x9
 782 022b 33040000 		.4byte	.LASF71
 783 022f 51       		.byte	0x51
 784 0230 09       		.uleb128 0x9
 785 0231 950A0000 		.4byte	.LASF72
 786 0235 52       		.byte	0x52
 787 0236 09       		.uleb128 0x9
 788 0237 C00B0000 		.4byte	.LASF73
 789 023b 53       		.byte	0x53
 790 023c 09       		.uleb128 0x9
 791 023d 2C0C0000 		.4byte	.LASF74
 792 0241 54       		.byte	0x54
 793 0242 09       		.uleb128 0x9
 794 0243 C7060000 		.4byte	.LASF75
 795 0247 55       		.byte	0x55
 796 0248 09       		.uleb128 0x9
 797 0249 D4050000 		.4byte	.LASF76
 798 024d 56       		.byte	0x56
 799 024e 09       		.uleb128 0x9
 800 024f 140D0000 		.4byte	.LASF77
 801 0253 57       		.byte	0x57
 802 0254 09       		.uleb128 0x9
ARM GAS  C:\Users\megan\AppData\Local\Temp\ccb2Qh2B.s 			page 18


 803 0255 EB060000 		.4byte	.LASF78
 804 0259 58       		.byte	0x58
 805 025a 09       		.uleb128 0x9
 806 025b E8040000 		.4byte	.LASF79
 807 025f 70       		.byte	0x70
 808 0260 09       		.uleb128 0x9
 809 0261 D10F0000 		.4byte	.LASF80
 810 0265 71       		.byte	0x71
 811 0266 09       		.uleb128 0x9
 812 0267 D8080000 		.4byte	.LASF81
 813 026b 72       		.byte	0x72
 814 026c 09       		.uleb128 0x9
 815 026d 99010000 		.4byte	.LASF82
 816 0271 73       		.byte	0x73
 817 0272 09       		.uleb128 0x9
 818 0273 EE0A0000 		.4byte	.LASF83
 819 0277 74       		.byte	0x74
 820 0278 09       		.uleb128 0x9
 821 0279 59040000 		.4byte	.LASF84
 822 027d 75       		.byte	0x75
 823 027e 09       		.uleb128 0x9
 824 027f D4000000 		.4byte	.LASF85
 825 0283 76       		.byte	0x76
 826 0284 09       		.uleb128 0x9
 827 0285 53000000 		.4byte	.LASF86
 828 0289 77       		.byte	0x77
 829 028a 09       		.uleb128 0x9
 830 028b 00000000 		.4byte	.LASF87
 831 028f 78       		.byte	0x78
 832 0290 09       		.uleb128 0x9
 833 0291 3D0D0000 		.4byte	.LASF88
 834 0295 79       		.byte	0x79
 835 0296 09       		.uleb128 0x9
 836 0297 19050000 		.4byte	.LASF89
 837 029b 7A       		.byte	0x7a
 838 029c 09       		.uleb128 0x9
 839 029d 22020000 		.4byte	.LASF90
 840 02a1 FA       		.byte	0xfa
 841 02a2 09       		.uleb128 0x9
 842 02a3 14060000 		.4byte	.LASF91
 843 02a7 FB       		.byte	0xfb
 844 02a8 09       		.uleb128 0x9
 845 02a9 E10B0000 		.4byte	.LASF92
 846 02ad FC       		.byte	0xfc
 847 02ae 09       		.uleb128 0x9
 848 02af 95100000 		.4byte	.LASF93
 849 02b3 FD       		.byte	0xfd
 850 02b4 09       		.uleb128 0x9
 851 02b5 B1040000 		.4byte	.LASF94
 852 02b9 FF       		.byte	0xff
 853 02ba 00       		.byte	0
 854 02bb 08       		.uleb128 0x8
 855 02bc 02       		.byte	0x2
 856 02bd 50000000 		.4byte	0x50
 857 02c1 05       		.byte	0x5
 858 02c2 0204     		.2byte	0x402
 859 02c4 94030000 		.4byte	0x394
ARM GAS  C:\Users\megan\AppData\Local\Temp\ccb2Qh2B.s 			page 19


 860 02c8 09       		.uleb128 0x9
 861 02c9 BF040000 		.4byte	.LASF95
 862 02cd 00       		.byte	0
 863 02ce 09       		.uleb128 0x9
 864 02cf 7A040000 		.4byte	.LASF96
 865 02d3 01       		.byte	0x1
 866 02d4 09       		.uleb128 0x9
 867 02d5 230E0000 		.4byte	.LASF97
 868 02d9 02       		.byte	0x2
 869 02da 09       		.uleb128 0x9
 870 02db 86000000 		.4byte	.LASF98
 871 02df 03       		.byte	0x3
 872 02e0 09       		.uleb128 0x9
 873 02e1 6A0E0000 		.4byte	.LASF99
 874 02e5 04       		.byte	0x4
 875 02e6 09       		.uleb128 0x9
 876 02e7 F6050000 		.4byte	.LASF100
 877 02eb 05       		.byte	0x5
 878 02ec 09       		.uleb128 0x9
 879 02ed F30B0000 		.4byte	.LASF101
 880 02f1 06       		.byte	0x6
 881 02f2 09       		.uleb128 0x9
 882 02f3 2A030000 		.4byte	.LASF102
 883 02f7 07       		.byte	0x7
 884 02f8 09       		.uleb128 0x9
 885 02f9 4D0C0000 		.4byte	.LASF103
 886 02fd 08       		.byte	0x8
 887 02fe 09       		.uleb128 0x9
 888 02ff 4F0F0000 		.4byte	.LASF104
 889 0303 09       		.byte	0x9
 890 0304 09       		.uleb128 0x9
 891 0305 400B0000 		.4byte	.LASF105
 892 0309 0A       		.byte	0xa
 893 030a 09       		.uleb128 0x9
 894 030b BA0C0000 		.4byte	.LASF106
 895 030f 0B       		.byte	0xb
 896 0310 09       		.uleb128 0x9
 897 0311 4A020000 		.4byte	.LASF107
 898 0315 0C       		.byte	0xc
 899 0316 09       		.uleb128 0x9
 900 0317 F70F0000 		.4byte	.LASF108
 901 031b 0D       		.byte	0xd
 902 031c 09       		.uleb128 0x9
 903 031d 3C060000 		.4byte	.LASF109
 904 0321 0E       		.byte	0xe
 905 0322 09       		.uleb128 0x9
 906 0323 ED0E0000 		.4byte	.LASF110
 907 0327 0F       		.byte	0xf
 908 0328 09       		.uleb128 0x9
 909 0329 A30D0000 		.4byte	.LASF111
 910 032d 10       		.byte	0x10
 911 032e 09       		.uleb128 0x9
 912 032f 0E070000 		.4byte	.LASF112
 913 0333 11       		.byte	0x11
 914 0334 09       		.uleb128 0x9
 915 0335 0A040000 		.4byte	.LASF113
 916 0339 12       		.byte	0x12
ARM GAS  C:\Users\megan\AppData\Local\Temp\ccb2Qh2B.s 			page 20


 917 033a 09       		.uleb128 0x9
 918 033b 6D100000 		.4byte	.LASF114
 919 033f 13       		.byte	0x13
 920 0340 09       		.uleb128 0x9
 921 0341 08030000 		.4byte	.LASF115
 922 0345 27       		.byte	0x27
 923 0346 09       		.uleb128 0x9
 924 0347 7E0D0000 		.4byte	.LASF116
 925 034b 28       		.byte	0x28
 926 034c 09       		.uleb128 0x9
 927 034d D10E0000 		.4byte	.LASF117
 928 0351 29       		.byte	0x29
 929 0352 09       		.uleb128 0x9
 930 0353 D2010000 		.4byte	.LASF118
 931 0357 2A       		.byte	0x2a
 932 0358 09       		.uleb128 0x9
 933 0359 F5000000 		.4byte	.LASF119
 934 035d 2B       		.byte	0x2b
 935 035e 09       		.uleb128 0x9
 936 035f 45090000 		.4byte	.LASF120
 937 0363 2C       		.byte	0x2c
 938 0364 09       		.uleb128 0x9
 939 0365 A30E0000 		.4byte	.LASF121
 940 0369 FE       		.byte	0xfe
 941 036a 09       		.uleb128 0x9
 942 036b 35090000 		.4byte	.LASF122
 943 036f FF       		.byte	0xff
 944 0370 0A       		.uleb128 0xa
 945 0371 32070000 		.4byte	.LASF123
 946 0375 0001     		.2byte	0x100
 947 0377 0A       		.uleb128 0xa
 948 0378 B60A0000 		.4byte	.LASF124
 949 037c 0101     		.2byte	0x101
 950 037e 0A       		.uleb128 0xa
 951 037f 5A0B0000 		.4byte	.LASF125
 952 0383 0201     		.2byte	0x102
 953 0385 0A       		.uleb128 0xa
 954 0386 91030000 		.4byte	.LASF126
 955 038a 0301     		.2byte	0x103
 956 038c 0A       		.uleb128 0xa
 957 038d 920C0000 		.4byte	.LASF127
 958 0391 0401     		.2byte	0x104
 959 0393 00       		.byte	0
 960 0394 05       		.uleb128 0x5
 961 0395 820A0000 		.4byte	.LASF128
 962 0399 05       		.byte	0x5
 963 039a 7104     		.2byte	0x471
 964 039c BB020000 		.4byte	0x2bb
 965 03a0 0B       		.uleb128 0xb
 966 03a1 04       		.byte	0x4
 967 03a2 97000000 		.4byte	0x97
 968 03a6 05       		.uleb128 0x5
 969 03a7 EC020000 		.4byte	.LASF129
 970 03ab 06       		.byte	0x6
 971 03ac 8901     		.2byte	0x189
 972 03ae A3000000 		.4byte	0xa3
 973 03b2 0C       		.uleb128 0xc
ARM GAS  C:\Users\megan\AppData\Local\Temp\ccb2Qh2B.s 			page 21


 974 03b3 02       		.byte	0x2
 975 03b4 06       		.byte	0x6
 976 03b5 9301     		.2byte	0x193
 977 03b7 D6030000 		.4byte	0x3d6
 978 03bb 0D       		.uleb128 0xd
 979 03bc 930F0000 		.4byte	.LASF130
 980 03c0 06       		.byte	0x6
 981 03c1 9A01     		.2byte	0x19a
 982 03c3 97000000 		.4byte	0x97
 983 03c7 00       		.byte	0
 984 03c8 0D       		.uleb128 0xd
 985 03c9 1E090000 		.4byte	.LASF131
 986 03cd 06       		.byte	0x6
 987 03ce A001     		.2byte	0x1a0
 988 03d0 97000000 		.4byte	0x97
 989 03d4 01       		.byte	0x1
 990 03d5 00       		.byte	0
 991 03d6 05       		.uleb128 0x5
 992 03d7 72000000 		.4byte	.LASF132
 993 03db 06       		.byte	0x6
 994 03dc A201     		.2byte	0x1a2
 995 03de B2030000 		.4byte	0x3b2
 996 03e2 0C       		.uleb128 0xc
 997 03e3 08       		.byte	0x8
 998 03e4 06       		.byte	0x6
 999 03e5 BE01     		.2byte	0x1be
 1000 03e7 13040000 		.4byte	0x413
 1001 03eb 0E       		.uleb128 0xe
 1002 03ec 76616C00 		.ascii	"val\000"
 1003 03f0 06       		.byte	0x6
 1004 03f1 C101     		.2byte	0x1c1
 1005 03f3 A0030000 		.4byte	0x3a0
 1006 03f7 00       		.byte	0
 1007 03f8 0E       		.uleb128 0xe
 1008 03f9 6C656E00 		.ascii	"len\000"
 1009 03fd 06       		.byte	0x6
 1010 03fe C401     		.2byte	0x1c4
 1011 0400 A3000000 		.4byte	0xa3
 1012 0404 04       		.byte	0x4
 1013 0405 0D       		.uleb128 0xd
 1014 0406 47030000 		.4byte	.LASF133
 1015 040a 06       		.byte	0x6
 1016 040b CB01     		.2byte	0x1cb
 1017 040d A3000000 		.4byte	0xa3
 1018 0411 06       		.byte	0x6
 1019 0412 00       		.byte	0
 1020 0413 05       		.uleb128 0x5
 1021 0414 FA010000 		.4byte	.LASF134
 1022 0418 06       		.byte	0x6
 1023 0419 CD01     		.2byte	0x1cd
 1024 041b E2030000 		.4byte	0x3e2
 1025 041f 0C       		.uleb128 0xc
 1026 0420 0C       		.byte	0xc
 1027 0421 06       		.byte	0x6
 1028 0422 D001     		.2byte	0x1d0
 1029 0424 43040000 		.4byte	0x443
 1030 0428 0D       		.uleb128 0xd
ARM GAS  C:\Users\megan\AppData\Local\Temp\ccb2Qh2B.s 			page 22


 1031 0429 CE050000 		.4byte	.LASF135
 1032 042d 06       		.byte	0x6
 1033 042e D301     		.2byte	0x1d3
 1034 0430 13040000 		.4byte	0x413
 1035 0434 00       		.byte	0
 1036 0435 0D       		.uleb128 0xd
 1037 0436 0E050000 		.4byte	.LASF136
 1038 043a 06       		.byte	0x6
 1039 043b D601     		.2byte	0x1d6
 1040 043d A6030000 		.4byte	0x3a6
 1041 0441 08       		.byte	0x8
 1042 0442 00       		.byte	0
 1043 0443 05       		.uleb128 0x5
 1044 0444 CF0A0000 		.4byte	.LASF137
 1045 0448 06       		.byte	0x6
 1046 0449 D801     		.2byte	0x1d8
 1047 044b 1F040000 		.4byte	0x41f
 1048 044f 08       		.uleb128 0x8
 1049 0450 01       		.byte	0x1
 1050 0451 37000000 		.4byte	0x37
 1051 0455 07       		.byte	0x7
 1052 0456 5008     		.2byte	0x850
 1053 0458 7B040000 		.4byte	0x47b
 1054 045c 09       		.uleb128 0x9
 1055 045d 3F000000 		.4byte	.LASF138
 1056 0461 00       		.byte	0
 1057 0462 09       		.uleb128 0x9
 1058 0463 8F090000 		.4byte	.LASF139
 1059 0467 01       		.byte	0x1
 1060 0468 09       		.uleb128 0x9
 1061 0469 120F0000 		.4byte	.LASF140
 1062 046d 02       		.byte	0x2
 1063 046e 09       		.uleb128 0x9
 1064 046f A7020000 		.4byte	.LASF141
 1065 0473 03       		.byte	0x3
 1066 0474 09       		.uleb128 0x9
 1067 0475 C9030000 		.4byte	.LASF142
 1068 0479 04       		.byte	0x4
 1069 047a 00       		.byte	0
 1070 047b 05       		.uleb128 0x5
 1071 047c 8D0E0000 		.4byte	.LASF143
 1072 0480 07       		.byte	0x7
 1073 0481 5E08     		.2byte	0x85e
 1074 0483 4F040000 		.4byte	0x44f
 1075 0487 0F       		.uleb128 0xf
 1076 0488 1C100000 		.4byte	.LASF144
 1077 048c 01       		.byte	0x1
 1078 048d 1A       		.byte	0x1a
 1079 048e 73000000 		.4byte	0x73
 1080 0492 00000000 		.4byte	.LFB35
 1081 0496 50000000 		.4byte	.LFE35-.LFB35
 1082 049a 01       		.uleb128 0x1
 1083 049b 9C       		.byte	0x9c
 1084 049c AD040000 		.4byte	0x4ad
 1085 04a0 10       		.uleb128 0x10
 1086 04a1 6900     		.ascii	"i\000"
 1087 04a3 01       		.byte	0x1
ARM GAS  C:\Users\megan\AppData\Local\Temp\ccb2Qh2B.s 			page 23


 1088 04a4 1C       		.byte	0x1c
 1089 04a5 8C000000 		.4byte	0x8c
 1090 04a9 02       		.uleb128 0x2
 1091 04aa 91       		.byte	0x91
 1092 04ab 76       		.sleb128 -10
 1093 04ac 00       		.byte	0
 1094 04ad 11       		.uleb128 0x11
 1095 04ae BF0E0000 		.4byte	.LASF145
 1096 04b2 01       		.byte	0x1
 1097 04b3 33       		.byte	0x33
 1098 04b4 00000000 		.4byte	.LFB36
 1099 04b8 40000000 		.4byte	.LFE36-.LFB36
 1100 04bc 01       		.uleb128 0x1
 1101 04bd 9C       		.byte	0x9c
 1102 04be DF040000 		.4byte	0x4df
 1103 04c2 12       		.uleb128 0x12
 1104 04c3 40020000 		.4byte	.LASF146
 1105 04c7 01       		.byte	0x1
 1106 04c8 33       		.byte	0x33
 1107 04c9 AF000000 		.4byte	0xaf
 1108 04cd 02       		.uleb128 0x2
 1109 04ce 91       		.byte	0x91
 1110 04cf 74       		.sleb128 -12
 1111 04d0 12       		.uleb128 0x12
 1112 04d1 5F0E0000 		.4byte	.LASF147
 1113 04d5 01       		.byte	0x1
 1114 04d6 33       		.byte	0x33
 1115 04d7 FB000000 		.4byte	0xfb
 1116 04db 02       		.uleb128 0x2
 1117 04dc 91       		.byte	0x91
 1118 04dd 70       		.sleb128 -16
 1119 04de 00       		.byte	0
 1120 04df 13       		.uleb128 0x13
 1121 04e0 880F0000 		.4byte	.LASF150
 1122 04e4 01       		.byte	0x1
 1123 04e5 4C       		.byte	0x4c
 1124 04e6 00000000 		.4byte	.LFB37
 1125 04ea 50000000 		.4byte	.LFE37-.LFB37
 1126 04ee 01       		.uleb128 0x1
 1127 04ef 9C       		.byte	0x9c
 1128 04f0 11050000 		.4byte	0x511
 1129 04f4 14       		.uleb128 0x14
 1130 04f5 780A0000 		.4byte	.LASF148
 1131 04f9 01       		.byte	0x1
 1132 04fa 4E       		.byte	0x4e
 1133 04fb 94030000 		.4byte	0x394
 1134 04ff 02       		.uleb128 0x2
 1135 0500 91       		.byte	0x91
 1136 0501 6E       		.sleb128 -18
 1137 0502 14       		.uleb128 0x14
 1138 0503 45100000 		.4byte	.LASF149
 1139 0507 01       		.byte	0x1
 1140 0508 4F       		.byte	0x4f
 1141 0509 7B040000 		.4byte	0x47b
 1142 050d 02       		.uleb128 0x2
 1143 050e 91       		.byte	0x91
 1144 050f 6D       		.sleb128 -19
ARM GAS  C:\Users\megan\AppData\Local\Temp\ccb2Qh2B.s 			page 24


 1145 0510 00       		.byte	0
 1146 0511 13       		.uleb128 0x13
 1147 0512 24090000 		.4byte	.LASF151
 1148 0516 01       		.byte	0x1
 1149 0517 67       		.byte	0x67
 1150 0518 00000000 		.4byte	.LFB38
 1151 051c 48000000 		.4byte	.LFE38-.LFB38
 1152 0520 01       		.uleb128 0x1
 1153 0521 9C       		.byte	0x9c
 1154 0522 43050000 		.4byte	0x543
 1155 0526 14       		.uleb128 0x14
 1156 0527 780A0000 		.4byte	.LASF148
 1157 052b 01       		.byte	0x1
 1158 052c 69       		.byte	0x69
 1159 052d 94030000 		.4byte	0x394
 1160 0531 02       		.uleb128 0x2
 1161 0532 91       		.byte	0x91
 1162 0533 6C       		.sleb128 -20
 1163 0534 14       		.uleb128 0x14
 1164 0535 45100000 		.4byte	.LASF149
 1165 0539 01       		.byte	0x1
 1166 053a 6A       		.byte	0x6a
 1167 053b 7B040000 		.4byte	0x47b
 1168 053f 02       		.uleb128 0x2
 1169 0540 91       		.byte	0x91
 1170 0541 6F       		.sleb128 -17
 1171 0542 00       		.byte	0
 1172 0543 15       		.uleb128 0x15
 1173 0544 68030000 		.4byte	.LASF152
 1174 0548 01       		.byte	0x1
 1175 0549 7E       		.byte	0x7e
 1176 054a 00000000 		.4byte	.LFB39
 1177 054e D4000000 		.4byte	.LFE39-.LFB39
 1178 0552 01       		.uleb128 0x1
 1179 0553 9C       		.byte	0x9c
 1180 0554 C1050000 		.4byte	0x5c1
 1181 0558 16       		.uleb128 0x16
 1182 0559 6E00     		.ascii	"n\000"
 1183 055b 01       		.byte	0x1
 1184 055c 7E       		.byte	0x7e
 1185 055d 81000000 		.4byte	0x81
 1186 0561 02       		.uleb128 0x2
 1187 0562 91       		.byte	0x91
 1188 0563 57       		.sleb128 -41
 1189 0564 12       		.uleb128 0x12
 1190 0565 98040000 		.4byte	.LASF153
 1191 0569 01       		.byte	0x1
 1192 056a 7E       		.byte	0x7e
 1193 056b BB000000 		.4byte	0xbb
 1194 056f 02       		.uleb128 0x2
 1195 0570 91       		.byte	0x91
 1196 0571 50       		.sleb128 -48
 1197 0572 14       		.uleb128 0x14
 1198 0573 680A0000 		.4byte	.LASF154
 1199 0577 01       		.byte	0x1
 1200 0578 80       		.byte	0x80
 1201 0579 43040000 		.4byte	0x443
ARM GAS  C:\Users\megan\AppData\Local\Temp\ccb2Qh2B.s 			page 25


 1202 057d 02       		.uleb128 0x2
 1203 057e 91       		.byte	0x91
 1204 057f 68       		.sleb128 -24
 1205 0580 14       		.uleb128 0x14
 1206 0581 CE050000 		.4byte	.LASF135
 1207 0585 01       		.byte	0x1
 1208 0586 81       		.byte	0x81
 1209 0587 13040000 		.4byte	0x413
 1210 058b 02       		.uleb128 0x2
 1211 058c 91       		.byte	0x91
 1212 058d 60       		.sleb128 -32
 1213 058e 14       		.uleb128 0x14
 1214 058f 0E050000 		.4byte	.LASF136
 1215 0593 01       		.byte	0x1
 1216 0594 82       		.byte	0x82
 1217 0595 A6030000 		.4byte	0x3a6
 1218 0599 02       		.uleb128 0x2
 1219 059a 91       		.byte	0x91
 1220 059b 76       		.sleb128 -10
 1221 059c 14       		.uleb128 0x14
 1222 059d AB040000 		.4byte	.LASF155
 1223 05a1 01       		.byte	0x1
 1224 05a2 83       		.byte	0x83
 1225 05a3 C1050000 		.4byte	0x5c1
 1226 05a7 02       		.uleb128 0x2
 1227 05a8 91       		.byte	0x91
 1228 05a9 5C       		.sleb128 -36
 1229 05aa 17       		.uleb128 0x17
 1230 05ab 60000000 		.4byte	.LBB2
 1231 05af 68000000 		.4byte	.LBE2-.LBB2
 1232 05b3 10       		.uleb128 0x10
 1233 05b4 6900     		.ascii	"i\000"
 1234 05b6 01       		.byte	0x1
 1235 05b7 90       		.byte	0x90
 1236 05b8 81000000 		.4byte	0x81
 1237 05bc 02       		.uleb128 0x2
 1238 05bd 91       		.byte	0x91
 1239 05be 75       		.sleb128 -11
 1240 05bf 00       		.byte	0
 1241 05c0 00       		.byte	0
 1242 05c1 18       		.uleb128 0x18
 1243 05c2 81000000 		.4byte	0x81
 1244 05c6 D1050000 		.4byte	0x5d1
 1245 05ca 19       		.uleb128 0x19
 1246 05cb F4000000 		.4byte	0xf4
 1247 05cf 03       		.byte	0x3
 1248 05d0 00       		.byte	0
 1249 05d1 15       		.uleb128 0x15
 1250 05d2 EF010000 		.4byte	.LASF156
 1251 05d6 01       		.byte	0x1
 1252 05d7 97       		.byte	0x97
 1253 05d8 00000000 		.4byte	.LFB40
 1254 05dc 4E000000 		.4byte	.LFE40-.LFB40
 1255 05e0 01       		.uleb128 0x1
 1256 05e1 9C       		.byte	0x9c
 1257 05e2 01060000 		.4byte	0x601
 1258 05e6 16       		.uleb128 0x16
ARM GAS  C:\Users\megan\AppData\Local\Temp\ccb2Qh2B.s 			page 26


 1259 05e7 6E00     		.ascii	"n\000"
 1260 05e9 01       		.byte	0x1
 1261 05ea 97       		.byte	0x97
 1262 05eb 81000000 		.4byte	0x81
 1263 05ef 02       		.uleb128 0x2
 1264 05f0 91       		.byte	0x91
 1265 05f1 6F       		.sleb128 -17
 1266 05f2 14       		.uleb128 0x14
 1267 05f3 390B0000 		.4byte	.LASF157
 1268 05f7 01       		.byte	0x1
 1269 05f8 99       		.byte	0x99
 1270 05f9 BB000000 		.4byte	0xbb
 1271 05fd 02       		.uleb128 0x2
 1272 05fe 91       		.byte	0x91
 1273 05ff 74       		.sleb128 -12
 1274 0600 00       		.byte	0
 1275 0601 1A       		.uleb128 0x1a
 1276 0602 23080000 		.4byte	.LASF158
 1277 0606 07       		.byte	0x7
 1278 0607 A90A     		.2byte	0xaa9
 1279 0609 7B040000 		.4byte	0x47b
 1280 060d 1A       		.uleb128 0x1a
 1281 060e C2090000 		.4byte	.LASF159
 1282 0612 07       		.byte	0x7
 1283 0613 AA0A     		.2byte	0xaaa
 1284 0615 D6030000 		.4byte	0x3d6
 1285 0619 00       		.byte	0
 1286              		.section	.debug_abbrev,"",%progbits
 1287              	.Ldebug_abbrev0:
 1288 0000 01       		.uleb128 0x1
 1289 0001 11       		.uleb128 0x11
 1290 0002 01       		.byte	0x1
 1291 0003 25       		.uleb128 0x25
 1292 0004 0E       		.uleb128 0xe
 1293 0005 13       		.uleb128 0x13
 1294 0006 0B       		.uleb128 0xb
 1295 0007 03       		.uleb128 0x3
 1296 0008 0E       		.uleb128 0xe
 1297 0009 1B       		.uleb128 0x1b
 1298 000a 0E       		.uleb128 0xe
 1299 000b 55       		.uleb128 0x55
 1300 000c 17       		.uleb128 0x17
 1301 000d 11       		.uleb128 0x11
 1302 000e 01       		.uleb128 0x1
 1303 000f 10       		.uleb128 0x10
 1304 0010 17       		.uleb128 0x17
 1305 0011 00       		.byte	0
 1306 0012 00       		.byte	0
 1307 0013 02       		.uleb128 0x2
 1308 0014 24       		.uleb128 0x24
 1309 0015 00       		.byte	0
 1310 0016 0B       		.uleb128 0xb
 1311 0017 0B       		.uleb128 0xb
 1312 0018 3E       		.uleb128 0x3e
 1313 0019 0B       		.uleb128 0xb
 1314 001a 03       		.uleb128 0x3
 1315 001b 0E       		.uleb128 0xe
ARM GAS  C:\Users\megan\AppData\Local\Temp\ccb2Qh2B.s 			page 27


 1316 001c 00       		.byte	0
 1317 001d 00       		.byte	0
 1318 001e 03       		.uleb128 0x3
 1319 001f 16       		.uleb128 0x16
 1320 0020 00       		.byte	0
 1321 0021 03       		.uleb128 0x3
 1322 0022 0E       		.uleb128 0xe
 1323 0023 3A       		.uleb128 0x3a
 1324 0024 0B       		.uleb128 0xb
 1325 0025 3B       		.uleb128 0x3b
 1326 0026 0B       		.uleb128 0xb
 1327 0027 49       		.uleb128 0x49
 1328 0028 13       		.uleb128 0x13
 1329 0029 00       		.byte	0
 1330 002a 00       		.byte	0
 1331 002b 04       		.uleb128 0x4
 1332 002c 24       		.uleb128 0x24
 1333 002d 00       		.byte	0
 1334 002e 0B       		.uleb128 0xb
 1335 002f 0B       		.uleb128 0xb
 1336 0030 3E       		.uleb128 0x3e
 1337 0031 0B       		.uleb128 0xb
 1338 0032 03       		.uleb128 0x3
 1339 0033 08       		.uleb128 0x8
 1340 0034 00       		.byte	0
 1341 0035 00       		.byte	0
 1342 0036 05       		.uleb128 0x5
 1343 0037 16       		.uleb128 0x16
 1344 0038 00       		.byte	0
 1345 0039 03       		.uleb128 0x3
 1346 003a 0E       		.uleb128 0xe
 1347 003b 3A       		.uleb128 0x3a
 1348 003c 0B       		.uleb128 0xb
 1349 003d 3B       		.uleb128 0x3b
 1350 003e 05       		.uleb128 0x5
 1351 003f 49       		.uleb128 0x49
 1352 0040 13       		.uleb128 0x13
 1353 0041 00       		.byte	0
 1354 0042 00       		.byte	0
 1355 0043 06       		.uleb128 0x6
 1356 0044 35       		.uleb128 0x35
 1357 0045 00       		.byte	0
 1358 0046 49       		.uleb128 0x49
 1359 0047 13       		.uleb128 0x13
 1360 0048 00       		.byte	0
 1361 0049 00       		.byte	0
 1362 004a 07       		.uleb128 0x7
 1363 004b 0F       		.uleb128 0xf
 1364 004c 00       		.byte	0
 1365 004d 0B       		.uleb128 0xb
 1366 004e 0B       		.uleb128 0xb
 1367 004f 00       		.byte	0
 1368 0050 00       		.byte	0
 1369 0051 08       		.uleb128 0x8
 1370 0052 04       		.uleb128 0x4
 1371 0053 01       		.byte	0x1
 1372 0054 0B       		.uleb128 0xb
ARM GAS  C:\Users\megan\AppData\Local\Temp\ccb2Qh2B.s 			page 28


 1373 0055 0B       		.uleb128 0xb
 1374 0056 49       		.uleb128 0x49
 1375 0057 13       		.uleb128 0x13
 1376 0058 3A       		.uleb128 0x3a
 1377 0059 0B       		.uleb128 0xb
 1378 005a 3B       		.uleb128 0x3b
 1379 005b 05       		.uleb128 0x5
 1380 005c 01       		.uleb128 0x1
 1381 005d 13       		.uleb128 0x13
 1382 005e 00       		.byte	0
 1383 005f 00       		.byte	0
 1384 0060 09       		.uleb128 0x9
 1385 0061 28       		.uleb128 0x28
 1386 0062 00       		.byte	0
 1387 0063 03       		.uleb128 0x3
 1388 0064 0E       		.uleb128 0xe
 1389 0065 1C       		.uleb128 0x1c
 1390 0066 0B       		.uleb128 0xb
 1391 0067 00       		.byte	0
 1392 0068 00       		.byte	0
 1393 0069 0A       		.uleb128 0xa
 1394 006a 28       		.uleb128 0x28
 1395 006b 00       		.byte	0
 1396 006c 03       		.uleb128 0x3
 1397 006d 0E       		.uleb128 0xe
 1398 006e 1C       		.uleb128 0x1c
 1399 006f 05       		.uleb128 0x5
 1400 0070 00       		.byte	0
 1401 0071 00       		.byte	0
 1402 0072 0B       		.uleb128 0xb
 1403 0073 0F       		.uleb128 0xf
 1404 0074 00       		.byte	0
 1405 0075 0B       		.uleb128 0xb
 1406 0076 0B       		.uleb128 0xb
 1407 0077 49       		.uleb128 0x49
 1408 0078 13       		.uleb128 0x13
 1409 0079 00       		.byte	0
 1410 007a 00       		.byte	0
 1411 007b 0C       		.uleb128 0xc
 1412 007c 13       		.uleb128 0x13
 1413 007d 01       		.byte	0x1
 1414 007e 0B       		.uleb128 0xb
 1415 007f 0B       		.uleb128 0xb
 1416 0080 3A       		.uleb128 0x3a
 1417 0081 0B       		.uleb128 0xb
 1418 0082 3B       		.uleb128 0x3b
 1419 0083 05       		.uleb128 0x5
 1420 0084 01       		.uleb128 0x1
 1421 0085 13       		.uleb128 0x13
 1422 0086 00       		.byte	0
 1423 0087 00       		.byte	0
 1424 0088 0D       		.uleb128 0xd
 1425 0089 0D       		.uleb128 0xd
 1426 008a 00       		.byte	0
 1427 008b 03       		.uleb128 0x3
 1428 008c 0E       		.uleb128 0xe
 1429 008d 3A       		.uleb128 0x3a
ARM GAS  C:\Users\megan\AppData\Local\Temp\ccb2Qh2B.s 			page 29


 1430 008e 0B       		.uleb128 0xb
 1431 008f 3B       		.uleb128 0x3b
 1432 0090 05       		.uleb128 0x5
 1433 0091 49       		.uleb128 0x49
 1434 0092 13       		.uleb128 0x13
 1435 0093 38       		.uleb128 0x38
 1436 0094 0B       		.uleb128 0xb
 1437 0095 00       		.byte	0
 1438 0096 00       		.byte	0
 1439 0097 0E       		.uleb128 0xe
 1440 0098 0D       		.uleb128 0xd
 1441 0099 00       		.byte	0
 1442 009a 03       		.uleb128 0x3
 1443 009b 08       		.uleb128 0x8
 1444 009c 3A       		.uleb128 0x3a
 1445 009d 0B       		.uleb128 0xb
 1446 009e 3B       		.uleb128 0x3b
 1447 009f 05       		.uleb128 0x5
 1448 00a0 49       		.uleb128 0x49
 1449 00a1 13       		.uleb128 0x13
 1450 00a2 38       		.uleb128 0x38
 1451 00a3 0B       		.uleb128 0xb
 1452 00a4 00       		.byte	0
 1453 00a5 00       		.byte	0
 1454 00a6 0F       		.uleb128 0xf
 1455 00a7 2E       		.uleb128 0x2e
 1456 00a8 01       		.byte	0x1
 1457 00a9 3F       		.uleb128 0x3f
 1458 00aa 19       		.uleb128 0x19
 1459 00ab 03       		.uleb128 0x3
 1460 00ac 0E       		.uleb128 0xe
 1461 00ad 3A       		.uleb128 0x3a
 1462 00ae 0B       		.uleb128 0xb
 1463 00af 3B       		.uleb128 0x3b
 1464 00b0 0B       		.uleb128 0xb
 1465 00b1 49       		.uleb128 0x49
 1466 00b2 13       		.uleb128 0x13
 1467 00b3 11       		.uleb128 0x11
 1468 00b4 01       		.uleb128 0x1
 1469 00b5 12       		.uleb128 0x12
 1470 00b6 06       		.uleb128 0x6
 1471 00b7 40       		.uleb128 0x40
 1472 00b8 18       		.uleb128 0x18
 1473 00b9 9642     		.uleb128 0x2116
 1474 00bb 19       		.uleb128 0x19
 1475 00bc 01       		.uleb128 0x1
 1476 00bd 13       		.uleb128 0x13
 1477 00be 00       		.byte	0
 1478 00bf 00       		.byte	0
 1479 00c0 10       		.uleb128 0x10
 1480 00c1 34       		.uleb128 0x34
 1481 00c2 00       		.byte	0
 1482 00c3 03       		.uleb128 0x3
 1483 00c4 08       		.uleb128 0x8
 1484 00c5 3A       		.uleb128 0x3a
 1485 00c6 0B       		.uleb128 0xb
 1486 00c7 3B       		.uleb128 0x3b
ARM GAS  C:\Users\megan\AppData\Local\Temp\ccb2Qh2B.s 			page 30


 1487 00c8 0B       		.uleb128 0xb
 1488 00c9 49       		.uleb128 0x49
 1489 00ca 13       		.uleb128 0x13
 1490 00cb 02       		.uleb128 0x2
 1491 00cc 18       		.uleb128 0x18
 1492 00cd 00       		.byte	0
 1493 00ce 00       		.byte	0
 1494 00cf 11       		.uleb128 0x11
 1495 00d0 2E       		.uleb128 0x2e
 1496 00d1 01       		.byte	0x1
 1497 00d2 3F       		.uleb128 0x3f
 1498 00d3 19       		.uleb128 0x19
 1499 00d4 03       		.uleb128 0x3
 1500 00d5 0E       		.uleb128 0xe
 1501 00d6 3A       		.uleb128 0x3a
 1502 00d7 0B       		.uleb128 0xb
 1503 00d8 3B       		.uleb128 0x3b
 1504 00d9 0B       		.uleb128 0xb
 1505 00da 27       		.uleb128 0x27
 1506 00db 19       		.uleb128 0x19
 1507 00dc 11       		.uleb128 0x11
 1508 00dd 01       		.uleb128 0x1
 1509 00de 12       		.uleb128 0x12
 1510 00df 06       		.uleb128 0x6
 1511 00e0 40       		.uleb128 0x40
 1512 00e1 18       		.uleb128 0x18
 1513 00e2 9742     		.uleb128 0x2117
 1514 00e4 19       		.uleb128 0x19
 1515 00e5 01       		.uleb128 0x1
 1516 00e6 13       		.uleb128 0x13
 1517 00e7 00       		.byte	0
 1518 00e8 00       		.byte	0
 1519 00e9 12       		.uleb128 0x12
 1520 00ea 05       		.uleb128 0x5
 1521 00eb 00       		.byte	0
 1522 00ec 03       		.uleb128 0x3
 1523 00ed 0E       		.uleb128 0xe
 1524 00ee 3A       		.uleb128 0x3a
 1525 00ef 0B       		.uleb128 0xb
 1526 00f0 3B       		.uleb128 0x3b
 1527 00f1 0B       		.uleb128 0xb
 1528 00f2 49       		.uleb128 0x49
 1529 00f3 13       		.uleb128 0x13
 1530 00f4 02       		.uleb128 0x2
 1531 00f5 18       		.uleb128 0x18
 1532 00f6 00       		.byte	0
 1533 00f7 00       		.byte	0
 1534 00f8 13       		.uleb128 0x13
 1535 00f9 2E       		.uleb128 0x2e
 1536 00fa 01       		.byte	0x1
 1537 00fb 3F       		.uleb128 0x3f
 1538 00fc 19       		.uleb128 0x19
 1539 00fd 03       		.uleb128 0x3
 1540 00fe 0E       		.uleb128 0xe
 1541 00ff 3A       		.uleb128 0x3a
 1542 0100 0B       		.uleb128 0xb
 1543 0101 3B       		.uleb128 0x3b
ARM GAS  C:\Users\megan\AppData\Local\Temp\ccb2Qh2B.s 			page 31


 1544 0102 0B       		.uleb128 0xb
 1545 0103 11       		.uleb128 0x11
 1546 0104 01       		.uleb128 0x1
 1547 0105 12       		.uleb128 0x12
 1548 0106 06       		.uleb128 0x6
 1549 0107 40       		.uleb128 0x40
 1550 0108 18       		.uleb128 0x18
 1551 0109 9642     		.uleb128 0x2116
 1552 010b 19       		.uleb128 0x19
 1553 010c 01       		.uleb128 0x1
 1554 010d 13       		.uleb128 0x13
 1555 010e 00       		.byte	0
 1556 010f 00       		.byte	0
 1557 0110 14       		.uleb128 0x14
 1558 0111 34       		.uleb128 0x34
 1559 0112 00       		.byte	0
 1560 0113 03       		.uleb128 0x3
 1561 0114 0E       		.uleb128 0xe
 1562 0115 3A       		.uleb128 0x3a
 1563 0116 0B       		.uleb128 0xb
 1564 0117 3B       		.uleb128 0x3b
 1565 0118 0B       		.uleb128 0xb
 1566 0119 49       		.uleb128 0x49
 1567 011a 13       		.uleb128 0x13
 1568 011b 02       		.uleb128 0x2
 1569 011c 18       		.uleb128 0x18
 1570 011d 00       		.byte	0
 1571 011e 00       		.byte	0
 1572 011f 15       		.uleb128 0x15
 1573 0120 2E       		.uleb128 0x2e
 1574 0121 01       		.byte	0x1
 1575 0122 3F       		.uleb128 0x3f
 1576 0123 19       		.uleb128 0x19
 1577 0124 03       		.uleb128 0x3
 1578 0125 0E       		.uleb128 0xe
 1579 0126 3A       		.uleb128 0x3a
 1580 0127 0B       		.uleb128 0xb
 1581 0128 3B       		.uleb128 0x3b
 1582 0129 0B       		.uleb128 0xb
 1583 012a 27       		.uleb128 0x27
 1584 012b 19       		.uleb128 0x19
 1585 012c 11       		.uleb128 0x11
 1586 012d 01       		.uleb128 0x1
 1587 012e 12       		.uleb128 0x12
 1588 012f 06       		.uleb128 0x6
 1589 0130 40       		.uleb128 0x40
 1590 0131 18       		.uleb128 0x18
 1591 0132 9642     		.uleb128 0x2116
 1592 0134 19       		.uleb128 0x19
 1593 0135 01       		.uleb128 0x1
 1594 0136 13       		.uleb128 0x13
 1595 0137 00       		.byte	0
 1596 0138 00       		.byte	0
 1597 0139 16       		.uleb128 0x16
 1598 013a 05       		.uleb128 0x5
 1599 013b 00       		.byte	0
 1600 013c 03       		.uleb128 0x3
ARM GAS  C:\Users\megan\AppData\Local\Temp\ccb2Qh2B.s 			page 32


 1601 013d 08       		.uleb128 0x8
 1602 013e 3A       		.uleb128 0x3a
 1603 013f 0B       		.uleb128 0xb
 1604 0140 3B       		.uleb128 0x3b
 1605 0141 0B       		.uleb128 0xb
 1606 0142 49       		.uleb128 0x49
 1607 0143 13       		.uleb128 0x13
 1608 0144 02       		.uleb128 0x2
 1609 0145 18       		.uleb128 0x18
 1610 0146 00       		.byte	0
 1611 0147 00       		.byte	0
 1612 0148 17       		.uleb128 0x17
 1613 0149 0B       		.uleb128 0xb
 1614 014a 01       		.byte	0x1
 1615 014b 11       		.uleb128 0x11
 1616 014c 01       		.uleb128 0x1
 1617 014d 12       		.uleb128 0x12
 1618 014e 06       		.uleb128 0x6
 1619 014f 00       		.byte	0
 1620 0150 00       		.byte	0
 1621 0151 18       		.uleb128 0x18
 1622 0152 01       		.uleb128 0x1
 1623 0153 01       		.byte	0x1
 1624 0154 49       		.uleb128 0x49
 1625 0155 13       		.uleb128 0x13
 1626 0156 01       		.uleb128 0x1
 1627 0157 13       		.uleb128 0x13
 1628 0158 00       		.byte	0
 1629 0159 00       		.byte	0
 1630 015a 19       		.uleb128 0x19
 1631 015b 21       		.uleb128 0x21
 1632 015c 00       		.byte	0
 1633 015d 49       		.uleb128 0x49
 1634 015e 13       		.uleb128 0x13
 1635 015f 2F       		.uleb128 0x2f
 1636 0160 0B       		.uleb128 0xb
 1637 0161 00       		.byte	0
 1638 0162 00       		.byte	0
 1639 0163 1A       		.uleb128 0x1a
 1640 0164 34       		.uleb128 0x34
 1641 0165 00       		.byte	0
 1642 0166 03       		.uleb128 0x3
 1643 0167 0E       		.uleb128 0xe
 1644 0168 3A       		.uleb128 0x3a
 1645 0169 0B       		.uleb128 0xb
 1646 016a 3B       		.uleb128 0x3b
 1647 016b 05       		.uleb128 0x5
 1648 016c 49       		.uleb128 0x49
 1649 016d 13       		.uleb128 0x13
 1650 016e 3F       		.uleb128 0x3f
 1651 016f 19       		.uleb128 0x19
 1652 0170 3C       		.uleb128 0x3c
 1653 0171 19       		.uleb128 0x19
 1654 0172 00       		.byte	0
 1655 0173 00       		.byte	0
 1656 0174 00       		.byte	0
 1657              		.section	.debug_aranges,"",%progbits
ARM GAS  C:\Users\megan\AppData\Local\Temp\ccb2Qh2B.s 			page 33


 1658 0000 44000000 		.4byte	0x44
 1659 0004 0200     		.2byte	0x2
 1660 0006 00000000 		.4byte	.Ldebug_info0
 1661 000a 04       		.byte	0x4
 1662 000b 00       		.byte	0
 1663 000c 0000     		.2byte	0
 1664 000e 0000     		.2byte	0
 1665 0010 00000000 		.4byte	.LFB35
 1666 0014 50000000 		.4byte	.LFE35-.LFB35
 1667 0018 00000000 		.4byte	.LFB36
 1668 001c 40000000 		.4byte	.LFE36-.LFB36
 1669 0020 00000000 		.4byte	.LFB37
 1670 0024 50000000 		.4byte	.LFE37-.LFB37
 1671 0028 00000000 		.4byte	.LFB38
 1672 002c 48000000 		.4byte	.LFE38-.LFB38
 1673 0030 00000000 		.4byte	.LFB39
 1674 0034 D4000000 		.4byte	.LFE39-.LFB39
 1675 0038 00000000 		.4byte	.LFB40
 1676 003c 4E000000 		.4byte	.LFE40-.LFB40
 1677 0040 00000000 		.4byte	0
 1678 0044 00000000 		.4byte	0
 1679              		.section	.debug_ranges,"",%progbits
 1680              	.Ldebug_ranges0:
 1681 0000 00000000 		.4byte	.LFB35
 1682 0004 50000000 		.4byte	.LFE35
 1683 0008 00000000 		.4byte	.LFB36
 1684 000c 40000000 		.4byte	.LFE36
 1685 0010 00000000 		.4byte	.LFB37
 1686 0014 50000000 		.4byte	.LFE37
 1687 0018 00000000 		.4byte	.LFB38
 1688 001c 48000000 		.4byte	.LFE38
 1689 0020 00000000 		.4byte	.LFB39
 1690 0024 D4000000 		.4byte	.LFE39
 1691 0028 00000000 		.4byte	.LFB40
 1692 002c 4E000000 		.4byte	.LFE40
 1693 0030 00000000 		.4byte	0
 1694 0034 00000000 		.4byte	0
 1695              		.section	.debug_line,"",%progbits
 1696              	.Ldebug_line0:
 1697 0000 40020000 		.section	.debug_str,"MS",%progbits,1
 1697      02007C01 
 1697      00000201 
 1697      FB0E0D00 
 1697      01010101 
 1698              	.LASF87:
 1699 0000 4359424C 		.ascii	"CYBLE_EVT_L2CAP_CBFC_RX_CREDIT_IND\000"
 1699      455F4556 
 1699      545F4C32 
 1699      4341505F 
 1699      43424643 
 1700              	.LASF28:
 1701 0023 4359424C 		.ascii	"CYBLE_EVT_STACK_BUSY_STATUS\000"
 1701      455F4556 
 1701      545F5354 
 1701      41434B5F 
 1701      42555359 
 1702              	.LASF138:
ARM GAS  C:\Users\megan\AppData\Local\Temp\ccb2Qh2B.s 			page 34


 1703 003f 4359424C 		.ascii	"CYBLE_STATE_STOPPED\000"
 1703      455F5354 
 1703      4154455F 
 1703      53544F50 
 1703      50454400 
 1704              	.LASF86:
 1705 0053 4359424C 		.ascii	"CYBLE_EVT_L2CAP_CBFC_DATA_READ\000"
 1705      455F4556 
 1705      545F4C32 
 1705      4341505F 
 1705      43424643 
 1706              	.LASF132:
 1707 0072 4359424C 		.ascii	"CYBLE_CONN_HANDLE_T\000"
 1707      455F434F 
 1707      4E4E5F48 
 1707      414E444C 
 1707      455F5400 
 1708              	.LASF98:
 1709 0086 4359424C 		.ascii	"CYBLE_ERROR_MEMORY_ALLOCATION_FAILED\000"
 1709      455F4552 
 1709      524F525F 
 1709      4D454D4F 
 1709      52595F41 
 1710              	.LASF40:
 1711 00ab 4359424C 		.ascii	"CYBLE_EVT_GAP_CONNECTION_UPDATE_COMPLETE\000"
 1711      455F4556 
 1711      545F4741 
 1711      505F434F 
 1711      4E4E4543 
 1712              	.LASF85:
 1713 00d4 4359424C 		.ascii	"CYBLE_EVT_L2CAP_CBFC_DISCONN_CNF\000"
 1713      455F4556 
 1713      545F4C32 
 1713      4341505F 
 1713      43424643 
 1714              	.LASF119:
 1715 00f5 4359424C 		.ascii	"CYBLE_ERROR_UNSUPPORTED_FEATURE_OR_PARAMETER_VALUE\000"
 1715      455F4552 
 1715      524F525F 
 1715      554E5355 
 1715      50504F52 
 1716              	.LASF41:
 1717 0128 4359424C 		.ascii	"CYBLE_EVT_GAPC_SCAN_START_STOP\000"
 1717      455F4556 
 1717      545F4741 
 1717      50435F53 
 1717      43414E5F 
 1718              	.LASF45:
 1719 0147 4359424C 		.ascii	"CYBLE_EVT_GAP_OOB_GENERATED_NOTIFICATION\000"
 1719      455F4556 
 1719      545F4741 
 1719      505F4F4F 
 1719      425F4745 
 1720              	.LASF65:
 1721 0170 4359424C 		.ascii	"CYBLE_EVT_GATTC_READ_MULTI_RSP\000"
 1721      455F4556 
 1721      545F4741 
ARM GAS  C:\Users\megan\AppData\Local\Temp\ccb2Qh2B.s 			page 35


 1721      5454435F 
 1721      52454144 
 1722              	.LASF3:
 1723 018f 5F5F7569 		.ascii	"__uint8_t\000"
 1723      6E74385F 
 1723      7400
 1724              	.LASF82:
 1725 0199 4359424C 		.ascii	"CYBLE_EVT_L2CAP_CBFC_CONN_IND\000"
 1725      455F4556 
 1725      545F4C32 
 1725      4341505F 
 1725      43424643 
 1726              	.LASF25:
 1727 01b7 4359424C 		.ascii	"CYBLE_EVT_TIMEOUT\000"
 1727      455F4556 
 1727      545F5449 
 1727      4D454F55 
 1727      5400
 1728              	.LASF6:
 1729 01c9 6C6F6E67 		.ascii	"long int\000"
 1729      20696E74 
 1729      00
 1730              	.LASF118:
 1731 01d2 4359424C 		.ascii	"CYBLE_ERROR_HARDWARE_FAILURE\000"
 1731      455F4552 
 1731      524F525F 
 1731      48415244 
 1731      57415245 
 1732              	.LASF156:
 1733 01ef 55706461 		.ascii	"UpdateTemp\000"
 1733      74655465 
 1733      6D7000
 1734              	.LASF134:
 1735 01fa 4359424C 		.ascii	"CYBLE_GATT_VALUE_T\000"
 1735      455F4741 
 1735      54545F56 
 1735      414C5545 
 1735      5F5400
 1736              	.LASF27:
 1737 020d 4359424C 		.ascii	"CYBLE_EVT_HCI_STATUS\000"
 1737      455F4556 
 1737      545F4843 
 1737      495F5354 
 1737      41545553 
 1738              	.LASF90:
 1739 0222 4359424C 		.ascii	"CYBLE_EVT_PENDING_FLASH_WRITE\000"
 1739      455F4556 
 1739      545F5045 
 1739      4E44494E 
 1739      475F464C 
 1740              	.LASF146:
 1741 0240 6576656E 		.ascii	"eventCode\000"
 1741      74436F64 
 1741      6500
 1742              	.LASF107:
 1743 024a 4359424C 		.ascii	"CYBLE_ERROR_SEC_FAILED\000"
 1743      455F4552 
ARM GAS  C:\Users\megan\AppData\Local\Temp\ccb2Qh2B.s 			page 36


 1743      524F525F 
 1743      5345435F 
 1743      4641494C 
 1744              	.LASF39:
 1745 0261 4359424C 		.ascii	"CYBLE_EVT_GAP_ENCRYPT_CHANGE\000"
 1745      455F4556 
 1745      545F4741 
 1745      505F454E 
 1745      43525950 
 1746              	.LASF43:
 1747 027e 4359424C 		.ascii	"CYBLE_EVT_GAP_NUMERIC_COMPARISON_REQUEST\000"
 1747      455F4556 
 1747      545F4741 
 1747      505F4E55 
 1747      4D455249 
 1748              	.LASF141:
 1749 02a7 4359424C 		.ascii	"CYBLE_STATE_ADVERTISING\000"
 1749      455F5354 
 1749      4154455F 
 1749      41445645 
 1749      52544953 
 1750              	.LASF8:
 1751 02bf 6C6F6E67 		.ascii	"long long int\000"
 1751      206C6F6E 
 1751      6720696E 
 1751      7400
 1752              	.LASF0:
 1753 02cd 7369676E 		.ascii	"signed char\000"
 1753      65642063 
 1753      68617200 
 1754              	.LASF24:
 1755 02d9 4359424C 		.ascii	"CYBLE_EVT_STACK_ON\000"
 1755      455F4556 
 1755      545F5354 
 1755      41434B5F 
 1755      4F4E00
 1756              	.LASF129:
 1757 02ec 4359424C 		.ascii	"CYBLE_GATT_DB_ATTR_HANDLE_T\000"
 1757      455F4741 
 1757      54545F44 
 1757      425F4154 
 1757      54525F48 
 1758              	.LASF115:
 1759 0308 4359424C 		.ascii	"CYBLE_ERROR_DEVICE_ALREADY_EXISTS\000"
 1759      455F4552 
 1759      524F525F 
 1759      44455649 
 1759      43455F41 
 1760              	.LASF102:
 1761 032a 4359424C 		.ascii	"CYBLE_ERROR_NO_DEVICE_ENTITY\000"
 1761      455F4552 
 1761      524F525F 
 1761      4E4F5F44 
 1761      45564943 
 1762              	.LASF133:
 1763 0347 61637475 		.ascii	"actualLen\000"
 1763      616C4C65 
ARM GAS  C:\Users\megan\AppData\Local\Temp\ccb2Qh2B.s 			page 37


 1763      6E00
 1764              	.LASF31:
 1765 0351 4359424C 		.ascii	"CYBLE_EVT_GAP_AUTH_REQ\000"
 1765      455F4556 
 1765      545F4741 
 1765      505F4155 
 1765      54485F52 
 1766              	.LASF152:
 1767 0368 424C4555 		.ascii	"BLEUpdateDBTemp\000"
 1767      70646174 
 1767      65444254 
 1767      656D7000 
 1768              	.LASF63:
 1769 0378 4359424C 		.ascii	"CYBLE_EVT_GATTC_READ_RSP\000"
 1769      455F4556 
 1769      545F4741 
 1769      5454435F 
 1769      52454144 
 1770              	.LASF126:
 1771 0391 4359424C 		.ascii	"CYBLE_ERROR_INVALID_STATE\000"
 1771      455F4552 
 1771      524F525F 
 1771      494E5641 
 1771      4C49445F 
 1772              	.LASF68:
 1773 03ab 4359424C 		.ascii	"CYBLE_EVT_GATTS_WRITE_CMD_REQ\000"
 1773      455F4556 
 1773      545F4741 
 1773      5454535F 
 1773      57524954 
 1774              	.LASF142:
 1775 03c9 4359424C 		.ascii	"CYBLE_STATE_DISCONNECTED\000"
 1775      455F5354 
 1775      4154455F 
 1775      44495343 
 1775      4F4E4E45 
 1776              	.LASF36:
 1777 03e2 4359424C 		.ascii	"CYBLE_EVT_GAPP_ADVERTISEMENT_START_STOP\000"
 1777      455F4556 
 1777      545F4741 
 1777      50505F41 
 1777      44564552 
 1778              	.LASF113:
 1779 040a 4359424C 		.ascii	"CYBLE_ERROR_L2CAP_PSM_NOT_IN_RANGE\000"
 1779      455F4552 
 1779      524F525F 
 1779      4C324341 
 1779      505F5053 
 1780              	.LASF13:
 1781 042d 75696E74 		.ascii	"uint8\000"
 1781      3800
 1782              	.LASF71:
 1783 0433 4359424C 		.ascii	"CYBLE_EVT_GATTC_EXEC_WRITE_RSP\000"
 1783      455F4556 
 1783      545F4741 
 1783      5454435F 
 1783      45584543 
ARM GAS  C:\Users\megan\AppData\Local\Temp\ccb2Qh2B.s 			page 38


 1784              	.LASF18:
 1785 0452 646F7562 		.ascii	"double\000"
 1785      6C6500
 1786              	.LASF84:
 1787 0459 4359424C 		.ascii	"CYBLE_EVT_L2CAP_CBFC_DISCONN_IND\000"
 1787      455F4556 
 1787      545F4C32 
 1787      4341505F 
 1787      43424643 
 1788              	.LASF96:
 1789 047a 4359424C 		.ascii	"CYBLE_ERROR_INVALID_PARAMETER\000"
 1789      455F4552 
 1789      524F525F 
 1789      494E5641 
 1789      4C49445F 
 1790              	.LASF153:
 1791 0498 74656D70 		.ascii	"temperature\000"
 1791      65726174 
 1791      75726500 
 1792              	.LASF15:
 1793 04a4 75696E74 		.ascii	"uint32\000"
 1793      333200
 1794              	.LASF155:
 1795 04ab 62797465 		.ascii	"bytes\000"
 1795      7300
 1796              	.LASF94:
 1797 04b1 4359424C 		.ascii	"CYBLE_EVT_MAX\000"
 1797      455F4556 
 1797      545F4D41 
 1797      5800
 1798              	.LASF95:
 1799 04bf 4359424C 		.ascii	"CYBLE_ERROR_OK\000"
 1799      455F4552 
 1799      524F525F 
 1799      4F4B00
 1800              	.LASF54:
 1801 04ce 4359424C 		.ascii	"CYBLE_EVT_GATTC_ERROR_RSP\000"
 1801      455F4556 
 1801      545F4741 
 1801      5454435F 
 1801      4552524F 
 1802              	.LASF79:
 1803 04e8 4359424C 		.ascii	"CYBLE_EVT_L2CAP_CONN_PARAM_UPDATE_REQ\000"
 1803      455F4556 
 1803      545F4C32 
 1803      4341505F 
 1803      434F4E4E 
 1804              	.LASF136:
 1805 050e 61747472 		.ascii	"attrHandle\000"
 1805      48616E64 
 1805      6C6500
 1806              	.LASF89:
 1807 0519 4359424C 		.ascii	"CYBLE_EVT_L2CAP_CBFC_DATA_WRITE_IND\000"
 1807      455F4556 
 1807      545F4C32 
 1807      4341505F 
 1807      43424643 
ARM GAS  C:\Users\megan\AppData\Local\Temp\ccb2Qh2B.s 			page 39


 1808              	.LASF162:
 1809 053d 433A5C55 		.ascii	"C:\\Users\\megan\\Google Drive\\College\\S11 - Spri"
 1809      73657273 
 1809      5C6D6567 
 1809      616E5C47 
 1809      6F6F676C 
 1810 056b 6E672032 		.ascii	"ng 2018\\ECEN 4990\\Github\\ECEN4990-CapstoneII\\Ca"
 1810      3031385C 
 1810      4543454E 
 1810      20343939 
 1810      305C4769 
 1811 059a 7073746F 		.ascii	"pstoneII\\PeripheralBLE.cydsn\000"
 1811      6E654949 
 1811      5C506572 
 1811      69706865 
 1811      72616C42 
 1812              	.LASF9:
 1813 05b7 6C6F6E67 		.ascii	"long long unsigned int\000"
 1813      206C6F6E 
 1813      6720756E 
 1813      7369676E 
 1813      65642069 
 1814              	.LASF135:
 1815 05ce 76616C75 		.ascii	"value\000"
 1815      6500
 1816              	.LASF76:
 1817 05d4 4359424C 		.ascii	"CYBLE_EVT_GATTC_STOP_CMD_COMPLETE\000"
 1817      455F4556 
 1817      545F4741 
 1817      5454435F 
 1817      53544F50 
 1818              	.LASF100:
 1819 05f6 4359424C 		.ascii	"CYBLE_ERROR_OOB_NOT_AVAILABLE\000"
 1819      455F4552 
 1819      524F525F 
 1819      4F4F425F 
 1819      4E4F545F 
 1820              	.LASF91:
 1821 0614 4359424C 		.ascii	"CYBLE_EVT_LE_PING_AUTH_TIMEOUT\000"
 1821      455F4556 
 1821      545F4C45 
 1821      5F50494E 
 1821      475F4155 
 1822              	.LASF12:
 1823 0633 75696E74 		.ascii	"uint16_t\000"
 1823      31365F74 
 1823      00
 1824              	.LASF109:
 1825 063c 4359424C 		.ascii	"CYBLE_ERROR_L2CAP_PSM_ALREADY_REGISTERED\000"
 1825      455F4552 
 1825      524F525F 
 1825      4C324341 
 1825      505F5053 
 1826              	.LASF7:
 1827 0665 6C6F6E67 		.ascii	"long unsigned int\000"
 1827      20756E73 
 1827      69676E65 
ARM GAS  C:\Users\megan\AppData\Local\Temp\ccb2Qh2B.s 			page 40


 1827      6420696E 
 1827      7400
 1828              	.LASF50:
 1829 0677 4359424C 		.ascii	"CYBLE_EVT_GAP_CONN_ESTB\000"
 1829      455F4556 
 1829      545F4741 
 1829      505F434F 
 1829      4E4E5F45 
 1830              	.LASF66:
 1831 068f 4359424C 		.ascii	"CYBLE_EVT_GATTS_WRITE_REQ\000"
 1831      455F4556 
 1831      545F4741 
 1831      5454535F 
 1831      57524954 
 1832              	.LASF58:
 1833 06a9 4359424C 		.ascii	"CYBLE_EVT_GATTC_XCHNG_MTU_RSP\000"
 1833      455F4556 
 1833      545F4741 
 1833      5454435F 
 1833      5843484E 
 1834              	.LASF75:
 1835 06c7 4359424C 		.ascii	"CYBLE_EVT_GATTS_DATA_SIGNED_CMD_REQ\000"
 1835      455F4556 
 1835      545F4741 
 1835      5454535F 
 1835      44415441 
 1836              	.LASF78:
 1837 06eb 4359424C 		.ascii	"CYBLE_EVT_GATTC_LONG_PROCEDURE_END\000"
 1837      455F4556 
 1837      545F4741 
 1837      5454435F 
 1837      4C4F4E47 
 1838              	.LASF112:
 1839 070e 4359424C 		.ascii	"CYBLE_ERROR_L2CAP_CHANNEL_NOT_FOUND\000"
 1839      455F4552 
 1839      524F525F 
 1839      4C324341 
 1839      505F4348 
 1840              	.LASF123:
 1841 0732 4359424C 		.ascii	"CYBLE_ERROR_NTF_DISABLED\000"
 1841      455F4552 
 1841      524F525F 
 1841      4E54465F 
 1841      44495341 
 1842              	.LASF23:
 1843 074b 4359424C 		.ascii	"CYBLE_EVT_HOST_INVALID\000"
 1843      455F4556 
 1843      545F484F 
 1843      53545F49 
 1843      4E56414C 
 1844              	.LASF61:
 1845 0762 4359424C 		.ascii	"CYBLE_EVT_GATTC_FIND_INFO_RSP\000"
 1845      455F4556 
 1845      545F4741 
 1845      5454435F 
 1845      46494E44 
 1846              	.LASF29:
ARM GAS  C:\Users\megan\AppData\Local\Temp\ccb2Qh2B.s 			page 41


 1847 0780 4359424C 		.ascii	"CYBLE_EVT_MEMORY_REQUEST\000"
 1847      455F4556 
 1847      545F4D45 
 1847      4D4F5259 
 1847      5F524551 
 1848              	.LASF70:
 1849 0799 4359424C 		.ascii	"CYBLE_EVT_GATTS_EXEC_WRITE_REQ\000"
 1849      455F4556 
 1849      545F4741 
 1849      5454535F 
 1849      45584543 
 1850              	.LASF32:
 1851 07b8 4359424C 		.ascii	"CYBLE_EVT_GAP_PASSKEY_ENTRY_REQUEST\000"
 1851      455F4556 
 1851      545F4741 
 1851      505F5041 
 1851      53534B45 
 1852              	.LASF37:
 1853 07dc 4359424C 		.ascii	"CYBLE_EVT_GAP_DEVICE_CONNECTED\000"
 1853      455F4556 
 1853      545F4741 
 1853      505F4445 
 1853      56494345 
 1854              	.LASF161:
 1855 07fb 6D61696E 		.ascii	"main.c\000"
 1855      2E6300
 1856              	.LASF52:
 1857 0802 4359424C 		.ascii	"CYBLE_EVT_GAP_AUTH_REQ_REPLY_ERR\000"
 1857      455F4556 
 1857      545F4741 
 1857      505F4155 
 1857      54485F52 
 1858              	.LASF158:
 1859 0823 6379426C 		.ascii	"cyBle_state\000"
 1859      655F7374 
 1859      61746500 
 1860              	.LASF160:
 1861 082f 474E5520 		.ascii	"GNU C11 5.4.1 20160609 (release) [ARM/embedded-5-br"
 1861      43313120 
 1861      352E342E 
 1861      31203230 
 1861      31363036 
 1862 0862 616E6368 		.ascii	"anch revision 237715] -mcpu=cortex-m0 -mthumb -g -O"
 1862      20726576 
 1862      6973696F 
 1862      6E203233 
 1862      37373135 
 1863 0895 30202D66 		.ascii	"0 -ffunction-sections -ffat-lto-objects\000"
 1863      66756E63 
 1863      74696F6E 
 1863      2D736563 
 1863      74696F6E 
 1864              	.LASF55:
 1865 08bd 4359424C 		.ascii	"CYBLE_EVT_GATT_CONNECT_IND\000"
 1865      455F4556 
 1865      545F4741 
 1865      54545F43 
ARM GAS  C:\Users\megan\AppData\Local\Temp\ccb2Qh2B.s 			page 42


 1865      4F4E4E45 
 1866              	.LASF81:
 1867 08d8 4359424C 		.ascii	"CYBLE_EVT_L2CAP_COMMAND_REJ\000"
 1867      455F4556 
 1867      545F4C32 
 1867      4341505F 
 1867      434F4D4D 
 1868              	.LASF20:
 1869 08f4 72656733 		.ascii	"reg32\000"
 1869      3200
 1870              	.LASF30:
 1871 08fa 4359424C 		.ascii	"CYBLE_EVT_GAPC_SCAN_PROGRESS_RESULT\000"
 1871      455F4556 
 1871      545F4741 
 1871      50435F53 
 1871      43414E5F 
 1872              	.LASF131:
 1873 091e 61747449 		.ascii	"attId\000"
 1873      6400
 1874              	.LASF151:
 1875 0924 424C4553 		.ascii	"BLEStayConnected\000"
 1875      74617943 
 1875      6F6E6E65 
 1875      63746564 
 1875      00
 1876              	.LASF122:
 1877 0935 4359424C 		.ascii	"CYBLE_ERROR_MAX\000"
 1877      455F4552 
 1877      524F525F 
 1877      4D415800 
 1878              	.LASF120:
 1879 0945 4359424C 		.ascii	"CYBLE_ERROR_FLASH_WRITE\000"
 1879      455F4552 
 1879      524F525F 
 1879      464C4153 
 1879      485F5752 
 1880              	.LASF60:
 1881 095d 4359424C 		.ascii	"CYBLE_EVT_GATTC_READ_BY_TYPE_RSP\000"
 1881      455F4556 
 1881      545F4741 
 1881      5454435F 
 1881      52454144 
 1882              	.LASF16:
 1883 097e 666C6F61 		.ascii	"float32\000"
 1883      74333200 
 1884              	.LASF22:
 1885 0986 73697A65 		.ascii	"sizetype\000"
 1885      74797065 
 1885      00
 1886              	.LASF139:
 1887 098f 4359424C 		.ascii	"CYBLE_STATE_INITIALIZING\000"
 1887      455F5354 
 1887      4154455F 
 1887      494E4954 
 1887      49414C49 
 1888              	.LASF35:
 1889 09a8 4359424C 		.ascii	"CYBLE_EVT_GAP_AUTH_FAILED\000"
ARM GAS  C:\Users\megan\AppData\Local\Temp\ccb2Qh2B.s 			page 43


 1889      455F4556 
 1889      545F4741 
 1889      505F4155 
 1889      54485F46 
 1890              	.LASF159:
 1891 09c2 6379426C 		.ascii	"cyBle_connHandle\000"
 1891      655F636F 
 1891      6E6E4861 
 1891      6E646C65 
 1891      00
 1892              	.LASF67:
 1893 09d3 4359424C 		.ascii	"CYBLE_EVT_GATTC_WRITE_RSP\000"
 1893      455F4556 
 1893      545F4741 
 1893      5454435F 
 1893      57524954 
 1894              	.LASF48:
 1895 09ed 4359424C 		.ascii	"CYBLE_EVT_GAPC_DIRECT_ADV_REPORT\000"
 1895      455F4556 
 1895      545F4741 
 1895      50435F44 
 1895      49524543 
 1896              	.LASF46:
 1897 0a0e 4359424C 		.ascii	"CYBLE_EVT_GAP_DATA_LENGTH_CHANGE\000"
 1897      455F4556 
 1897      545F4741 
 1897      505F4441 
 1897      54415F4C 
 1898              	.LASF51:
 1899 0a2f 4359424C 		.ascii	"CYBLE_EVT_GAP_SCAN_REQ_RECVD\000"
 1899      455F4556 
 1899      545F4741 
 1899      505F5343 
 1899      414E5F52 
 1900              	.LASF34:
 1901 0a4c 4359424C 		.ascii	"CYBLE_EVT_GAP_AUTH_COMPLETE\000"
 1901      455F4556 
 1901      545F4741 
 1901      505F4155 
 1901      54485F43 
 1902              	.LASF154:
 1903 0a68 68616E64 		.ascii	"handleValuePair\000"
 1903      6C655661 
 1903      6C756550 
 1903      61697200 
 1904              	.LASF148:
 1905 0a78 61706952 		.ascii	"apiResult\000"
 1905      6573756C 
 1905      7400
 1906              	.LASF128:
 1907 0a82 4359424C 		.ascii	"CYBLE_API_RESULT_T\000"
 1907      455F4150 
 1907      495F5245 
 1907      53554C54 
 1907      5F5400
 1908              	.LASF72:
 1909 0a95 4359424C 		.ascii	"CYBLE_EVT_GATTC_HANDLE_VALUE_NTF\000"
ARM GAS  C:\Users\megan\AppData\Local\Temp\ccb2Qh2B.s 			page 44


 1909      455F4556 
 1909      545F4741 
 1909      5454435F 
 1909      48414E44 
 1910              	.LASF124:
 1911 0ab6 4359424C 		.ascii	"CYBLE_ERROR_IND_DISABLED\000"
 1911      455F4552 
 1911      524F525F 
 1911      494E445F 
 1911      44495341 
 1912              	.LASF137:
 1913 0acf 4359424C 		.ascii	"CYBLE_GATT_HANDLE_VALUE_PAIR_T\000"
 1913      455F4741 
 1913      54545F48 
 1913      414E444C 
 1913      455F5641 
 1914              	.LASF83:
 1915 0aee 4359424C 		.ascii	"CYBLE_EVT_L2CAP_CBFC_CONN_CNF\000"
 1915      455F4556 
 1915      545F4C32 
 1915      4341505F 
 1915      43424643 
 1916              	.LASF59:
 1917 0b0c 4359424C 		.ascii	"CYBLE_EVT_GATTC_READ_BY_GROUP_TYPE_RSP\000"
 1917      455F4556 
 1917      545F4741 
 1917      5454435F 
 1917      52454144 
 1918              	.LASF17:
 1919 0b33 666C6F61 		.ascii	"float\000"
 1919      7400
 1920              	.LASF157:
 1921 0b39 666C7465 		.ascii	"fltemp\000"
 1921      6D7000
 1922              	.LASF105:
 1923 0b40 4359424C 		.ascii	"CYBLE_ERROR_TX_POWER_READ\000"
 1923      455F4552 
 1923      524F525F 
 1923      54585F50 
 1923      4F574552 
 1924              	.LASF125:
 1925 0b5a 4359424C 		.ascii	"CYBLE_ERROR_CHAR_IS_NOT_DISCOVERED\000"
 1925      455F4552 
 1925      524F525F 
 1925      43484152 
 1925      5F49535F 
 1926              	.LASF1:
 1927 0b7d 756E7369 		.ascii	"unsigned char\000"
 1927      676E6564 
 1927      20636861 
 1927      7200
 1928              	.LASF14:
 1929 0b8b 75696E74 		.ascii	"uint16\000"
 1929      313600
 1930              	.LASF44:
 1931 0b92 4359424C 		.ascii	"CYBLE_EVT_GAP_KEYPRESS_NOTIFICATION\000"
 1931      455F4556 
ARM GAS  C:\Users\megan\AppData\Local\Temp\ccb2Qh2B.s 			page 45


 1931      545F4741 
 1931      505F4B45 
 1931      59505245 
 1932              	.LASF2:
 1933 0bb6 73686F72 		.ascii	"short int\000"
 1933      7420696E 
 1933      7400
 1934              	.LASF73:
 1935 0bc0 4359424C 		.ascii	"CYBLE_EVT_GATTC_HANDLE_VALUE_IND\000"
 1935      455F4556 
 1935      545F4741 
 1935      5454435F 
 1935      48414E44 
 1936              	.LASF92:
 1937 0be1 4359424C 		.ascii	"CYBLE_EVT_HCI_PKT\000"
 1937      455F4556 
 1937      545F4843 
 1937      495F504B 
 1937      5400
 1938              	.LASF101:
 1939 0bf3 4359424C 		.ascii	"CYBLE_ERROR_NO_CONNECTION\000"
 1939      455F4552 
 1939      524F525F 
 1939      4E4F5F43 
 1939      4F4E4E45 
 1940              	.LASF69:
 1941 0c0d 4359424C 		.ascii	"CYBLE_EVT_GATTS_PREP_WRITE_REQ\000"
 1941      455F4556 
 1941      545F4741 
 1941      5454535F 
 1941      50524550 
 1942              	.LASF74:
 1943 0c2c 4359424C 		.ascii	"CYBLE_EVT_GATTS_HANDLE_VALUE_CNF\000"
 1943      455F4556 
 1943      545F4741 
 1943      5454535F 
 1943      48414E44 
 1944              	.LASF103:
 1945 0c4d 4359424C 		.ascii	"CYBLE_ERROR_REPEATED_ATTEMPTS\000"
 1945      455F4552 
 1945      524F525F 
 1945      52455045 
 1945      41544544 
 1946              	.LASF49:
 1947 0c6b 4359424C 		.ascii	"CYBLE_EVT_GAP_SMP_NEGOTIATED_AUTH_INFO\000"
 1947      455F4556 
 1947      545F4741 
 1947      505F534D 
 1947      505F4E45 
 1948              	.LASF127:
 1949 0c92 4359424C 		.ascii	"CYBLE_ERROR_STACK_BUSY\000"
 1949      455F4552 
 1949      524F525F 
 1949      53544143 
 1949      4B5F4255 
 1950              	.LASF21:
 1951 0ca9 6C6F6E67 		.ascii	"long double\000"
ARM GAS  C:\Users\megan\AppData\Local\Temp\ccb2Qh2B.s 			page 46


 1951      20646F75 
 1951      626C6500 
 1952              	.LASF19:
 1953 0cb5 63686172 		.ascii	"char\000"
 1953      00
 1954              	.LASF106:
 1955 0cba 4359424C 		.ascii	"CYBLE_ERROR_BT_ON_NOT_COMPLETED\000"
 1955      455F4552 
 1955      524F525F 
 1955      42545F4F 
 1955      4E5F4E4F 
 1956              	.LASF38:
 1957 0cda 4359424C 		.ascii	"CYBLE_EVT_GAP_DEVICE_DISCONNECTED\000"
 1957      455F4556 
 1957      545F4741 
 1957      505F4445 
 1957      56494345 
 1958              	.LASF10:
 1959 0cfc 756E7369 		.ascii	"unsigned int\000"
 1959      676E6564 
 1959      20696E74 
 1959      00
 1960              	.LASF4:
 1961 0d09 5F5F7569 		.ascii	"__uint16_t\000"
 1961      6E743136 
 1961      5F7400
 1962              	.LASF77:
 1963 0d14 4359424C 		.ascii	"CYBLE_EVT_GATTS_READ_CHAR_VAL_ACCESS_REQ\000"
 1963      455F4556 
 1963      545F4741 
 1963      5454535F 
 1963      52454144 
 1964              	.LASF88:
 1965 0d3d 4359424C 		.ascii	"CYBLE_EVT_L2CAP_CBFC_TX_CREDIT_IND\000"
 1965      455F4556 
 1965      545F4C32 
 1965      4341505F 
 1965      43424643 
 1966              	.LASF64:
 1967 0d60 4359424C 		.ascii	"CYBLE_EVT_GATTC_READ_BLOB_RSP\000"
 1967      455F4556 
 1967      545F4741 
 1967      5454435F 
 1967      52454144 
 1968              	.LASF116:
 1969 0d7e 4359424C 		.ascii	"CYBLE_ERROR_FLASH_WRITE_NOT_PERMITED\000"
 1969      455F4552 
 1969      524F525F 
 1969      464C4153 
 1969      485F5752 
 1970              	.LASF111:
 1971 0da3 4359424C 		.ascii	"CYBLE_ERROR_L2CAP_CONNECTION_ENTITY_NOT_FOUND\000"
 1971      455F4552 
 1971      524F525F 
 1971      4C324341 
 1971      505F434F 
 1972              	.LASF33:
ARM GAS  C:\Users\megan\AppData\Local\Temp\ccb2Qh2B.s 			page 47


 1973 0dd1 4359424C 		.ascii	"CYBLE_EVT_GAP_PASSKEY_DISPLAY_REQUEST\000"
 1973      455F4556 
 1973      545F4741 
 1973      505F5041 
 1973      53534B45 
 1974              	.LASF26:
 1975 0df7 4359424C 		.ascii	"CYBLE_EVT_HARDWARE_ERROR\000"
 1975      455F4556 
 1975      545F4841 
 1975      52445741 
 1975      52455F45 
 1976              	.LASF5:
 1977 0e10 73686F72 		.ascii	"short unsigned int\000"
 1977      7420756E 
 1977      7369676E 
 1977      65642069 
 1977      6E7400
 1978              	.LASF97:
 1979 0e23 4359424C 		.ascii	"CYBLE_ERROR_INVALID_OPERATION\000"
 1979      455F4552 
 1979      524F525F 
 1979      494E5641 
 1979      4C49445F 
 1980              	.LASF57:
 1981 0e41 4359424C 		.ascii	"CYBLE_EVT_GATTS_XCNHG_MTU_REQ\000"
 1981      455F4556 
 1981      545F4741 
 1981      5454535F 
 1981      58434E48 
 1982              	.LASF147:
 1983 0e5f 6576656E 		.ascii	"eventParam\000"
 1983      74506172 
 1983      616D00
 1984              	.LASF99:
 1985 0e6a 4359424C 		.ascii	"CYBLE_ERROR_INSUFFICIENT_RESOURCES\000"
 1985      455F4552 
 1985      524F525F 
 1985      494E5355 
 1985      46464943 
 1986              	.LASF143:
 1987 0e8d 4359424C 		.ascii	"CYBLE_STATE_T\000"
 1987      455F5354 
 1987      4154455F 
 1987      5400
 1988              	.LASF11:
 1989 0e9b 75696E74 		.ascii	"uint8_t\000"
 1989      385F7400 
 1990              	.LASF121:
 1991 0ea3 4359424C 		.ascii	"CYBLE_ERROR_CONTROLLER_BUSY\000"
 1991      455F4552 
 1991      524F525F 
 1991      434F4E54 
 1991      524F4C4C 
 1992              	.LASF145:
 1993 0ebf 53746163 		.ascii	"StackEventHandler\000"
 1993      6B457665 
 1993      6E744861 
ARM GAS  C:\Users\megan\AppData\Local\Temp\ccb2Qh2B.s 			page 48


 1993      6E646C65 
 1993      7200
 1994              	.LASF117:
 1995 0ed1 4359424C 		.ascii	"CYBLE_ERROR_MIC_AUTH_FAILED\000"
 1995      455F4552 
 1995      524F525F 
 1995      4D49435F 
 1995      41555448 
 1996              	.LASF110:
 1997 0eed 4359424C 		.ascii	"CYBLE_ERROR_L2CAP_PSM_NOT_REGISTERED\000"
 1997      455F4552 
 1997      524F525F 
 1997      4C324341 
 1997      505F5053 
 1998              	.LASF140:
 1999 0f12 4359424C 		.ascii	"CYBLE_STATE_CONNECTED\000"
 1999      455F5354 
 1999      4154455F 
 1999      434F4E4E 
 1999      45435445 
 2000              	.LASF62:
 2001 0f28 4359424C 		.ascii	"CYBLE_EVT_GATTC_FIND_BY_TYPE_VALUE_RSP\000"
 2001      455F4556 
 2001      545F4741 
 2001      5454435F 
 2001      46494E44 
 2002              	.LASF104:
 2003 0f4f 4359424C 		.ascii	"CYBLE_ERROR_GAP_ROLE\000"
 2003      455F4552 
 2003      524F525F 
 2003      4741505F 
 2003      524F4C45 
 2004              	.LASF42:
 2005 0f64 4359424C 		.ascii	"CYBLE_EVT_GAP_KEYINFO_EXCHNGE_CMPLT\000"
 2005      455F4556 
 2005      545F4741 
 2005      505F4B45 
 2005      59494E46 
 2006              	.LASF150:
 2007 0f88 424C4543 		.ascii	"BLEConnect\000"
 2007      6F6E6E65 
 2007      637400
 2008              	.LASF130:
 2009 0f93 62644861 		.ascii	"bdHandle\000"
 2009      6E646C65 
 2009      00
 2010              	.LASF53:
 2011 0f9c 4359424C 		.ascii	"CYBLE_EVT_GAP_SMP_LOC_P256_KEYS_GEN_AND_SET_COMPLET"
 2011      455F4556 
 2011      545F4741 
 2011      505F534D 
 2011      505F4C4F 
 2012 0fcf 4500     		.ascii	"E\000"
 2013              	.LASF80:
 2014 0fd1 4359424C 		.ascii	"CYBLE_EVT_L2CAP_CONN_PARAM_UPDATE_RSP\000"
 2014      455F4556 
 2014      545F4C32 
ARM GAS  C:\Users\megan\AppData\Local\Temp\ccb2Qh2B.s 			page 49


 2014      4341505F 
 2014      434F4E4E 
 2015              	.LASF108:
 2016 0ff7 4359424C 		.ascii	"CYBLE_ERROR_L2CAP_PSM_WRONG_ENCODING\000"
 2016      455F4552 
 2016      524F525F 
 2016      4C324341 
 2016      505F5053 
 2017              	.LASF144:
 2018 101c 6D61696E 		.ascii	"main\000"
 2018      00
 2019              	.LASF47:
 2020 1021 4359424C 		.ascii	"CYBLE_EVT_GAP_ENHANCE_CONN_COMPLETE\000"
 2020      455F4556 
 2020      545F4741 
 2020      505F454E 
 2020      48414E43 
 2021              	.LASF149:
 2022 1045 626C655F 		.ascii	"ble_state\000"
 2022      73746174 
 2022      6500
 2023              	.LASF56:
 2024 104f 4359424C 		.ascii	"CYBLE_EVT_GATT_DISCONNECT_IND\000"
 2024      455F4556 
 2024      545F4741 
 2024      54545F44 
 2024      4953434F 
 2025              	.LASF114:
 2026 106d 4359424C 		.ascii	"CYBLE_ERROR_GATT_DB_INVALID_ATTR_HANDLE\000"
 2026      455F4552 
 2026      524F525F 
 2026      47415454 
 2026      5F44425F 
 2027              	.LASF93:
 2028 1095 4359424C 		.ascii	"CYBLE_EVT_FLASH_CORRUPT\000"
 2028      455F4556 
 2028      545F464C 
 2028      4153485F 
 2028      434F5252 
 2029              		.ident	"GCC: (GNU Tools for ARM Embedded Processors) 5.4.1 20160609 (release) [ARM/embedded-5-bran
